250624-21:14:03,471 nipype.workflow INFO:
	 Skipping BIDS validator...
250624-21:14:03,760 nipype.workflow INFO:
	 #### Running C-PAC for sub-NDARINV003RTV85
250624-21:14:03,761 nipype.workflow INFO:
	 Number of participants to run in parallel: 1
250624-21:14:03,761 nipype.workflow INFO:
	 Input directory: /ocean/projects/med250004p/bshresth/projects/data
250624-21:14:03,761 nipype.workflow INFO:
	 Output directory: /ocean/projects/med250004p/bshresth/projects/surface_pipelines/outputs/output
Working directory: /ocean/projects/med250004p/bshresth/projects/surface_pipelines/outputs/working
Log directory: /ocean/projects/med250004p/bshresth/projects/surface_pipelines/outputs/log
Remove working directory: True
Available memory: 34.0 (GB)
Available threads: 1
Number of threads for ANTs: 1
250624-21:14:03,761 nipype.utils INFO:
	 Parsing /ocean/projects/med250004p/bshresth/projects/data..
250624-21:14:10,987 nipype.workflow INFO:
	 Starting participant level processing
250624-21:14:10,988 nipype.workflow INFO:
	 Run called with config file /ocean/projects/med250004p/bshresth/projects/surface_pipelines/outputs/log/pipeline_pipeline5/sub-NDARINV003RTV85_ses-baselineYear1Arm1/cpac_pipeline_config_67deb741_2025-06-24T21-14-03Z.yml
/code/CPAC/pipeline/cpac_runner.py:384: UserWarning: We recommend that the working directory full path should have less then 70 characters. Long paths might not work in your operating system.
  warnings.warn(
/code/CPAC/pipeline/cpac_runner.py:389: UserWarning: Current working directory: /ocean/projects/med250004p/bshresth/projects/surface_pipelines/outputs/working
  warnings.warn(
250624-21:14:11,411 nipype.workflow INFO:
	 
    Environment
    ===========
    AFNI: 23.3.09:linux_universal
    bids-validator: 1.14.6
    ldd: (Ubuntu GLIBC 2.35-0ubuntu3.1) 2.35
    Python: 3.10.6 | packaged by conda-forge | (main, Aug 22 2022, 20:36:39) [GCC 10.4.0]
      Python packages
      ---------------
      acres: 0.5.0
      anyio: 3.7.1
      argon2-cffi: 21.3.0
      argon2-cffi-bindings: 21.2.0
      astor: 0.8.1
      asttokens: 2.2.1
      async-lru: 2.0.3
      attrs: 23.1.0
      awscli: 1.29.4
      Babel: 2.12.1
      backcall: 0.2.0
      backports.functools-lru-cache: 1.6.5
      backports.tarfile: 1.2.0
      beautifulsoup4: 4.12.2
      bids-validator: 1.14.7.post0
      bidsschematools: 1.0.10
      bleach: 6.0.0
      boto3: 1.28.4
      botocore: 1.31.4
      Brotli: 1.0.9
      brotlipy: 0.7.0
      cached-property: 1.5.2
      certifi: 2025.6.15
      cffi: 1.15.1
      charset-normalizer: 3.1.0
      ci-info: 0.3.0
      ciftify: 3.0.0+fcpindi
      click: 8.1.5
      click-aliases: 1.0.1
      colorama: 0.4.4
      comm: 0.1.3
      conda: 23.1.0
      conda-package-handling: 2.0.2
      conda_package_streaming: 0.8.0
      configparser: 5.3.0
      contourpy: 1.1.0
      CPAC: 1.8.8.dev1
      cryptography: 44.0.1
      cycler: 0.11.0
      Cython: 3.1.2
      debugpy: 1.6.7
      decorator: 5.1.1
      defusedxml: 0.7.1
      dill: 0.3.6
      docopt: 0.6.2
      docutils: 0.15.2
      entrypoints: 0.4
      etelemetry: 0.3.1
      exceptiongroup: 1.1.2
      executing: 1.2.0
      fastjsonschema: 2.17.1
      file-tree: 1.2.1
      file-tree-fsl: 0.2.1
      filelock: 3.18.0
      flit_core: 3.9.0
      flowdump: 0.1.2
      fonttools: 4.41.0
      formulaic: 0.5.2
      fsl-base: 2302.0
      fsl-get-standard: 0.1.0
      fsl-sub: 2.7.5
      fsl-sub-plugin-sge: 1.5.2
      fsl-sub-plugin-slurm: 1.4.4
      fsleyes: 1.6.1
      fsleyes-props: 1.10.0
      fsleyes-widgets: 0.14.3
      fslinstaller: 3.4.1
      fslpy: 3.11.3
      future: 0.18.3
      ghalton: 0.6.1
      h5py: 3.8.0
      hlsvdpropy: 2.0.1
      idna: 3.4
      imageio: 2.37.0
      importlib-metadata: 6.8.0
      importlib-resources: 6.0.0
      indexed-gzip: 1.7.1
      INDI-Tools: 0.0.7
      interface-meta: 1.3.0
      ipykernel: 6.24.0
      ipython: 8.14.0
      isodate: 0.7.2
      jedi: 0.18.2
      Jinja2: 3.1.2
      jmespath: 1.0.1
      joblib: 1.2.0
      json5: 0.9.14
      jsonschema: 4.18.4
      jsonschema-specifications: 2023.7.1
      jupyter-events: 0.6.3
      jupyter-lsp: 2.2.0
      jupyter_client: 8.3.0
      jupyter_core: 5.3.1
      jupyter_server: 2.7.0
      jupyter_server_terminals: 0.4.4
      jupyterlab: 4.0.3
      jupyterlab-pygments: 0.2.2
      jupyterlab_server: 2.23.0
      kiwisolver: 1.4.4
      lazy_loader: 0.4
      libmambapy: 1.4.2
      lockfile: 0.12.2
      looseversion: 1.3.0
      lxml: 4.9.2
      mamba: 1.4.2
      markdown-it-py: 3.0.0
      MarkupSafe: 2.1.3
      matplotlib: 3.7.1
      matplotlib-inline: 0.1.6
      mdurl: 0.1.0
      mistune: 3.0.0
      munkres: 1.1.4
      nbclient: 0.8.0
      nbconvert: 7.7.2
      nbformat: 5.9.1
      nest-asyncio: 1.5.6
      networkx: 3.1
      nibabel: 5.1.0
      nilearn: 0.10.0
      nipype: 1.8.6
      nitransforms: 24.0.2
      niworkflows: 1.13.4
      nose: 1.3.7
      notebook: 7.0.0
      notebook_shim: 0.2.3
      num2words: 0.5.14
      numpy: 1.25.1
      overrides: 7.3.1
      packaging: 23.1
      pandas: 2.0.3
      pandocfilters: 1.5.0
      parse: 1.19.1
      parso: 0.8.3
      pathlib2: 2.3.7.post1
      pathvalidate: 2.5.2
      patsy: 0.5.3
      pexpect: 4.8.0
      pickleshare: 0.7.5
      Pillow: 9.2.0
      pip: 23.3
      pkgutil_resolve_name: 1.3.10
      platformdirs: 3.9.1
      pluggy: 1.2.0
      pooch: 1.7.0
      progressbar2: 4.2.0
      prometheus-client: 0.17.1
      prompt-toolkit: 3.0.39
      prov: 2.0.0
      psutil: 5.9.5
      ptyprocess: 0.7.0
      pure-eval: 0.2.2
      pyasn1: 0.4.8
      PyBASC: 0.6.1
      pybids: 0.15.6
      pycosat: 0.6.4
      pycparser: 2.21
      pydicom: 2.4.1
      pydot: 4.0.1
      Pygments: 2.15.1
      pygraphviz: 1.14
      PyOpenGL: 3.1.6
      pyOpenSSL: 23.2.0
      pyparsing: 3.2.3
      PyPEER: 1.1
      PySocks: 1.7.1
      python-dateutil: 2.8.2
      python-json-logger: 2.0.7
      python-utils: 3.7.0
      pytz: 2023.3
      PyYAML: 6.0
      pyzmq: 25.1.0
      rdflib: 7.1.4
      referencing: 0.30.0
      requests: 2.32.3
      rfc3339-validator: 0.1.4
      rfc3986-validator: 0.1.1
      rich: 13.4.2
      rpds-py: 0.9.2
      rsa: 4.7.2
      Rtree: 1.0.1
      ruamel.yaml: 0.17.32
      ruamel.yaml.clib: 0.2.7
      s3transfer: 0.6.1
      scikit-image: 0.24.0
      scikit-learn: 1.5.0
      scipy: 1.11.1
      sdcflows: 2.4.0
      seaborn: 0.13.2
      semver: 3.0.1
      Send2Trash: 1.8.2
      setuptools: 78.1.1
      simplejson: 3.20.1
      six: 1.16.0
      sniffio: 1.3.0
      soupsieve: 2.3.2.post1
      SQLAlchemy: 1.3.24
      stack-data: 0.6.2
      svgutils: 0.3.4
      templateflow: 24.2.2
      terminado: 0.17.1
      threadpoolctl: 3.6.0
      tifffile: 2025.5.10
      tinycss2: 1.2.1
      tomli: 2.0.1
      toolz: 0.12.0
      tornado: 6.3.2
      tqdm: 4.65.0
      traitlets: 5.9.0
      traits: 6.3.2
      transforms3d: 0.4.2
      trimesh: 3.22.5
      typing-utils: 0.1.0
      typing_extensions: 4.7.1
      tzdata: 2023.3
      unicodedata2: 15.0.0
      urllib3: 1.26.19
      voluptuous: 0.15.2
      wcwidth: 0.2.6
      webencodings: 0.5.1
      websocket-client: 1.6.1
      wheel: 0.40.0
      wire: 1.0.0
      wrapt: 1.17.2
      wxnatpy: 0.4.0
      wxPython: 4.1.1
      xarray: 2023.7.0
      xnat: 0.5.1
      xvfbwrapper: 0.2.13
      zipp: 3.19.1
      zstandard: 0.23.0

    Run command: run /ocean/projects/med250004p/bshresth/projects/data /ocean/projects/med250004p/bshresth/projects/surface_pipelines/outputs participant --num_ants_threads 1 --skip_bids_validator --n_cpus 1 --mem_gb 34 --pipeline_file /ocean/projects/med250004p/bshresth/projects/surface_pipelines/pipelines/pipeline5.yml --participant_label sub-NDARINV003RTV85

    C-PAC version: 1.8.8.dev1

    Copyright (C) 2022-2024 C-PAC Developers.
    
    This program comes with ABSOLUTELY NO WARRANTY. This is free software,
    and you are welcome to redistribute it under certain conditions. For
    details, see https://fcp-indi.github.io/docs/nightly/license or the COPYING and
    COPYING.LESSER files included in the source code.

    Setting maximum number of cores per participant to 1
    Setting number of participants at once to 1
    Setting OMP_NUM_THREADS to 1
    Setting MKL_NUM_THREADS to 1
    Setting ANTS/ITK thread usage to 1
    Maximum potential number of cores that might be used during this run: 1
    Random seed: 1

250624-21:14:12,647 nipype.workflow INFO:
	 Connecting pipeline blocks:
	 - anatomical_init
	 - non_local_means
	   - T1w
	     - desc-preproc_T1w
	       - desc-reorient_T1w
	       - T1w
	 - n4_bias_correction
	 - acpc_align_head
	 - freesurfer_abcd_preproc
	 - brain_mask_afni
	   - brain_mask_fsl
	   - brain_mask_niworkflows_ants
	   - brain_mask_unet
	   - brain_mask_freesurfer_abcd
	   - brain_mask_freesurfer
	   - brain_mask_freesurfer_fsl_tight
	   - brain_mask_freesurfer_fsl_loose
	 - brain_extraction
	 - brain_mask_T2
	 - brain_extraction_T2
	 - register_ANTs_anat_to_template
	   - register_FSL_anat_to_template
	 - overwrite_transform_anat_to_template
	 - warp_wholeheadT1_to_template
	 - warp_T1mask_to_template
	 - correct_restore_brain_intensity_abcd
	 - tissue_seg_fsl_fast
	   - tissue_seg_ants_prior
	   - tissue_seg_freesurfer
	 - tissue_seg_T1_template_based
	 - coregistration_prep_vol
	 - coregistration_prep_mean
	 - register_ANTs_EPI_to_template
	   - register_FSL_EPI_to_template
	 - ICA_AROMA_ANTsreg
	 - ICA_AROMA_FSLreg
	 - ICA_AROMA_ANTsEPIreg
	 - ICA_AROMA_FSLEPIreg
	 - erode_mask_T1w
	 - erode_mask_CSF
	 - erode_mask_GM
	 - erode_mask_WM
	 - erode_mask_bold
	 - erode_mask_boldCSF
	 - erode_mask_boldGM
	 - erode_mask_boldWM
	 - nuisance_regressors_generation_T1w
	   - desc-preproc_bold
	     - desc-reorient_bold
	 - ingress_regressors
	 - warp_bold_mask_to_T1template
	 - warp_deriv_mask_to_T1template
	 - func_despike_template
	 - warp_bold_mask_to_EPItemplate
	 - warp_deriv_mask_to_EPItemplate
	 - surface_postproc
	 - surface_falff
	 - surface_alff
	 - surface_reho
	 - surface_connectivity_matrix
	 - timeseries_extraction_AVG
	 - spatial_regression
	 - alff_falff
	 - reho
	 - smooth_func_vmhc
	 - warp_timeseries_to_sym_template
	 - vmhc
	 - qc_xcp
	 
250624-21:14:12,648 nipype.workflow INFO:
	 Connecting anatomical_init...
250624-21:14:12,650 nipype.workflow INFO:
	 Connecting nlm_filtering...
250624-21:14:12,651 nipype.workflow INFO:
	 Connecting n4_bias_correction...
250624-21:14:12,652 nipype.workflow INFO:
	 Connecting acpc_alignment_head...
250624-21:14:12,654 nipype.workflow INFO:
	 Connecting freesurfer_abcd_preproc...
250624-21:14:12,655 nipype.workflow INFO:
	 Connecting brain_mask_afni...
250624-21:14:12,655 nipype.workflow INFO:
	 Connecting brain_mask_fsl...
250624-21:14:12,656 nipype.workflow INFO:
	 Connecting brain_mask_niworkflows_ants...
250624-21:14:12,657 nipype.workflow INFO:
	 Connecting brain_mask_unet...
250624-21:14:12,658 nipype.workflow INFO:
	 Connecting brain_mask_freesurfer_abcd...
250624-21:14:12,658 nipype.workflow INFO:
	 Connecting brain_mask_freesurfer...
250624-21:14:12,659 nipype.workflow INFO:
	 Connecting brain_mask_freesurfer_fsl_tight...
250624-21:14:12,660 nipype.workflow INFO:
	 Connecting brain_mask_freesurfer_fsl_loose...
250624-21:14:12,682 nipype.workflow INFO:
	 Connecting brain_extraction...
250624-21:14:12,710 nipype.workflow INFO:
	 Connecting brain_mask_T2...
250624-21:14:12,711 nipype.workflow INFO:
	 Connecting brain_extraction_T2...
250624-21:14:12,712 nipype.workflow INFO:
	 Connecting register_ANTs_anat_to_template...
250624-21:14:12,713 nipype.workflow INFO:
	 Connecting register_FSL_anat_to_template...
250624-21:14:12,714 nipype.workflow INFO:
	 Connecting overwrite_transform_anat_to_template...
250624-21:14:12,715 nipype.workflow INFO:
	 Connecting transform_whole_head_T1w_to_T1template...
250624-21:14:12,716 nipype.workflow INFO:
	 Connecting transform_T1mask_to_T1template...
250624-21:14:12,717 nipype.workflow INFO:
	 Connecting correct_restore_brain_intensity_abcd...
250624-21:14:12,718 nipype.workflow INFO:
	 Connecting tissue_seg_fsl_fast...
250624-21:14:12,719 nipype.workflow INFO:
	 Connecting tissue_seg_ants_prior...
250624-21:14:12,720 nipype.workflow INFO:
	 Connecting tissue_seg_freesurfer...
250624-21:14:12,721 nipype.workflow INFO:
	 Connecting tissue_seg_T1_template_based...
250624-21:14:12,722 nipype.workflow INFO:
	 Connecting coregistration_prep_vol...
250624-21:14:12,723 nipype.workflow INFO:
	 Connecting coregistration_prep_mean...
250624-21:14:12,724 nipype.workflow INFO:
	 Connecting register_ANTs_EPI_to_template...
250624-21:14:12,725 nipype.workflow INFO:
	 Connecting register_FSL_EPI_to_template...
250624-21:14:12,726 nipype.workflow INFO:
	 Connecting ICA_AROMA_ANTsreg...
250624-21:14:12,727 nipype.workflow INFO:
	 Connecting ICA_AROMA_FSLreg...
250624-21:14:12,728 nipype.workflow INFO:
	 Connecting ICA_AROMA_ANTsEPIreg...
250624-21:14:12,729 nipype.workflow INFO:
	 Connecting ICA_AROMA_FSLEPIreg...
250624-21:14:12,730 nipype.workflow INFO:
	 Connecting erode_mask_T1w...
250624-21:14:12,731 nipype.workflow INFO:
	 Connecting erode_mask_CSF...
250624-21:14:12,732 nipype.workflow INFO:
	 Connecting erode_mask_GM...
250624-21:14:12,733 nipype.workflow INFO:
	 Connecting erode_mask_WM...
250624-21:14:12,734 nipype.workflow INFO:
	 Connecting erode_mask_bold...
250624-21:14:12,735 nipype.workflow INFO:
	 Connecting erode_mask_boldCSF...
250624-21:14:12,736 nipype.workflow INFO:
	 Connecting erode_mask_boldGM...
250624-21:14:12,738 nipype.workflow INFO:
	 Connecting erode_mask_boldWM...
250624-21:14:12,739 nipype.workflow INFO:
	 Connecting nuisance_regressors_generation_T1w...
250624-21:14:12,740 nipype.workflow INFO:
	 Connecting ingress_regressors...
250624-21:14:12,741 nipype.workflow INFO:
	 Connecting transform_bold_mask_to_T1template...
250624-21:14:12,742 nipype.workflow INFO:
	 Connecting transform_deriv_mask_to_T1template...
250624-21:14:12,743 nipype.workflow INFO:
	 Connecting func_despike_template...
250624-21:14:12,744 nipype.workflow INFO:
	 Connecting transform_bold_mask_to_EPItemplate...
250624-21:14:12,745 nipype.workflow INFO:
	 Connecting transform_deriv_mask_to_EPItemplate...
250624-21:14:12,746 nipype.workflow INFO:
	 Connecting surface_postproc...
250624-21:14:12,747 nipype.workflow INFO:
	 Connecting surface_falff...
250624-21:14:12,748 nipype.workflow INFO:
	 Connecting surface_alff...
250624-21:14:12,749 nipype.workflow INFO:
	 Connecting surface_reho...
250624-21:14:12,750 nipype.workflow INFO:
	 Connecting surface_connectivity_matrix...
250624-21:14:12,751 nipype.workflow INFO:
	 Connecting timeseries_extraction_AVG...
250624-21:14:12,752 nipype.workflow INFO:
	 Connecting spatial_regression...
250624-21:14:12,753 nipype.workflow INFO:
	 Connecting alff_falff...
250624-21:14:12,754 nipype.workflow INFO:
	 Connecting ReHo...
250624-21:14:12,755 nipype.workflow INFO:
	 Connecting smooth_func_vmhc...
250624-21:14:12,756 nipype.workflow INFO:
	 Connecting transform_timeseries_to_sym_template...
250624-21:14:12,757 nipype.workflow INFO:
	 Connecting vmhc...
250624-21:14:12,758 nipype.workflow INFO:
	 Connecting qc_xcp...
250624-21:14:13,59 nipype.workflow INFO:
	 Workflow cpac_pipeline_pipeline5_sub-NDARINV003RTV85_ses-baselineYear1Arm1 settings: ['check', 'execution', 'logging', 'monitoring']
250624-21:14:13,787 nipype.workflow INFO:
	 Running serially.
250624-21:14:13,816 nipype.workflow INFO:
	 [Node] Setting-up "cpac_pipeline_pipeline5_sub-NDARINV003RTV85_ses-baselineYear1Arm1.id_string_desc-preproc-1_T1w_103" in "/ocean/projects/med250004p/bshresth/projects/surface_pipelines/outputs/working/pipeline_pipeline5/cpac_pipeline_pipeline5_sub-NDARINV003RTV85_ses-baselineYear1Arm1/id_string_desc-preproc-1_T1w_103".
250624-21:14:13,840 nipype.workflow INFO:
	 [Node] Cached "cpac_pipeline_pipeline5_sub-NDARINV003RTV85_ses-baselineYear1Arm1.id_string_desc-preproc-1_T1w_103" - collecting precomputed outputs
250624-21:14:13,841 nipype.workflow INFO:
	 [Node] "cpac_pipeline_pipeline5_sub-NDARINV003RTV85_ses-baselineYear1Arm1.id_string_desc-preproc-1_T1w_103" found cached.
250624-21:14:13,854 nipype.workflow INFO:
	 [Node] Setting-up "cpac_pipeline_pipeline5_sub-NDARINV003RTV85_ses-baselineYear1Arm1.id_string_desc-preproc-2_T1w_106" in "/ocean/projects/med250004p/bshresth/projects/surface_pipelines/outputs/working/pipeline_pipeline5/cpac_pipeline_pipeline5_sub-NDARINV003RTV85_ses-baselineYear1Arm1/id_string_desc-preproc-2_T1w_106".
250624-21:14:13,872 nipype.workflow INFO:
	 [Node] Cached "cpac_pipeline_pipeline5_sub-NDARINV003RTV85_ses-baselineYear1Arm1.id_string_desc-preproc-2_T1w_106" - collecting precomputed outputs
250624-21:14:13,873 nipype.workflow INFO:
	 [Node] "cpac_pipeline_pipeline5_sub-NDARINV003RTV85_ses-baselineYear1Arm1.id_string_desc-preproc-2_T1w_106" found cached.
250624-21:14:13,885 nipype.workflow INFO:
	 [Node] Setting-up "cpac_pipeline_pipeline5_sub-NDARINV003RTV85_ses-baselineYear1Arm1.id_string_desc-head-1_T1w_105" in "/ocean/projects/med250004p/bshresth/projects/surface_pipelines/outputs/working/pipeline_pipeline5/cpac_pipeline_pipeline5_sub-NDARINV003RTV85_ses-baselineYear1Arm1/id_string_desc-head-1_T1w_105".
250624-21:14:13,906 nipype.workflow INFO:
	 [Node] Cached "cpac_pipeline_pipeline5_sub-NDARINV003RTV85_ses-baselineYear1Arm1.id_string_desc-head-1_T1w_105" - collecting precomputed outputs
250624-21:14:13,907 nipype.workflow INFO:
	 [Node] "cpac_pipeline_pipeline5_sub-NDARINV003RTV85_ses-baselineYear1Arm1.id_string_desc-head-1_T1w_105" found cached.
250624-21:14:13,919 nipype.workflow INFO:
	 [Node] Setting-up "cpac_pipeline_pipeline5_sub-NDARINV003RTV85_ses-baselineYear1Arm1.id_string_desc-head-2_T1w_108" in "/ocean/projects/med250004p/bshresth/projects/surface_pipelines/outputs/working/pipeline_pipeline5/cpac_pipeline_pipeline5_sub-NDARINV003RTV85_ses-baselineYear1Arm1/id_string_desc-head-2_T1w_108".
250624-21:14:13,939 nipype.workflow INFO:
	 [Node] Cached "cpac_pipeline_pipeline5_sub-NDARINV003RTV85_ses-baselineYear1Arm1.id_string_desc-head-2_T1w_108" - collecting precomputed outputs
250624-21:14:13,939 nipype.workflow INFO:
	 [Node] "cpac_pipeline_pipeline5_sub-NDARINV003RTV85_ses-baselineYear1Arm1.id_string_desc-head-2_T1w_108" found cached.
250624-21:14:13,952 nipype.workflow INFO:
	 [Node] Setting-up "cpac_pipeline_pipeline5_sub-NDARINV003RTV85_ses-baselineYear1Arm1.id_string_space-T1w_desc-brain-1_mask_78" in "/ocean/projects/med250004p/bshresth/projects/surface_pipelines/outputs/working/pipeline_pipeline5/cpac_pipeline_pipeline5_sub-NDARINV003RTV85_ses-baselineYear1Arm1/id_string_space-T1w_desc-brain-1_mask_78".
250624-21:14:13,975 nipype.workflow INFO:
	 [Node] Cached "cpac_pipeline_pipeline5_sub-NDARINV003RTV85_ses-baselineYear1Arm1.id_string_space-T1w_desc-brain-1_mask_78" - collecting precomputed outputs
250624-21:14:13,975 nipype.workflow INFO:
	 [Node] "cpac_pipeline_pipeline5_sub-NDARINV003RTV85_ses-baselineYear1Arm1.id_string_space-T1w_desc-brain-1_mask_78" found cached.
250624-21:14:13,988 nipype.workflow INFO:
	 [Node] Setting-up "cpac_pipeline_pipeline5_sub-NDARINV003RTV85_ses-baselineYear1Arm1.id_string_space-T1w_desc-brain-2_mask_82" in "/ocean/projects/med250004p/bshresth/projects/surface_pipelines/outputs/working/pipeline_pipeline5/cpac_pipeline_pipeline5_sub-NDARINV003RTV85_ses-baselineYear1Arm1/id_string_space-T1w_desc-brain-2_mask_82".
250624-21:14:13,996 nipype.workflow INFO:
	 [Node] Cached "cpac_pipeline_pipeline5_sub-NDARINV003RTV85_ses-baselineYear1Arm1.id_string_space-T1w_desc-brain-2_mask_82" - collecting precomputed outputs
250624-21:14:13,997 nipype.workflow INFO:
	 [Node] "cpac_pipeline_pipeline5_sub-NDARINV003RTV85_ses-baselineYear1Arm1.id_string_space-T1w_desc-brain-2_mask_82" found cached.
250624-21:14:14,9 nipype.workflow INFO:
	 [Node] Setting-up "cpac_pipeline_pipeline5_sub-NDARINV003RTV85_ses-baselineYear1Arm1.gather_fs_pipeline-fs_raw-average_dir.check_for_s3" in "/ocean/projects/med250004p/bshresth/projects/surface_pipelines/outputs/working/pipeline_pipeline5/cpac_pipeline_pipeline5_sub-NDARINV003RTV85_ses-baselineYear1Arm1/gather_fs_pipeline-fs_raw-average_dir/check_for_s3".
250624-21:14:14,24 nipype.workflow INFO:
	 [Node] Cached "cpac_pipeline_pipeline5_sub-NDARINV003RTV85_ses-baselineYear1Arm1.gather_fs_pipeline-fs_raw-average_dir.check_for_s3" - collecting precomputed outputs
250624-21:14:14,25 nipype.workflow INFO:
	 [Node] "cpac_pipeline_pipeline5_sub-NDARINV003RTV85_ses-baselineYear1Arm1.gather_fs_pipeline-fs_raw-average_dir.check_for_s3" found cached.
250624-21:14:14,36 nipype.workflow INFO:
	 [Node] Setting-up "cpac_pipeline_pipeline5_sub-NDARINV003RTV85_ses-baselineYear1Arm1.gather_fs_pipeline-fs_subcortical-seg_dir.check_for_s3" in "/ocean/projects/med250004p/bshresth/projects/surface_pipelines/outputs/working/pipeline_pipeline5/cpac_pipeline_pipeline5_sub-NDARINV003RTV85_ses-baselineYear1Arm1/gather_fs_pipeline-fs_subcortical-seg_dir/check_for_s3".
250624-21:14:14,72 nipype.workflow INFO:
	 [Node] Cached "cpac_pipeline_pipeline5_sub-NDARINV003RTV85_ses-baselineYear1Arm1.gather_fs_pipeline-fs_subcortical-seg_dir.check_for_s3" - collecting precomputed outputs
250624-21:14:14,73 nipype.workflow INFO:
	 [Node] "cpac_pipeline_pipeline5_sub-NDARINV003RTV85_ses-baselineYear1Arm1.gather_fs_pipeline-fs_subcortical-seg_dir.check_for_s3" found cached.
250624-21:14:14,85 nipype.workflow INFO:
	 [Node] Setting-up "cpac_pipeline_pipeline5_sub-NDARINV003RTV85_ses-baselineYear1Arm1.gather_fs_pipeline-fs_brainmask_dir.check_for_s3" in "/ocean/projects/med250004p/bshresth/projects/surface_pipelines/outputs/working/pipeline_pipeline5/cpac_pipeline_pipeline5_sub-NDARINV003RTV85_ses-baselineYear1Arm1/gather_fs_pipeline-fs_brainmask_dir/check_for_s3".
250624-21:14:14,110 nipype.workflow INFO:
	 [Node] Cached "cpac_pipeline_pipeline5_sub-NDARINV003RTV85_ses-baselineYear1Arm1.gather_fs_pipeline-fs_brainmask_dir.check_for_s3" - collecting precomputed outputs
250624-21:14:14,111 nipype.workflow INFO:
	 [Node] "cpac_pipeline_pipeline5_sub-NDARINV003RTV85_ses-baselineYear1Arm1.gather_fs_pipeline-fs_brainmask_dir.check_for_s3" found cached.
250624-21:14:14,123 nipype.workflow INFO:
	 [Node] Setting-up "cpac_pipeline_pipeline5_sub-NDARINV003RTV85_ses-baselineYear1Arm1.gather_fs_pipeline-fs_wmparc_dir.check_for_s3" in "/ocean/projects/med250004p/bshresth/projects/surface_pipelines/outputs/working/pipeline_pipeline5/cpac_pipeline_pipeline5_sub-NDARINV003RTV85_ses-baselineYear1Arm1/gather_fs_pipeline-fs_wmparc_dir/check_for_s3".
250624-21:14:14,143 nipype.workflow INFO:
	 [Node] Cached "cpac_pipeline_pipeline5_sub-NDARINV003RTV85_ses-baselineYear1Arm1.gather_fs_pipeline-fs_wmparc_dir.check_for_s3" - collecting precomputed outputs
250624-21:14:14,144 nipype.workflow INFO:
	 [Node] "cpac_pipeline_pipeline5_sub-NDARINV003RTV85_ses-baselineYear1Arm1.gather_fs_pipeline-fs_wmparc_dir.check_for_s3" found cached.
250624-21:14:14,156 nipype.workflow INFO:
	 [Node] Setting-up "cpac_pipeline_pipeline5_sub-NDARINV003RTV85_ses-baselineYear1Arm1.gather_fs_pipeline-fs_T1_dir.check_for_s3" in "/ocean/projects/med250004p/bshresth/projects/surface_pipelines/outputs/working/pipeline_pipeline5/cpac_pipeline_pipeline5_sub-NDARINV003RTV85_ses-baselineYear1Arm1/gather_fs_pipeline-fs_T1_dir/check_for_s3".
250624-21:14:14,173 nipype.workflow INFO:
	 [Node] Cached "cpac_pipeline_pipeline5_sub-NDARINV003RTV85_ses-baselineYear1Arm1.gather_fs_pipeline-fs_T1_dir.check_for_s3" - collecting precomputed outputs
250624-21:14:14,173 nipype.workflow INFO:
	 [Node] "cpac_pipeline_pipeline5_sub-NDARINV003RTV85_ses-baselineYear1Arm1.gather_fs_pipeline-fs_T1_dir.check_for_s3" found cached.
250624-21:14:14,185 nipype.workflow INFO:
	 [Node] Setting-up "cpac_pipeline_pipeline5_sub-NDARINV003RTV85_ses-baselineYear1Arm1.gather_surface-parcellation-atlas.check_for_s3" in "/ocean/projects/med250004p/bshresth/projects/surface_pipelines/outputs/working/pipeline_pipeline5/cpac_pipeline_pipeline5_sub-NDARINV003RTV85_ses-baselineYear1Arm1/gather_surface-parcellation-atlas/check_for_s3".
250624-21:14:14,203 nipype.workflow INFO:
	 [Node] Cached "cpac_pipeline_pipeline5_sub-NDARINV003RTV85_ses-baselineYear1Arm1.gather_surface-parcellation-atlas.check_for_s3" - collecting precomputed outputs
250624-21:14:14,204 nipype.workflow INFO:
	 [Node] "cpac_pipeline_pipeline5_sub-NDARINV003RTV85_ses-baselineYear1Arm1.gather_surface-parcellation-atlas.check_for_s3" found cached.
250624-21:14:14,215 nipype.workflow INFO:
	 [Node] Setting-up "cpac_pipeline_pipeline5_sub-NDARINV003RTV85_ses-baselineYear1Arm1.anat_T1w_gather_sub-NDARINV003RTV85_ses-baselineYear1Arm1.check_for_s3" in "/ocean/projects/med250004p/bshresth/projects/surface_pipelines/outputs/working/pipeline_pipeline5/cpac_pipeline_pipeline5_sub-NDARINV003RTV85_ses-baselineYear1Arm1/anat_T1w_gather_sub-NDARINV003RTV85_ses-baselineYear1Arm1/check_for_s3".
250624-21:14:14,255 nipype.workflow INFO:
	 [Node] Cached "cpac_pipeline_pipeline5_sub-NDARINV003RTV85_ses-baselineYear1Arm1.anat_T1w_gather_sub-NDARINV003RTV85_ses-baselineYear1Arm1.check_for_s3" - collecting precomputed outputs
250624-21:14:14,256 nipype.workflow INFO:
	 [Node] "cpac_pipeline_pipeline5_sub-NDARINV003RTV85_ses-baselineYear1Arm1.anat_T1w_gather_sub-NDARINV003RTV85_ses-baselineYear1Arm1.check_for_s3" found cached.
250624-21:14:14,267 nipype.workflow INFO:
	 [Node] Setting-up "cpac_pipeline_pipeline5_sub-NDARINV003RTV85_ses-baselineYear1Arm1.gather_fs_pipeline-fs_xfm_dir.check_for_s3" in "/ocean/projects/med250004p/bshresth/projects/surface_pipelines/outputs/working/pipeline_pipeline5/cpac_pipeline_pipeline5_sub-NDARINV003RTV85_ses-baselineYear1Arm1/gather_fs_pipeline-fs_xfm_dir/check_for_s3".
250624-21:14:14,283 nipype.workflow INFO:
	 [Node] Cached "cpac_pipeline_pipeline5_sub-NDARINV003RTV85_ses-baselineYear1Arm1.gather_fs_pipeline-fs_xfm_dir.check_for_s3" - collecting precomputed outputs
250624-21:14:14,284 nipype.workflow INFO:
	 [Node] "cpac_pipeline_pipeline5_sub-NDARINV003RTV85_ses-baselineYear1Arm1.gather_fs_pipeline-fs_xfm_dir.check_for_s3" found cached.
250624-21:14:14,295 nipype.workflow INFO:
	 [Node] Setting-up "cpac_pipeline_pipeline5_sub-NDARINV003RTV85_ses-baselineYear1Arm1.gather_freesurfer_dir.check_for_s3" in "/ocean/projects/med250004p/bshresth/projects/surface_pipelines/outputs/working/pipeline_pipeline5/cpac_pipeline_pipeline5_sub-NDARINV003RTV85_ses-baselineYear1Arm1/gather_freesurfer_dir/check_for_s3".
250624-21:14:14,307 nipype.workflow INFO:
	 [Node] Cached "cpac_pipeline_pipeline5_sub-NDARINV003RTV85_ses-baselineYear1Arm1.gather_freesurfer_dir.check_for_s3" - collecting precomputed outputs
250624-21:14:14,308 nipype.workflow INFO:
	 [Node] "cpac_pipeline_pipeline5_sub-NDARINV003RTV85_ses-baselineYear1Arm1.gather_freesurfer_dir.check_for_s3" found cached.
250624-21:14:14,319 nipype.workflow INFO:
	 [Node] Setting-up "cpac_pipeline_pipeline5_sub-NDARINV003RTV85_ses-baselineYear1Arm1.gather_T1w-ACPC-template.check_for_s3" in "/ocean/projects/med250004p/bshresth/projects/surface_pipelines/outputs/working/pipeline_pipeline5/cpac_pipeline_pipeline5_sub-NDARINV003RTV85_ses-baselineYear1Arm1/gather_T1w-ACPC-template/check_for_s3".
250624-21:14:14,343 nipype.workflow INFO:
	 [Node] Cached "cpac_pipeline_pipeline5_sub-NDARINV003RTV85_ses-baselineYear1Arm1.gather_T1w-ACPC-template.check_for_s3" - collecting precomputed outputs
250624-21:14:14,344 nipype.workflow INFO:
	 [Node] "cpac_pipeline_pipeline5_sub-NDARINV003RTV85_ses-baselineYear1Arm1.gather_T1w-ACPC-template.check_for_s3" found cached.
250624-21:14:14,356 nipype.workflow INFO:
	 [Node] Setting-up "cpac_pipeline_pipeline5_sub-NDARINV003RTV85_ses-baselineYear1Arm1.gather_T1w-brain-template-mask-ccs.check_for_s3" in "/ocean/projects/med250004p/bshresth/projects/surface_pipelines/outputs/working/pipeline_pipeline5/cpac_pipeline_pipeline5_sub-NDARINV003RTV85_ses-baselineYear1Arm1/gather_T1w-brain-template-mask-ccs/check_for_s3".
250624-21:14:14,393 nipype.workflow INFO:
	 [Node] Executing "check_for_s3" <CPAC.utils.interfaces.function.function.Function>
250624-21:14:14,698 nipype.workflow INFO:
	 [Node] Finished "check_for_s3", elapsed time 0.020742s.
250624-21:14:14,699 nipype.workflow WARNING:
	 Storing result file without outputs
250624-21:14:14,706 nipype.workflow WARNING:
	 [Node] Error on "cpac_pipeline_pipeline5_sub-NDARINV003RTV85_ses-baselineYear1Arm1.gather_T1w-brain-template-mask-ccs.check_for_s3" (/ocean/projects/med250004p/bshresth/projects/surface_pipelines/outputs/working/pipeline_pipeline5/cpac_pipeline_pipeline5_sub-NDARINV003RTV85_ses-baselineYear1Arm1/gather_T1w-brain-template-mask-ccs/check_for_s3)
250624-21:14:14,725 nipype.workflow ERROR:
	 Node check_for_s3 failed to run on host r329.ib.bridges2.psc.edu.
250624-21:14:14,726 nipype.workflow ERROR:
	 Saving crash info to /ocean/projects/med250004p/bshresth/projects/surface_pipelines/outputs/log/crash-20250624-211414-bshresth-check_for_s3-c84ca176-f170-46d6-b7da-07e428ee5cd4.txt
Traceback (most recent call last):
  File "/usr/share/fsl/6.0/lib/python3.10/site-packages/nipype/pipeline/plugins/linear.py", line 47, in run
    node.run(updatehash=updatehash)
  File "/code/CPAC/pipeline/nipype_pipeline_engine/engine.py", line 474, in run
    return super().run(updatehash)
  File "/usr/share/fsl/6.0/lib/python3.10/site-packages/nipype/pipeline/engine/nodes.py", line 527, in run
    result = self._run_interface(execute=True)
  File "/usr/share/fsl/6.0/lib/python3.10/site-packages/nipype/pipeline/engine/nodes.py", line 645, in _run_interface
    return self._run_command(execute)
  File "/usr/share/fsl/6.0/lib/python3.10/site-packages/nipype/pipeline/engine/nodes.py", line 771, in _run_command
    raise NodeExecutionError(msg)
nipype.pipeline.engine.nodes.NodeExecutionError: Exception raised while executing Node check_for_s3.

Traceback:
	Traceback (most recent call last):
	  File "/code/CPAC/pipeline/nipype_pipeline_engine/monkeypatch.py", line 40, in run
	    runtime = self._run_interface(runtime)
	  File "/code/CPAC/utils/interfaces/function/function.py", line 332, in _run_interface
	    out = function_handle(**args)
	  File "<string>", line 122, in check_for_s3
	FileNotFoundError: File /ccs_template/MNI152_T1_1mm_first_brain_mask.nii.gz does not exist!


250624-21:14:14,753 nipype.workflow INFO:
	 [Node] Setting-up "cpac_pipeline_pipeline5_sub-NDARINV003RTV85_ses-baselineYear1Arm1.func_ingress_sub-NDARINV003RTV85_ses-baselineYear1Arm1.check_func_scan" in "/ocean/projects/med250004p/bshresth/projects/surface_pipelines/outputs/working/pipeline_pipeline5/cpac_pipeline_pipeline5_sub-NDARINV003RTV85_ses-baselineYear1Arm1/func_ingress_sub-NDARINV003RTV85_ses-baselineYear1Arm1/_scan_rest_run-01/check_func_scan".
250624-21:14:14,766 nipype.workflow INFO:
	 [Node] Cached "cpac_pipeline_pipeline5_sub-NDARINV003RTV85_ses-baselineYear1Arm1.func_ingress_sub-NDARINV003RTV85_ses-baselineYear1Arm1.check_func_scan" - collecting precomputed outputs
250624-21:14:14,767 nipype.workflow INFO:
	 [Node] "cpac_pipeline_pipeline5_sub-NDARINV003RTV85_ses-baselineYear1Arm1.func_ingress_sub-NDARINV003RTV85_ses-baselineYear1Arm1.check_func_scan" found cached.
250624-21:14:14,779 nipype.workflow INFO:
	 [Node] Setting-up "cpac_pipeline_pipeline5_sub-NDARINV003RTV85_ses-baselineYear1Arm1.func_ingress_sub-NDARINV003RTV85_ses-baselineYear1Arm1.select_scan_params" in "/ocean/projects/med250004p/bshresth/projects/surface_pipelines/outputs/working/pipeline_pipeline5/cpac_pipeline_pipeline5_sub-NDARINV003RTV85_ses-baselineYear1Arm1/func_ingress_sub-NDARINV003RTV85_ses-baselineYear1Arm1/_scan_rest_run-01/select_scan_params".
250624-21:14:14,790 nipype.workflow INFO:
	 [Node] Cached "cpac_pipeline_pipeline5_sub-NDARINV003RTV85_ses-baselineYear1Arm1.func_ingress_sub-NDARINV003RTV85_ses-baselineYear1Arm1.select_scan_params" - collecting precomputed outputs
250624-21:14:14,791 nipype.workflow INFO:
	 [Node] "cpac_pipeline_pipeline5_sub-NDARINV003RTV85_ses-baselineYear1Arm1.func_ingress_sub-NDARINV003RTV85_ses-baselineYear1Arm1.select_scan_params" found cached.
250624-21:14:14,803 nipype.workflow INFO:
	 [Node] Setting-up "cpac_pipeline_pipeline5_sub-NDARINV003RTV85_ses-baselineYear1Arm1.func_ingress_sub-NDARINV003RTV85_ses-baselineYear1Arm1.selectrest" in "/ocean/projects/med250004p/bshresth/projects/surface_pipelines/outputs/working/pipeline_pipeline5/cpac_pipeline_pipeline5_sub-NDARINV003RTV85_ses-baselineYear1Arm1/func_ingress_sub-NDARINV003RTV85_ses-baselineYear1Arm1/_scan_rest_run-01/selectrest".
250624-21:14:14,819 nipype.workflow INFO:
	 [Node] Cached "cpac_pipeline_pipeline5_sub-NDARINV003RTV85_ses-baselineYear1Arm1.func_ingress_sub-NDARINV003RTV85_ses-baselineYear1Arm1.selectrest" - collecting precomputed outputs
250624-21:14:14,820 nipype.workflow INFO:
	 [Node] "cpac_pipeline_pipeline5_sub-NDARINV003RTV85_ses-baselineYear1Arm1.func_ingress_sub-NDARINV003RTV85_ses-baselineYear1Arm1.selectrest" found cached.
250624-21:14:14,832 nipype.workflow INFO:
	 [Node] Setting-up "cpac_pipeline_pipeline5_sub-NDARINV003RTV85_ses-baselineYear1Arm1.func_ingress_sub-NDARINV003RTV85_ses-baselineYear1Arm1.check_func_scan" in "/ocean/projects/med250004p/bshresth/projects/surface_pipelines/outputs/working/pipeline_pipeline5/cpac_pipeline_pipeline5_sub-NDARINV003RTV85_ses-baselineYear1Arm1/func_ingress_sub-NDARINV003RTV85_ses-baselineYear1Arm1/_scan_rest_run-02/check_func_scan".
250624-21:14:14,861 nipype.workflow INFO:
	 [Node] Cached "cpac_pipeline_pipeline5_sub-NDARINV003RTV85_ses-baselineYear1Arm1.func_ingress_sub-NDARINV003RTV85_ses-baselineYear1Arm1.check_func_scan" - collecting precomputed outputs
250624-21:14:14,862 nipype.workflow INFO:
	 [Node] "cpac_pipeline_pipeline5_sub-NDARINV003RTV85_ses-baselineYear1Arm1.func_ingress_sub-NDARINV003RTV85_ses-baselineYear1Arm1.check_func_scan" found cached.
250624-21:14:14,874 nipype.workflow INFO:
	 [Node] Setting-up "cpac_pipeline_pipeline5_sub-NDARINV003RTV85_ses-baselineYear1Arm1.func_ingress_sub-NDARINV003RTV85_ses-baselineYear1Arm1.select_scan_params" in "/ocean/projects/med250004p/bshresth/projects/surface_pipelines/outputs/working/pipeline_pipeline5/cpac_pipeline_pipeline5_sub-NDARINV003RTV85_ses-baselineYear1Arm1/func_ingress_sub-NDARINV003RTV85_ses-baselineYear1Arm1/_scan_rest_run-02/select_scan_params".
250624-21:14:14,878 nipype.workflow INFO:
	 [Node] Cached "cpac_pipeline_pipeline5_sub-NDARINV003RTV85_ses-baselineYear1Arm1.func_ingress_sub-NDARINV003RTV85_ses-baselineYear1Arm1.select_scan_params" - collecting precomputed outputs
250624-21:14:14,878 nipype.workflow INFO:
	 [Node] "cpac_pipeline_pipeline5_sub-NDARINV003RTV85_ses-baselineYear1Arm1.func_ingress_sub-NDARINV003RTV85_ses-baselineYear1Arm1.select_scan_params" found cached.
250624-21:14:14,891 nipype.workflow INFO:
	 [Node] Setting-up "cpac_pipeline_pipeline5_sub-NDARINV003RTV85_ses-baselineYear1Arm1.func_ingress_sub-NDARINV003RTV85_ses-baselineYear1Arm1.selectrest" in "/ocean/projects/med250004p/bshresth/projects/surface_pipelines/outputs/working/pipeline_pipeline5/cpac_pipeline_pipeline5_sub-NDARINV003RTV85_ses-baselineYear1Arm1/func_ingress_sub-NDARINV003RTV85_ses-baselineYear1Arm1/_scan_rest_run-02/selectrest".
250624-21:14:14,894 nipype.workflow INFO:
	 [Node] Cached "cpac_pipeline_pipeline5_sub-NDARINV003RTV85_ses-baselineYear1Arm1.func_ingress_sub-NDARINV003RTV85_ses-baselineYear1Arm1.selectrest" - collecting precomputed outputs
250624-21:14:14,895 nipype.workflow INFO:
	 [Node] "cpac_pipeline_pipeline5_sub-NDARINV003RTV85_ses-baselineYear1Arm1.func_ingress_sub-NDARINV003RTV85_ses-baselineYear1Arm1.selectrest" found cached.
250624-21:14:14,907 nipype.workflow INFO:
	 [Node] Setting-up "cpac_pipeline_pipeline5_sub-NDARINV003RTV85_ses-baselineYear1Arm1.func_ingress_sub-NDARINV003RTV85_ses-baselineYear1Arm1.check_func_scan" in "/ocean/projects/med250004p/bshresth/projects/surface_pipelines/outputs/working/pipeline_pipeline5/cpac_pipeline_pipeline5_sub-NDARINV003RTV85_ses-baselineYear1Arm1/func_ingress_sub-NDARINV003RTV85_ses-baselineYear1Arm1/_scan_rest_run-03/check_func_scan".
250624-21:14:14,923 nipype.workflow INFO:
	 [Node] Cached "cpac_pipeline_pipeline5_sub-NDARINV003RTV85_ses-baselineYear1Arm1.func_ingress_sub-NDARINV003RTV85_ses-baselineYear1Arm1.check_func_scan" - collecting precomputed outputs
250624-21:14:14,924 nipype.workflow INFO:
	 [Node] "cpac_pipeline_pipeline5_sub-NDARINV003RTV85_ses-baselineYear1Arm1.func_ingress_sub-NDARINV003RTV85_ses-baselineYear1Arm1.check_func_scan" found cached.
250624-21:14:14,937 nipype.workflow INFO:
	 [Node] Setting-up "cpac_pipeline_pipeline5_sub-NDARINV003RTV85_ses-baselineYear1Arm1.func_ingress_sub-NDARINV003RTV85_ses-baselineYear1Arm1.select_scan_params" in "/ocean/projects/med250004p/bshresth/projects/surface_pipelines/outputs/working/pipeline_pipeline5/cpac_pipeline_pipeline5_sub-NDARINV003RTV85_ses-baselineYear1Arm1/func_ingress_sub-NDARINV003RTV85_ses-baselineYear1Arm1/_scan_rest_run-03/select_scan_params".
250624-21:14:14,948 nipype.workflow INFO:
	 [Node] Cached "cpac_pipeline_pipeline5_sub-NDARINV003RTV85_ses-baselineYear1Arm1.func_ingress_sub-NDARINV003RTV85_ses-baselineYear1Arm1.select_scan_params" - collecting precomputed outputs
250624-21:14:14,949 nipype.workflow INFO:
	 [Node] "cpac_pipeline_pipeline5_sub-NDARINV003RTV85_ses-baselineYear1Arm1.func_ingress_sub-NDARINV003RTV85_ses-baselineYear1Arm1.select_scan_params" found cached.
250624-21:14:14,961 nipype.workflow INFO:
	 [Node] Setting-up "cpac_pipeline_pipeline5_sub-NDARINV003RTV85_ses-baselineYear1Arm1.func_ingress_sub-NDARINV003RTV85_ses-baselineYear1Arm1.selectrest" in "/ocean/projects/med250004p/bshresth/projects/surface_pipelines/outputs/working/pipeline_pipeline5/cpac_pipeline_pipeline5_sub-NDARINV003RTV85_ses-baselineYear1Arm1/func_ingress_sub-NDARINV003RTV85_ses-baselineYear1Arm1/_scan_rest_run-03/selectrest".
250624-21:14:14,989 nipype.workflow INFO:
	 [Node] Cached "cpac_pipeline_pipeline5_sub-NDARINV003RTV85_ses-baselineYear1Arm1.func_ingress_sub-NDARINV003RTV85_ses-baselineYear1Arm1.selectrest" - collecting precomputed outputs
250624-21:14:14,990 nipype.workflow INFO:
	 [Node] "cpac_pipeline_pipeline5_sub-NDARINV003RTV85_ses-baselineYear1Arm1.func_ingress_sub-NDARINV003RTV85_ses-baselineYear1Arm1.selectrest" found cached.
250624-21:14:15,2 nipype.workflow INFO:
	 [Node] Setting-up "cpac_pipeline_pipeline5_sub-NDARINV003RTV85_ses-baselineYear1Arm1.json_desc-preproc-1_T1w_103" in "/ocean/projects/med250004p/bshresth/projects/surface_pipelines/outputs/working/pipeline_pipeline5/cpac_pipeline_pipeline5_sub-NDARINV003RTV85_ses-baselineYear1Arm1/json_desc-preproc-1_T1w_103".
250624-21:14:15,28 nipype.workflow INFO:
	 [Node] Cached "cpac_pipeline_pipeline5_sub-NDARINV003RTV85_ses-baselineYear1Arm1.json_desc-preproc-1_T1w_103" - collecting precomputed outputs
250624-21:14:15,28 nipype.workflow INFO:
	 [Node] "cpac_pipeline_pipeline5_sub-NDARINV003RTV85_ses-baselineYear1Arm1.json_desc-preproc-1_T1w_103" found cached.
250624-21:14:15,45 nipype.workflow INFO:
	 [Node] Setting-up "cpac_pipeline_pipeline5_sub-NDARINV003RTV85_ses-baselineYear1Arm1.json_desc-preproc-2_T1w_106" in "/ocean/projects/med250004p/bshresth/projects/surface_pipelines/outputs/working/pipeline_pipeline5/cpac_pipeline_pipeline5_sub-NDARINV003RTV85_ses-baselineYear1Arm1/json_desc-preproc-2_T1w_106".
250624-21:14:15,75 nipype.workflow INFO:
	 [Node] Cached "cpac_pipeline_pipeline5_sub-NDARINV003RTV85_ses-baselineYear1Arm1.json_desc-preproc-2_T1w_106" - collecting precomputed outputs
250624-21:14:15,76 nipype.workflow INFO:
	 [Node] "cpac_pipeline_pipeline5_sub-NDARINV003RTV85_ses-baselineYear1Arm1.json_desc-preproc-2_T1w_106" found cached.
250624-21:14:15,93 nipype.workflow INFO:
	 [Node] Setting-up "cpac_pipeline_pipeline5_sub-NDARINV003RTV85_ses-baselineYear1Arm1.json_desc-head-1_T1w_105" in "/ocean/projects/med250004p/bshresth/projects/surface_pipelines/outputs/working/pipeline_pipeline5/cpac_pipeline_pipeline5_sub-NDARINV003RTV85_ses-baselineYear1Arm1/json_desc-head-1_T1w_105".
250624-21:14:15,116 nipype.workflow INFO:
	 [Node] Cached "cpac_pipeline_pipeline5_sub-NDARINV003RTV85_ses-baselineYear1Arm1.json_desc-head-1_T1w_105" - collecting precomputed outputs
250624-21:14:15,117 nipype.workflow INFO:
	 [Node] "cpac_pipeline_pipeline5_sub-NDARINV003RTV85_ses-baselineYear1Arm1.json_desc-head-1_T1w_105" found cached.
250624-21:14:15,134 nipype.workflow INFO:
	 [Node] Setting-up "cpac_pipeline_pipeline5_sub-NDARINV003RTV85_ses-baselineYear1Arm1.json_desc-head-2_T1w_108" in "/ocean/projects/med250004p/bshresth/projects/surface_pipelines/outputs/working/pipeline_pipeline5/cpac_pipeline_pipeline5_sub-NDARINV003RTV85_ses-baselineYear1Arm1/json_desc-head-2_T1w_108".
250624-21:14:15,158 nipype.workflow INFO:
	 [Node] Cached "cpac_pipeline_pipeline5_sub-NDARINV003RTV85_ses-baselineYear1Arm1.json_desc-head-2_T1w_108" - collecting precomputed outputs
250624-21:14:15,158 nipype.workflow INFO:
	 [Node] "cpac_pipeline_pipeline5_sub-NDARINV003RTV85_ses-baselineYear1Arm1.json_desc-head-2_T1w_108" found cached.
250624-21:14:15,175 nipype.workflow INFO:
	 [Node] Setting-up "cpac_pipeline_pipeline5_sub-NDARINV003RTV85_ses-baselineYear1Arm1.json_space-T1w_desc-brain-1_mask_78" in "/ocean/projects/med250004p/bshresth/projects/surface_pipelines/outputs/working/pipeline_pipeline5/cpac_pipeline_pipeline5_sub-NDARINV003RTV85_ses-baselineYear1Arm1/json_space-T1w_desc-brain-1_mask_78".
250624-21:14:15,222 nipype.workflow INFO:
	 [Node] Cached "cpac_pipeline_pipeline5_sub-NDARINV003RTV85_ses-baselineYear1Arm1.json_space-T1w_desc-brain-1_mask_78" - collecting precomputed outputs
250624-21:14:15,222 nipype.workflow INFO:
	 [Node] "cpac_pipeline_pipeline5_sub-NDARINV003RTV85_ses-baselineYear1Arm1.json_space-T1w_desc-brain-1_mask_78" found cached.
250624-21:14:15,239 nipype.workflow INFO:
	 [Node] Setting-up "cpac_pipeline_pipeline5_sub-NDARINV003RTV85_ses-baselineYear1Arm1.json_space-T1w_desc-brain-2_mask_82" in "/ocean/projects/med250004p/bshresth/projects/surface_pipelines/outputs/working/pipeline_pipeline5/cpac_pipeline_pipeline5_sub-NDARINV003RTV85_ses-baselineYear1Arm1/json_space-T1w_desc-brain-2_mask_82".
250624-21:14:15,291 nipype.workflow INFO:
	 [Node] Cached "cpac_pipeline_pipeline5_sub-NDARINV003RTV85_ses-baselineYear1Arm1.json_space-T1w_desc-brain-2_mask_82" - collecting precomputed outputs
250624-21:14:15,292 nipype.workflow INFO:
	 [Node] "cpac_pipeline_pipeline5_sub-NDARINV003RTV85_ses-baselineYear1Arm1.json_space-T1w_desc-brain-2_mask_82" found cached.
250624-21:14:15,308 nipype.workflow INFO:
	 [Node] Setting-up "cpac_pipeline_pipeline5_sub-NDARINV003RTV85_ses-baselineYear1Arm1.reorient_mgz_pipeline-fs_raw-average" in "/ocean/projects/med250004p/bshresth/projects/surface_pipelines/outputs/working/pipeline_pipeline5/cpac_pipeline_pipeline5_sub-NDARINV003RTV85_ses-baselineYear1Arm1/reorient_mgz_pipeline-fs_raw-average".
250624-21:14:15,323 nipype.workflow INFO:
	 [Node] Cached "cpac_pipeline_pipeline5_sub-NDARINV003RTV85_ses-baselineYear1Arm1.reorient_mgz_pipeline-fs_raw-average" - collecting precomputed outputs
250624-21:14:15,324 nipype.workflow INFO:
	 [Node] "cpac_pipeline_pipeline5_sub-NDARINV003RTV85_ses-baselineYear1Arm1.reorient_mgz_pipeline-fs_raw-average" found cached.
250624-21:14:15,335 nipype.workflow INFO:
	 [Node] Setting-up "cpac_pipeline_pipeline5_sub-NDARINV003RTV85_ses-baselineYear1Arm1.reorient_mgz_pipeline-fs_subcortical-seg" in "/ocean/projects/med250004p/bshresth/projects/surface_pipelines/outputs/working/pipeline_pipeline5/cpac_pipeline_pipeline5_sub-NDARINV003RTV85_ses-baselineYear1Arm1/reorient_mgz_pipeline-fs_subcortical-seg".
250624-21:14:15,352 nipype.workflow INFO:
	 [Node] Cached "cpac_pipeline_pipeline5_sub-NDARINV003RTV85_ses-baselineYear1Arm1.reorient_mgz_pipeline-fs_subcortical-seg" - collecting precomputed outputs
250624-21:14:15,352 nipype.workflow INFO:
	 [Node] "cpac_pipeline_pipeline5_sub-NDARINV003RTV85_ses-baselineYear1Arm1.reorient_mgz_pipeline-fs_subcortical-seg" found cached.
250624-21:14:15,364 nipype.workflow INFO:
	 [Node] Setting-up "cpac_pipeline_pipeline5_sub-NDARINV003RTV85_ses-baselineYear1Arm1.reorient_mgz_pipeline-fs_brainmask" in "/ocean/projects/med250004p/bshresth/projects/surface_pipelines/outputs/working/pipeline_pipeline5/cpac_pipeline_pipeline5_sub-NDARINV003RTV85_ses-baselineYear1Arm1/reorient_mgz_pipeline-fs_brainmask".
250624-21:14:15,401 nipype.workflow INFO:
	 [Node] Cached "cpac_pipeline_pipeline5_sub-NDARINV003RTV85_ses-baselineYear1Arm1.reorient_mgz_pipeline-fs_brainmask" - collecting precomputed outputs
250624-21:14:15,401 nipype.workflow INFO:
	 [Node] "cpac_pipeline_pipeline5_sub-NDARINV003RTV85_ses-baselineYear1Arm1.reorient_mgz_pipeline-fs_brainmask" found cached.
250624-21:14:15,413 nipype.workflow INFO:
	 [Node] Setting-up "cpac_pipeline_pipeline5_sub-NDARINV003RTV85_ses-baselineYear1Arm1.reorient_mgz_pipeline-fs_wmparc" in "/ocean/projects/med250004p/bshresth/projects/surface_pipelines/outputs/working/pipeline_pipeline5/cpac_pipeline_pipeline5_sub-NDARINV003RTV85_ses-baselineYear1Arm1/reorient_mgz_pipeline-fs_wmparc".
250624-21:14:15,427 nipype.workflow INFO:
	 [Node] Cached "cpac_pipeline_pipeline5_sub-NDARINV003RTV85_ses-baselineYear1Arm1.reorient_mgz_pipeline-fs_wmparc" - collecting precomputed outputs
250624-21:14:15,428 nipype.workflow INFO:
	 [Node] "cpac_pipeline_pipeline5_sub-NDARINV003RTV85_ses-baselineYear1Arm1.reorient_mgz_pipeline-fs_wmparc" found cached.
250624-21:14:15,440 nipype.workflow INFO:
	 [Node] Setting-up "cpac_pipeline_pipeline5_sub-NDARINV003RTV85_ses-baselineYear1Arm1.reorient_mgz_pipeline-fs_T1" in "/ocean/projects/med250004p/bshresth/projects/surface_pipelines/outputs/working/pipeline_pipeline5/cpac_pipeline_pipeline5_sub-NDARINV003RTV85_ses-baselineYear1Arm1/reorient_mgz_pipeline-fs_T1".
250624-21:14:15,452 nipype.workflow INFO:
	 [Node] Cached "cpac_pipeline_pipeline5_sub-NDARINV003RTV85_ses-baselineYear1Arm1.reorient_mgz_pipeline-fs_T1" - collecting precomputed outputs
250624-21:14:15,453 nipype.workflow INFO:
	 [Node] "cpac_pipeline_pipeline5_sub-NDARINV003RTV85_ses-baselineYear1Arm1.reorient_mgz_pipeline-fs_T1" found cached.
250624-21:14:15,455 nipype.workflow INFO:
	 [Node] Setting-up "cpac_pipeline_pipeline5_sub-NDARINV003RTV85_ses-baselineYear1Arm1.reorient_surface-parcellation-atlas" in "/ocean/projects/med250004p/bshresth/projects/surface_pipelines/outputs/working/pipeline_pipeline5/cpac_pipeline_pipeline5_sub-NDARINV003RTV85_ses-baselineYear1Arm1/reorient_surface-parcellation-atlas".
250624-21:14:15,467 nipype.workflow INFO:
	 [Node] Cached "cpac_pipeline_pipeline5_sub-NDARINV003RTV85_ses-baselineYear1Arm1.reorient_surface-parcellation-atlas" - collecting precomputed outputs
250624-21:14:15,468 nipype.workflow INFO:
	 [Node] "cpac_pipeline_pipeline5_sub-NDARINV003RTV85_ses-baselineYear1Arm1.reorient_surface-parcellation-atlas" found cached.
250624-21:14:15,470 nipype.workflow INFO:
	 [Node] Setting-up "cpac_pipeline_pipeline5_sub-NDARINV003RTV85_ses-baselineYear1Arm1.anat_deoblique_refit_0" in "/ocean/projects/med250004p/bshresth/projects/surface_pipelines/outputs/working/pipeline_pipeline5/cpac_pipeline_pipeline5_sub-NDARINV003RTV85_ses-baselineYear1Arm1/anat_deoblique_refit_0".
250624-21:14:15,473 nipype.workflow INFO:
	 [Node] Cached "cpac_pipeline_pipeline5_sub-NDARINV003RTV85_ses-baselineYear1Arm1.anat_deoblique_refit_0" - collecting precomputed outputs
250624-21:14:15,474 nipype.workflow INFO:
	 [Node] "cpac_pipeline_pipeline5_sub-NDARINV003RTV85_ses-baselineYear1Arm1.anat_deoblique_refit_0" found cached.
250624-21:14:15,486 nipype.workflow INFO:
	 [Node] Setting-up "cpac_pipeline_pipeline5_sub-NDARINV003RTV85_ses-baselineYear1Arm1.func_ingress_sub-NDARINV003RTV85_ses-baselineYear1Arm1.s3_scan_params" in "/ocean/projects/med250004p/bshresth/projects/surface_pipelines/outputs/working/pipeline_pipeline5/cpac_pipeline_pipeline5_sub-NDARINV003RTV85_ses-baselineYear1Arm1/func_ingress_sub-NDARINV003RTV85_ses-baselineYear1Arm1/_scan_rest_run-01/s3_scan_params".
250624-21:14:15,513 nipype.workflow INFO:
	 [Node] Cached "cpac_pipeline_pipeline5_sub-NDARINV003RTV85_ses-baselineYear1Arm1.func_ingress_sub-NDARINV003RTV85_ses-baselineYear1Arm1.s3_scan_params" - collecting precomputed outputs
250624-21:14:15,514 nipype.workflow INFO:
	 [Node] "cpac_pipeline_pipeline5_sub-NDARINV003RTV85_ses-baselineYear1Arm1.func_ingress_sub-NDARINV003RTV85_ses-baselineYear1Arm1.s3_scan_params" found cached.
250624-21:14:15,526 nipype.workflow INFO:
	 [Node] Setting-up "cpac_pipeline_pipeline5_sub-NDARINV003RTV85_ses-baselineYear1Arm1.func_ingress_sub-NDARINV003RTV85_ses-baselineYear1Arm1.check_for_s3" in "/ocean/projects/med250004p/bshresth/projects/surface_pipelines/outputs/working/pipeline_pipeline5/cpac_pipeline_pipeline5_sub-NDARINV003RTV85_ses-baselineYear1Arm1/func_ingress_sub-NDARINV003RTV85_ses-baselineYear1Arm1/_scan_rest_run-01/check_for_s3".
250624-21:14:15,569 nipype.workflow INFO:
	 [Node] Cached "cpac_pipeline_pipeline5_sub-NDARINV003RTV85_ses-baselineYear1Arm1.func_ingress_sub-NDARINV003RTV85_ses-baselineYear1Arm1.check_for_s3" - collecting precomputed outputs
250624-21:14:15,570 nipype.workflow INFO:
	 [Node] "cpac_pipeline_pipeline5_sub-NDARINV003RTV85_ses-baselineYear1Arm1.func_ingress_sub-NDARINV003RTV85_ses-baselineYear1Arm1.check_for_s3" found cached.
250624-21:14:15,582 nipype.workflow INFO:
	 [Node] Setting-up "cpac_pipeline_pipeline5_sub-NDARINV003RTV85_ses-baselineYear1Arm1.func_ingress_sub-NDARINV003RTV85_ses-baselineYear1Arm1.s3_scan_params" in "/ocean/projects/med250004p/bshresth/projects/surface_pipelines/outputs/working/pipeline_pipeline5/cpac_pipeline_pipeline5_sub-NDARINV003RTV85_ses-baselineYear1Arm1/func_ingress_sub-NDARINV003RTV85_ses-baselineYear1Arm1/_scan_rest_run-02/s3_scan_params".
250624-21:14:15,598 nipype.workflow INFO:
	 [Node] Cached "cpac_pipeline_pipeline5_sub-NDARINV003RTV85_ses-baselineYear1Arm1.func_ingress_sub-NDARINV003RTV85_ses-baselineYear1Arm1.s3_scan_params" - collecting precomputed outputs
250624-21:14:15,598 nipype.workflow INFO:
	 [Node] "cpac_pipeline_pipeline5_sub-NDARINV003RTV85_ses-baselineYear1Arm1.func_ingress_sub-NDARINV003RTV85_ses-baselineYear1Arm1.s3_scan_params" found cached.
250624-21:14:15,610 nipype.workflow INFO:
	 [Node] Setting-up "cpac_pipeline_pipeline5_sub-NDARINV003RTV85_ses-baselineYear1Arm1.func_ingress_sub-NDARINV003RTV85_ses-baselineYear1Arm1.check_for_s3" in "/ocean/projects/med250004p/bshresth/projects/surface_pipelines/outputs/working/pipeline_pipeline5/cpac_pipeline_pipeline5_sub-NDARINV003RTV85_ses-baselineYear1Arm1/func_ingress_sub-NDARINV003RTV85_ses-baselineYear1Arm1/_scan_rest_run-02/check_for_s3".
250624-21:14:15,637 nipype.workflow INFO:
	 [Node] Cached "cpac_pipeline_pipeline5_sub-NDARINV003RTV85_ses-baselineYear1Arm1.func_ingress_sub-NDARINV003RTV85_ses-baselineYear1Arm1.check_for_s3" - collecting precomputed outputs
250624-21:14:15,638 nipype.workflow INFO:
	 [Node] "cpac_pipeline_pipeline5_sub-NDARINV003RTV85_ses-baselineYear1Arm1.func_ingress_sub-NDARINV003RTV85_ses-baselineYear1Arm1.check_for_s3" found cached.
250624-21:14:15,650 nipype.workflow INFO:
	 [Node] Setting-up "cpac_pipeline_pipeline5_sub-NDARINV003RTV85_ses-baselineYear1Arm1.func_ingress_sub-NDARINV003RTV85_ses-baselineYear1Arm1.s3_scan_params" in "/ocean/projects/med250004p/bshresth/projects/surface_pipelines/outputs/working/pipeline_pipeline5/cpac_pipeline_pipeline5_sub-NDARINV003RTV85_ses-baselineYear1Arm1/func_ingress_sub-NDARINV003RTV85_ses-baselineYear1Arm1/_scan_rest_run-03/s3_scan_params".
250624-21:14:15,670 nipype.workflow INFO:
	 [Node] Cached "cpac_pipeline_pipeline5_sub-NDARINV003RTV85_ses-baselineYear1Arm1.func_ingress_sub-NDARINV003RTV85_ses-baselineYear1Arm1.s3_scan_params" - collecting precomputed outputs
250624-21:14:15,671 nipype.workflow INFO:
	 [Node] "cpac_pipeline_pipeline5_sub-NDARINV003RTV85_ses-baselineYear1Arm1.func_ingress_sub-NDARINV003RTV85_ses-baselineYear1Arm1.s3_scan_params" found cached.
250624-21:14:15,683 nipype.workflow INFO:
	 [Node] Setting-up "cpac_pipeline_pipeline5_sub-NDARINV003RTV85_ses-baselineYear1Arm1.func_ingress_sub-NDARINV003RTV85_ses-baselineYear1Arm1.check_for_s3" in "/ocean/projects/med250004p/bshresth/projects/surface_pipelines/outputs/working/pipeline_pipeline5/cpac_pipeline_pipeline5_sub-NDARINV003RTV85_ses-baselineYear1Arm1/func_ingress_sub-NDARINV003RTV85_ses-baselineYear1Arm1/_scan_rest_run-03/check_for_s3".
250624-21:14:15,724 nipype.workflow INFO:
	 [Node] Cached "cpac_pipeline_pipeline5_sub-NDARINV003RTV85_ses-baselineYear1Arm1.func_ingress_sub-NDARINV003RTV85_ses-baselineYear1Arm1.check_for_s3" - collecting precomputed outputs
250624-21:14:15,725 nipype.workflow INFO:
	 [Node] "cpac_pipeline_pipeline5_sub-NDARINV003RTV85_ses-baselineYear1Arm1.func_ingress_sub-NDARINV003RTV85_ses-baselineYear1Arm1.check_for_s3" found cached.
250624-21:14:15,727 nipype.workflow INFO:
	 [Node] Setting-up "cpac_pipeline_pipeline5_sub-NDARINV003RTV85_ses-baselineYear1Arm1.fs_brain_mask_to_native" in "/ocean/projects/med250004p/bshresth/projects/surface_pipelines/outputs/working/pipeline_pipeline5/cpac_pipeline_pipeline5_sub-NDARINV003RTV85_ses-baselineYear1Arm1/fs_brain_mask_to_native".
250624-21:14:15,744 nipype.workflow INFO:
	 [Node] Cached "cpac_pipeline_pipeline5_sub-NDARINV003RTV85_ses-baselineYear1Arm1.fs_brain_mask_to_native" - collecting precomputed outputs
250624-21:14:15,744 nipype.workflow INFO:
	 [Node] "cpac_pipeline_pipeline5_sub-NDARINV003RTV85_ses-baselineYear1Arm1.fs_brain_mask_to_native" found cached.
250624-21:14:15,756 nipype.workflow INFO:
	 [Node] Setting-up "cpac_pipeline_pipeline5_sub-NDARINV003RTV85_ses-baselineYear1Arm1.convert_fs_brainmask_to_nifti_freesurfer-bet-tight_83" in "/ocean/projects/med250004p/bshresth/projects/surface_pipelines/outputs/working/pipeline_pipeline5/cpac_pipeline_pipeline5_sub-NDARINV003RTV85_ses-baselineYear1Arm1/convert_fs_brainmask_to_nifti_freesurfer-bet-tight_83".
250624-21:14:15,759 nipype.workflow INFO:
	 [Node] Cached "cpac_pipeline_pipeline5_sub-NDARINV003RTV85_ses-baselineYear1Arm1.convert_fs_brainmask_to_nifti_freesurfer-bet-tight_83" - collecting precomputed outputs
250624-21:14:15,760 nipype.workflow INFO:
	 [Node] "cpac_pipeline_pipeline5_sub-NDARINV003RTV85_ses-baselineYear1Arm1.convert_fs_brainmask_to_nifti_freesurfer-bet-tight_83" found cached.
250624-21:14:15,772 nipype.workflow INFO:
	 [Node] Setting-up "cpac_pipeline_pipeline5_sub-NDARINV003RTV85_ses-baselineYear1Arm1.convert_fs_brainmask_to_nifti_freesurfer-bet-loose_83" in "/ocean/projects/med250004p/bshresth/projects/surface_pipelines/outputs/working/pipeline_pipeline5/cpac_pipeline_pipeline5_sub-NDARINV003RTV85_ses-baselineYear1Arm1/convert_fs_brainmask_to_nifti_freesurfer-bet-loose_83".
250624-21:14:15,775 nipype.workflow INFO:
	 [Node] Cached "cpac_pipeline_pipeline5_sub-NDARINV003RTV85_ses-baselineYear1Arm1.convert_fs_brainmask_to_nifti_freesurfer-bet-loose_83" - collecting precomputed outputs
250624-21:14:15,775 nipype.workflow INFO:
	 [Node] "cpac_pipeline_pipeline5_sub-NDARINV003RTV85_ses-baselineYear1Arm1.convert_fs_brainmask_to_nifti_freesurfer-bet-loose_83" found cached.
250624-21:14:15,787 nipype.workflow INFO:
	 [Node] Setting-up "cpac_pipeline_pipeline5_sub-NDARINV003RTV85_ses-baselineYear1Arm1.wmparc_to_native_73" in "/ocean/projects/med250004p/bshresth/projects/surface_pipelines/outputs/working/pipeline_pipeline5/cpac_pipeline_pipeline5_sub-NDARINV003RTV85_ses-baselineYear1Arm1/wmparc_to_native_73".
250624-21:14:15,801 nipype.workflow INFO:
	 [Node] Cached "cpac_pipeline_pipeline5_sub-NDARINV003RTV85_ses-baselineYear1Arm1.wmparc_to_native_73" - collecting precomputed outputs
250624-21:14:15,801 nipype.workflow INFO:
	 [Node] "cpac_pipeline_pipeline5_sub-NDARINV003RTV85_ses-baselineYear1Arm1.wmparc_to_native_73" found cached.
250624-21:14:15,813 nipype.workflow INFO:
	 [Node] Setting-up "cpac_pipeline_pipeline5_sub-NDARINV003RTV85_ses-baselineYear1Arm1.convert_fs_T1_to_nifti_freesurfer-bet-tight_83" in "/ocean/projects/med250004p/bshresth/projects/surface_pipelines/outputs/working/pipeline_pipeline5/cpac_pipeline_pipeline5_sub-NDARINV003RTV85_ses-baselineYear1Arm1/convert_fs_T1_to_nifti_freesurfer-bet-tight_83".
250624-21:14:15,816 nipype.workflow INFO:
	 [Node] Cached "cpac_pipeline_pipeline5_sub-NDARINV003RTV85_ses-baselineYear1Arm1.convert_fs_T1_to_nifti_freesurfer-bet-tight_83" - collecting precomputed outputs
250624-21:14:15,817 nipype.workflow INFO:
	 [Node] "cpac_pipeline_pipeline5_sub-NDARINV003RTV85_ses-baselineYear1Arm1.convert_fs_T1_to_nifti_freesurfer-bet-tight_83" found cached.
250624-21:14:15,829 nipype.workflow INFO:
	 [Node] Setting-up "cpac_pipeline_pipeline5_sub-NDARINV003RTV85_ses-baselineYear1Arm1.convert_fs_T1_to_nifti_freesurfer-bet-loose_83" in "/ocean/projects/med250004p/bshresth/projects/surface_pipelines/outputs/working/pipeline_pipeline5/cpac_pipeline_pipeline5_sub-NDARINV003RTV85_ses-baselineYear1Arm1/convert_fs_T1_to_nifti_freesurfer-bet-loose_83".
250624-21:14:15,832 nipype.workflow INFO:
	 [Node] Cached "cpac_pipeline_pipeline5_sub-NDARINV003RTV85_ses-baselineYear1Arm1.convert_fs_T1_to_nifti_freesurfer-bet-loose_83" - collecting precomputed outputs
250624-21:14:15,832 nipype.workflow INFO:
	 [Node] "cpac_pipeline_pipeline5_sub-NDARINV003RTV85_ses-baselineYear1Arm1.convert_fs_T1_to_nifti_freesurfer-bet-loose_83" found cached.
250624-21:14:15,834 nipype.workflow INFO:
	 [Node] Setting-up "cpac_pipeline_pipeline5_sub-NDARINV003RTV85_ses-baselineYear1Arm1.anat_reorient_0" in "/ocean/projects/med250004p/bshresth/projects/surface_pipelines/outputs/working/pipeline_pipeline5/cpac_pipeline_pipeline5_sub-NDARINV003RTV85_ses-baselineYear1Arm1/anat_reorient_0".
250624-21:14:15,876 nipype.workflow INFO:
	 [Node] Cached "cpac_pipeline_pipeline5_sub-NDARINV003RTV85_ses-baselineYear1Arm1.anat_reorient_0" - collecting precomputed outputs
250624-21:14:15,877 nipype.workflow INFO:
	 [Node] "cpac_pipeline_pipeline5_sub-NDARINV003RTV85_ses-baselineYear1Arm1.anat_reorient_0" found cached.
250624-21:14:15,889 nipype.workflow INFO:
	 [Node] Setting-up "cpac_pipeline_pipeline5_sub-NDARINV003RTV85_ses-baselineYear1Arm1.bold_scan_params_sub-NDARINV003RTV85_ses-baselineYear1Arm1" in "/ocean/projects/med250004p/bshresth/projects/surface_pipelines/outputs/working/pipeline_pipeline5/cpac_pipeline_pipeline5_sub-NDARINV003RTV85_ses-baselineYear1Arm1/_scan_rest_run-01/bold_scan_params_sub-NDARINV003RTV85_ses-baselineYear1Arm1".
250624-21:14:15,902 nipype.workflow INFO:
	 [Node] Cached "cpac_pipeline_pipeline5_sub-NDARINV003RTV85_ses-baselineYear1Arm1.bold_scan_params_sub-NDARINV003RTV85_ses-baselineYear1Arm1" - collecting precomputed outputs
250624-21:14:15,902 nipype.workflow INFO:
	 [Node] "cpac_pipeline_pipeline5_sub-NDARINV003RTV85_ses-baselineYear1Arm1.bold_scan_params_sub-NDARINV003RTV85_ses-baselineYear1Arm1" found cached.
250624-21:14:15,914 nipype.workflow INFO:
	 [Node] Setting-up "cpac_pipeline_pipeline5_sub-NDARINV003RTV85_ses-baselineYear1Arm1.bold_scan_params_sub-NDARINV003RTV85_ses-baselineYear1Arm1" in "/ocean/projects/med250004p/bshresth/projects/surface_pipelines/outputs/working/pipeline_pipeline5/cpac_pipeline_pipeline5_sub-NDARINV003RTV85_ses-baselineYear1Arm1/_scan_rest_run-02/bold_scan_params_sub-NDARINV003RTV85_ses-baselineYear1Arm1".
250624-21:14:15,939 nipype.workflow INFO:
	 [Node] Cached "cpac_pipeline_pipeline5_sub-NDARINV003RTV85_ses-baselineYear1Arm1.bold_scan_params_sub-NDARINV003RTV85_ses-baselineYear1Arm1" - collecting precomputed outputs
250624-21:14:15,939 nipype.workflow INFO:
	 [Node] "cpac_pipeline_pipeline5_sub-NDARINV003RTV85_ses-baselineYear1Arm1.bold_scan_params_sub-NDARINV003RTV85_ses-baselineYear1Arm1" found cached.
250624-21:14:15,951 nipype.workflow INFO:
	 [Node] Setting-up "cpac_pipeline_pipeline5_sub-NDARINV003RTV85_ses-baselineYear1Arm1.bold_scan_params_sub-NDARINV003RTV85_ses-baselineYear1Arm1" in "/ocean/projects/med250004p/bshresth/projects/surface_pipelines/outputs/working/pipeline_pipeline5/cpac_pipeline_pipeline5_sub-NDARINV003RTV85_ses-baselineYear1Arm1/_scan_rest_run-03/bold_scan_params_sub-NDARINV003RTV85_ses-baselineYear1Arm1".
250624-21:14:15,964 nipype.workflow INFO:
	 [Node] Cached "cpac_pipeline_pipeline5_sub-NDARINV003RTV85_ses-baselineYear1Arm1.bold_scan_params_sub-NDARINV003RTV85_ses-baselineYear1Arm1" - collecting precomputed outputs
250624-21:14:15,965 nipype.workflow INFO:
	 [Node] "cpac_pipeline_pipeline5_sub-NDARINV003RTV85_ses-baselineYear1Arm1.bold_scan_params_sub-NDARINV003RTV85_ses-baselineYear1Arm1" found cached.
250624-21:14:15,977 nipype.workflow INFO:
	 [Node] Setting-up "cpac_pipeline_pipeline5_sub-NDARINV003RTV85_ses-baselineYear1Arm1.fs_brainmask_to_nifti_79" in "/ocean/projects/med250004p/bshresth/projects/surface_pipelines/outputs/working/pipeline_pipeline5/cpac_pipeline_pipeline5_sub-NDARINV003RTV85_ses-baselineYear1Arm1/fs_brainmask_to_nifti_79".
250624-21:14:16,12 nipype.workflow INFO:
	 [Node] Cached "cpac_pipeline_pipeline5_sub-NDARINV003RTV85_ses-baselineYear1Arm1.fs_brainmask_to_nifti_79" - collecting precomputed outputs
250624-21:14:16,13 nipype.workflow INFO:
	 [Node] "cpac_pipeline_pipeline5_sub-NDARINV003RTV85_ses-baselineYear1Arm1.fs_brainmask_to_nifti_79" found cached.
250624-21:14:16,15 nipype.workflow INFO:
	 [Node] Setting-up "cpac_pipeline_pipeline5_sub-NDARINV003RTV85_ses-baselineYear1Arm1.reorient_fs_brainmask_freesurfer-bet-tight_83" in "/ocean/projects/med250004p/bshresth/projects/surface_pipelines/outputs/working/pipeline_pipeline5/cpac_pipeline_pipeline5_sub-NDARINV003RTV85_ses-baselineYear1Arm1/reorient_fs_brainmask_freesurfer-bet-tight_83".
250624-21:14:16,28 nipype.workflow INFO:
	 [Node] Cached "cpac_pipeline_pipeline5_sub-NDARINV003RTV85_ses-baselineYear1Arm1.reorient_fs_brainmask_freesurfer-bet-tight_83" - collecting precomputed outputs
250624-21:14:16,28 nipype.workflow INFO:
	 [Node] "cpac_pipeline_pipeline5_sub-NDARINV003RTV85_ses-baselineYear1Arm1.reorient_fs_brainmask_freesurfer-bet-tight_83" found cached.
250624-21:14:16,31 nipype.workflow INFO:
	 [Node] Setting-up "cpac_pipeline_pipeline5_sub-NDARINV003RTV85_ses-baselineYear1Arm1.reorient_fs_brainmask_freesurfer-bet-loose_83" in "/ocean/projects/med250004p/bshresth/projects/surface_pipelines/outputs/working/pipeline_pipeline5/cpac_pipeline_pipeline5_sub-NDARINV003RTV85_ses-baselineYear1Arm1/reorient_fs_brainmask_freesurfer-bet-loose_83".
250624-21:14:16,53 nipype.workflow INFO:
	 [Node] Cached "cpac_pipeline_pipeline5_sub-NDARINV003RTV85_ses-baselineYear1Arm1.reorient_fs_brainmask_freesurfer-bet-loose_83" - collecting precomputed outputs
250624-21:14:16,54 nipype.workflow INFO:
	 [Node] "cpac_pipeline_pipeline5_sub-NDARINV003RTV85_ses-baselineYear1Arm1.reorient_fs_brainmask_freesurfer-bet-loose_83" found cached.
250624-21:14:16,56 nipype.workflow INFO:
	 [Node] Setting-up "cpac_pipeline_pipeline5_sub-NDARINV003RTV85_ses-baselineYear1Arm1.reorient_fs_T1_freesurfer-bet-tight_83" in "/ocean/projects/med250004p/bshresth/projects/surface_pipelines/outputs/working/pipeline_pipeline5/cpac_pipeline_pipeline5_sub-NDARINV003RTV85_ses-baselineYear1Arm1/reorient_fs_T1_freesurfer-bet-tight_83".
250624-21:14:16,67 nipype.workflow INFO:
	 [Node] Cached "cpac_pipeline_pipeline5_sub-NDARINV003RTV85_ses-baselineYear1Arm1.reorient_fs_T1_freesurfer-bet-tight_83" - collecting precomputed outputs
250624-21:14:16,68 nipype.workflow INFO:
	 [Node] "cpac_pipeline_pipeline5_sub-NDARINV003RTV85_ses-baselineYear1Arm1.reorient_fs_T1_freesurfer-bet-tight_83" found cached.
250624-21:14:16,70 nipype.workflow INFO:
	 [Node] Setting-up "cpac_pipeline_pipeline5_sub-NDARINV003RTV85_ses-baselineYear1Arm1.reorient_fs_T1_freesurfer-bet-loose_83" in "/ocean/projects/med250004p/bshresth/projects/surface_pipelines/outputs/working/pipeline_pipeline5/cpac_pipeline_pipeline5_sub-NDARINV003RTV85_ses-baselineYear1Arm1/reorient_fs_T1_freesurfer-bet-loose_83".
250624-21:14:16,84 nipype.workflow INFO:
	 [Node] Cached "cpac_pipeline_pipeline5_sub-NDARINV003RTV85_ses-baselineYear1Arm1.reorient_fs_T1_freesurfer-bet-loose_83" - collecting precomputed outputs
250624-21:14:16,84 nipype.workflow INFO:
	 [Node] "cpac_pipeline_pipeline5_sub-NDARINV003RTV85_ses-baselineYear1Arm1.reorient_fs_T1_freesurfer-bet-loose_83" found cached.
250624-21:14:16,96 nipype.workflow INFO:
	 [Node] Setting-up "cpac_pipeline_pipeline5_sub-NDARINV003RTV85_ses-baselineYear1Arm1.wmparc_to_nifti_73" in "/ocean/projects/med250004p/bshresth/projects/surface_pipelines/outputs/working/pipeline_pipeline5/cpac_pipeline_pipeline5_sub-NDARINV003RTV85_ses-baselineYear1Arm1/wmparc_to_nifti_73".
250624-21:14:16,116 nipype.workflow INFO:
	 [Node] Cached "cpac_pipeline_pipeline5_sub-NDARINV003RTV85_ses-baselineYear1Arm1.wmparc_to_nifti_73" - collecting precomputed outputs
250624-21:14:16,116 nipype.workflow INFO:
	 [Node] "cpac_pipeline_pipeline5_sub-NDARINV003RTV85_ses-baselineYear1Arm1.wmparc_to_nifti_73" found cached.
250624-21:14:16,119 nipype.workflow INFO:
	 [Node] Setting-up "cpac_pipeline_pipeline5_sub-NDARINV003RTV85_ses-baselineYear1Arm1.nii_desc-head-1_T1w_105" in "/ocean/projects/med250004p/bshresth/projects/surface_pipelines/outputs/working/pipeline_pipeline5/cpac_pipeline_pipeline5_sub-NDARINV003RTV85_ses-baselineYear1Arm1/nii_desc-head-1_T1w_105".
250624-21:14:16,168 nipype.workflow INFO:
	 [Node] Cached "cpac_pipeline_pipeline5_sub-NDARINV003RTV85_ses-baselineYear1Arm1.nii_desc-head-1_T1w_105" - collecting precomputed outputs
250624-21:14:16,169 nipype.workflow INFO:
	 [Node] "cpac_pipeline_pipeline5_sub-NDARINV003RTV85_ses-baselineYear1Arm1.nii_desc-head-1_T1w_105" found cached.
250624-21:14:16,171 nipype.workflow INFO:
	 [Node] Setting-up "cpac_pipeline_pipeline5_sub-NDARINV003RTV85_ses-baselineYear1Arm1.nii_desc-head-2_T1w_108" in "/ocean/projects/med250004p/bshresth/projects/surface_pipelines/outputs/working/pipeline_pipeline5/cpac_pipeline_pipeline5_sub-NDARINV003RTV85_ses-baselineYear1Arm1/nii_desc-head-2_T1w_108".
250624-21:14:16,191 nipype.workflow INFO:
	 [Node] Cached "cpac_pipeline_pipeline5_sub-NDARINV003RTV85_ses-baselineYear1Arm1.nii_desc-head-2_T1w_108" - collecting precomputed outputs
250624-21:14:16,192 nipype.workflow INFO:
	 [Node] "cpac_pipeline_pipeline5_sub-NDARINV003RTV85_ses-baselineYear1Arm1.nii_desc-head-2_T1w_108" found cached.
250624-21:14:16,194 nipype.workflow INFO:
	 [Node] Setting-up "cpac_pipeline_pipeline5_sub-NDARINV003RTV85_ses-baselineYear1Arm1.binarize_fs_brainmask_79" in "/ocean/projects/med250004p/bshresth/projects/surface_pipelines/outputs/working/pipeline_pipeline5/cpac_pipeline_pipeline5_sub-NDARINV003RTV85_ses-baselineYear1Arm1/binarize_fs_brainmask_79".
250624-21:14:16,213 nipype.workflow INFO:
	 [Node] Cached "cpac_pipeline_pipeline5_sub-NDARINV003RTV85_ses-baselineYear1Arm1.binarize_fs_brainmask_79" - collecting precomputed outputs
250624-21:14:16,213 nipype.workflow INFO:
	 [Node] "cpac_pipeline_pipeline5_sub-NDARINV003RTV85_ses-baselineYear1Arm1.binarize_fs_brainmask_79" found cached.
250624-21:14:16,216 nipype.workflow INFO:
	 [Node] Setting-up "cpac_pipeline_pipeline5_sub-NDARINV003RTV85_ses-baselineYear1Arm1.binarize_fs_brain_freesurfer-bet-tight_83" in "/ocean/projects/med250004p/bshresth/projects/surface_pipelines/outputs/working/pipeline_pipeline5/cpac_pipeline_pipeline5_sub-NDARINV003RTV85_ses-baselineYear1Arm1/binarize_fs_brain_freesurfer-bet-tight_83".
250624-21:14:16,229 nipype.workflow INFO:
	 [Node] Cached "cpac_pipeline_pipeline5_sub-NDARINV003RTV85_ses-baselineYear1Arm1.binarize_fs_brain_freesurfer-bet-tight_83" - collecting precomputed outputs
250624-21:14:16,230 nipype.workflow INFO:
	 [Node] "cpac_pipeline_pipeline5_sub-NDARINV003RTV85_ses-baselineYear1Arm1.binarize_fs_brain_freesurfer-bet-tight_83" found cached.
250624-21:14:16,233 nipype.workflow INFO:
	 [Node] Setting-up "cpac_pipeline_pipeline5_sub-NDARINV003RTV85_ses-baselineYear1Arm1.binarize_fs_brain_freesurfer-bet-loose_83" in "/ocean/projects/med250004p/bshresth/projects/surface_pipelines/outputs/working/pipeline_pipeline5/cpac_pipeline_pipeline5_sub-NDARINV003RTV85_ses-baselineYear1Arm1/binarize_fs_brain_freesurfer-bet-loose_83".
250624-21:14:16,280 nipype.workflow INFO:
	 [Node] Cached "cpac_pipeline_pipeline5_sub-NDARINV003RTV85_ses-baselineYear1Arm1.binarize_fs_brain_freesurfer-bet-loose_83" - collecting precomputed outputs
250624-21:14:16,281 nipype.workflow INFO:
	 [Node] "cpac_pipeline_pipeline5_sub-NDARINV003RTV85_ses-baselineYear1Arm1.binarize_fs_brain_freesurfer-bet-loose_83" found cached.
250624-21:14:16,283 nipype.workflow INFO:
	 [Node] Setting-up "cpac_pipeline_pipeline5_sub-NDARINV003RTV85_ses-baselineYear1Arm1.convert_head_to_template_freesurfer-bet-tight_83" in "/ocean/projects/med250004p/bshresth/projects/surface_pipelines/outputs/working/pipeline_pipeline5/cpac_pipeline_pipeline5_sub-NDARINV003RTV85_ses-baselineYear1Arm1/convert_head_to_template_freesurfer-bet-tight_83".
250624-21:14:16,300 nipype.workflow INFO:
	 [Node] Cached "cpac_pipeline_pipeline5_sub-NDARINV003RTV85_ses-baselineYear1Arm1.convert_head_to_template_freesurfer-bet-tight_83" - collecting precomputed outputs
250624-21:14:16,301 nipype.workflow INFO:
	 [Node] "cpac_pipeline_pipeline5_sub-NDARINV003RTV85_ses-baselineYear1Arm1.convert_head_to_template_freesurfer-bet-tight_83" found cached.
250624-21:14:16,304 nipype.workflow INFO:
	 [Node] Setting-up "cpac_pipeline_pipeline5_sub-NDARINV003RTV85_ses-baselineYear1Arm1.convert_head_to_template_freesurfer-bet-loose_83" in "/ocean/projects/med250004p/bshresth/projects/surface_pipelines/outputs/working/pipeline_pipeline5/cpac_pipeline_pipeline5_sub-NDARINV003RTV85_ses-baselineYear1Arm1/convert_head_to_template_freesurfer-bet-loose_83".
250624-21:14:16,318 nipype.workflow INFO:
	 [Node] Cached "cpac_pipeline_pipeline5_sub-NDARINV003RTV85_ses-baselineYear1Arm1.convert_head_to_template_freesurfer-bet-loose_83" - collecting precomputed outputs
250624-21:14:16,319 nipype.workflow INFO:
	 [Node] "cpac_pipeline_pipeline5_sub-NDARINV003RTV85_ses-baselineYear1Arm1.convert_head_to_template_freesurfer-bet-loose_83" found cached.
250624-21:14:16,322 nipype.workflow INFO:
	 [Node] Setting-up "cpac_pipeline_pipeline5_sub-NDARINV003RTV85_ses-baselineYear1Arm1.binarize_wmparc_73" in "/ocean/projects/med250004p/bshresth/projects/surface_pipelines/outputs/working/pipeline_pipeline5/cpac_pipeline_pipeline5_sub-NDARINV003RTV85_ses-baselineYear1Arm1/binarize_wmparc_73".
250624-21:14:16,350 nipype.workflow INFO:
	 [Node] Cached "cpac_pipeline_pipeline5_sub-NDARINV003RTV85_ses-baselineYear1Arm1.binarize_wmparc_73" - collecting precomputed outputs
250624-21:14:16,351 nipype.workflow INFO:
	 [Node] "cpac_pipeline_pipeline5_sub-NDARINV003RTV85_ses-baselineYear1Arm1.binarize_wmparc_73" found cached.
250624-21:14:16,353 nipype.workflow INFO:
	 [Node] Setting-up "cpac_pipeline_pipeline5_sub-NDARINV003RTV85_ses-baselineYear1Arm1.sinker_desc-head-1_T1w_105" in "/ocean/projects/med250004p/bshresth/projects/surface_pipelines/outputs/working/pipeline_pipeline5/cpac_pipeline_pipeline5_sub-NDARINV003RTV85_ses-baselineYear1Arm1/sinker_desc-head-1_T1w_105".
250624-21:14:16,379 nipype.workflow INFO:
	 [Node] Executing "sinker_desc-head-1_T1w_105" <CPAC.utils.interfaces.datasink.DataSink>
250624-21:14:16,652 nipype.workflow INFO:
	 [Node] Finished "sinker_desc-head-1_T1w_105", elapsed time 0.001195s.
250624-21:14:16,671 nipype.workflow INFO:
	 [Node] Setting-up "cpac_pipeline_pipeline5_sub-NDARINV003RTV85_ses-baselineYear1Arm1.sinker_desc-head-2_T1w_108" in "/ocean/projects/med250004p/bshresth/projects/surface_pipelines/outputs/working/pipeline_pipeline5/cpac_pipeline_pipeline5_sub-NDARINV003RTV85_ses-baselineYear1Arm1/sinker_desc-head-2_T1w_108".
250624-21:14:16,733 nipype.workflow INFO:
	 [Node] Executing "sinker_desc-head-2_T1w_108" <CPAC.utils.interfaces.datasink.DataSink>
250624-21:14:17,4 nipype.workflow INFO:
	 [Node] Finished "sinker_desc-head-2_T1w_108", elapsed time 0.000913s.
250624-21:14:17,18 nipype.workflow INFO:
	 [Node] Setting-up "cpac_pipeline_pipeline5_sub-NDARINV003RTV85_ses-baselineYear1Arm1.fill_fs_brainmask_79" in "/ocean/projects/med250004p/bshresth/projects/surface_pipelines/outputs/working/pipeline_pipeline5/cpac_pipeline_pipeline5_sub-NDARINV003RTV85_ses-baselineYear1Arm1/fill_fs_brainmask_79".
250624-21:14:17,31 nipype.workflow INFO:
	 [Node] Cached "cpac_pipeline_pipeline5_sub-NDARINV003RTV85_ses-baselineYear1Arm1.fill_fs_brainmask_79" - collecting precomputed outputs
250624-21:14:17,32 nipype.workflow INFO:
	 [Node] "cpac_pipeline_pipeline5_sub-NDARINV003RTV85_ses-baselineYear1Arm1.fill_fs_brainmask_79" found cached.
250624-21:14:17,34 nipype.workflow INFO:
	 [Node] Setting-up "cpac_pipeline_pipeline5_sub-NDARINV003RTV85_ses-baselineYear1Arm1.convert_xfm_freesurfer-bet-tight_83" in "/ocean/projects/med250004p/bshresth/projects/surface_pipelines/outputs/working/pipeline_pipeline5/cpac_pipeline_pipeline5_sub-NDARINV003RTV85_ses-baselineYear1Arm1/convert_xfm_freesurfer-bet-tight_83".
250624-21:14:17,50 nipype.workflow INFO:
	 [Node] Cached "cpac_pipeline_pipeline5_sub-NDARINV003RTV85_ses-baselineYear1Arm1.convert_xfm_freesurfer-bet-tight_83" - collecting precomputed outputs
250624-21:14:17,51 nipype.workflow INFO:
	 [Node] "cpac_pipeline_pipeline5_sub-NDARINV003RTV85_ses-baselineYear1Arm1.convert_xfm_freesurfer-bet-tight_83" found cached.
250624-21:14:17,53 nipype.workflow INFO:
	 [Node] Setting-up "cpac_pipeline_pipeline5_sub-NDARINV003RTV85_ses-baselineYear1Arm1.anat_BET_skullstrip_freesurfer-bet-tight_83" in "/ocean/projects/med250004p/bshresth/projects/surface_pipelines/outputs/working/pipeline_pipeline5/cpac_pipeline_pipeline5_sub-NDARINV003RTV85_ses-baselineYear1Arm1/anat_BET_skullstrip_freesurfer-bet-tight_83".
250624-21:14:17,67 nipype.workflow INFO:
	 [Node] Cached "cpac_pipeline_pipeline5_sub-NDARINV003RTV85_ses-baselineYear1Arm1.anat_BET_skullstrip_freesurfer-bet-tight_83" - collecting precomputed outputs
250624-21:14:17,67 nipype.workflow INFO:
	 [Node] "cpac_pipeline_pipeline5_sub-NDARINV003RTV85_ses-baselineYear1Arm1.anat_BET_skullstrip_freesurfer-bet-tight_83" found cached.
250624-21:14:17,70 nipype.workflow INFO:
	 [Node] Setting-up "cpac_pipeline_pipeline5_sub-NDARINV003RTV85_ses-baselineYear1Arm1.convert_xfm_freesurfer-bet-loose_83" in "/ocean/projects/med250004p/bshresth/projects/surface_pipelines/outputs/working/pipeline_pipeline5/cpac_pipeline_pipeline5_sub-NDARINV003RTV85_ses-baselineYear1Arm1/convert_xfm_freesurfer-bet-loose_83".
250624-21:14:17,84 nipype.workflow INFO:
	 [Node] Cached "cpac_pipeline_pipeline5_sub-NDARINV003RTV85_ses-baselineYear1Arm1.convert_xfm_freesurfer-bet-loose_83" - collecting precomputed outputs
250624-21:14:17,85 nipype.workflow INFO:
	 [Node] "cpac_pipeline_pipeline5_sub-NDARINV003RTV85_ses-baselineYear1Arm1.convert_xfm_freesurfer-bet-loose_83" found cached.
250624-21:14:17,87 nipype.workflow INFO:
	 [Node] Setting-up "cpac_pipeline_pipeline5_sub-NDARINV003RTV85_ses-baselineYear1Arm1.anat_BET_skullstrip_freesurfer-bet-loose_83" in "/ocean/projects/med250004p/bshresth/projects/surface_pipelines/outputs/working/pipeline_pipeline5/cpac_pipeline_pipeline5_sub-NDARINV003RTV85_ses-baselineYear1Arm1/anat_BET_skullstrip_freesurfer-bet-loose_83".
250624-21:14:17,103 nipype.workflow INFO:
	 [Node] Cached "cpac_pipeline_pipeline5_sub-NDARINV003RTV85_ses-baselineYear1Arm1.anat_BET_skullstrip_freesurfer-bet-loose_83" - collecting precomputed outputs
250624-21:14:17,104 nipype.workflow INFO:
	 [Node] "cpac_pipeline_pipeline5_sub-NDARINV003RTV85_ses-baselineYear1Arm1.anat_BET_skullstrip_freesurfer-bet-loose_83" found cached.
250624-21:14:17,116 nipype.workflow INFO:
	 [Node] Setting-up "cpac_pipeline_pipeline5_sub-NDARINV003RTV85_ses-baselineYear1Arm1.wb_command_fill_holes_73" in "/ocean/projects/med250004p/bshresth/projects/surface_pipelines/outputs/working/pipeline_pipeline5/cpac_pipeline_pipeline5_sub-NDARINV003RTV85_ses-baselineYear1Arm1/wb_command_fill_holes_73".
250624-21:14:17,137 nipype.workflow INFO:
	 [Node] Cached "cpac_pipeline_pipeline5_sub-NDARINV003RTV85_ses-baselineYear1Arm1.wb_command_fill_holes_73" - collecting precomputed outputs
250624-21:14:17,137 nipype.workflow INFO:
	 [Node] "cpac_pipeline_pipeline5_sub-NDARINV003RTV85_ses-baselineYear1Arm1.wb_command_fill_holes_73" found cached.
250624-21:14:17,140 nipype.workflow INFO:
	 [Node] Setting-up "cpac_pipeline_pipeline5_sub-NDARINV003RTV85_ses-baselineYear1Arm1.brain_extraction_100" in "/ocean/projects/med250004p/bshresth/projects/surface_pipelines/outputs/working/pipeline_pipeline5/cpac_pipeline_pipeline5_sub-NDARINV003RTV85_ses-baselineYear1Arm1/brain_extraction_100".
250624-21:14:17,157 nipype.workflow INFO:
	 [Node] Cached "cpac_pipeline_pipeline5_sub-NDARINV003RTV85_ses-baselineYear1Arm1.brain_extraction_100" - collecting precomputed outputs
250624-21:14:17,158 nipype.workflow INFO:
	 [Node] "cpac_pipeline_pipeline5_sub-NDARINV003RTV85_ses-baselineYear1Arm1.brain_extraction_100" found cached.
250624-21:14:17,160 nipype.workflow INFO:
	 [Node] Setting-up "cpac_pipeline_pipeline5_sub-NDARINV003RTV85_ses-baselineYear1Arm1.nii_space-T1w_desc-brain-2_mask_82" in "/ocean/projects/med250004p/bshresth/projects/surface_pipelines/outputs/working/pipeline_pipeline5/cpac_pipeline_pipeline5_sub-NDARINV003RTV85_ses-baselineYear1Arm1/nii_space-T1w_desc-brain-2_mask_82".
250624-21:14:17,195 nipype.workflow INFO:
	 [Node] Cached "cpac_pipeline_pipeline5_sub-NDARINV003RTV85_ses-baselineYear1Arm1.nii_space-T1w_desc-brain-2_mask_82" - collecting precomputed outputs
250624-21:14:17,196 nipype.workflow INFO:
	 [Node] "cpac_pipeline_pipeline5_sub-NDARINV003RTV85_ses-baselineYear1Arm1.nii_space-T1w_desc-brain-2_mask_82" found cached.
250624-21:14:17,200 nipype.workflow INFO:
	 [Node] Setting-up "cpac_pipeline_pipeline5_sub-NDARINV003RTV85_ses-baselineYear1Arm1.binarize_filled_wmparc_73" in "/ocean/projects/med250004p/bshresth/projects/surface_pipelines/outputs/working/pipeline_pipeline5/cpac_pipeline_pipeline5_sub-NDARINV003RTV85_ses-baselineYear1Arm1/binarize_filled_wmparc_73".
250624-21:14:17,224 nipype.workflow INFO:
	 [Node] Cached "cpac_pipeline_pipeline5_sub-NDARINV003RTV85_ses-baselineYear1Arm1.binarize_filled_wmparc_73" - collecting precomputed outputs
250624-21:14:17,224 nipype.workflow INFO:
	 [Node] "cpac_pipeline_pipeline5_sub-NDARINV003RTV85_ses-baselineYear1Arm1.binarize_filled_wmparc_73" found cached.
250624-21:14:17,226 nipype.workflow INFO:
	 [Node] Setting-up "cpac_pipeline_pipeline5_sub-NDARINV003RTV85_ses-baselineYear1Arm1.nii_desc-preproc-2_T1w_106" in "/ocean/projects/med250004p/bshresth/projects/surface_pipelines/outputs/working/pipeline_pipeline5/cpac_pipeline_pipeline5_sub-NDARINV003RTV85_ses-baselineYear1Arm1/nii_desc-preproc-2_T1w_106".
250624-21:14:17,241 nipype.workflow INFO:
	 [Node] Cached "cpac_pipeline_pipeline5_sub-NDARINV003RTV85_ses-baselineYear1Arm1.nii_desc-preproc-2_T1w_106" - collecting precomputed outputs
250624-21:14:17,242 nipype.workflow INFO:
	 [Node] "cpac_pipeline_pipeline5_sub-NDARINV003RTV85_ses-baselineYear1Arm1.nii_desc-preproc-2_T1w_106" found cached.
250624-21:14:17,244 nipype.workflow INFO:
	 [Node] Setting-up "cpac_pipeline_pipeline5_sub-NDARINV003RTV85_ses-baselineYear1Arm1.sinker_space-T1w_desc-brain-2_mask_82" in "/ocean/projects/med250004p/bshresth/projects/surface_pipelines/outputs/working/pipeline_pipeline5/cpac_pipeline_pipeline5_sub-NDARINV003RTV85_ses-baselineYear1Arm1/sinker_space-T1w_desc-brain-2_mask_82".
250624-21:14:17,268 nipype.workflow INFO:
	 [Node] Executing "sinker_space-T1w_desc-brain-2_mask_82" <CPAC.utils.interfaces.datasink.DataSink>
250624-21:14:17,540 nipype.workflow INFO:
	 [Node] Finished "sinker_space-T1w_desc-brain-2_mask_82", elapsed time 0.000968s.
250624-21:14:17,557 nipype.workflow INFO:
	 [Node] Setting-up "cpac_pipeline_pipeline5_sub-NDARINV003RTV85_ses-baselineYear1Arm1.brain_mask_to_t1_restore_73" in "/ocean/projects/med250004p/bshresth/projects/surface_pipelines/outputs/working/pipeline_pipeline5/cpac_pipeline_pipeline5_sub-NDARINV003RTV85_ses-baselineYear1Arm1/brain_mask_to_t1_restore_73".
250624-21:14:17,582 nipype.workflow INFO:
	 [Node] Cached "cpac_pipeline_pipeline5_sub-NDARINV003RTV85_ses-baselineYear1Arm1.brain_mask_to_t1_restore_73" - collecting precomputed outputs
250624-21:14:17,583 nipype.workflow INFO:
	 [Node] "cpac_pipeline_pipeline5_sub-NDARINV003RTV85_ses-baselineYear1Arm1.brain_mask_to_t1_restore_73" found cached.
250624-21:14:17,585 nipype.workflow INFO:
	 [Node] Setting-up "cpac_pipeline_pipeline5_sub-NDARINV003RTV85_ses-baselineYear1Arm1.sinker_desc-preproc-2_T1w_106" in "/ocean/projects/med250004p/bshresth/projects/surface_pipelines/outputs/working/pipeline_pipeline5/cpac_pipeline_pipeline5_sub-NDARINV003RTV85_ses-baselineYear1Arm1/sinker_desc-preproc-2_T1w_106".
250624-21:14:17,598 nipype.workflow INFO:
	 [Node] Executing "sinker_desc-preproc-2_T1w_106" <CPAC.utils.interfaces.datasink.DataSink>
250624-21:14:17,870 nipype.workflow INFO:
	 [Node] Finished "sinker_desc-preproc-2_T1w_106", elapsed time 0.000941s.
250624-21:14:17,880 nipype.workflow INFO:
	 [Node] Setting-up "cpac_pipeline_pipeline5_sub-NDARINV003RTV85_ses-baselineYear1Arm1.brain_extraction_97" in "/ocean/projects/med250004p/bshresth/projects/surface_pipelines/outputs/working/pipeline_pipeline5/cpac_pipeline_pipeline5_sub-NDARINV003RTV85_ses-baselineYear1Arm1/brain_extraction_97".
250624-21:14:17,898 nipype.workflow INFO:
	 [Node] Cached "cpac_pipeline_pipeline5_sub-NDARINV003RTV85_ses-baselineYear1Arm1.brain_extraction_97" - collecting precomputed outputs
250624-21:14:17,899 nipype.workflow INFO:
	 [Node] "cpac_pipeline_pipeline5_sub-NDARINV003RTV85_ses-baselineYear1Arm1.brain_extraction_97" found cached.
250624-21:14:17,902 nipype.workflow INFO:
	 [Node] Setting-up "cpac_pipeline_pipeline5_sub-NDARINV003RTV85_ses-baselineYear1Arm1.nii_space-T1w_desc-brain-1_mask_78" in "/ocean/projects/med250004p/bshresth/projects/surface_pipelines/outputs/working/pipeline_pipeline5/cpac_pipeline_pipeline5_sub-NDARINV003RTV85_ses-baselineYear1Arm1/nii_space-T1w_desc-brain-1_mask_78".
250624-21:14:17,917 nipype.workflow INFO:
	 [Node] Cached "cpac_pipeline_pipeline5_sub-NDARINV003RTV85_ses-baselineYear1Arm1.nii_space-T1w_desc-brain-1_mask_78" - collecting precomputed outputs
250624-21:14:17,917 nipype.workflow INFO:
	 [Node] "cpac_pipeline_pipeline5_sub-NDARINV003RTV85_ses-baselineYear1Arm1.nii_space-T1w_desc-brain-1_mask_78" found cached.
250624-21:14:17,921 nipype.workflow INFO:
	 [Node] Setting-up "cpac_pipeline_pipeline5_sub-NDARINV003RTV85_ses-baselineYear1Arm1.nii_desc-preproc-1_T1w_103" in "/ocean/projects/med250004p/bshresth/projects/surface_pipelines/outputs/working/pipeline_pipeline5/cpac_pipeline_pipeline5_sub-NDARINV003RTV85_ses-baselineYear1Arm1/nii_desc-preproc-1_T1w_103".
250624-21:14:17,933 nipype.workflow INFO:
	 [Node] Cached "cpac_pipeline_pipeline5_sub-NDARINV003RTV85_ses-baselineYear1Arm1.nii_desc-preproc-1_T1w_103" - collecting precomputed outputs
250624-21:14:17,934 nipype.workflow INFO:
	 [Node] "cpac_pipeline_pipeline5_sub-NDARINV003RTV85_ses-baselineYear1Arm1.nii_desc-preproc-1_T1w_103" found cached.
250624-21:14:17,936 nipype.workflow INFO:
	 [Node] Setting-up "cpac_pipeline_pipeline5_sub-NDARINV003RTV85_ses-baselineYear1Arm1.sinker_space-T1w_desc-brain-1_mask_78" in "/ocean/projects/med250004p/bshresth/projects/surface_pipelines/outputs/working/pipeline_pipeline5/cpac_pipeline_pipeline5_sub-NDARINV003RTV85_ses-baselineYear1Arm1/sinker_space-T1w_desc-brain-1_mask_78".
250624-21:14:18,8 nipype.workflow INFO:
	 [Node] Executing "sinker_space-T1w_desc-brain-1_mask_78" <CPAC.utils.interfaces.datasink.DataSink>
250624-21:14:18,279 nipype.workflow INFO:
	 [Node] Finished "sinker_space-T1w_desc-brain-1_mask_78", elapsed time 0.000946s.
250624-21:14:18,299 nipype.workflow INFO:
	 [Node] Setting-up "cpac_pipeline_pipeline5_sub-NDARINV003RTV85_ses-baselineYear1Arm1.sinker_desc-preproc-1_T1w_103" in "/ocean/projects/med250004p/bshresth/projects/surface_pipelines/outputs/working/pipeline_pipeline5/cpac_pipeline_pipeline5_sub-NDARINV003RTV85_ses-baselineYear1Arm1/sinker_desc-preproc-1_T1w_103".
250624-21:14:18,330 nipype.workflow INFO:
	 [Node] Executing "sinker_desc-preproc-1_T1w_103" <CPAC.utils.interfaces.datasink.DataSink>
250624-21:14:18,600 nipype.workflow INFO:
	 [Node] Finished "sinker_desc-preproc-1_T1w_103", elapsed time 0.000964s.
250624-21:14:18,623 nipype.workflow INFO:
	 ***********************************
250624-21:14:18,624 nipype.workflow ERROR:
	 could not run node: cpac_pipeline_pipeline5_sub-NDARINV003RTV85_ses-baselineYear1Arm1.gather_T1w-brain-template-mask-ccs.check_for_s3
250624-21:14:18,624 nipype.workflow INFO:
	 crashfile: /ocean/projects/med250004p/bshresth/projects/surface_pipelines/outputs/log/crash-20250624-211414-bshresth-check_for_s3-c84ca176-f170-46d6-b7da-07e428ee5cd4.txt
250624-21:14:18,625 nipype.workflow INFO:
	 ***********************************
Traceback (most recent call last):
  File "/code/CPAC/pipeline/cpac_pipeline.py", line 603, in run_workflow
    workflow_result = workflow.run(plugin=plugin, plugin_args=plugin_args)
  File "/usr/share/fsl/6.0/lib/python3.10/site-packages/nipype/pipeline/engine/workflows.py", line 638, in run
    runner.run(execgraph, updatehash=updatehash, config=self.config)
  File "/usr/share/fsl/6.0/lib/python3.10/site-packages/nipype/pipeline/plugins/linear.py", line 82, in run
    raise error from cause
  File "/usr/share/fsl/6.0/lib/python3.10/site-packages/nipype/pipeline/plugins/linear.py", line 47, in run
    node.run(updatehash=updatehash)
  File "/code/CPAC/pipeline/nipype_pipeline_engine/engine.py", line 474, in run
    return super().run(updatehash)
  File "/usr/share/fsl/6.0/lib/python3.10/site-packages/nipype/pipeline/engine/nodes.py", line 527, in run
    result = self._run_interface(execute=True)
  File "/usr/share/fsl/6.0/lib/python3.10/site-packages/nipype/pipeline/engine/nodes.py", line 645, in _run_interface
    return self._run_command(execute)
  File "/usr/share/fsl/6.0/lib/python3.10/site-packages/nipype/pipeline/engine/nodes.py", line 771, in _run_command
    raise NodeExecutionError(msg)
nipype.pipeline.engine.nodes.NodeExecutionError: Exception raised while executing Node check_for_s3.

Traceback:
	Traceback (most recent call last):
	  File "/code/CPAC/pipeline/nipype_pipeline_engine/monkeypatch.py", line 40, in run
	    runtime = self._run_interface(runtime)
	  File "/code/CPAC/utils/interfaces/function/function.py", line 332, in _run_interface
	    out = function_handle(**args)
	  File "<string>", line 122, in check_for_s3
	FileNotFoundError: File /ccs_template/MNI152_T1_1mm_first_brain_mask.nii.gz does not exist!

