250624-00:12:39,797 nipype.workflow INFO:
	 Skipping BIDS validator...
250624-00:12:40,38 nipype.workflow INFO:
	 #### Running C-PAC for sub-NDARINV003RTV85
250624-00:12:40,38 nipype.workflow INFO:
	 Number of participants to run in parallel: 1
250624-00:12:40,38 nipype.workflow INFO:
	 Input directory: /ocean/projects/med250004p/bshresth/projects/data
250624-00:12:40,39 nipype.workflow INFO:
	 Output directory: /ocean/projects/med250004p/bshresth/projects/surface_pipelines/outputs/output
Working directory: /ocean/projects/med250004p/bshresth/projects/surface_pipelines/outputs/working
Log directory: /ocean/projects/med250004p/bshresth/projects/surface_pipelines/outputs/log
Remove working directory: True
Available memory: 14.0 (GB)
Available threads: 1
Number of threads for ANTs: 1
250624-00:12:40,39 nipype.utils INFO:
	 Parsing /ocean/projects/med250004p/bshresth/projects/data..
250624-00:12:44,886 nipype.workflow INFO:
	 Starting participant level processing
250624-00:12:44,887 nipype.workflow INFO:
	 Run called with config file /ocean/projects/med250004p/bshresth/projects/surface_pipelines/outputs/log/pipeline_pipeline5/sub-NDARINV003RTV85_ses-baselineYear1Arm1/cpac_pipeline_config_67deb741_2025-06-24T00-12-40Z.yml
/code/CPAC/pipeline/cpac_runner.py:384: UserWarning: We recommend that the working directory full path should have less then 70 characters. Long paths might not work in your operating system.
  warnings.warn(
/code/CPAC/pipeline/cpac_runner.py:389: UserWarning: Current working directory: /ocean/projects/med250004p/bshresth/projects/surface_pipelines/outputs/working
  warnings.warn(
250624-00:12:45,250 nipype.workflow INFO:
	 
    Environment
    ===========
    bids-validator: 1.14.6
    ldd: (Ubuntu GLIBC 2.35-0ubuntu3.1) 2.35
    Python: 3.10.6 | packaged by conda-forge | (main, Aug 22 2022, 20:36:39) [GCC 10.4.0]
      Python packages
      ---------------
      acres: 0.5.0
      anyio: 3.7.1
      argon2-cffi: 21.3.0
      argon2-cffi-bindings: 21.2.0
      astor: 0.8.1
      asttokens: 2.2.1
      async-lru: 2.0.3
      attrs: 23.1.0
      awscli: 1.29.4
      Babel: 2.12.1
      backcall: 0.2.0
      backports.functools-lru-cache: 1.6.5
      backports.tarfile: 1.2.0
      beautifulsoup4: 4.12.2
      bids-validator: 1.14.7.post0
      bidsschematools: 1.0.10
      bleach: 6.0.0
      boto3: 1.28.4
      botocore: 1.31.4
      Brotli: 1.0.9
      brotlipy: 0.7.0
      cached-property: 1.5.2
      certifi: 2025.6.15
      cffi: 1.15.1
      charset-normalizer: 3.1.0
      ci-info: 0.3.0
      ciftify: 3.0.0+fcpindi
      click: 8.1.5
      click-aliases: 1.0.1
      colorama: 0.4.4
      comm: 0.1.3
      conda: 23.1.0
      conda-package-handling: 2.0.2
      conda_package_streaming: 0.8.0
      configparser: 5.3.0
      contourpy: 1.1.0
      CPAC: 1.8.8.dev1
      cryptography: 44.0.1
      cycler: 0.11.0
      Cython: 3.1.2
      debugpy: 1.6.7
      decorator: 5.1.1
      defusedxml: 0.7.1
      dill: 0.3.6
      docopt: 0.6.2
      docutils: 0.15.2
      entrypoints: 0.4
      etelemetry: 0.3.1
      exceptiongroup: 1.1.2
      executing: 1.2.0
      fastjsonschema: 2.17.1
      file-tree: 1.2.1
      file-tree-fsl: 0.2.1
      filelock: 3.18.0
      flit_core: 3.9.0
      flowdump: 0.1.2
      fonttools: 4.41.0
      formulaic: 0.5.2
      fsl-base: 2302.0
      fsl-get-standard: 0.1.0
      fsl-sub: 2.7.5
      fsl-sub-plugin-sge: 1.5.2
      fsl-sub-plugin-slurm: 1.4.4
      fsleyes: 1.6.1
      fsleyes-props: 1.10.0
      fsleyes-widgets: 0.14.3
      fslinstaller: 3.4.1
      fslpy: 3.11.3
      future: 0.18.3
      ghalton: 0.6.1
      h5py: 3.8.0
      hlsvdpropy: 2.0.1
      idna: 3.4
      imageio: 2.37.0
      importlib-metadata: 6.8.0
      importlib-resources: 6.0.0
      indexed-gzip: 1.7.1
      INDI-Tools: 0.0.7
      interface-meta: 1.3.0
      ipykernel: 6.24.0
      ipython: 8.14.0
      isodate: 0.7.2
      jedi: 0.18.2
      Jinja2: 3.1.2
      jmespath: 1.0.1
      joblib: 1.2.0
      json5: 0.9.14
      jsonschema: 4.18.4
      jsonschema-specifications: 2023.7.1
      jupyter-events: 0.6.3
      jupyter-lsp: 2.2.0
      jupyter_client: 8.3.0
      jupyter_core: 5.3.1
      jupyter_server: 2.7.0
      jupyter_server_terminals: 0.4.4
      jupyterlab: 4.0.3
      jupyterlab-pygments: 0.2.2
      jupyterlab_server: 2.23.0
      kiwisolver: 1.4.4
      lazy_loader: 0.4
      libmambapy: 1.4.2
      lockfile: 0.12.2
      looseversion: 1.3.0
      lxml: 4.9.2
      mamba: 1.4.2
      markdown-it-py: 3.0.0
      MarkupSafe: 2.1.3
      matplotlib: 3.7.1
      matplotlib-inline: 0.1.6
      mdurl: 0.1.0
      mistune: 3.0.0
      munkres: 1.1.4
      nbclient: 0.8.0
      nbconvert: 7.7.2
      nbformat: 5.9.1
      nest-asyncio: 1.5.6
      networkx: 3.1
      nibabel: 5.1.0
      nilearn: 0.10.0
      nipype: 1.8.6
      nitransforms: 24.0.2
      niworkflows: 1.13.4
      nose: 1.3.7
      notebook: 7.0.0
      notebook_shim: 0.2.3
      num2words: 0.5.14
      numpy: 1.25.1
      overrides: 7.3.1
      packaging: 23.1
      pandas: 2.0.3
      pandocfilters: 1.5.0
      parse: 1.19.1
      parso: 0.8.3
      pathlib2: 2.3.7.post1
      pathvalidate: 2.5.2
      patsy: 0.5.3
      pexpect: 4.8.0
      pickleshare: 0.7.5
      Pillow: 9.2.0
      pip: 23.3
      pkgutil_resolve_name: 1.3.10
      platformdirs: 3.9.1
      pluggy: 1.2.0
      pooch: 1.7.0
      progressbar2: 4.2.0
      prometheus-client: 0.17.1
      prompt-toolkit: 3.0.39
      prov: 2.0.0
      psutil: 5.9.5
      ptyprocess: 0.7.0
      pure-eval: 0.2.2
      pyasn1: 0.4.8
      PyBASC: 0.6.1
      pybids: 0.15.6
      pycosat: 0.6.4
      pycparser: 2.21
      pydicom: 2.4.1
      pydot: 4.0.0
      Pygments: 2.15.1
      pygraphviz: 1.14
      PyOpenGL: 3.1.6
      pyOpenSSL: 23.2.0
      pyparsing: 3.2.3
      PyPEER: 1.1
      PySocks: 1.7.1
      python-dateutil: 2.8.2
      python-json-logger: 2.0.7
      python-utils: 3.7.0
      pytz: 2023.3
      PyYAML: 6.0
      pyzmq: 25.1.0
      rdflib: 7.1.4
      referencing: 0.30.0
      requests: 2.32.3
      rfc3339-validator: 0.1.4
      rfc3986-validator: 0.1.1
      rich: 13.4.2
      rpds-py: 0.9.2
      rsa: 4.7.2
      Rtree: 1.0.1
      ruamel.yaml: 0.17.32
      ruamel.yaml.clib: 0.2.7
      s3transfer: 0.6.1
      scikit-image: 0.24.0
      scikit-learn: 1.5.0
      scipy: 1.11.1
      sdcflows: 2.4.0
      seaborn: 0.13.2
      semver: 3.0.1
      Send2Trash: 1.8.2
      setuptools: 78.1.1
      simplejson: 3.20.1
      six: 1.16.0
      sniffio: 1.3.0
      soupsieve: 2.3.2.post1
      SQLAlchemy: 1.3.24
      stack-data: 0.6.2
      svgutils: 0.3.4
      templateflow: 24.2.2
      terminado: 0.17.1
      threadpoolctl: 3.6.0
      tifffile: 2025.5.10
      tinycss2: 1.2.1
      tomli: 2.0.1
      toolz: 0.12.0
      tornado: 6.3.2
      tqdm: 4.65.0
      traitlets: 5.9.0
      traits: 6.3.2
      transforms3d: 0.4.2
      trimesh: 3.22.5
      typing-utils: 0.1.0
      typing_extensions: 4.7.1
      tzdata: 2023.3
      unicodedata2: 15.0.0
      urllib3: 1.26.19
      voluptuous: 0.13.1
      wcwidth: 0.2.6
      webencodings: 0.5.1
      websocket-client: 1.6.1
      wheel: 0.40.0
      wire: 1.0.0
      wrapt: 1.17.2
      wxnatpy: 0.4.0
      wxPython: 4.1.1
      xarray: 2023.7.0
      xnat: 0.5.1
      xvfbwrapper: 0.2.13
      zipp: 3.19.1
      zstandard: 0.23.0

    Run command: run /ocean/projects/med250004p/bshresth/projects/data /ocean/projects/med250004p/bshresth/projects/surface_pipelines/outputs participant --num_ants_threads 1 --skip_bids_validator --n_cpus 1 --mem_gb 14 --pipeline_file /ocean/projects/med250004p/bshresth/projects/surface_pipelines/pipelines/pipeline5.yml --participant_label sub-NDARINV003RTV85

    C-PAC version: 1.8.8.dev1

    Copyright (C) 2022-2024 C-PAC Developers.
    
    This program comes with ABSOLUTELY NO WARRANTY. This is free software,
    and you are welcome to redistribute it under certain conditions. For
    details, see https://fcp-indi.github.io/docs/nightly/license or the COPYING and
    COPYING.LESSER files included in the source code.

    Setting maximum number of cores per participant to 1
    Setting number of participants at once to 1
    Setting OMP_NUM_THREADS to 1
    Setting MKL_NUM_THREADS to 1
    Setting ANTS/ITK thread usage to 1
    Maximum potential number of cores that might be used during this run: 1
    Random seed: 1

250624-00:12:46,483 nipype.workflow INFO:
	 Connecting pipeline blocks:
	 - anatomical_init
	 - non_local_means
	   - T1w
	     - desc-preproc_T1w
	       - desc-reorient_T1w
	       - T1w
	 - n4_bias_correction
	 - acpc_align_head
	 - freesurfer_abcd_preproc
	 - brain_mask_afni
	   - brain_mask_fsl
	   - brain_mask_niworkflows_ants
	   - brain_mask_unet
	   - brain_mask_freesurfer_abcd
	   - brain_mask_freesurfer
	   - brain_mask_freesurfer_fsl_tight
	   - brain_mask_freesurfer_fsl_loose
	 - brain_extraction
	 - brain_mask_T2
	 - brain_extraction_T2
	 - register_ANTs_anat_to_template
	   - register_FSL_anat_to_template
	 - overwrite_transform_anat_to_template
	 - warp_wholeheadT1_to_template
	 - warp_T1mask_to_template
	 - correct_restore_brain_intensity_abcd
	 - tissue_seg_fsl_fast
	   - tissue_seg_ants_prior
	   - tissue_seg_freesurfer
	 - tissue_seg_T1_template_based
	 - warp_tissuemask_to_T1template
	 - func_reorient
	 - func_scaling
	 - func_truncate
	 - get_motion_ref
	 - func_motion_estimates
	 - motion_estimate_filter
	 - func_despike
	 - func_slice_time
	 - func_mean
	 - func_motion_correct_only
	 - bold_mask_afni
	   - bold_mask_fsl
	   - bold_mask_fsl_afni
	   - bold_mask_anatomical_refined
	   - bold_mask_anatomical_based
	   - bold_mask_ccs
	 - bold_masking
	 - calc_motion_stats
	 - func_normalize
	 - coregistration_prep_vol
	   - coregistration_prep_mean
	   - coregistration_prep_fmriprep
	 - mask_sbref
	 - coregistration
	 - register_ANTs_EPI_to_template
	   - register_FSL_EPI_to_template
	 - create_func_to_T1template_xfm
	 - ICA_AROMA_ANTsreg
	 - ICA_AROMA_FSLreg
	 - ICA_AROMA_ANTsEPIreg
	 - ICA_AROMA_FSLEPIreg
	 - erode_mask_T1w
	 - erode_mask_CSF
	 - erode_mask_GM
	 - erode_mask_WM
	 - erode_mask_bold
	 - erode_mask_boldCSF
	 - erode_mask_boldGM
	 - erode_mask_boldWM
	 - nuisance_regressors_generation_T1w
	   - desc-preproc_bold
	     - desc-reorient_bold
	 - ingress_regressors
	 - apply_phasediff_to_timeseries_separately
	   - apply_blip_to_timeseries_separately
	   - warp_timeseries_to_T1template
	   - warp_timeseries_to_T1template_dcan_nhp
	   - warp_timeseries_to_T1template_abcd
	   - single_step_resample_timeseries_to_T1template
	 - warp_sbref_to_T1template
	 - warp_bold_mask_to_T1template
	 - warp_deriv_mask_to_T1template
	 - func_despike_template
	 - warp_bold_mask_to_EPItemplate
	 - warp_deriv_mask_to_EPItemplate
	 - bold_mask_anatomical_resampled
	 - template_space_bold_masking
	 - surface_postproc
	 - surface_falff
	 - surface_alff
	 - surface_reho
	 - surface_connectivity_matrix
	 - timeseries_extraction_AVG
	 - spatial_regression
	 - alff_falff
	 - reho
	 - smooth_func_vmhc
	 - warp_timeseries_to_sym_template
	 - vmhc
	 - qc_xcp
	 
250624-00:12:46,484 nipype.workflow INFO:
	 Connecting anatomical_init...
250624-00:12:46,486 nipype.workflow INFO:
	 Connecting nlm_filtering...
250624-00:12:46,487 nipype.workflow INFO:
	 Connecting n4_bias_correction...
250624-00:12:46,489 nipype.workflow INFO:
	 Connecting acpc_alignment_head...
250624-00:12:46,490 nipype.workflow INFO:
	 Connecting freesurfer_abcd_preproc...
250624-00:12:46,491 nipype.workflow INFO:
	 Connecting brain_mask_afni...
250624-00:12:46,491 nipype.workflow INFO:
	 Connecting brain_mask_fsl...
250624-00:12:46,492 nipype.workflow INFO:
	 Connecting brain_mask_niworkflows_ants...
250624-00:12:46,493 nipype.workflow INFO:
	 Connecting brain_mask_unet...
250624-00:12:46,493 nipype.workflow INFO:
	 Connecting brain_mask_freesurfer_abcd...
250624-00:12:46,494 nipype.workflow INFO:
	 Connecting brain_mask_freesurfer...
250624-00:12:46,495 nipype.workflow INFO:
	 Connecting brain_mask_freesurfer_fsl_tight...
250624-00:12:46,495 nipype.workflow INFO:
	 Connecting brain_mask_freesurfer_fsl_loose...
250624-00:12:46,516 nipype.workflow INFO:
	 Connecting brain_extraction...
250624-00:12:46,543 nipype.workflow INFO:
	 Connecting brain_mask_T2...
250624-00:12:46,544 nipype.workflow INFO:
	 Connecting brain_extraction_T2...
250624-00:12:46,545 nipype.workflow INFO:
	 Connecting register_ANTs_anat_to_template...
250624-00:12:46,546 nipype.workflow INFO:
	 Connecting register_FSL_anat_to_template...
250624-00:12:46,652 nipype.workflow INFO:
	 Connecting overwrite_transform_anat_to_template...
250624-00:12:47,349 nipype.workflow INFO:
	 Connecting transform_whole_head_T1w_to_T1template...
250624-00:12:48,157 nipype.workflow INFO:
	 Connecting transform_T1mask_to_T1template...
250624-00:12:48,249 nipype.workflow INFO:
	 Connecting correct_restore_brain_intensity_abcd...
250624-00:12:48,250 nipype.workflow INFO:
	 Connecting tissue_seg_fsl_fast...
250624-00:12:48,250 nipype.workflow INFO:
	 Connecting tissue_seg_ants_prior...
250624-00:12:48,251 nipype.workflow INFO:
	 Connecting tissue_seg_freesurfer...
250624-00:12:48,252 nipype.workflow INFO:
	 Connecting tissue_seg_T1_template_based...
250624-00:12:48,253 nipype.workflow INFO:
	 Connecting warp_tissuemask_to_T1template...
250624-00:12:48,292 nipype.workflow INFO:
	 Connecting func_reorient...
250624-00:12:48,294 nipype.workflow INFO:
	 Connecting func_scaling...
250624-00:12:48,295 nipype.workflow INFO:
	 Connecting func_truncate...
250624-00:12:48,302 nipype.workflow INFO:
	 Connecting get_motion_ref...
250624-00:12:48,306 nipype.workflow INFO:
	 Connecting motion_estimates...
250624-00:12:48,320 nipype.workflow INFO:
	 Connecting motion_estimate_filter...
250624-00:12:48,321 nipype.workflow INFO:
	 Connecting func_despike...
250624-00:12:48,322 nipype.workflow INFO:
	 Connecting func_slice_time...
250624-00:12:48,323 nipype.workflow INFO:
	 Connecting func_mean...
250624-00:12:48,327 nipype.workflow INFO:
	 Connecting motion_correction_only...
250624-00:12:48,335 nipype.workflow WARNING:
	 Duplicate node name "func_motion_correct_mcflirt_471" found.
250624-00:12:48,335 nipype.workflow INFO:
	 Connecting bold_mask_afni...
250624-00:12:48,336 nipype.workflow INFO:
	 Connecting bold_mask_fsl...
250624-00:12:48,337 nipype.workflow INFO:
	 Connecting bold_mask_fsl_afni...
250624-00:12:48,337 nipype.workflow INFO:
	 Connecting bold_mask_anatomical_refined...
250624-00:12:48,338 nipype.workflow INFO:
	 Connecting bold_mask_anatomical_based...
250624-00:12:48,339 nipype.workflow INFO:
	 Connecting bold_mask_ccs...
250624-00:12:48,340 nipype.workflow INFO:
	 Connecting bold_masking...
250624-00:12:48,341 nipype.workflow INFO:
	 Connecting calc_motion_stats...
250624-00:12:48,414 nipype.workflow INFO:
	 Connecting func_normalize...
250624-00:12:48,415 nipype.workflow INFO:
	 Connecting coregistration_prep_vol...
250624-00:12:48,416 nipype.workflow INFO:
	 Connecting coregistration_prep_mean...
250624-00:12:48,416 nipype.workflow INFO:
	 Connecting coregistration_prep_fmriprep...
250624-00:12:48,420 nipype.workflow INFO:
	 Connecting mask_sbref...
250624-00:12:48,421 nipype.workflow INFO:
	 Connecting coregistration...
250624-00:12:48,497 nipype.workflow INFO:
	 Connecting register_ANTs_EPI_to_template...
250624-00:12:48,498 nipype.workflow INFO:
	 Connecting register_FSL_EPI_to_template...
250624-00:12:48,499 nipype.workflow INFO:
	 Connecting create_func_to_T1template_xfm...
250624-00:12:54,144 nipype.workflow INFO:
	 Connecting ICA_AROMA_ANTsreg...
250624-00:12:54,146 nipype.workflow INFO:
	 Connecting ICA_AROMA_FSLreg...
250624-00:12:54,147 nipype.workflow INFO:
	 Connecting ICA_AROMA_ANTsEPIreg...
250624-00:12:54,149 nipype.workflow INFO:
	 Connecting ICA_AROMA_FSLEPIreg...
250624-00:12:54,150 nipype.workflow INFO:
	 Connecting erode_mask_T1w...
250624-00:12:54,151 nipype.workflow INFO:
	 Connecting erode_mask_CSF...
250624-00:12:54,152 nipype.workflow INFO:
	 Connecting erode_mask_GM...
250624-00:12:54,153 nipype.workflow INFO:
	 Connecting erode_mask_WM...
250624-00:12:54,154 nipype.workflow INFO:
	 Connecting erode_mask_bold...
250624-00:12:54,155 nipype.workflow INFO:
	 Connecting erode_mask_boldCSF...
250624-00:12:54,156 nipype.workflow INFO:
	 Connecting erode_mask_boldGM...
250624-00:12:54,157 nipype.workflow INFO:
	 Connecting erode_mask_boldWM...
250624-00:12:54,158 nipype.workflow INFO:
	 Connecting nuisance_regressors_generation_T1w...
250624-00:12:54,159 nipype.workflow INFO:
	 Connecting ingress_regressors...
250624-00:12:54,160 nipype.workflow INFO:
	 Connecting apply_phasediff_to_timeseries_separately...
250624-00:12:54,161 nipype.workflow INFO:
	 Connecting apply_blip_to_timeseries_separately...
250624-00:12:54,161 nipype.workflow INFO:
	 Connecting transform_timeseries_to_T1template...
250624-00:12:54,162 nipype.workflow INFO:
	 Connecting transform_timeseries_to_T1template_dcan_nhp...
250624-00:12:54,163 nipype.workflow INFO:
	 Connecting transform_timeseries_to_T1template_abcd...
250624-00:12:54,164 nipype.workflow INFO:
	 Connecting single_step_resample_stc_timeseries_to_T1template...
/code/CPAC/_entrypoints/run-with-freesurfer.sh: line 12: 97822 Killed                  /code/CPAC/_entrypoints/run.py "$@"
slurmstepd: error: Detected 1 oom-kill event(s) in StepId=32942130.batch. Some of your processes may have been killed by the cgroup out-of-memory handler.
