250620-21:23:28,833 nipype.workflow INFO:
	 Skipping BIDS validator...
250620-21:23:29,61 nipype.workflow INFO:
	 #### Running C-PAC for sub-NDARINV003RTV85
250620-21:23:29,62 nipype.workflow INFO:
	 Number of participants to run in parallel: 1
250620-21:23:29,62 nipype.workflow INFO:
	 Input directory: /ocean/projects/med250004p/bshresth/projects/data
250620-21:23:29,62 nipype.workflow INFO:
	 Output directory: /ocean/projects/med250004p/bshresth/projects/surface_pipelines/outputs/output
Working directory: /ocean/projects/med250004p/bshresth/projects/surface_pipelines/outputs/working
Log directory: /ocean/projects/med250004p/bshresth/projects/surface_pipelines/outputs/log
Remove working directory: True
Available memory: 14.0 (GB)
Available threads: 2
Number of threads for ANTs: 1
250620-21:23:29,62 nipype.utils INFO:
	 Parsing /ocean/projects/med250004p/bshresth/projects/data..
250620-21:23:32,206 nipype.workflow INFO:
	 Starting participant level processing
250620-21:23:32,206 nipype.workflow INFO:
	 Run called with config file /ocean/projects/med250004p/bshresth/projects/surface_pipelines/outputs/log/pipeline_pipeline1/sub-NDARINV003RTV85_ses-baselineYear1Arm1/cpac_pipeline_config_67deb741_2025-06-20T21-23-29Z.yml
/code/CPAC/pipeline/cpac_runner.py:384: UserWarning: We recommend that the working directory full path should have less then 70 characters. Long paths might not work in your operating system.
  warnings.warn(
/code/CPAC/pipeline/cpac_runner.py:389: UserWarning: Current working directory: /ocean/projects/med250004p/bshresth/projects/surface_pipelines/outputs/working
  warnings.warn(
250620-21:23:32,577 nipype.workflow INFO:
	 
    Environment
    ===========
    AFNI: 23.3.09:linux_universal
    bids-validator: 1.14.6
    Python: 3.10.6 | packaged by conda-forge | (main, Aug 22 2022, 20:36:39) [GCC 10.4.0]
      Python packages
      ---------------
      acres: 0.5.0
      anyio: 3.7.1
      argon2-cffi: 21.3.0
      argon2-cffi-bindings: 21.2.0
      astor: 0.8.1
      asttokens: 2.2.1
      async-lru: 2.0.3
      attrs: 23.1.0
      awscli: 1.29.4
      Babel: 2.12.1
      backcall: 0.2.0
      backports.functools-lru-cache: 1.6.5
      backports.tarfile: 1.2.0
      beautifulsoup4: 4.12.2
      bids-validator: 1.14.7.post0
      bidsschematools: 1.0.10
      bleach: 6.0.0
      boto3: 1.28.4
      botocore: 1.31.4
      Brotli: 1.0.9
      brotlipy: 0.7.0
      cached-property: 1.5.2
      certifi: 2025.6.15
      cffi: 1.15.1
      charset-normalizer: 3.1.0
      ci-info: 0.3.0
      ciftify: 3.0.0+fcpindi
      click: 8.1.5
      click-aliases: 1.0.1
      colorama: 0.4.4
      comm: 0.1.3
      conda: 23.1.0
      conda-package-handling: 2.0.2
      conda_package_streaming: 0.8.0
      configparser: 5.3.0
      contourpy: 1.1.0
      CPAC: 1.8.8.dev1
      cryptography: 44.0.1
      cycler: 0.11.0
      Cython: 3.1.2
      debugpy: 1.6.7
      decorator: 5.1.1
      defusedxml: 0.7.1
      dill: 0.3.6
      docopt: 0.6.2
      docutils: 0.15.2
      entrypoints: 0.4
      etelemetry: 0.3.1
      exceptiongroup: 1.1.2
      executing: 1.2.0
      fastjsonschema: 2.17.1
      file-tree: 1.2.1
      file-tree-fsl: 0.2.1
      filelock: 3.18.0
      flit_core: 3.9.0
      flowdump: 0.1.2
      fonttools: 4.41.0
      formulaic: 0.5.2
      fsl-base: 2302.0
      fsl-get-standard: 0.1.0
      fsl-sub: 2.7.5
      fsl-sub-plugin-sge: 1.5.2
      fsl-sub-plugin-slurm: 1.4.4
      fsleyes: 1.6.1
      fsleyes-props: 1.10.0
      fsleyes-widgets: 0.14.3
      fslinstaller: 3.4.1
      fslpy: 3.11.3
      future: 0.18.3
      ghalton: 0.6.1
      h5py: 3.8.0
      hlsvdpropy: 2.0.1
      idna: 3.4
      imageio: 2.37.0
      importlib-metadata: 6.8.0
      importlib-resources: 6.0.0
      indexed-gzip: 1.7.1
      INDI-Tools: 0.0.7
      interface-meta: 1.3.0
      ipykernel: 6.24.0
      ipython: 8.14.0
      isodate: 0.7.2
      jedi: 0.18.2
      Jinja2: 3.1.2
      jmespath: 1.0.1
      joblib: 1.2.0
      json5: 0.9.14
      jsonschema: 4.18.4
      jsonschema-specifications: 2023.7.1
      jupyter-events: 0.6.3
      jupyter-lsp: 2.2.0
      jupyter_client: 8.3.0
      jupyter_core: 5.3.1
      jupyter_server: 2.7.0
      jupyter_server_terminals: 0.4.4
      jupyterlab: 4.0.3
      jupyterlab-pygments: 0.2.2
      jupyterlab_server: 2.23.0
      kiwisolver: 1.4.4
      lazy_loader: 0.4
      libmambapy: 1.4.2
      lockfile: 0.12.2
      looseversion: 1.3.0
      lxml: 4.9.2
      mamba: 1.4.2
      markdown-it-py: 3.0.0
      MarkupSafe: 2.1.3
      matplotlib: 3.7.1
      matplotlib-inline: 0.1.6
      mdurl: 0.1.0
      mistune: 3.0.0
      munkres: 1.1.4
      nbclient: 0.8.0
      nbconvert: 7.7.2
      nbformat: 5.9.1
      nest-asyncio: 1.5.6
      networkx: 3.1
      nibabel: 5.1.0
      nilearn: 0.10.0
      nipype: 1.8.6
      nitransforms: 24.0.2
      niworkflows: 1.13.4
      nose: 1.3.7
      notebook: 7.0.0
      notebook_shim: 0.2.3
      num2words: 0.5.14
      numpy: 1.25.1
      overrides: 7.3.1
      packaging: 23.1
      pandas: 2.0.3
      pandocfilters: 1.5.0
      parse: 1.19.1
      parso: 0.8.3
      pathlib2: 2.3.7.post1
      pathvalidate: 2.5.2
      patsy: 0.5.3
      pexpect: 4.8.0
      pickleshare: 0.7.5
      Pillow: 9.2.0
      pip: 23.3
      pkgutil_resolve_name: 1.3.10
      platformdirs: 3.9.1
      pluggy: 1.2.0
      pooch: 1.7.0
      progressbar2: 4.2.0
      prometheus-client: 0.17.1
      prompt-toolkit: 3.0.39
      prov: 2.0.0
      psutil: 5.9.5
      ptyprocess: 0.7.0
      pure-eval: 0.2.2
      pyasn1: 0.4.8
      PyBASC: 0.6.1
      pybids: 0.15.6
      pycosat: 0.6.4
      pycparser: 2.21
      pydicom: 2.4.1
      pydot: 4.0.0
      Pygments: 2.15.1
      pygraphviz: 1.14
      PyOpenGL: 3.1.6
      pyOpenSSL: 23.2.0
      pyparsing: 3.2.3
      PyPEER: 1.1
      PySocks: 1.7.1
      python-dateutil: 2.8.2
      python-json-logger: 2.0.7
      python-utils: 3.7.0
      pytz: 2023.3
      PyYAML: 6.0
      pyzmq: 25.1.0
      rdflib: 7.1.4
      referencing: 0.30.0
      requests: 2.32.3
      rfc3339-validator: 0.1.4
      rfc3986-validator: 0.1.1
      rich: 13.4.2
      rpds-py: 0.9.2
      rsa: 4.7.2
      Rtree: 1.0.1
      ruamel.yaml: 0.17.32
      ruamel.yaml.clib: 0.2.7
      s3transfer: 0.6.1
      scikit-image: 0.24.0
      scikit-learn: 1.5.0
      scipy: 1.11.1
      sdcflows: 2.4.0
      seaborn: 0.13.2
      semver: 3.0.1
      Send2Trash: 1.8.2
      setuptools: 78.1.1
      simplejson: 3.20.1
      six: 1.16.0
      sniffio: 1.3.0
      soupsieve: 2.3.2.post1
      SQLAlchemy: 1.3.24
      stack-data: 0.6.2
      svgutils: 0.3.4
      templateflow: 24.2.2
      terminado: 0.17.1
      threadpoolctl: 3.6.0
      tifffile: 2025.5.10
      tinycss2: 1.2.1
      tomli: 2.0.1
      toolz: 0.12.0
      tornado: 6.3.2
      tqdm: 4.65.0
      traitlets: 5.9.0
      traits: 6.3.2
      transforms3d: 0.4.2
      trimesh: 3.22.5
      typing-utils: 0.1.0
      typing_extensions: 4.7.1
      tzdata: 2023.3
      unicodedata2: 15.0.0
      urllib3: 1.26.19
      voluptuous: 0.13.1
      wcwidth: 0.2.6
      webencodings: 0.5.1
      websocket-client: 1.6.1
      wheel: 0.40.0
      wire: 1.0.0
      wrapt: 1.17.2
      wxnatpy: 0.4.0
      wxPython: 4.1.1
      xarray: 2023.7.0
      xnat: 0.5.1
      xvfbwrapper: 0.2.13
      zipp: 3.19.1
      zstandard: 0.23.0

    Run command: run /ocean/projects/med250004p/bshresth/projects/data /ocean/projects/med250004p/bshresth/projects/surface_pipelines/outputs participant --num_ants_threads 1 --skip_bids_validator --n_cpus 2 --mem_gb 14 --pipeline_file /ocean/projects/med250004p/bshresth/projects/surface_pipelines/pipelines/pipeline1.yml --participant_label sub-NDARINV003RTV85

    C-PAC version: 1.8.8.dev1

    Copyright (C) 2022-2024 C-PAC Developers.
    
    This program comes with ABSOLUTELY NO WARRANTY. This is free software,
    and you are welcome to redistribute it under certain conditions. For
    details, see https://fcp-indi.github.io/docs/nightly/license or the COPYING and
    COPYING.LESSER files included in the source code.

    Setting maximum number of cores per participant to 2
    Setting number of participants at once to 1
    Setting OMP_NUM_THREADS to 1
    Setting MKL_NUM_THREADS to 1
    Setting ANTS/ITK thread usage to 1
    Maximum potential number of cores that might be used during this run: 2


250620-21:23:33,4 nipype.workflow INFO:
	 Connecting pipeline blocks:
	 - anatomical_init
	 - non_local_means
	   - T1w
	     - desc-preproc_T1w
	       - desc-reorient_T1w
	       - T1w
	 - n4_bias_correction
	 - acpc_align_head
	 - freesurfer_abcd_preproc
	 - freesurfer_reconall
	 - brain_mask_afni
	   - brain_mask_fsl
	   - brain_mask_niworkflows_ants
	   - brain_mask_unet
	   - brain_mask_freesurfer_abcd
	   - brain_mask_freesurfer
	   - brain_mask_freesurfer_fsl_tight
	   - brain_mask_freesurfer_fsl_loose
	 - brain_extraction
	 - brain_mask_T2
	 - brain_extraction_T2
	 - register_ANTs_anat_to_template
	   - register_FSL_anat_to_template
	 - overwrite_transform_anat_to_template
	 - warp_wholeheadT1_to_template
	 - warp_T1mask_to_template
	 - correct_restore_brain_intensity_abcd
	 - tissue_seg_fsl_fast
	   - tissue_seg_ants_prior
	   - tissue_seg_freesurfer
	 - tissue_seg_T1_template_based
	 - coregistration_prep_vol
	 - coregistration_prep_mean
	 - register_ANTs_EPI_to_template
	   - register_FSL_EPI_to_template
	 - ICA_AROMA_ANTsreg
	 - ICA_AROMA_FSLreg
	 - ICA_AROMA_ANTsEPIreg
	 - ICA_AROMA_FSLEPIreg
	 - erode_mask_T1w
	 - erode_mask_CSF
	 - erode_mask_GM
	 - erode_mask_WM
	 - erode_mask_bold
	 - erode_mask_boldCSF
	 - erode_mask_boldGM
	 - erode_mask_boldWM
	 - nuisance_regressors_generation_T1w
	   - desc-preproc_bold
	     - desc-reorient_bold
	 - ingress_regressors
	 - warp_bold_mask_to_T1template
	 - warp_deriv_mask_to_T1template
	 - func_despike_template
	 - warp_bold_mask_to_EPItemplate
	 - warp_deriv_mask_to_EPItemplate
	 - bold_mask_anatomical_resampled
	 - template_space_bold_masking
	 - surface_postproc
	 - surface_falff
	 - surface_alff
	 - surface_reho
	 - surface_connectivity_matrix
	 - timeseries_extraction_AVG
	 - spatial_regression
	 - smooth_func_vmhc
	 - warp_timeseries_to_sym_template
	 - vmhc
	 
250620-21:23:33,5 nipype.workflow INFO:
	 Connecting anatomical_init...
250620-21:23:33,8 nipype.workflow INFO:
	 Connecting nlm_filtering...
250620-21:23:33,9 nipype.workflow INFO:
	 Connecting n4_bias_correction...
250620-21:23:33,10 nipype.workflow INFO:
	 Connecting acpc_alignment_head...
250620-21:23:33,11 nipype.workflow INFO:
	 Connecting freesurfer_abcd_preproc...
250620-21:23:33,26 nipype.workflow INFO:
	 Connecting freesurfer_reconall...
250620-21:23:33,27 nipype.workflow INFO:
	 Connecting brain_mask_afni...
250620-21:23:33,28 nipype.workflow INFO:
	 Connecting brain_mask_fsl...
250620-21:23:33,28 nipype.workflow INFO:
	 Connecting brain_mask_niworkflows_ants...
250620-21:23:33,29 nipype.workflow INFO:
	 Connecting brain_mask_unet...
250620-21:23:33,30 nipype.workflow INFO:
	 Connecting brain_mask_freesurfer_abcd...
250620-21:23:33,30 nipype.workflow INFO:
	 Connecting brain_mask_freesurfer...
250620-21:23:33,31 nipype.workflow INFO:
	 Connecting brain_mask_freesurfer_fsl_tight...
250620-21:23:33,32 nipype.workflow INFO:
	 Connecting brain_mask_freesurfer_fsl_loose...
250620-21:23:33,33 nipype.workflow INFO:
	 Connecting brain_extraction...
250620-21:23:33,34 nipype.workflow INFO:
	 Connecting brain_mask_T2...
250620-21:23:33,35 nipype.workflow INFO:
	 Connecting brain_extraction_T2...
250620-21:23:33,36 nipype.workflow INFO:
	 Connecting register_ANTs_anat_to_template...
250620-21:23:33,37 nipype.workflow INFO:
	 Connecting register_FSL_anat_to_template...
250620-21:23:33,38 nipype.workflow INFO:
	 Connecting overwrite_transform_anat_to_template...
250620-21:23:33,39 nipype.workflow INFO:
	 Connecting transform_whole_head_T1w_to_T1template...
250620-21:23:33,40 nipype.workflow INFO:
	 Connecting transform_T1mask_to_T1template...
250620-21:23:33,41 nipype.workflow INFO:
	 Connecting correct_restore_brain_intensity_abcd...
250620-21:23:33,42 nipype.workflow INFO:
	 Connecting tissue_seg_fsl_fast...
250620-21:23:33,43 nipype.workflow INFO:
	 Connecting tissue_seg_ants_prior...
250620-21:23:33,44 nipype.workflow INFO:
	 Connecting tissue_seg_freesurfer...
250620-21:23:33,45 nipype.workflow INFO:
	 Connecting tissue_seg_T1_template_based...
250620-21:23:33,46 nipype.workflow INFO:
	 Connecting coregistration_prep_vol...
250620-21:23:33,47 nipype.workflow INFO:
	 Connecting coregistration_prep_mean...
250620-21:23:33,48 nipype.workflow INFO:
	 Connecting register_ANTs_EPI_to_template...
250620-21:23:33,49 nipype.workflow INFO:
	 Connecting register_FSL_EPI_to_template...
250620-21:23:33,50 nipype.workflow INFO:
	 Connecting ICA_AROMA_ANTsreg...
250620-21:23:33,51 nipype.workflow INFO:
	 Connecting ICA_AROMA_FSLreg...
250620-21:23:33,52 nipype.workflow INFO:
	 Connecting ICA_AROMA_ANTsEPIreg...
250620-21:23:33,53 nipype.workflow INFO:
	 Connecting ICA_AROMA_FSLEPIreg...
250620-21:23:33,54 nipype.workflow INFO:
	 Connecting erode_mask_T1w...
250620-21:23:33,55 nipype.workflow INFO:
	 Connecting erode_mask_CSF...
250620-21:23:33,56 nipype.workflow INFO:
	 Connecting erode_mask_GM...
250620-21:23:33,57 nipype.workflow INFO:
	 Connecting erode_mask_WM...
250620-21:23:33,58 nipype.workflow INFO:
	 Connecting erode_mask_bold...
250620-21:23:33,59 nipype.workflow INFO:
	 Connecting erode_mask_boldCSF...
250620-21:23:33,60 nipype.workflow INFO:
	 Connecting erode_mask_boldGM...
250620-21:23:33,61 nipype.workflow INFO:
	 Connecting erode_mask_boldWM...
250620-21:23:33,62 nipype.workflow INFO:
	 Connecting nuisance_regressors_generation_T1w...
250620-21:23:33,63 nipype.workflow INFO:
	 Connecting ingress_regressors...
250620-21:23:33,64 nipype.workflow INFO:
	 Connecting transform_bold_mask_to_T1template...
250620-21:23:33,65 nipype.workflow INFO:
	 Connecting transform_deriv_mask_to_T1template...
250620-21:23:33,66 nipype.workflow INFO:
	 Connecting func_despike_template...
250620-21:23:33,67 nipype.workflow INFO:
	 Connecting transform_bold_mask_to_EPItemplate...
250620-21:23:33,68 nipype.workflow INFO:
	 Connecting transform_deriv_mask_to_EPItemplate...
250620-21:23:33,69 nipype.workflow INFO:
	 Connecting bold_mask_anatomical_resampled...
250620-21:23:33,70 nipype.workflow INFO:
	 Connecting template_space_bold_masking...
250620-21:23:33,71 nipype.workflow INFO:
	 Connecting surface_postproc...
250620-21:23:33,72 nipype.workflow INFO:
	 Connecting surface_falff...
250620-21:23:33,73 nipype.workflow INFO:
	 Connecting surface_alff...
250620-21:23:33,74 nipype.workflow INFO:
	 Connecting surface_reho...
250620-21:23:33,75 nipype.workflow INFO:
	 Connecting surface_connectivity_matrix...
250620-21:23:33,76 nipype.workflow INFO:
	 Connecting timeseries_extraction_AVG...
250620-21:23:33,77 nipype.workflow INFO:
	 Connecting spatial_regression...
250620-21:23:33,78 nipype.workflow INFO:
	 Connecting smooth_func_vmhc...
250620-21:23:33,79 nipype.workflow INFO:
	 Connecting transform_timeseries_to_sym_template...
250620-21:23:33,80 nipype.workflow INFO:
	 Connecting vmhc...
250620-21:23:33,262 nipype.workflow INFO:
	 Workflow cpac_pipeline_pipeline1_sub-NDARINV003RTV85_ses-baselineYear1Arm1 settings: ['check', 'execution', 'logging', 'monitoring']
250620-21:23:33,506 nipype.workflow INFO:
	 Running in parallel.
250620-21:23:33,514 nipype.workflow INFO:
	 [MultiProc] Running 0 tasks, and 19 jobs ready. Free memory (GB): 13.77/14.00, Free processors: 2/2.
250620-21:23:33,729 nipype.workflow INFO:
	 [Node] Setting-up "cpac_pipeline_pipeline1_sub-NDARINV003RTV85_ses-baselineYear1Arm1.resampled_T1w-template" in "/ocean/projects/med250004p/bshresth/projects/surface_pipelines/outputs/working/pipeline_pipeline1/cpac_pipeline_pipeline1_sub-NDARINV003RTV85_ses-baselineYear1Arm1/resampled_T1w-template".
250620-21:23:33,730 nipype.workflow INFO:
	 [Node] Setting-up "cpac_pipeline_pipeline1_sub-NDARINV003RTV85_ses-baselineYear1Arm1.resampled_T1w-brain-template-mask" in "/ocean/projects/med250004p/bshresth/projects/surface_pipelines/outputs/working/pipeline_pipeline1/cpac_pipeline_pipeline1_sub-NDARINV003RTV85_ses-baselineYear1Arm1/resampled_T1w-brain-template-mask".
250620-21:23:33,737 nipype.workflow INFO:
	 [Node] Executing "resampled_T1w-brain-template-mask" <CPAC.utils.interfaces.function.function.Function>
250620-21:23:33,757 nipype.workflow INFO:
	 [Node] Executing "resampled_T1w-template" <CPAC.utils.interfaces.function.function.Function>
250620-21:23:33,983 nipype.workflow INFO:
	 [Node] Setting-up "T1w-brain-template-mask" in "/ocean/projects/med250004p/bshresth/projects/surface_pipelines/outputs/working/pipeline_pipeline1/cpac_pipeline_pipeline1_sub-NDARINV003RTV85_ses-baselineYear1Arm1/resampled_T1w-brain-template-mask/T1w-brain-template-mask".
250620-21:23:34,5 nipype.workflow INFO:
	 [Node] Setting-up "T1w-template" in "/ocean/projects/med250004p/bshresth/projects/surface_pipelines/outputs/working/pipeline_pipeline1/cpac_pipeline_pipeline1_sub-NDARINV003RTV85_ses-baselineYear1Arm1/resampled_T1w-template/T1w-template".
250620-21:23:34,17 nipype.workflow INFO:
	 [Node] Executing "T1w-brain-template-mask" <nipype.interfaces.afni.utils.Resample>
250620-21:23:34,47 nipype.workflow INFO:
	 [Node] Executing "T1w-template" <nipype.interfaces.afni.utils.Resample>
250620-21:23:35,516 nipype.workflow INFO:
	 [MultiProc] Running 2 tasks, and 17 jobs ready. Free memory (GB): 9.77/14.00, Free processors: 0/2.
                     Currently running:
                       * cpac_pipeline_pipeline1_sub-NDARINV003RTV85_ses-baselineYear1Arm1.resampled_T1w-brain-template-mask
                       * cpac_pipeline_pipeline1_sub-NDARINV003RTV85_ses-baselineYear1Arm1.resampled_T1w-template
250620-21:23:35,518 nipype.workflow INFO:
	 No resources available. Potential deadlock
250620-21:23:35,730 nipype.workflow INFO:
	 [Node] Finished "T1w-brain-template-mask", elapsed time 1.399763s.
250620-21:23:35,771 nipype.workflow INFO:
	 [Node] Finished "resampled_T1w-brain-template-mask", elapsed time 1.760739s.
250620-21:23:36,586 nipype.workflow INFO:
	 [Node] Finished "T1w-template", elapsed time 2.256477s.
250620-21:23:36,658 nipype.workflow INFO:
	 [Node] Finished "resampled_T1w-template", elapsed time 2.612319s.
250620-21:23:37,517 nipype.workflow INFO:
	 [Job 0] Completed (cpac_pipeline_pipeline1_sub-NDARINV003RTV85_ses-baselineYear1Arm1.resampled_T1w-template).
250620-21:23:37,523 nipype.workflow INFO:
	 [Job 1] Completed (cpac_pipeline_pipeline1_sub-NDARINV003RTV85_ses-baselineYear1Arm1.resampled_T1w-brain-template-mask).
250620-21:23:37,526 nipype.workflow INFO:
	 [MultiProc] Running 0 tasks, and 17 jobs ready. Free memory (GB): 13.77/14.00, Free processors: 2/2.
250620-21:23:37,745 nipype.workflow INFO:
	 [Node] Setting-up "cpac_pipeline_pipeline1_sub-NDARINV003RTV85_ses-baselineYear1Arm1.id_string_desc-preproc_T1w_47" in "/ocean/projects/med250004p/bshresth/projects/surface_pipelines/outputs/working/pipeline_pipeline1/cpac_pipeline_pipeline1_sub-NDARINV003RTV85_ses-baselineYear1Arm1/id_string_desc-preproc_T1w_47".
250620-21:23:37,747 nipype.workflow INFO:
	 [Node] Setting-up "cpac_pipeline_pipeline1_sub-NDARINV003RTV85_ses-baselineYear1Arm1.id_string_desc-head_T1w_49" in "/ocean/projects/med250004p/bshresth/projects/surface_pipelines/outputs/working/pipeline_pipeline1/cpac_pipeline_pipeline1_sub-NDARINV003RTV85_ses-baselineYear1Arm1/id_string_desc-head_T1w_49".
250620-21:23:37,768 nipype.workflow INFO:
	 [Node] Executing "id_string_desc-head_T1w_49" <CPAC.utils.interfaces.function.function.Function>
250620-21:23:37,805 nipype.workflow INFO:
	 [Node] Executing "id_string_desc-preproc_T1w_47" <CPAC.utils.interfaces.function.function.Function>
250620-21:23:38,51 nipype.workflow INFO:
	 [Node] Finished "id_string_desc-head_T1w_49", elapsed time 0.001298s.
250620-21:23:38,109 nipype.workflow INFO:
	 [Node] Finished "id_string_desc-preproc_T1w_47", elapsed time 0.001307s.
250620-21:23:39,519 nipype.workflow INFO:
	 [Job 2] Completed (cpac_pipeline_pipeline1_sub-NDARINV003RTV85_ses-baselineYear1Arm1.id_string_desc-preproc_T1w_47).
250620-21:23:39,525 nipype.workflow INFO:
	 [Job 3] Completed (cpac_pipeline_pipeline1_sub-NDARINV003RTV85_ses-baselineYear1Arm1.id_string_desc-head_T1w_49).
250620-21:23:39,529 nipype.workflow INFO:
	 [MultiProc] Running 0 tasks, and 17 jobs ready. Free memory (GB): 13.77/14.00, Free processors: 2/2.
250620-21:23:39,741 nipype.workflow INFO:
	 [Node] Setting-up "cpac_pipeline_pipeline1_sub-NDARINV003RTV85_ses-baselineYear1Arm1.id_string_desc-restore_T1w_55" in "/ocean/projects/med250004p/bshresth/projects/surface_pipelines/outputs/working/pipeline_pipeline1/cpac_pipeline_pipeline1_sub-NDARINV003RTV85_ses-baselineYear1Arm1/id_string_desc-restore_T1w_55".
250620-21:23:39,741 nipype.workflow INFO:
	 [Node] Setting-up "cpac_pipeline_pipeline1_sub-NDARINV003RTV85_ses-baselineYear1Arm1.id_string_desc-restore-brain_T1w_56" in "/ocean/projects/med250004p/bshresth/projects/surface_pipelines/outputs/working/pipeline_pipeline1/cpac_pipeline_pipeline1_sub-NDARINV003RTV85_ses-baselineYear1Arm1/id_string_desc-restore-brain_T1w_56".
250620-21:23:39,777 nipype.workflow INFO:
	 [Node] Executing "id_string_desc-restore-brain_T1w_56" <CPAC.utils.interfaces.function.function.Function>
250620-21:23:39,783 nipype.workflow INFO:
	 [Node] Executing "id_string_desc-restore_T1w_55" <CPAC.utils.interfaces.function.function.Function>
250620-21:23:40,65 nipype.workflow INFO:
	 [Node] Finished "id_string_desc-restore-brain_T1w_56", elapsed time 0.001246s.
250620-21:23:40,86 nipype.workflow INFO:
	 [Node] Finished "id_string_desc-restore_T1w_55", elapsed time 0.001183s.
250620-21:23:41,521 nipype.workflow INFO:
	 [Job 4] Completed (cpac_pipeline_pipeline1_sub-NDARINV003RTV85_ses-baselineYear1Arm1.id_string_desc-restore_T1w_55).
250620-21:23:41,526 nipype.workflow INFO:
	 [Job 5] Completed (cpac_pipeline_pipeline1_sub-NDARINV003RTV85_ses-baselineYear1Arm1.id_string_desc-restore-brain_T1w_56).
250620-21:23:41,531 nipype.workflow INFO:
	 [MultiProc] Running 0 tasks, and 17 jobs ready. Free memory (GB): 13.77/14.00, Free processors: 2/2.
250620-21:23:41,739 nipype.workflow INFO:
	 [Node] Setting-up "cpac_pipeline_pipeline1_sub-NDARINV003RTV85_ses-baselineYear1Arm1.gather_surface-parcellation-atlas.check_for_s3" in "/ocean/projects/med250004p/bshresth/projects/surface_pipelines/outputs/working/pipeline_pipeline1/cpac_pipeline_pipeline1_sub-NDARINV003RTV85_ses-baselineYear1Arm1/gather_surface-parcellation-atlas/check_for_s3".
250620-21:23:41,740 nipype.workflow INFO:
	 [Node] Setting-up "cpac_pipeline_pipeline1_sub-NDARINV003RTV85_ses-baselineYear1Arm1.anat_T1w_gather_sub-NDARINV003RTV85_ses-baselineYear1Arm1.check_for_s3" in "/ocean/projects/med250004p/bshresth/projects/surface_pipelines/outputs/working/pipeline_pipeline1/cpac_pipeline_pipeline1_sub-NDARINV003RTV85_ses-baselineYear1Arm1/anat_T1w_gather_sub-NDARINV003RTV85_ses-baselineYear1Arm1/check_for_s3".
250620-21:23:41,768 nipype.workflow INFO:
	 [Node] Executing "check_for_s3" <CPAC.utils.interfaces.function.function.Function>
250620-21:23:41,809 nipype.workflow INFO:
	 [Node] Executing "check_for_s3" <CPAC.utils.interfaces.function.function.Function>
pixdim[1,2,3] should be non-zero; setting 0 dims to 1
250620-21:23:42,123 nipype.workflow INFO:
	 [Node] Finished "check_for_s3", elapsed time 0.056403s.
250620-21:23:42,266 nipype.workflow INFO:
	 [Node] Finished "check_for_s3", elapsed time 0.215263s.
250620-21:23:43,523 nipype.workflow INFO:
	 [Job 6] Completed (cpac_pipeline_pipeline1_sub-NDARINV003RTV85_ses-baselineYear1Arm1.gather_surface-parcellation-atlas.check_for_s3).
250620-21:23:43,527 nipype.workflow INFO:
	 [Job 7] Completed (cpac_pipeline_pipeline1_sub-NDARINV003RTV85_ses-baselineYear1Arm1.anat_T1w_gather_sub-NDARINV003RTV85_ses-baselineYear1Arm1.check_for_s3).
250620-21:23:43,531 nipype.workflow INFO:
	 [MultiProc] Running 0 tasks, and 17 jobs ready. Free memory (GB): 13.77/14.00, Free processors: 2/2.
250620-21:23:43,737 nipype.workflow INFO:
	 [Node] Setting-up "cpac_pipeline_pipeline1_sub-NDARINV003RTV85_ses-baselineYear1Arm1.gather_template-ref-mask-res-2.check_for_s3" in "/ocean/projects/med250004p/bshresth/projects/surface_pipelines/outputs/working/pipeline_pipeline1/cpac_pipeline_pipeline1_sub-NDARINV003RTV85_ses-baselineYear1Arm1/gather_template-ref-mask-res-2/check_for_s3".
250620-21:23:43,738 nipype.workflow INFO:
	 [Node] Setting-up "cpac_pipeline_pipeline1_sub-NDARINV003RTV85_ses-baselineYear1Arm1.gather_T1w-template-res-2.check_for_s3" in "/ocean/projects/med250004p/bshresth/projects/surface_pipelines/outputs/working/pipeline_pipeline1/cpac_pipeline_pipeline1_sub-NDARINV003RTV85_ses-baselineYear1Arm1/gather_T1w-template-res-2/check_for_s3".
250620-21:23:43,746 nipype.workflow INFO:
	 [Node] Executing "check_for_s3" <CPAC.utils.interfaces.function.function.Function>
250620-21:23:43,767 nipype.workflow INFO:
	 [Node] Executing "check_for_s3" <CPAC.utils.interfaces.function.function.Function>
250620-21:23:44,58 nipype.workflow INFO:
	 [Node] Finished "check_for_s3", elapsed time 0.026544s.
250620-21:23:44,130 nipype.workflow INFO:
	 [Node] Finished "check_for_s3", elapsed time 0.089346s.
250620-21:23:45,525 nipype.workflow INFO:
	 [Job 8] Completed (cpac_pipeline_pipeline1_sub-NDARINV003RTV85_ses-baselineYear1Arm1.gather_template-ref-mask-res-2.check_for_s3).
250620-21:23:45,531 nipype.workflow INFO:
	 [Job 9] Completed (cpac_pipeline_pipeline1_sub-NDARINV003RTV85_ses-baselineYear1Arm1.gather_T1w-template-res-2.check_for_s3).
250620-21:23:45,535 nipype.workflow INFO:
	 [MultiProc] Running 0 tasks, and 15 jobs ready. Free memory (GB): 13.77/14.00, Free processors: 2/2.
250620-21:23:45,740 nipype.workflow INFO:
	 [Node] Setting-up "cpac_pipeline_pipeline1_sub-NDARINV003RTV85_ses-baselineYear1Arm1.func_ingress_sub-NDARINV003RTV85_ses-baselineYear1Arm1.select_scan_params" in "/ocean/projects/med250004p/bshresth/projects/surface_pipelines/outputs/working/pipeline_pipeline1/cpac_pipeline_pipeline1_sub-NDARINV003RTV85_ses-baselineYear1Arm1/func_ingress_sub-NDARINV003RTV85_ses-baselineYear1Arm1/_scan_rest_run-01/select_scan_params".
250620-21:23:45,741 nipype.workflow INFO:
	 [Node] Setting-up "cpac_pipeline_pipeline1_sub-NDARINV003RTV85_ses-baselineYear1Arm1.func_ingress_sub-NDARINV003RTV85_ses-baselineYear1Arm1.selectrest" in "/ocean/projects/med250004p/bshresth/projects/surface_pipelines/outputs/working/pipeline_pipeline1/cpac_pipeline_pipeline1_sub-NDARINV003RTV85_ses-baselineYear1Arm1/func_ingress_sub-NDARINV003RTV85_ses-baselineYear1Arm1/_scan_rest_run-01/selectrest".
250620-21:23:45,750 nipype.workflow INFO:
	 [Node] Executing "select_scan_params" <CPAC.utils.interfaces.function.function.Function>
250620-21:23:45,761 nipype.workflow INFO:
	 [Node] Executing "selectrest" <CPAC.utils.interfaces.function.function.Function>
250620-21:23:46,32 nipype.workflow INFO:
	 [Node] Finished "select_scan_params", elapsed time 0.001363s.
250620-21:23:46,75 nipype.workflow INFO:
	 [Node] Finished "selectrest", elapsed time 0.001279s.
250620-21:23:47,527 nipype.workflow INFO:
	 [Job 10] Completed (cpac_pipeline_pipeline1_sub-NDARINV003RTV85_ses-baselineYear1Arm1.func_ingress_sub-NDARINV003RTV85_ses-baselineYear1Arm1.select_scan_params).
250620-21:23:47,532 nipype.workflow INFO:
	 [Job 11] Completed (cpac_pipeline_pipeline1_sub-NDARINV003RTV85_ses-baselineYear1Arm1.func_ingress_sub-NDARINV003RTV85_ses-baselineYear1Arm1.selectrest).
250620-21:23:47,537 nipype.workflow INFO:
	 [MultiProc] Running 0 tasks, and 15 jobs ready. Free memory (GB): 13.77/14.00, Free processors: 2/2.
250620-21:23:47,745 nipype.workflow INFO:
	 [Node] Setting-up "cpac_pipeline_pipeline1_sub-NDARINV003RTV85_ses-baselineYear1Arm1.func_ingress_sub-NDARINV003RTV85_ses-baselineYear1Arm1.check_func_scan" in "/ocean/projects/med250004p/bshresth/projects/surface_pipelines/outputs/working/pipeline_pipeline1/cpac_pipeline_pipeline1_sub-NDARINV003RTV85_ses-baselineYear1Arm1/func_ingress_sub-NDARINV003RTV85_ses-baselineYear1Arm1/_scan_rest_run-01/check_func_scan".
250620-21:23:47,772 nipype.workflow INFO:
	 [Node] Executing "check_func_scan" <CPAC.utils.interfaces.function.function.Function>
250620-21:23:47,745 nipype.workflow INFO:
	 [Node] Setting-up "cpac_pipeline_pipeline1_sub-NDARINV003RTV85_ses-baselineYear1Arm1.func_ingress_sub-NDARINV003RTV85_ses-baselineYear1Arm1.select_scan_params" in "/ocean/projects/med250004p/bshresth/projects/surface_pipelines/outputs/working/pipeline_pipeline1/cpac_pipeline_pipeline1_sub-NDARINV003RTV85_ses-baselineYear1Arm1/func_ingress_sub-NDARINV003RTV85_ses-baselineYear1Arm1/_scan_rest_run-02/select_scan_params".
250620-21:23:47,827 nipype.workflow INFO:
	 [Node] Executing "select_scan_params" <CPAC.utils.interfaces.function.function.Function>
250620-21:23:48,56 nipype.workflow INFO:
	 [Node] Finished "check_func_scan", elapsed time 0.001708s.
250620-21:23:48,113 nipype.workflow INFO:
	 [Node] Finished "select_scan_params", elapsed time 0.001365s.
250620-21:23:49,529 nipype.workflow INFO:
	 [Job 12] Completed (cpac_pipeline_pipeline1_sub-NDARINV003RTV85_ses-baselineYear1Arm1.func_ingress_sub-NDARINV003RTV85_ses-baselineYear1Arm1.check_func_scan).
250620-21:23:49,534 nipype.workflow INFO:
	 [Job 13] Completed (cpac_pipeline_pipeline1_sub-NDARINV003RTV85_ses-baselineYear1Arm1.func_ingress_sub-NDARINV003RTV85_ses-baselineYear1Arm1.select_scan_params).
250620-21:23:49,539 nipype.workflow INFO:
	 [MultiProc] Running 0 tasks, and 14 jobs ready. Free memory (GB): 13.77/14.00, Free processors: 2/2.
250620-21:23:49,750 nipype.workflow INFO:
	 [Node] Setting-up "cpac_pipeline_pipeline1_sub-NDARINV003RTV85_ses-baselineYear1Arm1.func_ingress_sub-NDARINV003RTV85_ses-baselineYear1Arm1.selectrest" in "/ocean/projects/med250004p/bshresth/projects/surface_pipelines/outputs/working/pipeline_pipeline1/cpac_pipeline_pipeline1_sub-NDARINV003RTV85_ses-baselineYear1Arm1/func_ingress_sub-NDARINV003RTV85_ses-baselineYear1Arm1/_scan_rest_run-02/selectrest".
250620-21:23:49,751 nipype.workflow INFO:
	 [Node] Setting-up "cpac_pipeline_pipeline1_sub-NDARINV003RTV85_ses-baselineYear1Arm1.func_ingress_sub-NDARINV003RTV85_ses-baselineYear1Arm1.check_func_scan" in "/ocean/projects/med250004p/bshresth/projects/surface_pipelines/outputs/working/pipeline_pipeline1/cpac_pipeline_pipeline1_sub-NDARINV003RTV85_ses-baselineYear1Arm1/func_ingress_sub-NDARINV003RTV85_ses-baselineYear1Arm1/_scan_rest_run-02/check_func_scan".
250620-21:23:49,767 nipype.workflow INFO:
	 [Node] Executing "selectrest" <CPAC.utils.interfaces.function.function.Function>
250620-21:23:49,768 nipype.workflow INFO:
	 [Node] Executing "check_func_scan" <CPAC.utils.interfaces.function.function.Function>
250620-21:23:50,53 nipype.workflow INFO:
	 [Node] Finished "check_func_scan", elapsed time 0.001556s.
250620-21:23:50,53 nipype.workflow INFO:
	 [Node] Finished "selectrest", elapsed time 0.001374s.
250620-21:23:51,531 nipype.workflow INFO:
	 [Job 14] Completed (cpac_pipeline_pipeline1_sub-NDARINV003RTV85_ses-baselineYear1Arm1.func_ingress_sub-NDARINV003RTV85_ses-baselineYear1Arm1.selectrest).
250620-21:23:51,537 nipype.workflow INFO:
	 [Job 15] Completed (cpac_pipeline_pipeline1_sub-NDARINV003RTV85_ses-baselineYear1Arm1.func_ingress_sub-NDARINV003RTV85_ses-baselineYear1Arm1.check_func_scan).
250620-21:23:51,541 nipype.workflow INFO:
	 [MultiProc] Running 0 tasks, and 13 jobs ready. Free memory (GB): 13.77/14.00, Free processors: 2/2.
250620-21:23:51,746 nipype.workflow INFO:
	 [Node] Setting-up "cpac_pipeline_pipeline1_sub-NDARINV003RTV85_ses-baselineYear1Arm1.func_ingress_sub-NDARINV003RTV85_ses-baselineYear1Arm1.select_scan_params" in "/ocean/projects/med250004p/bshresth/projects/surface_pipelines/outputs/working/pipeline_pipeline1/cpac_pipeline_pipeline1_sub-NDARINV003RTV85_ses-baselineYear1Arm1/func_ingress_sub-NDARINV003RTV85_ses-baselineYear1Arm1/_scan_rest_run-03/select_scan_params".
250620-21:23:51,747 nipype.workflow INFO:
	 [Node] Setting-up "cpac_pipeline_pipeline1_sub-NDARINV003RTV85_ses-baselineYear1Arm1.func_ingress_sub-NDARINV003RTV85_ses-baselineYear1Arm1.selectrest" in "/ocean/projects/med250004p/bshresth/projects/surface_pipelines/outputs/working/pipeline_pipeline1/cpac_pipeline_pipeline1_sub-NDARINV003RTV85_ses-baselineYear1Arm1/func_ingress_sub-NDARINV003RTV85_ses-baselineYear1Arm1/_scan_rest_run-03/selectrest".
250620-21:23:51,756 nipype.workflow INFO:
	 [Node] Executing "selectrest" <CPAC.utils.interfaces.function.function.Function>
250620-21:23:51,770 nipype.workflow INFO:
	 [Node] Executing "select_scan_params" <CPAC.utils.interfaces.function.function.Function>
250620-21:23:52,37 nipype.workflow INFO:
	 [Node] Finished "selectrest", elapsed time 0.001333s.
250620-21:23:52,42 nipype.workflow INFO:
	 [Node] Finished "select_scan_params", elapsed time 0.001165s.
250620-21:23:53,533 nipype.workflow INFO:
	 [Job 16] Completed (cpac_pipeline_pipeline1_sub-NDARINV003RTV85_ses-baselineYear1Arm1.func_ingress_sub-NDARINV003RTV85_ses-baselineYear1Arm1.select_scan_params).
250620-21:23:53,538 nipype.workflow INFO:
	 [Job 17] Completed (cpac_pipeline_pipeline1_sub-NDARINV003RTV85_ses-baselineYear1Arm1.func_ingress_sub-NDARINV003RTV85_ses-baselineYear1Arm1.selectrest).
250620-21:23:53,543 nipype.workflow INFO:
	 [MultiProc] Running 0 tasks, and 13 jobs ready. Free memory (GB): 13.77/14.00, Free processors: 2/2.
250620-21:23:53,752 nipype.workflow INFO:
	 [Node] Setting-up "cpac_pipeline_pipeline1_sub-NDARINV003RTV85_ses-baselineYear1Arm1.func_ingress_sub-NDARINV003RTV85_ses-baselineYear1Arm1.check_func_scan" in "/ocean/projects/med250004p/bshresth/projects/surface_pipelines/outputs/working/pipeline_pipeline1/cpac_pipeline_pipeline1_sub-NDARINV003RTV85_ses-baselineYear1Arm1/func_ingress_sub-NDARINV003RTV85_ses-baselineYear1Arm1/_scan_rest_run-03/check_func_scan".
250620-21:23:53,761 nipype.workflow INFO:
	 [Node] Executing "check_func_scan" <CPAC.utils.interfaces.function.function.Function>
250620-21:23:53,752 nipype.workflow INFO:
	 [Node] Setting-up "cpac_pipeline_pipeline1_sub-NDARINV003RTV85_ses-baselineYear1Arm1.json_desc-preproc_T1w_47" in "/ocean/projects/med250004p/bshresth/projects/surface_pipelines/outputs/working/pipeline_pipeline1/cpac_pipeline_pipeline1_sub-NDARINV003RTV85_ses-baselineYear1Arm1/json_desc-preproc_T1w_47".
250620-21:23:53,844 nipype.workflow INFO:
	 [Node] Executing "json_desc-preproc_T1w_47" <CPAC.utils.interfaces.function.function.Function>
250620-21:23:54,44 nipype.workflow INFO:
	 [Node] Finished "check_func_scan", elapsed time 0.001667s.
250620-21:23:54,127 nipype.workflow INFO:
	 [Node] Finished "json_desc-preproc_T1w_47", elapsed time 0.004252s.
250620-21:23:55,535 nipype.workflow INFO:
	 [Job 18] Completed (cpac_pipeline_pipeline1_sub-NDARINV003RTV85_ses-baselineYear1Arm1.func_ingress_sub-NDARINV003RTV85_ses-baselineYear1Arm1.check_func_scan).
250620-21:23:55,540 nipype.workflow INFO:
	 [Job 19] Completed (cpac_pipeline_pipeline1_sub-NDARINV003RTV85_ses-baselineYear1Arm1.json_desc-preproc_T1w_47).
250620-21:23:55,548 nipype.workflow INFO:
	 [MultiProc] Running 0 tasks, and 11 jobs ready. Free memory (GB): 13.77/14.00, Free processors: 2/2.
250620-21:23:55,758 nipype.workflow INFO:
	 [Node] Setting-up "cpac_pipeline_pipeline1_sub-NDARINV003RTV85_ses-baselineYear1Arm1.json_desc-head_T1w_49" in "/ocean/projects/med250004p/bshresth/projects/surface_pipelines/outputs/working/pipeline_pipeline1/cpac_pipeline_pipeline1_sub-NDARINV003RTV85_ses-baselineYear1Arm1/json_desc-head_T1w_49".
250620-21:23:55,759 nipype.workflow INFO:
	 [Node] Setting-up "cpac_pipeline_pipeline1_sub-NDARINV003RTV85_ses-baselineYear1Arm1.json_desc-restore_T1w_55" in "/ocean/projects/med250004p/bshresth/projects/surface_pipelines/outputs/working/pipeline_pipeline1/cpac_pipeline_pipeline1_sub-NDARINV003RTV85_ses-baselineYear1Arm1/json_desc-restore_T1w_55".
250620-21:23:55,781 nipype.workflow INFO:
	 [Node] Executing "json_desc-restore_T1w_55" <CPAC.utils.interfaces.function.function.Function>
250620-21:23:55,781 nipype.workflow INFO:
	 [Node] Executing "json_desc-head_T1w_49" <CPAC.utils.interfaces.function.function.Function>
250620-21:23:56,62 nipype.workflow INFO:
	 [Node] Finished "json_desc-restore_T1w_55", elapsed time 0.004193s.
250620-21:23:56,120 nipype.workflow INFO:
	 [Node] Finished "json_desc-head_T1w_49", elapsed time 0.004271s.
250620-21:23:57,537 nipype.workflow INFO:
	 [Job 20] Completed (cpac_pipeline_pipeline1_sub-NDARINV003RTV85_ses-baselineYear1Arm1.json_desc-head_T1w_49).
250620-21:23:57,547 nipype.workflow INFO:
	 [Job 21] Completed (cpac_pipeline_pipeline1_sub-NDARINV003RTV85_ses-baselineYear1Arm1.json_desc-restore_T1w_55).
250620-21:23:57,555 nipype.workflow INFO:
	 [MultiProc] Running 0 tasks, and 9 jobs ready. Free memory (GB): 13.77/14.00, Free processors: 2/2.
250620-21:23:57,767 nipype.workflow INFO:
	 [Node] Setting-up "cpac_pipeline_pipeline1_sub-NDARINV003RTV85_ses-baselineYear1Arm1.json_desc-restore-brain_T1w_56" in "/ocean/projects/med250004p/bshresth/projects/surface_pipelines/outputs/working/pipeline_pipeline1/cpac_pipeline_pipeline1_sub-NDARINV003RTV85_ses-baselineYear1Arm1/json_desc-restore-brain_T1w_56".
250620-21:23:57,791 nipype.workflow INFO:
	 [Node] Executing "json_desc-restore-brain_T1w_56" <CPAC.utils.interfaces.function.function.Function>
250620-21:23:57,767 nipype.workflow INFO:
	 [Node] Setting-up "cpac_pipeline_pipeline1_sub-NDARINV003RTV85_ses-baselineYear1Arm1.reorient_surface-parcellation-atlas" in "/ocean/projects/med250004p/bshresth/projects/surface_pipelines/outputs/working/pipeline_pipeline1/cpac_pipeline_pipeline1_sub-NDARINV003RTV85_ses-baselineYear1Arm1/reorient_surface-parcellation-atlas".
250620-21:23:57,857 nipype.workflow INFO:
	 [Node] Executing "reorient_surface-parcellation-atlas" <nipype.interfaces.afni.utils.Resample>
250620-21:23:58,75 nipype.workflow INFO:
	 [Node] Finished "json_desc-restore-brain_T1w_56", elapsed time 0.004322s.
250620-21:23:59,538 nipype.workflow INFO:
	 [Job 22] Completed (cpac_pipeline_pipeline1_sub-NDARINV003RTV85_ses-baselineYear1Arm1.json_desc-restore-brain_T1w_56).
250620-21:23:59,548 nipype.workflow INFO:
	 [MultiProc] Running 1 tasks, and 7 jobs ready. Free memory (GB): 11.77/14.00, Free processors: 1/2.
                     Currently running:
                       * cpac_pipeline_pipeline1_sub-NDARINV003RTV85_ses-baselineYear1Arm1.reorient_surface-parcellation-atlas
250620-21:23:59,777 nipype.workflow INFO:
	 [Node] Setting-up "cpac_pipeline_pipeline1_sub-NDARINV003RTV85_ses-baselineYear1Arm1.anat_deoblique_refit_0" in "/ocean/projects/med250004p/bshresth/projects/surface_pipelines/outputs/working/pipeline_pipeline1/cpac_pipeline_pipeline1_sub-NDARINV003RTV85_ses-baselineYear1Arm1/anat_deoblique_refit_0".
250620-21:24:00,467 nipype.workflow INFO:
	 [Node] Executing "anat_deoblique_refit_0" <nipype.interfaces.afni.utils.Refit>
250620-21:24:01,500 nipype.workflow INFO:
	 [Node] Finished "anat_deoblique_refit_0", elapsed time 0.743461s.
250620-21:24:01,540 nipype.workflow INFO:
	 [Job 24] Completed (cpac_pipeline_pipeline1_sub-NDARINV003RTV85_ses-baselineYear1Arm1.anat_deoblique_refit_0).
250620-21:24:01,545 nipype.workflow INFO:
	 [MultiProc] Running 1 tasks, and 7 jobs ready. Free memory (GB): 11.77/14.00, Free processors: 1/2.
                     Currently running:
                       * cpac_pipeline_pipeline1_sub-NDARINV003RTV85_ses-baselineYear1Arm1.reorient_surface-parcellation-atlas
250620-21:24:01,746 nipype.workflow INFO:
	 [Node] Setting-up "cpac_pipeline_pipeline1_sub-NDARINV003RTV85_ses-baselineYear1Arm1.func_ingress_sub-NDARINV003RTV85_ses-baselineYear1Arm1.s3_scan_params" in "/ocean/projects/med250004p/bshresth/projects/surface_pipelines/outputs/working/pipeline_pipeline1/cpac_pipeline_pipeline1_sub-NDARINV003RTV85_ses-baselineYear1Arm1/func_ingress_sub-NDARINV003RTV85_ses-baselineYear1Arm1/_scan_rest_run-01/s3_scan_params".
250620-21:24:01,773 nipype.workflow INFO:
	 [Node] Executing "s3_scan_params" <CPAC.utils.interfaces.function.function.Function>
250620-21:24:02,69 nipype.workflow INFO:
	 [Node] Finished "s3_scan_params", elapsed time 0.005604s.
250620-21:24:03,541 nipype.workflow INFO:
	 [Job 25] Completed (cpac_pipeline_pipeline1_sub-NDARINV003RTV85_ses-baselineYear1Arm1.func_ingress_sub-NDARINV003RTV85_ses-baselineYear1Arm1.s3_scan_params).
250620-21:24:03,546 nipype.workflow INFO:
	 [MultiProc] Running 1 tasks, and 7 jobs ready. Free memory (GB): 11.77/14.00, Free processors: 1/2.
                     Currently running:
                       * cpac_pipeline_pipeline1_sub-NDARINV003RTV85_ses-baselineYear1Arm1.reorient_surface-parcellation-atlas
250620-21:24:03,765 nipype.workflow INFO:
	 [Node] Setting-up "cpac_pipeline_pipeline1_sub-NDARINV003RTV85_ses-baselineYear1Arm1.func_ingress_sub-NDARINV003RTV85_ses-baselineYear1Arm1.check_for_s3" in "/ocean/projects/med250004p/bshresth/projects/surface_pipelines/outputs/working/pipeline_pipeline1/cpac_pipeline_pipeline1_sub-NDARINV003RTV85_ses-baselineYear1Arm1/func_ingress_sub-NDARINV003RTV85_ses-baselineYear1Arm1/_scan_rest_run-01/check_for_s3".
250620-21:24:03,788 nipype.workflow INFO:
	 [Node] Executing "check_for_s3" <CPAC.utils.interfaces.function.function.Function>
250620-21:24:04,91 nipype.workflow INFO:
	 [Node] Finished "check_for_s3", elapsed time 0.008066s.
250620-21:24:05,543 nipype.workflow INFO:
	 [Job 26] Completed (cpac_pipeline_pipeline1_sub-NDARINV003RTV85_ses-baselineYear1Arm1.func_ingress_sub-NDARINV003RTV85_ses-baselineYear1Arm1.check_for_s3).
250620-21:24:05,548 nipype.workflow INFO:
	 [MultiProc] Running 1 tasks, and 6 jobs ready. Free memory (GB): 11.77/14.00, Free processors: 1/2.
                     Currently running:
                       * cpac_pipeline_pipeline1_sub-NDARINV003RTV85_ses-baselineYear1Arm1.reorient_surface-parcellation-atlas
250620-21:24:05,784 nipype.workflow INFO:
	 [Node] Setting-up "cpac_pipeline_pipeline1_sub-NDARINV003RTV85_ses-baselineYear1Arm1.func_ingress_sub-NDARINV003RTV85_ses-baselineYear1Arm1.s3_scan_params" in "/ocean/projects/med250004p/bshresth/projects/surface_pipelines/outputs/working/pipeline_pipeline1/cpac_pipeline_pipeline1_sub-NDARINV003RTV85_ses-baselineYear1Arm1/func_ingress_sub-NDARINV003RTV85_ses-baselineYear1Arm1/_scan_rest_run-02/s3_scan_params".
250620-21:24:05,797 nipype.workflow INFO:
	 [Node] Executing "s3_scan_params" <CPAC.utils.interfaces.function.function.Function>
250620-21:24:06,92 nipype.workflow INFO:
	 [Node] Finished "s3_scan_params", elapsed time 0.004348s.
250620-21:24:07,546 nipype.workflow INFO:
	 [Job 27] Completed (cpac_pipeline_pipeline1_sub-NDARINV003RTV85_ses-baselineYear1Arm1.func_ingress_sub-NDARINV003RTV85_ses-baselineYear1Arm1.s3_scan_params).
250620-21:24:07,551 nipype.workflow INFO:
	 [MultiProc] Running 1 tasks, and 6 jobs ready. Free memory (GB): 11.77/14.00, Free processors: 1/2.
                     Currently running:
                       * cpac_pipeline_pipeline1_sub-NDARINV003RTV85_ses-baselineYear1Arm1.reorient_surface-parcellation-atlas
250620-21:24:07,813 nipype.workflow INFO:
	 [Node] Setting-up "cpac_pipeline_pipeline1_sub-NDARINV003RTV85_ses-baselineYear1Arm1.func_ingress_sub-NDARINV003RTV85_ses-baselineYear1Arm1.check_for_s3" in "/ocean/projects/med250004p/bshresth/projects/surface_pipelines/outputs/working/pipeline_pipeline1/cpac_pipeline_pipeline1_sub-NDARINV003RTV85_ses-baselineYear1Arm1/func_ingress_sub-NDARINV003RTV85_ses-baselineYear1Arm1/_scan_rest_run-02/check_for_s3".
250620-21:24:07,823 nipype.workflow INFO:
	 [Node] Executing "check_for_s3" <CPAC.utils.interfaces.function.function.Function>
250620-21:24:08,132 nipype.workflow INFO:
	 [Node] Finished "check_for_s3", elapsed time 0.007523s.
250620-21:24:09,548 nipype.workflow INFO:
	 [Job 28] Completed (cpac_pipeline_pipeline1_sub-NDARINV003RTV85_ses-baselineYear1Arm1.func_ingress_sub-NDARINV003RTV85_ses-baselineYear1Arm1.check_for_s3).
250620-21:24:09,554 nipype.workflow INFO:
	 [MultiProc] Running 1 tasks, and 5 jobs ready. Free memory (GB): 11.77/14.00, Free processors: 1/2.
                     Currently running:
                       * cpac_pipeline_pipeline1_sub-NDARINV003RTV85_ses-baselineYear1Arm1.reorient_surface-parcellation-atlas
250620-21:24:09,782 nipype.workflow INFO:
	 [Node] Setting-up "cpac_pipeline_pipeline1_sub-NDARINV003RTV85_ses-baselineYear1Arm1.func_ingress_sub-NDARINV003RTV85_ses-baselineYear1Arm1.s3_scan_params" in "/ocean/projects/med250004p/bshresth/projects/surface_pipelines/outputs/working/pipeline_pipeline1/cpac_pipeline_pipeline1_sub-NDARINV003RTV85_ses-baselineYear1Arm1/func_ingress_sub-NDARINV003RTV85_ses-baselineYear1Arm1/_scan_rest_run-03/s3_scan_params".
250620-21:24:09,838 nipype.workflow INFO:
	 [Node] Executing "s3_scan_params" <CPAC.utils.interfaces.function.function.Function>
250620-21:24:10,147 nipype.workflow INFO:
	 [Node] Finished "s3_scan_params", elapsed time 0.004533s.
250620-21:24:11,550 nipype.workflow INFO:
	 [Job 29] Completed (cpac_pipeline_pipeline1_sub-NDARINV003RTV85_ses-baselineYear1Arm1.func_ingress_sub-NDARINV003RTV85_ses-baselineYear1Arm1.s3_scan_params).
250620-21:24:11,556 nipype.workflow INFO:
	 [MultiProc] Running 1 tasks, and 5 jobs ready. Free memory (GB): 11.77/14.00, Free processors: 1/2.
                     Currently running:
                       * cpac_pipeline_pipeline1_sub-NDARINV003RTV85_ses-baselineYear1Arm1.reorient_surface-parcellation-atlas
250620-21:24:11,781 nipype.workflow INFO:
	 [Node] Setting-up "cpac_pipeline_pipeline1_sub-NDARINV003RTV85_ses-baselineYear1Arm1.func_ingress_sub-NDARINV003RTV85_ses-baselineYear1Arm1.check_for_s3" in "/ocean/projects/med250004p/bshresth/projects/surface_pipelines/outputs/working/pipeline_pipeline1/cpac_pipeline_pipeline1_sub-NDARINV003RTV85_ses-baselineYear1Arm1/func_ingress_sub-NDARINV003RTV85_ses-baselineYear1Arm1/_scan_rest_run-03/check_for_s3".
250620-21:24:11,801 nipype.workflow INFO:
	 [Node] Executing "check_for_s3" <CPAC.utils.interfaces.function.function.Function>
250620-21:24:12,104 nipype.workflow INFO:
	 [Node] Finished "check_for_s3", elapsed time 0.008158s.
250620-21:24:13,553 nipype.workflow INFO:
	 [Job 30] Completed (cpac_pipeline_pipeline1_sub-NDARINV003RTV85_ses-baselineYear1Arm1.func_ingress_sub-NDARINV003RTV85_ses-baselineYear1Arm1.check_for_s3).
250620-21:24:13,558 nipype.workflow INFO:
	 [MultiProc] Running 1 tasks, and 4 jobs ready. Free memory (GB): 11.77/14.00, Free processors: 1/2.
                     Currently running:
                       * cpac_pipeline_pipeline1_sub-NDARINV003RTV85_ses-baselineYear1Arm1.reorient_surface-parcellation-atlas
250620-21:24:13,793 nipype.workflow INFO:
	 [Node] Setting-up "cpac_pipeline_pipeline1_sub-NDARINV003RTV85_ses-baselineYear1Arm1.anat_reorient_0" in "/ocean/projects/med250004p/bshresth/projects/surface_pipelines/outputs/working/pipeline_pipeline1/cpac_pipeline_pipeline1_sub-NDARINV003RTV85_ses-baselineYear1Arm1/anat_reorient_0".
250620-21:24:13,833 nipype.workflow INFO:
	 [Node] Executing "anat_reorient_0" <nipype.interfaces.afni.utils.Resample>
250620-21:24:15,554 nipype.workflow INFO:
	 [MultiProc] Running 2 tasks, and 3 jobs ready. Free memory (GB): 7.36/14.00, Free processors: 0/2.
                     Currently running:
                       * cpac_pipeline_pipeline1_sub-NDARINV003RTV85_ses-baselineYear1Arm1.anat_reorient_0
                       * cpac_pipeline_pipeline1_sub-NDARINV003RTV85_ses-baselineYear1Arm1.reorient_surface-parcellation-atlas
250620-21:24:15,556 nipype.workflow INFO:
	 No resources available. Potential deadlock
250620-21:24:16,744 nipype.workflow INFO:
	 [Node] Finished "anat_reorient_0", elapsed time 2.592883s.
250620-21:24:17,556 nipype.workflow INFO:
	 [Job 31] Completed (cpac_pipeline_pipeline1_sub-NDARINV003RTV85_ses-baselineYear1Arm1.anat_reorient_0).
250620-21:24:17,562 nipype.workflow INFO:
	 [MultiProc] Running 1 tasks, and 7 jobs ready. Free memory (GB): 11.77/14.00, Free processors: 1/2.
                     Currently running:
                       * cpac_pipeline_pipeline1_sub-NDARINV003RTV85_ses-baselineYear1Arm1.reorient_surface-parcellation-atlas
250620-21:24:17,782 nipype.workflow INFO:
	 [Node] Setting-up "cpac_pipeline_pipeline1_sub-NDARINV003RTV85_ses-baselineYear1Arm1.bold_scan_params_sub-NDARINV003RTV85_ses-baselineYear1Arm1" in "/ocean/projects/med250004p/bshresth/projects/surface_pipelines/outputs/working/pipeline_pipeline1/cpac_pipeline_pipeline1_sub-NDARINV003RTV85_ses-baselineYear1Arm1/_scan_rest_run-01/bold_scan_params_sub-NDARINV003RTV85_ses-baselineYear1Arm1".
250620-21:24:17,792 nipype.workflow INFO:
	 [Node] Executing "bold_scan_params_sub-NDARINV003RTV85_ses-baselineYear1Arm1" <CPAC.utils.interfaces.function.function.Function>
250620-21:24:18,26 nipype.workflow WARNING:
	 None of ['Template', 'template'] found in ['EchoTime', 'FlipAngle', 'RepetitionTime', 'TaskName', 'registration_matrix_T1']. Falling back to None (<class 'NoneType'>).
250620-21:24:18,27 nipype.workflow WARNING:
	 None of ['acquisition', 'SliceTiming', 'SliceAcquisitionOrder'] found in ['EchoTime', 'FlipAngle', 'RepetitionTime', 'TaskName', 'registration_matrix_T1']. Falling back to None (<class 'NoneType'>).
250620-21:24:18,28 nipype.workflow WARNING:
	 None of ['reference'] found in ['EchoTime', 'FlipAngle', 'RepetitionTime', 'TaskName', 'registration_matrix_T1']. Falling back to None (<class 'NoneType'>).
250620-21:24:18,29 nipype.workflow WARNING:
	 None of ['first_TR'] found in ['EchoTime', 'FlipAngle', 'RepetitionTime', 'TaskName', 'registration_matrix_T1']. Falling back to 0 (<class 'int'>).
250620-21:24:18,30 nipype.workflow WARNING:
	 None of ['last_TR'] found in ['EchoTime', 'FlipAngle', 'RepetitionTime', 'TaskName', 'registration_matrix_T1']. Falling back to None (<class 'NoneType'>).
250620-21:24:18,31 nipype.workflow WARNING:
	 None of ['PhaseEncodingDirection'] found in ['EchoTime', 'FlipAngle', 'RepetitionTime', 'TaskName', 'registration_matrix_T1']. Falling back to  (<class 'str'>).
250620-21:24:18,32 nipype.workflow WARNING:
	 None of ['EffectiveEchoSpacing'] found in ['EchoTime', 'FlipAngle', 'RepetitionTime', 'TaskName', 'registration_matrix_T1']. Falling back to None (<class 'NoneType'>).
250620-21:24:18,88 nipype.workflow INFO:
	 [Node] Finished "bold_scan_params_sub-NDARINV003RTV85_ses-baselineYear1Arm1", elapsed time 0.009688s.
250620-21:24:19,558 nipype.workflow INFO:
	 [Job 32] Completed (cpac_pipeline_pipeline1_sub-NDARINV003RTV85_ses-baselineYear1Arm1.bold_scan_params_sub-NDARINV003RTV85_ses-baselineYear1Arm1).
250620-21:24:19,564 nipype.workflow INFO:
	 [MultiProc] Running 1 tasks, and 6 jobs ready. Free memory (GB): 11.77/14.00, Free processors: 1/2.
                     Currently running:
                       * cpac_pipeline_pipeline1_sub-NDARINV003RTV85_ses-baselineYear1Arm1.reorient_surface-parcellation-atlas
250620-21:24:19,785 nipype.workflow INFO:
	 [Node] Setting-up "cpac_pipeline_pipeline1_sub-NDARINV003RTV85_ses-baselineYear1Arm1.bold_scan_params_sub-NDARINV003RTV85_ses-baselineYear1Arm1" in "/ocean/projects/med250004p/bshresth/projects/surface_pipelines/outputs/working/pipeline_pipeline1/cpac_pipeline_pipeline1_sub-NDARINV003RTV85_ses-baselineYear1Arm1/_scan_rest_run-02/bold_scan_params_sub-NDARINV003RTV85_ses-baselineYear1Arm1".
250620-21:24:19,797 nipype.workflow INFO:
	 [Node] Executing "bold_scan_params_sub-NDARINV003RTV85_ses-baselineYear1Arm1" <CPAC.utils.interfaces.function.function.Function>
250620-21:24:20,38 nipype.workflow WARNING:
	 None of ['Template', 'template'] found in ['EchoTime', 'FlipAngle', 'RepetitionTime', 'TaskName', 'registration_matrix_T1']. Falling back to None (<class 'NoneType'>).
250620-21:24:20,42 nipype.workflow WARNING:
	 None of ['acquisition', 'SliceTiming', 'SliceAcquisitionOrder'] found in ['EchoTime', 'FlipAngle', 'RepetitionTime', 'TaskName', 'registration_matrix_T1']. Falling back to None (<class 'NoneType'>).
250620-21:24:20,43 nipype.workflow WARNING:
	 None of ['reference'] found in ['EchoTime', 'FlipAngle', 'RepetitionTime', 'TaskName', 'registration_matrix_T1']. Falling back to None (<class 'NoneType'>).
250620-21:24:20,44 nipype.workflow WARNING:
	 None of ['first_TR'] found in ['EchoTime', 'FlipAngle', 'RepetitionTime', 'TaskName', 'registration_matrix_T1']. Falling back to 0 (<class 'int'>).
250620-21:24:20,45 nipype.workflow WARNING:
	 None of ['last_TR'] found in ['EchoTime', 'FlipAngle', 'RepetitionTime', 'TaskName', 'registration_matrix_T1']. Falling back to None (<class 'NoneType'>).
250620-21:24:20,49 nipype.workflow WARNING:
	 None of ['PhaseEncodingDirection'] found in ['EchoTime', 'FlipAngle', 'RepetitionTime', 'TaskName', 'registration_matrix_T1']. Falling back to  (<class 'str'>).
250620-21:24:20,51 nipype.workflow WARNING:
	 None of ['EffectiveEchoSpacing'] found in ['EchoTime', 'FlipAngle', 'RepetitionTime', 'TaskName', 'registration_matrix_T1']. Falling back to None (<class 'NoneType'>).
250620-21:24:20,98 nipype.workflow INFO:
	 [Node] Finished "bold_scan_params_sub-NDARINV003RTV85_ses-baselineYear1Arm1", elapsed time 0.019206s.
250620-21:24:21,560 nipype.workflow INFO:
	 [Job 33] Completed (cpac_pipeline_pipeline1_sub-NDARINV003RTV85_ses-baselineYear1Arm1.bold_scan_params_sub-NDARINV003RTV85_ses-baselineYear1Arm1).
250620-21:24:21,566 nipype.workflow INFO:
	 [MultiProc] Running 1 tasks, and 5 jobs ready. Free memory (GB): 11.77/14.00, Free processors: 1/2.
                     Currently running:
                       * cpac_pipeline_pipeline1_sub-NDARINV003RTV85_ses-baselineYear1Arm1.reorient_surface-parcellation-atlas
250620-21:24:21,800 nipype.workflow INFO:
	 [Node] Setting-up "cpac_pipeline_pipeline1_sub-NDARINV003RTV85_ses-baselineYear1Arm1.bold_scan_params_sub-NDARINV003RTV85_ses-baselineYear1Arm1" in "/ocean/projects/med250004p/bshresth/projects/surface_pipelines/outputs/working/pipeline_pipeline1/cpac_pipeline_pipeline1_sub-NDARINV003RTV85_ses-baselineYear1Arm1/_scan_rest_run-03/bold_scan_params_sub-NDARINV003RTV85_ses-baselineYear1Arm1".
250620-21:24:21,823 nipype.workflow INFO:
	 [Node] Executing "bold_scan_params_sub-NDARINV003RTV85_ses-baselineYear1Arm1" <CPAC.utils.interfaces.function.function.Function>
250620-21:24:22,58 nipype.workflow WARNING:
	 None of ['Template', 'template'] found in ['EchoTime', 'FlipAngle', 'RepetitionTime', 'TaskName', 'registration_matrix_T1']. Falling back to None (<class 'NoneType'>).
250620-21:24:22,60 nipype.workflow WARNING:
	 None of ['acquisition', 'SliceTiming', 'SliceAcquisitionOrder'] found in ['EchoTime', 'FlipAngle', 'RepetitionTime', 'TaskName', 'registration_matrix_T1']. Falling back to None (<class 'NoneType'>).
250620-21:24:22,61 nipype.workflow WARNING:
	 None of ['reference'] found in ['EchoTime', 'FlipAngle', 'RepetitionTime', 'TaskName', 'registration_matrix_T1']. Falling back to None (<class 'NoneType'>).
250620-21:24:22,61 nipype.workflow WARNING:
	 None of ['first_TR'] found in ['EchoTime', 'FlipAngle', 'RepetitionTime', 'TaskName', 'registration_matrix_T1']. Falling back to 0 (<class 'int'>).
250620-21:24:22,62 nipype.workflow WARNING:
	 None of ['last_TR'] found in ['EchoTime', 'FlipAngle', 'RepetitionTime', 'TaskName', 'registration_matrix_T1']. Falling back to None (<class 'NoneType'>).
250620-21:24:22,64 nipype.workflow WARNING:
	 None of ['PhaseEncodingDirection'] found in ['EchoTime', 'FlipAngle', 'RepetitionTime', 'TaskName', 'registration_matrix_T1']. Falling back to  (<class 'str'>).
250620-21:24:22,64 nipype.workflow WARNING:
	 None of ['EffectiveEchoSpacing'] found in ['EchoTime', 'FlipAngle', 'RepetitionTime', 'TaskName', 'registration_matrix_T1']. Falling back to None (<class 'NoneType'>).
250620-21:24:22,127 nipype.workflow INFO:
	 [Node] Finished "bold_scan_params_sub-NDARINV003RTV85_ses-baselineYear1Arm1", elapsed time 0.009634s.
250620-21:24:23,562 nipype.workflow INFO:
	 [Job 34] Completed (cpac_pipeline_pipeline1_sub-NDARINV003RTV85_ses-baselineYear1Arm1.bold_scan_params_sub-NDARINV003RTV85_ses-baselineYear1Arm1).
250620-21:24:23,569 nipype.workflow INFO:
	 [MultiProc] Running 1 tasks, and 4 jobs ready. Free memory (GB): 11.77/14.00, Free processors: 1/2.
                     Currently running:
                       * cpac_pipeline_pipeline1_sub-NDARINV003RTV85_ses-baselineYear1Arm1.reorient_surface-parcellation-atlas
250620-21:24:23,808 nipype.workflow INFO:
	 [Node] Setting-up "cpac_pipeline_pipeline1_sub-NDARINV003RTV85_ses-baselineYear1Arm1.resample_anat_head_1mm_50" in "/ocean/projects/med250004p/bshresth/projects/surface_pipelines/outputs/working/pipeline_pipeline1/cpac_pipeline_pipeline1_sub-NDARINV003RTV85_ses-baselineYear1Arm1/resample_anat_head_1mm_50".
250620-21:24:23,827 nipype.workflow INFO:
	 [Node] Executing "resample_anat_head_1mm_50" <nipype.interfaces.fsl.preprocess.FLIRT>
250620-21:24:25,564 nipype.workflow INFO:
	 [MultiProc] Running 2 tasks, and 3 jobs ready. Free memory (GB): 9.77/14.00, Free processors: 0/2.
                     Currently running:
                       * cpac_pipeline_pipeline1_sub-NDARINV003RTV85_ses-baselineYear1Arm1.resample_anat_head_1mm_50
                       * cpac_pipeline_pipeline1_sub-NDARINV003RTV85_ses-baselineYear1Arm1.reorient_surface-parcellation-atlas
250620-21:24:25,566 nipype.workflow INFO:
	 No resources available. Potential deadlock
250620-21:24:27,565 nipype.workflow INFO:
	 No resources available. Potential deadlock
250620-21:24:29,567 nipype.workflow INFO:
	 No resources available. Potential deadlock
250620-21:24:31,569 nipype.workflow INFO:
	 No resources available. Potential deadlock
250620-21:24:33,571 nipype.workflow INFO:
	 No resources available. Potential deadlock
250620-21:24:35,573 nipype.workflow INFO:
	 No resources available. Potential deadlock
250620-21:24:37,575 nipype.workflow INFO:
	 No resources available. Potential deadlock
250620-21:24:39,577 nipype.workflow INFO:
	 No resources available. Potential deadlock
250620-21:24:41,579 nipype.workflow INFO:
	 No resources available. Potential deadlock
250620-21:24:41,770 nipype.workflow INFO:
	 [Node] Finished "resample_anat_head_1mm_50", elapsed time 17.669758s.
250620-21:24:43,581 nipype.workflow INFO:
	 [Job 35] Completed (cpac_pipeline_pipeline1_sub-NDARINV003RTV85_ses-baselineYear1Arm1.resample_anat_head_1mm_50).
250620-21:24:43,587 nipype.workflow INFO:
	 [MultiProc] Running 1 tasks, and 4 jobs ready. Free memory (GB): 11.77/14.00, Free processors: 1/2.
                     Currently running:
                       * cpac_pipeline_pipeline1_sub-NDARINV003RTV85_ses-baselineYear1Arm1.reorient_surface-parcellation-atlas
250620-21:24:43,811 nipype.workflow INFO:
	 [Node] Setting-up "cpac_pipeline_pipeline1_sub-NDARINV003RTV85_ses-baselineYear1Arm1.nii_desc-preproc_T1w_47" in "/ocean/projects/med250004p/bshresth/projects/surface_pipelines/outputs/working/pipeline_pipeline1/cpac_pipeline_pipeline1_sub-NDARINV003RTV85_ses-baselineYear1Arm1/nii_desc-preproc_T1w_47".
250620-21:24:43,822 nipype.workflow INFO:
	 [Node] Executing "nii_desc-preproc_T1w_47" <nipype.interfaces.utility.base.Rename>
250620-21:24:44,115 nipype.workflow INFO:
	 [Node] Finished "nii_desc-preproc_T1w_47", elapsed time 0.005928s.
250620-21:24:45,583 nipype.workflow INFO:
	 [Job 36] Completed (cpac_pipeline_pipeline1_sub-NDARINV003RTV85_ses-baselineYear1Arm1.nii_desc-preproc_T1w_47).
250620-21:24:45,588 nipype.workflow INFO:
	 [MultiProc] Running 1 tasks, and 4 jobs ready. Free memory (GB): 11.77/14.00, Free processors: 1/2.
                     Currently running:
                       * cpac_pipeline_pipeline1_sub-NDARINV003RTV85_ses-baselineYear1Arm1.reorient_surface-parcellation-atlas
250620-21:24:45,822 nipype.workflow INFO:
	 [Node] Setting-up "cpac_pipeline_pipeline1_sub-NDARINV003RTV85_ses-baselineYear1Arm1.nii_desc-head_T1w_49" in "/ocean/projects/med250004p/bshresth/projects/surface_pipelines/outputs/working/pipeline_pipeline1/cpac_pipeline_pipeline1_sub-NDARINV003RTV85_ses-baselineYear1Arm1/nii_desc-head_T1w_49".
250620-21:24:45,851 nipype.workflow INFO:
	 [Node] Executing "nii_desc-head_T1w_49" <nipype.interfaces.utility.base.Rename>
250620-21:24:46,162 nipype.workflow INFO:
	 [Node] Finished "nii_desc-head_T1w_49", elapsed time 0.006069s.
250620-21:24:47,584 nipype.workflow INFO:
	 [Job 37] Completed (cpac_pipeline_pipeline1_sub-NDARINV003RTV85_ses-baselineYear1Arm1.nii_desc-head_T1w_49).
250620-21:24:47,589 nipype.workflow INFO:
	 [MultiProc] Running 1 tasks, and 4 jobs ready. Free memory (GB): 11.77/14.00, Free processors: 1/2.
                     Currently running:
                       * cpac_pipeline_pipeline1_sub-NDARINV003RTV85_ses-baselineYear1Arm1.reorient_surface-parcellation-atlas
250620-21:24:47,828 nipype.workflow INFO:
	 [Node] Setting-up "cpac_pipeline_pipeline1_sub-NDARINV003RTV85_ses-baselineYear1Arm1.fnirt_based_brain_extraction_50.linear_reg" in "/ocean/projects/med250004p/bshresth/projects/surface_pipelines/outputs/working/pipeline_pipeline1/cpac_pipeline_pipeline1_sub-NDARINV003RTV85_ses-baselineYear1Arm1/fnirt_based_brain_extraction_50/linear_reg".
250620-21:24:47,869 nipype.workflow INFO:
	 [Node] Executing "linear_reg" <nipype.interfaces.fsl.preprocess.FLIRT>
250620-21:24:49,586 nipype.workflow INFO:
	 [MultiProc] Running 2 tasks, and 3 jobs ready. Free memory (GB): 9.77/14.00, Free processors: 0/2.
                     Currently running:
                       * cpac_pipeline_pipeline1_sub-NDARINV003RTV85_ses-baselineYear1Arm1.fnirt_based_brain_extraction_50.linear_reg
                       * cpac_pipeline_pipeline1_sub-NDARINV003RTV85_ses-baselineYear1Arm1.reorient_surface-parcellation-atlas
250620-21:24:49,589 nipype.workflow INFO:
	 No resources available. Potential deadlock
250620-21:24:51,588 nipype.workflow INFO:
	 No resources available. Potential deadlock
250620-21:24:53,590 nipype.workflow INFO:
	 No resources available. Potential deadlock
250620-21:24:55,593 nipype.workflow INFO:
	 No resources available. Potential deadlock
250620-21:24:57,594 nipype.workflow INFO:
	 No resources available. Potential deadlock
250620-21:24:59,596 nipype.workflow INFO:
	 No resources available. Potential deadlock
250620-21:25:01,598 nipype.workflow INFO:
	 No resources available. Potential deadlock
250620-21:25:03,600 nipype.workflow INFO:
	 No resources available. Potential deadlock
250620-21:25:05,602 nipype.workflow INFO:
	 No resources available. Potential deadlock
250620-21:25:06,617 nipype.workflow INFO:
	 [Node] Finished "reorient_surface-parcellation-atlas", elapsed time 68.480971s.
250620-21:25:07,604 nipype.workflow INFO:
	 [Job 23] Completed (cpac_pipeline_pipeline1_sub-NDARINV003RTV85_ses-baselineYear1Arm1.reorient_surface-parcellation-atlas).
250620-21:25:07,610 nipype.workflow INFO:
	 [MultiProc] Running 1 tasks, and 3 jobs ready. Free memory (GB): 11.77/14.00, Free processors: 1/2.
                     Currently running:
                       * cpac_pipeline_pipeline1_sub-NDARINV003RTV85_ses-baselineYear1Arm1.fnirt_based_brain_extraction_50.linear_reg
250620-21:25:07,859 nipype.workflow INFO:
	 [Node] Setting-up "cpac_pipeline_pipeline1_sub-NDARINV003RTV85_ses-baselineYear1Arm1.applywarp_head_to_head_1mm_50" in "/ocean/projects/med250004p/bshresth/projects/surface_pipelines/outputs/working/pipeline_pipeline1/cpac_pipeline_pipeline1_sub-NDARINV003RTV85_ses-baselineYear1Arm1/applywarp_head_to_head_1mm_50".
250620-21:25:07,907 nipype.workflow INFO:
	 [Node] Executing "applywarp_head_to_head_1mm_50" <nipype.interfaces.fsl.preprocess.ApplyWarp>
250620-21:25:09,606 nipype.workflow INFO:
	 [MultiProc] Running 2 tasks, and 2 jobs ready. Free memory (GB): 9.77/14.00, Free processors: 0/2.
                     Currently running:
                       * cpac_pipeline_pipeline1_sub-NDARINV003RTV85_ses-baselineYear1Arm1.applywarp_head_to_head_1mm_50
                       * cpac_pipeline_pipeline1_sub-NDARINV003RTV85_ses-baselineYear1Arm1.fnirt_based_brain_extraction_50.linear_reg
250620-21:25:09,609 nipype.workflow INFO:
	 No resources available. Potential deadlock
250620-21:25:11,608 nipype.workflow INFO:
	 No resources available. Potential deadlock
250620-21:25:13,610 nipype.workflow INFO:
	 No resources available. Potential deadlock
250620-21:25:15,612 nipype.workflow INFO:
	 No resources available. Potential deadlock
250620-21:25:17,614 nipype.workflow INFO:
	 No resources available. Potential deadlock
250620-21:25:19,616 nipype.workflow INFO:
	 No resources available. Potential deadlock
250620-21:25:21,618 nipype.workflow INFO:
	 No resources available. Potential deadlock
250620-21:25:23,620 nipype.workflow INFO:
	 No resources available. Potential deadlock
250620-21:25:25,622 nipype.workflow INFO:
	 No resources available. Potential deadlock
250620-21:25:27,624 nipype.workflow INFO:
	 No resources available. Potential deadlock
250620-21:25:29,626 nipype.workflow INFO:
	 No resources available. Potential deadlock
250620-21:25:31,628 nipype.workflow INFO:
	 No resources available. Potential deadlock
250620-21:25:33,630 nipype.workflow INFO:
	 No resources available. Potential deadlock
250620-21:25:35,632 nipype.workflow INFO:
	 No resources available. Potential deadlock
250620-21:25:37,634 nipype.workflow INFO:
	 No resources available. Potential deadlock
250620-21:25:39,636 nipype.workflow INFO:
	 No resources available. Potential deadlock
250620-21:25:41,638 nipype.workflow INFO:
	 No resources available. Potential deadlock
250620-21:25:43,640 nipype.workflow INFO:
	 No resources available. Potential deadlock
250620-21:25:44,301 nipype.workflow INFO:
	 [Node] Finished "applywarp_head_to_head_1mm_50", elapsed time 36.080863s.
250620-21:25:44,321 nipype.workflow INFO:
	 [Node] Finished "linear_reg", elapsed time 56.177076s.
250620-21:25:45,642 nipype.workflow INFO:
	 [Job 38] Completed (cpac_pipeline_pipeline1_sub-NDARINV003RTV85_ses-baselineYear1Arm1.fnirt_based_brain_extraction_50.linear_reg).
250620-21:25:45,647 nipype.workflow INFO:
	 [Job 39] Completed (cpac_pipeline_pipeline1_sub-NDARINV003RTV85_ses-baselineYear1Arm1.applywarp_head_to_head_1mm_50).
250620-21:25:45,651 nipype.workflow INFO:
	 [MultiProc] Running 0 tasks, and 3 jobs ready. Free memory (GB): 13.77/14.00, Free processors: 2/2.
250620-21:25:45,877 nipype.workflow INFO:
	 [Node] Setting-up "cpac_pipeline_pipeline1_sub-NDARINV003RTV85_ses-baselineYear1Arm1.sinker_desc-preproc_T1w_47" in "/ocean/projects/med250004p/bshresth/projects/surface_pipelines/outputs/working/pipeline_pipeline1/cpac_pipeline_pipeline1_sub-NDARINV003RTV85_ses-baselineYear1Arm1/sinker_desc-preproc_T1w_47".
250620-21:25:45,878 nipype.workflow INFO:
	 [Node] Setting-up "cpac_pipeline_pipeline1_sub-NDARINV003RTV85_ses-baselineYear1Arm1.sinker_desc-head_T1w_49" in "/ocean/projects/med250004p/bshresth/projects/surface_pipelines/outputs/working/pipeline_pipeline1/cpac_pipeline_pipeline1_sub-NDARINV003RTV85_ses-baselineYear1Arm1/sinker_desc-head_T1w_49".
250620-21:25:45,896 nipype.workflow INFO:
	 [Node] Executing "sinker_desc-preproc_T1w_47" <CPAC.utils.interfaces.datasink.DataSink>
250620-21:25:45,901 nipype.workflow INFO:
	 [Node] Executing "sinker_desc-head_T1w_49" <CPAC.utils.interfaces.datasink.DataSink>
250620-21:25:46,186 nipype.workflow INFO:
	 [Node] Finished "sinker_desc-head_T1w_49", elapsed time 0.005205s.
250620-21:25:46,200 nipype.workflow INFO:
	 [Node] Finished "sinker_desc-preproc_T1w_47", elapsed time 0.003135s.
250620-21:25:47,644 nipype.workflow INFO:
	 [Job 40] Completed (cpac_pipeline_pipeline1_sub-NDARINV003RTV85_ses-baselineYear1Arm1.sinker_desc-preproc_T1w_47).
250620-21:25:47,650 nipype.workflow INFO:
	 [Job 41] Completed (cpac_pipeline_pipeline1_sub-NDARINV003RTV85_ses-baselineYear1Arm1.sinker_desc-head_T1w_49).
250620-21:25:47,653 nipype.workflow INFO:
	 [MultiProc] Running 0 tasks, and 1 jobs ready. Free memory (GB): 13.77/14.00, Free processors: 2/2.
250620-21:25:47,860 nipype.workflow INFO:
	 [Node] Setting-up "cpac_pipeline_pipeline1_sub-NDARINV003RTV85_ses-baselineYear1Arm1.fnirt_based_brain_extraction_50.non_linear_reg" in "/ocean/projects/med250004p/bshresth/projects/surface_pipelines/outputs/working/pipeline_pipeline1/cpac_pipeline_pipeline1_sub-NDARINV003RTV85_ses-baselineYear1Arm1/fnirt_based_brain_extraction_50/non_linear_reg".
250620-21:25:47,892 nipype.workflow INFO:
	 [Node] Executing "non_linear_reg" <nipype.interfaces.fsl.preprocess.FNIRT>
250620-21:25:49,646 nipype.workflow INFO:
	 [MultiProc] Running 1 tasks, and 0 jobs ready. Free memory (GB): 11.77/14.00, Free processors: 1/2.
                     Currently running:
                       * cpac_pipeline_pipeline1_sub-NDARINV003RTV85_ses-baselineYear1Arm1.fnirt_based_brain_extraction_50.non_linear_reg
250620-21:32:38,466 nipype.workflow INFO:
	 [Node] Finished "non_linear_reg", elapsed time 410.276122s.
250620-21:32:39,972 nipype.workflow INFO:
	 [Job 42] Completed (cpac_pipeline_pipeline1_sub-NDARINV003RTV85_ses-baselineYear1Arm1.fnirt_based_brain_extraction_50.non_linear_reg).
250620-21:32:39,979 nipype.workflow INFO:
	 [MultiProc] Running 0 tasks, and 2 jobs ready. Free memory (GB): 13.77/14.00, Free processors: 2/2.
250620-21:32:40,192 nipype.workflow INFO:
	 [Node] Setting-up "cpac_pipeline_pipeline1_sub-NDARINV003RTV85_ses-baselineYear1Arm1.fnirt_based_brain_extraction_50.apply_warp" in "/ocean/projects/med250004p/bshresth/projects/surface_pipelines/outputs/working/pipeline_pipeline1/cpac_pipeline_pipeline1_sub-NDARINV003RTV85_ses-baselineYear1Arm1/fnirt_based_brain_extraction_50/apply_warp".
250620-21:32:40,193 nipype.workflow INFO:
	 [Node] Setting-up "cpac_pipeline_pipeline1_sub-NDARINV003RTV85_ses-baselineYear1Arm1.fnirt_based_brain_extraction_50.inverse_warp" in "/ocean/projects/med250004p/bshresth/projects/surface_pipelines/outputs/working/pipeline_pipeline1/cpac_pipeline_pipeline1_sub-NDARINV003RTV85_ses-baselineYear1Arm1/fnirt_based_brain_extraction_50/inverse_warp".
250620-21:32:40,213 nipype.workflow INFO:
	 [Node] Executing "apply_warp" <nipype.interfaces.fsl.preprocess.ApplyWarp>
250620-21:32:40,239 nipype.workflow INFO:
	 [Node] Executing "inverse_warp" <nipype.interfaces.fsl.utils.InvWarp>
250620-21:32:41,973 nipype.workflow INFO:
	 [MultiProc] Running 2 tasks, and 0 jobs ready. Free memory (GB): 9.77/14.00, Free processors: 0/2.
                     Currently running:
                       * cpac_pipeline_pipeline1_sub-NDARINV003RTV85_ses-baselineYear1Arm1.fnirt_based_brain_extraction_50.inverse_warp
                       * cpac_pipeline_pipeline1_sub-NDARINV003RTV85_ses-baselineYear1Arm1.fnirt_based_brain_extraction_50.apply_warp
250620-21:32:41,975 nipype.workflow INFO:
	 No resources available. Potential deadlock
250620-21:32:43,975 nipype.workflow INFO:
	 No resources available. Potential deadlock
250620-21:32:45,977 nipype.workflow INFO:
	 No resources available. Potential deadlock
250620-21:32:47,979 nipype.workflow INFO:
	 No resources available. Potential deadlock
250620-21:32:49,981 nipype.workflow INFO:
	 No resources available. Potential deadlock
250620-21:32:51,983 nipype.workflow INFO:
	 No resources available. Potential deadlock
250620-21:32:53,985 nipype.workflow INFO:
	 No resources available. Potential deadlock
250620-21:32:55,987 nipype.workflow INFO:
	 No resources available. Potential deadlock
250620-21:32:57,989 nipype.workflow INFO:
	 No resources available. Potential deadlock
250620-21:32:59,991 nipype.workflow INFO:
	 No resources available. Potential deadlock
250620-21:33:01,993 nipype.workflow INFO:
	 No resources available. Potential deadlock
250620-21:33:03,995 nipype.workflow INFO:
	 No resources available. Potential deadlock
250620-21:33:05,997 nipype.workflow INFO:
	 No resources available. Potential deadlock
250620-21:33:07,999 nipype.workflow INFO:
	 No resources available. Potential deadlock
250620-21:33:10,1 nipype.workflow INFO:
	 No resources available. Potential deadlock
250620-21:33:12,3 nipype.workflow INFO:
	 No resources available. Potential deadlock
250620-21:33:14,5 nipype.workflow INFO:
	 No resources available. Potential deadlock
250620-21:33:16,7 nipype.workflow INFO:
	 No resources available. Potential deadlock
250620-21:33:18,9 nipype.workflow INFO:
	 No resources available. Potential deadlock
250620-21:33:20,11 nipype.workflow INFO:
	 No resources available. Potential deadlock
250620-21:33:22,13 nipype.workflow INFO:
	 No resources available. Potential deadlock
250620-21:33:24,15 nipype.workflow INFO:
	 No resources available. Potential deadlock
250620-21:33:26,17 nipype.workflow INFO:
	 No resources available. Potential deadlock
250620-21:33:28,19 nipype.workflow INFO:
	 No resources available. Potential deadlock
250620-21:33:30,21 nipype.workflow INFO:
	 No resources available. Potential deadlock
250620-21:33:32,23 nipype.workflow INFO:
	 No resources available. Potential deadlock
250620-21:33:34,25 nipype.workflow INFO:
	 No resources available. Potential deadlock
250620-21:33:36,27 nipype.workflow INFO:
	 No resources available. Potential deadlock
250620-21:33:38,29 nipype.workflow INFO:
	 No resources available. Potential deadlock
250620-21:33:40,31 nipype.workflow INFO:
	 No resources available. Potential deadlock
250620-21:33:42,33 nipype.workflow INFO:
	 No resources available. Potential deadlock
250620-21:33:44,35 nipype.workflow INFO:
	 No resources available. Potential deadlock
250620-21:33:46,37 nipype.workflow INFO:
	 No resources available. Potential deadlock
250620-21:33:48,39 nipype.workflow INFO:
	 No resources available. Potential deadlock
250620-21:33:50,41 nipype.workflow INFO:
	 No resources available. Potential deadlock
250620-21:33:52,43 nipype.workflow INFO:
	 No resources available. Potential deadlock
250620-21:33:53,964 nipype.workflow INFO:
	 [Node] Finished "apply_warp", elapsed time 73.484829s.
250620-21:33:54,45 nipype.workflow INFO:
	 [Job 43] Completed (cpac_pipeline_pipeline1_sub-NDARINV003RTV85_ses-baselineYear1Arm1.fnirt_based_brain_extraction_50.apply_warp).
250620-21:33:54,50 nipype.workflow INFO:
	 [MultiProc] Running 1 tasks, and 0 jobs ready. Free memory (GB): 11.77/14.00, Free processors: 1/2.
                     Currently running:
                       * cpac_pipeline_pipeline1_sub-NDARINV003RTV85_ses-baselineYear1Arm1.fnirt_based_brain_extraction_50.inverse_warp
250620-21:36:16,137 nipype.workflow INFO:
	 [MultiProc] Running 1 tasks, and 0 jobs ready. Free memory (GB): 11.77/14.00, Free processors: 1/2.
                     Currently running:
                       * cpac_pipeline_pipeline1_sub-NDARINV003RTV85_ses-baselineYear1Arm1.fnirt_based_brain_extraction_50.inverse_warp
250620-21:52:57,926 nipype.workflow INFO:
	 [Node] Finished "inverse_warp", elapsed time 1217.39056s.
250620-21:52:58,924 nipype.workflow INFO:
	 [Job 44] Completed (cpac_pipeline_pipeline1_sub-NDARINV003RTV85_ses-baselineYear1Arm1.fnirt_based_brain_extraction_50.inverse_warp).
250620-21:52:58,931 nipype.workflow INFO:
	 [MultiProc] Running 0 tasks, and 1 jobs ready. Free memory (GB): 13.77/14.00, Free processors: 2/2.
250620-21:52:59,149 nipype.workflow INFO:
	 [Node] Setting-up "cpac_pipeline_pipeline1_sub-NDARINV003RTV85_ses-baselineYear1Arm1.fnirt_based_brain_extraction_50.apply_inv_warp" in "/ocean/projects/med250004p/bshresth/projects/surface_pipelines/outputs/working/pipeline_pipeline1/cpac_pipeline_pipeline1_sub-NDARINV003RTV85_ses-baselineYear1Arm1/fnirt_based_brain_extraction_50/apply_inv_warp".
250620-21:52:59,219 nipype.workflow INFO:
	 [Node] Executing "apply_inv_warp" <nipype.interfaces.fsl.preprocess.ApplyWarp>
250620-21:53:00,925 nipype.workflow INFO:
	 [MultiProc] Running 1 tasks, and 0 jobs ready. Free memory (GB): 11.77/14.00, Free processors: 1/2.
                     Currently running:
                       * cpac_pipeline_pipeline1_sub-NDARINV003RTV85_ses-baselineYear1Arm1.fnirt_based_brain_extraction_50.apply_inv_warp
250620-21:53:49,323 nipype.workflow INFO:
	 [Node] Finished "apply_inv_warp", elapsed time 49.809864s.
250620-21:53:50,972 nipype.workflow INFO:
	 [Job 45] Completed (cpac_pipeline_pipeline1_sub-NDARINV003RTV85_ses-baselineYear1Arm1.fnirt_based_brain_extraction_50.apply_inv_warp).
250620-21:53:50,977 nipype.workflow INFO:
	 [MultiProc] Running 0 tasks, and 2 jobs ready. Free memory (GB): 13.77/14.00, Free processors: 2/2.
250620-21:53:51,194 nipype.workflow INFO:
	 [Node] Setting-up "cpac_pipeline_pipeline1_sub-NDARINV003RTV85_ses-baselineYear1Arm1.fnirt_based_brain_extraction_50.apply_mask" in "/ocean/projects/med250004p/bshresth/projects/surface_pipelines/outputs/working/pipeline_pipeline1/cpac_pipeline_pipeline1_sub-NDARINV003RTV85_ses-baselineYear1Arm1/fnirt_based_brain_extraction_50/apply_mask".
250620-21:53:51,195 nipype.workflow INFO:
	 [Node] Setting-up "cpac_pipeline_pipeline1_sub-NDARINV003RTV85_ses-baselineYear1Arm1.fast_bias_field_correction_50.inverse_brain_mask" in "/ocean/projects/med250004p/bshresth/projects/surface_pipelines/outputs/working/pipeline_pipeline1/cpac_pipeline_pipeline1_sub-NDARINV003RTV85_ses-baselineYear1Arm1/fast_bias_field_correction_50/inverse_brain_mask".
250620-21:53:51,229 nipype.workflow INFO:
	 [Node] Executing "apply_mask" <nipype.interfaces.fsl.maths.MultiImageMaths>
250620-21:53:51,253 nipype.workflow INFO:
	 [Node] Executing "inverse_brain_mask" <nipype.interfaces.fsl.utils.ImageMaths>
250620-21:53:52,539 nipype.workflow INFO:
	 [Node] Finished "inverse_brain_mask", elapsed time 1.026221s.
250620-21:53:52,974 nipype.workflow INFO:
	 [Job 47] Completed (cpac_pipeline_pipeline1_sub-NDARINV003RTV85_ses-baselineYear1Arm1.fast_bias_field_correction_50.inverse_brain_mask).
250620-21:53:52,979 nipype.workflow INFO:
	 [MultiProc] Running 1 tasks, and 1 jobs ready. Free memory (GB): 11.77/14.00, Free processors: 1/2.
                     Currently running:
                       * cpac_pipeline_pipeline1_sub-NDARINV003RTV85_ses-baselineYear1Arm1.fnirt_based_brain_extraction_50.apply_mask
250620-21:53:53,151 nipype.workflow INFO:
	 [Node] Finished "apply_mask", elapsed time 1.603273s.
250620-21:53:53,209 nipype.workflow INFO:
	 [Node] Setting-up "cpac_pipeline_pipeline1_sub-NDARINV003RTV85_ses-baselineYear1Arm1.fast_bias_field_correction_50.apply_mask" in "/ocean/projects/med250004p/bshresth/projects/surface_pipelines/outputs/working/pipeline_pipeline1/cpac_pipeline_pipeline1_sub-NDARINV003RTV85_ses-baselineYear1Arm1/fast_bias_field_correction_50/apply_mask".
250620-21:53:53,240 nipype.workflow INFO:
	 [Node] Executing "apply_mask" <nipype.interfaces.fsl.maths.MultiImageMaths>
250620-21:53:54,976 nipype.workflow INFO:
	 [Job 46] Completed (cpac_pipeline_pipeline1_sub-NDARINV003RTV85_ses-baselineYear1Arm1.fnirt_based_brain_extraction_50.apply_mask).
250620-21:53:54,981 nipype.workflow INFO:
	 [MultiProc] Running 1 tasks, and 1 jobs ready. Free memory (GB): 11.77/14.00, Free processors: 1/2.
                     Currently running:
                       * cpac_pipeline_pipeline1_sub-NDARINV003RTV85_ses-baselineYear1Arm1.fast_bias_field_correction_50.apply_mask
250620-21:53:55,226 nipype.workflow INFO:
	 [Node] Setting-up "cpac_pipeline_pipeline1_sub-NDARINV003RTV85_ses-baselineYear1Arm1.fast_bias_field_correction_50.fast_bias_field_correction" in "/ocean/projects/med250004p/bshresth/projects/surface_pipelines/outputs/working/pipeline_pipeline1/cpac_pipeline_pipeline1_sub-NDARINV003RTV85_ses-baselineYear1Arm1/fast_bias_field_correction_50/fast_bias_field_correction".
250620-21:53:55,258 nipype.workflow INFO:
	 [Node] Executing "fast_bias_field_correction" <nipype.interfaces.fsl.preprocess.FAST>
250620-21:53:55,773 nipype.workflow INFO:
	 [Node] Finished "apply_mask", elapsed time 2.259009s.
250620-21:53:56,978 nipype.workflow INFO:
	 [Job 49] Completed (cpac_pipeline_pipeline1_sub-NDARINV003RTV85_ses-baselineYear1Arm1.fast_bias_field_correction_50.apply_mask).
250620-21:53:56,984 nipype.workflow INFO:
	 [MultiProc] Running 1 tasks, and 0 jobs ready. Free memory (GB): 11.77/14.00, Free processors: 1/2.
                     Currently running:
                       * cpac_pipeline_pipeline1_sub-NDARINV003RTV85_ses-baselineYear1Arm1.fast_bias_field_correction_50.fast_bias_field_correction
250620-21:57:25,145 nipype.workflow INFO:
	 [MultiProc] Running 1 tasks, and 0 jobs ready. Free memory (GB): 11.77/14.00, Free processors: 1/2.
                     Currently running:
                       * cpac_pipeline_pipeline1_sub-NDARINV003RTV85_ses-baselineYear1Arm1.fast_bias_field_correction_50.fast_bias_field_correction
250620-21:58:51,129 nipype.workflow INFO:
	 [Node] Finished "fast_bias_field_correction", elapsed time 295.571408s.
250620-21:58:51,218 nipype.workflow INFO:
	 [Job 48] Completed (cpac_pipeline_pipeline1_sub-NDARINV003RTV85_ses-baselineYear1Arm1.fast_bias_field_correction_50.fast_bias_field_correction).
250620-21:58:51,223 nipype.workflow INFO:
	 [MultiProc] Running 0 tasks, and 4 jobs ready. Free memory (GB): 13.77/14.00, Free processors: 2/2.
250620-21:58:51,429 nipype.workflow INFO:
	 [Node] Setting-up "cpac_pipeline_pipeline1_sub-NDARINV003RTV85_ses-baselineYear1Arm1.applywarp_brain_to_head_1mm_50" in "/ocean/projects/med250004p/bshresth/projects/surface_pipelines/outputs/working/pipeline_pipeline1/cpac_pipeline_pipeline1_sub-NDARINV003RTV85_ses-baselineYear1Arm1/applywarp_brain_to_head_1mm_50".
250620-21:58:51,440 nipype.workflow INFO:
	 [Node] Executing "applywarp_brain_to_head_1mm_50" <nipype.interfaces.fsl.preprocess.ApplyWarp>
250620-21:58:51,430 nipype.workflow INFO:
	 [Node] Setting-up "cpac_pipeline_pipeline1_sub-NDARINV003RTV85_ses-baselineYear1Arm1.average_brain_50" in "/ocean/projects/med250004p/bshresth/projects/surface_pipelines/outputs/working/pipeline_pipeline1/cpac_pipeline_pipeline1_sub-NDARINV003RTV85_ses-baselineYear1Arm1/average_brain_50".
250620-21:58:51,455 nipype.workflow INFO:
	 [Node] Executing "average_brain_50" <nipype.interfaces.fsl.utils.ImageStats>
250620-21:58:52,320 nipype.workflow INFO:
	 [Node] Finished "average_brain_50", elapsed time 0.585285s.
250620-21:58:53,220 nipype.workflow INFO:
	 [Job 51] Completed (cpac_pipeline_pipeline1_sub-NDARINV003RTV85_ses-baselineYear1Arm1.average_brain_50).
250620-21:58:53,224 nipype.workflow INFO:
	 [MultiProc] Running 1 tasks, and 3 jobs ready. Free memory (GB): 11.77/14.00, Free processors: 1/2.
                     Currently running:
                       * cpac_pipeline_pipeline1_sub-NDARINV003RTV85_ses-baselineYear1Arm1.applywarp_brain_to_head_1mm_50
250620-21:58:53,466 nipype.workflow INFO:
	 [Node] Setting-up "cpac_pipeline_pipeline1_sub-NDARINV003RTV85_ses-baselineYear1Arm1.nii_desc-restore-brain_T1w_56" in "/ocean/projects/med250004p/bshresth/projects/surface_pipelines/outputs/working/pipeline_pipeline1/cpac_pipeline_pipeline1_sub-NDARINV003RTV85_ses-baselineYear1Arm1/nii_desc-restore-brain_T1w_56".
250620-21:58:53,523 nipype.workflow INFO:
	 [Node] Executing "nii_desc-restore-brain_T1w_56" <nipype.interfaces.utility.base.Rename>
250620-21:58:53,803 nipype.workflow INFO:
	 [Node] Finished "nii_desc-restore-brain_T1w_56", elapsed time 0.00148s.
250620-21:58:55,222 nipype.workflow INFO:
	 [Job 52] Completed (cpac_pipeline_pipeline1_sub-NDARINV003RTV85_ses-baselineYear1Arm1.nii_desc-restore-brain_T1w_56).
250620-21:58:55,227 nipype.workflow INFO:
	 [MultiProc] Running 1 tasks, and 3 jobs ready. Free memory (GB): 11.77/14.00, Free processors: 1/2.
                     Currently running:
                       * cpac_pipeline_pipeline1_sub-NDARINV003RTV85_ses-baselineYear1Arm1.applywarp_brain_to_head_1mm_50
250620-21:58:55,472 nipype.workflow INFO:
	 [Node] Setting-up "cpac_pipeline_pipeline1_sub-NDARINV003RTV85_ses-baselineYear1Arm1.fast_bias_field_correction_50.get_anat_restore" in "/ocean/projects/med250004p/bshresth/projects/surface_pipelines/outputs/working/pipeline_pipeline1/cpac_pipeline_pipeline1_sub-NDARINV003RTV85_ses-baselineYear1Arm1/fast_bias_field_correction_50/get_anat_restore".
250620-21:58:55,482 nipype.workflow INFO:
	 [Node] Executing "get_anat_restore" <nipype.interfaces.fsl.maths.MultiImageMaths>
250620-21:58:57,223 nipype.workflow INFO:
	 [MultiProc] Running 2 tasks, and 2 jobs ready. Free memory (GB): 9.77/14.00, Free processors: 0/2.
                     Currently running:
                       * cpac_pipeline_pipeline1_sub-NDARINV003RTV85_ses-baselineYear1Arm1.fast_bias_field_correction_50.get_anat_restore
                       * cpac_pipeline_pipeline1_sub-NDARINV003RTV85_ses-baselineYear1Arm1.applywarp_brain_to_head_1mm_50
250620-21:58:57,225 nipype.workflow INFO:
	 No resources available. Potential deadlock
250620-21:58:59,225 nipype.workflow INFO:
	 No resources available. Potential deadlock
250620-21:58:59,424 nipype.workflow INFO:
	 [Node] Finished "applywarp_brain_to_head_1mm_50", elapsed time 7.707321s.
250620-21:58:59,452 nipype.workflow INFO:
	 [Node] Finished "get_anat_restore", elapsed time 3.673405s.
250620-21:59:01,227 nipype.workflow INFO:
	 [Job 50] Completed (cpac_pipeline_pipeline1_sub-NDARINV003RTV85_ses-baselineYear1Arm1.applywarp_brain_to_head_1mm_50).
250620-21:59:01,231 nipype.workflow INFO:
	 [Job 53] Completed (cpac_pipeline_pipeline1_sub-NDARINV003RTV85_ses-baselineYear1Arm1.fast_bias_field_correction_50.get_anat_restore).
250620-21:59:01,235 nipype.workflow INFO:
	 [MultiProc] Running 0 tasks, and 3 jobs ready. Free memory (GB): 13.77/14.00, Free processors: 2/2.
250620-21:59:01,446 nipype.workflow INFO:
	 [Node] Setting-up "cpac_pipeline_pipeline1_sub-NDARINV003RTV85_ses-baselineYear1Arm1.normalize_head_50" in "/ocean/projects/med250004p/bshresth/projects/surface_pipelines/outputs/working/pipeline_pipeline1/cpac_pipeline_pipeline1_sub-NDARINV003RTV85_ses-baselineYear1Arm1/normalize_head_50".
250620-21:59:01,491 nipype.workflow INFO:
	 [Node] Executing "normalize_head_50" <CPAC.utils.interfaces.function.function.Function>
250620-21:59:01,447 nipype.workflow INFO:
	 [Node] Setting-up "cpac_pipeline_pipeline1_sub-NDARINV003RTV85_ses-baselineYear1Arm1.sinker_desc-restore-brain_T1w_56" in "/ocean/projects/med250004p/bshresth/projects/surface_pipelines/outputs/working/pipeline_pipeline1/cpac_pipeline_pipeline1_sub-NDARINV003RTV85_ses-baselineYear1Arm1/sinker_desc-restore-brain_T1w_56".
250620-21:59:01,508 nipype.workflow INFO:
	 [Node] Executing "sinker_desc-restore-brain_T1w_56" <CPAC.utils.interfaces.datasink.DataSink>
250620-21:59:01,785 nipype.workflow INFO:
	 [Node] Finished "sinker_desc-restore-brain_T1w_56", elapsed time 0.002887s.
250620-21:59:03,229 nipype.workflow INFO:
	 [Job 55] Completed (cpac_pipeline_pipeline1_sub-NDARINV003RTV85_ses-baselineYear1Arm1.sinker_desc-restore-brain_T1w_56).
250620-21:59:03,234 nipype.workflow INFO:
	 [MultiProc] Running 1 tasks, and 1 jobs ready. Free memory (GB): 11.77/14.00, Free processors: 1/2.
                     Currently running:
                       * cpac_pipeline_pipeline1_sub-NDARINV003RTV85_ses-baselineYear1Arm1.normalize_head_50
250620-21:59:03,476 nipype.workflow INFO:
	 [Node] Setting-up "cpac_pipeline_pipeline1_sub-NDARINV003RTV85_ses-baselineYear1Arm1.nii_desc-restore_T1w_55" in "/ocean/projects/med250004p/bshresth/projects/surface_pipelines/outputs/working/pipeline_pipeline1/cpac_pipeline_pipeline1_sub-NDARINV003RTV85_ses-baselineYear1Arm1/nii_desc-restore_T1w_55".
250620-21:59:03,516 nipype.workflow INFO:
	 [Node] Executing "nii_desc-restore_T1w_55" <nipype.interfaces.utility.base.Rename>
250620-21:59:03,821 nipype.workflow INFO:
	 [Node] Finished "nii_desc-restore_T1w_55", elapsed time 0.003845s.
250620-21:59:05,105 nipype.workflow INFO:
	 [Node] Finished "normalize_head_50", elapsed time 3.3441359999999998s.
250620-21:59:05,232 nipype.workflow INFO:
	 [Job 54] Completed (cpac_pipeline_pipeline1_sub-NDARINV003RTV85_ses-baselineYear1Arm1.normalize_head_50).
250620-21:59:05,236 nipype.workflow INFO:
	 [Job 56] Completed (cpac_pipeline_pipeline1_sub-NDARINV003RTV85_ses-baselineYear1Arm1.nii_desc-restore_T1w_55).
250620-21:59:05,240 nipype.workflow INFO:
	 [MultiProc] Running 0 tasks, and 1 jobs ready. Free memory (GB): 13.77/14.00, Free processors: 2/2.
250620-21:59:05,451 nipype.workflow INFO:
	 [Node] Setting-up "cpac_pipeline_pipeline1_sub-NDARINV003RTV85_ses-baselineYear1Arm1.sinker_desc-restore_T1w_55" in "/ocean/projects/med250004p/bshresth/projects/surface_pipelines/outputs/working/pipeline_pipeline1/cpac_pipeline_pipeline1_sub-NDARINV003RTV85_ses-baselineYear1Arm1/sinker_desc-restore_T1w_55".
250620-21:59:05,472 nipype.workflow INFO:
	 [Node] Executing "sinker_desc-restore_T1w_55" <CPAC.utils.interfaces.datasink.DataSink>
250620-21:59:05,752 nipype.workflow INFO:
	 [Node] Finished "sinker_desc-restore_T1w_55", elapsed time 0.003142s.
250620-21:59:07,234 nipype.workflow INFO:
	 [Job 57] Completed (cpac_pipeline_pipeline1_sub-NDARINV003RTV85_ses-baselineYear1Arm1.sinker_desc-restore_T1w_55).
250620-21:59:07,239 nipype.workflow INFO:
	 [MultiProc] Running 0 tasks, and 0 jobs ready. Free memory (GB): 13.77/14.00, Free processors: 2/2.
250620-21:59:07,240 nipype.workflow INFO:
	 No tasks are being run, and no jobs can be submitted to the queue. Potential deadlock
