250623-15:59:57,620 nipype.workflow INFO:
	 Skipping BIDS validator...
250623-15:59:57,937 nipype.workflow INFO:
	 #### Running C-PAC for sub-NDARINV003RTV85
250623-15:59:57,937 nipype.workflow INFO:
	 Number of participants to run in parallel: 1
250623-15:59:57,937 nipype.workflow INFO:
	 Input directory: /ocean/projects/med250004p/bshresth/projects/data
250623-15:59:57,937 nipype.workflow INFO:
	 Output directory: /ocean/projects/med250004p/bshresth/projects/surface_pipelines/outputs/output
Working directory: /ocean/projects/med250004p/bshresth/projects/surface_pipelines/outputs/working
Log directory: /ocean/projects/med250004p/bshresth/projects/surface_pipelines/outputs/log
Remove working directory: True
Available memory: 14.0 (GB)
Available threads: 2
Number of threads for ANTs: 1
250623-15:59:57,937 nipype.utils INFO:
	 Parsing /ocean/projects/med250004p/bshresth/projects/data..
250623-16:00:05,263 nipype.workflow INFO:
	 Starting participant level processing
250623-16:00:05,263 nipype.workflow INFO:
	 Run called with config file /ocean/projects/med250004p/bshresth/projects/surface_pipelines/outputs/log/pipeline_pipeline1/sub-NDARINV003RTV85_ses-baselineYear1Arm1/cpac_pipeline_config_67deb741_2025-06-23T15-59-57Z.yml
/code/CPAC/pipeline/cpac_runner.py:384: UserWarning: We recommend that the working directory full path should have less then 70 characters. Long paths might not work in your operating system.
  warnings.warn(
/code/CPAC/pipeline/cpac_runner.py:389: UserWarning: Current working directory: /ocean/projects/med250004p/bshresth/projects/surface_pipelines/outputs/working
  warnings.warn(
250623-16:00:05,667 nipype.workflow INFO:
	 
    Environment
    ===========
    bids-validator: 1.14.6
    ldd: (Ubuntu GLIBC 2.35-0ubuntu3.1) 2.35
    Python: 3.10.6 | packaged by conda-forge | (main, Aug 22 2022, 20:36:39) [GCC 10.4.0]
      Python packages
      ---------------
      acres: 0.5.0
      anyio: 3.7.1
      argon2-cffi: 21.3.0
      argon2-cffi-bindings: 21.2.0
      astor: 0.8.1
      asttokens: 2.2.1
      async-lru: 2.0.3
      attrs: 23.1.0
      awscli: 1.29.4
      Babel: 2.12.1
      backcall: 0.2.0
      backports.functools-lru-cache: 1.6.5
      backports.tarfile: 1.2.0
      beautifulsoup4: 4.12.2
      bids-validator: 1.14.7.post0
      bidsschematools: 1.0.10
      bleach: 6.0.0
      boto3: 1.28.4
      botocore: 1.31.4
      Brotli: 1.0.9
      brotlipy: 0.7.0
      cached-property: 1.5.2
      certifi: 2025.6.15
      cffi: 1.15.1
      charset-normalizer: 3.1.0
      ci-info: 0.3.0
      ciftify: 3.0.0+fcpindi
      click: 8.1.5
      click-aliases: 1.0.1
      colorama: 0.4.4
      comm: 0.1.3
      conda: 23.1.0
      conda-package-handling: 2.0.2
      conda_package_streaming: 0.8.0
      configparser: 5.3.0
      contourpy: 1.1.0
      CPAC: 1.8.8.dev1
      cryptography: 44.0.1
      cycler: 0.11.0
      Cython: 3.1.2
      debugpy: 1.6.7
      decorator: 5.1.1
      defusedxml: 0.7.1
      dill: 0.3.6
      docopt: 0.6.2
      docutils: 0.15.2
      entrypoints: 0.4
      etelemetry: 0.3.1
      exceptiongroup: 1.1.2
      executing: 1.2.0
      fastjsonschema: 2.17.1
      file-tree: 1.2.1
      file-tree-fsl: 0.2.1
      filelock: 3.18.0
      flit_core: 3.9.0
      flowdump: 0.1.2
      fonttools: 4.41.0
      formulaic: 0.5.2
      fsl-base: 2302.0
      fsl-get-standard: 0.1.0
      fsl-sub: 2.7.5
      fsl-sub-plugin-sge: 1.5.2
      fsl-sub-plugin-slurm: 1.4.4
      fsleyes: 1.6.1
      fsleyes-props: 1.10.0
      fsleyes-widgets: 0.14.3
      fslinstaller: 3.4.1
      fslpy: 3.11.3
      future: 0.18.3
      ghalton: 0.6.1
      h5py: 3.8.0
      hlsvdpropy: 2.0.1
      idna: 3.4
      imageio: 2.37.0
      importlib-metadata: 6.8.0
      importlib-resources: 6.0.0
      indexed-gzip: 1.7.1
      INDI-Tools: 0.0.7
      interface-meta: 1.3.0
      ipykernel: 6.24.0
      ipython: 8.14.0
      isodate: 0.7.2
      jedi: 0.18.2
      Jinja2: 3.1.2
      jmespath: 1.0.1
      joblib: 1.2.0
      json5: 0.9.14
      jsonschema: 4.18.4
      jsonschema-specifications: 2023.7.1
      jupyter-events: 0.6.3
      jupyter-lsp: 2.2.0
      jupyter_client: 8.3.0
      jupyter_core: 5.3.1
      jupyter_server: 2.7.0
      jupyter_server_terminals: 0.4.4
      jupyterlab: 4.0.3
      jupyterlab-pygments: 0.2.2
      jupyterlab_server: 2.23.0
      kiwisolver: 1.4.4
      lazy_loader: 0.4
      libmambapy: 1.4.2
      lockfile: 0.12.2
      looseversion: 1.3.0
      lxml: 4.9.2
      mamba: 1.4.2
      markdown-it-py: 3.0.0
      MarkupSafe: 2.1.3
      matplotlib: 3.7.1
      matplotlib-inline: 0.1.6
      mdurl: 0.1.0
      mistune: 3.0.0
      munkres: 1.1.4
      nbclient: 0.8.0
      nbconvert: 7.7.2
      nbformat: 5.9.1
      nest-asyncio: 1.5.6
      networkx: 3.1
      nibabel: 5.1.0
      nilearn: 0.10.0
      nipype: 1.8.6
      nitransforms: 24.0.2
      niworkflows: 1.13.4
      nose: 1.3.7
      notebook: 7.0.0
      notebook_shim: 0.2.3
      num2words: 0.5.14
      numpy: 1.25.1
      overrides: 7.3.1
      packaging: 23.1
      pandas: 2.0.3
      pandocfilters: 1.5.0
      parse: 1.19.1
      parso: 0.8.3
      pathlib2: 2.3.7.post1
      pathvalidate: 2.5.2
      patsy: 0.5.3
      pexpect: 4.8.0
      pickleshare: 0.7.5
      Pillow: 9.2.0
      pip: 23.3
      pkgutil_resolve_name: 1.3.10
      platformdirs: 3.9.1
      pluggy: 1.2.0
      pooch: 1.7.0
      progressbar2: 4.2.0
      prometheus-client: 0.17.1
      prompt-toolkit: 3.0.39
      prov: 2.0.0
      psutil: 5.9.5
      ptyprocess: 0.7.0
      pure-eval: 0.2.2
      pyasn1: 0.4.8
      PyBASC: 0.6.1
      pybids: 0.15.6
      pycosat: 0.6.4
      pycparser: 2.21
      pydicom: 2.4.1
      pydot: 4.0.0
      Pygments: 2.15.1
      pygraphviz: 1.14
      PyOpenGL: 3.1.6
      pyOpenSSL: 23.2.0
      pyparsing: 3.2.3
      PyPEER: 1.1
      PySocks: 1.7.1
      python-dateutil: 2.8.2
      python-json-logger: 2.0.7
      python-utils: 3.7.0
      pytz: 2023.3
      PyYAML: 6.0
      pyzmq: 25.1.0
      rdflib: 7.1.4
      referencing: 0.30.0
      requests: 2.32.3
      rfc3339-validator: 0.1.4
      rfc3986-validator: 0.1.1
      rich: 13.4.2
      rpds-py: 0.9.2
      rsa: 4.7.2
      Rtree: 1.0.1
      ruamel.yaml: 0.17.32
      ruamel.yaml.clib: 0.2.7
      s3transfer: 0.6.1
      scikit-image: 0.24.0
      scikit-learn: 1.5.0
      scipy: 1.11.1
      sdcflows: 2.4.0
      seaborn: 0.13.2
      semver: 3.0.1
      Send2Trash: 1.8.2
      setuptools: 78.1.1
      simplejson: 3.20.1
      six: 1.16.0
      sniffio: 1.3.0
      soupsieve: 2.3.2.post1
      SQLAlchemy: 1.3.24
      stack-data: 0.6.2
      svgutils: 0.3.4
      templateflow: 24.2.2
      terminado: 0.17.1
      threadpoolctl: 3.6.0
      tifffile: 2025.5.10
      tinycss2: 1.2.1
      tomli: 2.0.1
      toolz: 0.12.0
      tornado: 6.3.2
      tqdm: 4.65.0
      traitlets: 5.9.0
      traits: 6.3.2
      transforms3d: 0.4.2
      trimesh: 3.22.5
      typing-utils: 0.1.0
      typing_extensions: 4.7.1
      tzdata: 2023.3
      unicodedata2: 15.0.0
      urllib3: 1.26.19
      voluptuous: 0.13.1
      wcwidth: 0.2.6
      webencodings: 0.5.1
      websocket-client: 1.6.1
      wheel: 0.40.0
      wire: 1.0.0
      wrapt: 1.17.2
      wxnatpy: 0.4.0
      wxPython: 4.1.1
      xarray: 2023.7.0
      xnat: 0.5.1
      xvfbwrapper: 0.2.13
      zipp: 3.19.1
      zstandard: 0.23.0

    Run command: run /ocean/projects/med250004p/bshresth/projects/data /ocean/projects/med250004p/bshresth/projects/surface_pipelines/outputs participant --num_ants_threads 1 --skip_bids_validator --n_cpus 2 --mem_gb 14 --pipeline_file /ocean/projects/med250004p/bshresth/projects/surface_pipelines/pipelines/pipeline1.yml --participant_label sub-NDARINV003RTV85

    C-PAC version: 1.8.8.dev1

    Copyright (C) 2022-2024 C-PAC Developers.
    
    This program comes with ABSOLUTELY NO WARRANTY. This is free software,
    and you are welcome to redistribute it under certain conditions. For
    details, see https://fcp-indi.github.io/docs/nightly/license or the COPYING and
    COPYING.LESSER files included in the source code.

    Setting maximum number of cores per participant to 2
    Setting number of participants at once to 1
    Setting OMP_NUM_THREADS to 1
    Setting MKL_NUM_THREADS to 1
    Setting ANTS/ITK thread usage to 1
    Maximum potential number of cores that might be used during this run: 2
    Random seed: 1

250623-16:00:06,927 nipype.workflow INFO:
	 Connecting pipeline blocks:
	 - anatomical_init
	 - non_local_means
	   - T1w
	     - desc-preproc_T1w
	       - desc-reorient_T1w
	       - T1w
	 - n4_bias_correction
	 - acpc_align_head
	 - freesurfer_abcd_preproc
	 - freesurfer_reconall
	 - brain_mask_afni
	   - brain_mask_fsl
	   - brain_mask_niworkflows_ants
	   - brain_mask_unet
	   - brain_mask_freesurfer_abcd
	   - brain_mask_freesurfer
	   - brain_mask_freesurfer_fsl_tight
	   - brain_mask_freesurfer_fsl_loose
	 - brain_extraction
	 - brain_mask_T2
	 - brain_extraction_T2
	 - register_ANTs_anat_to_template
	   - register_FSL_anat_to_template
	 - overwrite_transform_anat_to_template
	 - warp_wholeheadT1_to_template
	 - warp_T1mask_to_template
	 - correct_restore_brain_intensity_abcd
	 - tissue_seg_fsl_fast
	   - tissue_seg_ants_prior
	   - tissue_seg_freesurfer
	 - tissue_seg_T1_template_based
	 - coregistration_prep_vol
	 - coregistration_prep_mean
	 - register_ANTs_EPI_to_template
	   - register_FSL_EPI_to_template
	 - ICA_AROMA_ANTsreg
	 - ICA_AROMA_FSLreg
	 - ICA_AROMA_ANTsEPIreg
	 - ICA_AROMA_FSLEPIreg
	 - erode_mask_T1w
	 - erode_mask_CSF
	 - erode_mask_GM
	 - erode_mask_WM
	 - erode_mask_bold
	 - erode_mask_boldCSF
	 - erode_mask_boldGM
	 - erode_mask_boldWM
	 - nuisance_regressors_generation_T1w
	   - desc-preproc_bold
	     - desc-reorient_bold
	 - ingress_regressors
	 - warp_bold_mask_to_T1template
	 - warp_deriv_mask_to_T1template
	 - func_despike_template
	 - warp_bold_mask_to_EPItemplate
	 - warp_deriv_mask_to_EPItemplate
	 - bold_mask_anatomical_resampled
	 - template_space_bold_masking
	 - surface_postproc
	 - surface_falff
	 - surface_alff
	 - surface_reho
	 - surface_connectivity_matrix
	 - timeseries_extraction_AVG
	 - spatial_regression
	 - smooth_func_vmhc
	 - warp_timeseries_to_sym_template
	 - vmhc
	 
250623-16:00:06,928 nipype.workflow INFO:
	 Connecting anatomical_init...
250623-16:00:06,931 nipype.workflow INFO:
	 Connecting nlm_filtering...
250623-16:00:06,932 nipype.workflow INFO:
	 Connecting n4_bias_correction...
250623-16:00:06,933 nipype.workflow INFO:
	 Connecting acpc_alignment_head...
250623-16:00:06,934 nipype.workflow INFO:
	 Connecting freesurfer_abcd_preproc...
250623-16:00:06,961 nipype.workflow INFO:
	 Connecting freesurfer_reconall...
250623-16:00:06,963 nipype.workflow INFO:
	 Connecting brain_mask_afni...
250623-16:00:06,963 nipype.workflow INFO:
	 Connecting brain_mask_fsl...
250623-16:00:06,964 nipype.workflow INFO:
	 Connecting brain_mask_niworkflows_ants...
250623-16:00:06,965 nipype.workflow INFO:
	 Connecting brain_mask_unet...
250623-16:00:06,966 nipype.workflow INFO:
	 Connecting brain_mask_freesurfer_abcd...
250623-16:00:06,966 nipype.workflow INFO:
	 Connecting brain_mask_freesurfer...
250623-16:00:06,967 nipype.workflow INFO:
	 Connecting brain_mask_freesurfer_fsl_tight...
250623-16:00:06,968 nipype.workflow INFO:
	 Connecting brain_mask_freesurfer_fsl_loose...
250623-16:00:06,969 nipype.workflow INFO:
	 Connecting brain_extraction...
250623-16:00:06,970 nipype.workflow INFO:
	 Connecting brain_mask_T2...
250623-16:00:06,972 nipype.workflow INFO:
	 Connecting brain_extraction_T2...
250623-16:00:06,973 nipype.workflow INFO:
	 Connecting register_ANTs_anat_to_template...
250623-16:00:06,973 nipype.workflow INFO:
	 Connecting register_FSL_anat_to_template...
250623-16:00:06,975 nipype.workflow INFO:
	 Connecting overwrite_transform_anat_to_template...
250623-16:00:06,976 nipype.workflow INFO:
	 Connecting transform_whole_head_T1w_to_T1template...
250623-16:00:06,977 nipype.workflow INFO:
	 Connecting transform_T1mask_to_T1template...
250623-16:00:06,978 nipype.workflow INFO:
	 Connecting correct_restore_brain_intensity_abcd...
250623-16:00:06,979 nipype.workflow INFO:
	 Connecting tissue_seg_fsl_fast...
250623-16:00:06,980 nipype.workflow INFO:
	 Connecting tissue_seg_ants_prior...
250623-16:00:06,981 nipype.workflow INFO:
	 Connecting tissue_seg_freesurfer...
250623-16:00:06,982 nipype.workflow INFO:
	 Connecting tissue_seg_T1_template_based...
250623-16:00:06,983 nipype.workflow INFO:
	 Connecting coregistration_prep_vol...
250623-16:00:06,984 nipype.workflow INFO:
	 Connecting coregistration_prep_mean...
250623-16:00:06,985 nipype.workflow INFO:
	 Connecting register_ANTs_EPI_to_template...
250623-16:00:06,986 nipype.workflow INFO:
	 Connecting register_FSL_EPI_to_template...
250623-16:00:06,987 nipype.workflow INFO:
	 Connecting ICA_AROMA_ANTsreg...
250623-16:00:06,989 nipype.workflow INFO:
	 Connecting ICA_AROMA_FSLreg...
250623-16:00:06,990 nipype.workflow INFO:
	 Connecting ICA_AROMA_ANTsEPIreg...
250623-16:00:06,991 nipype.workflow INFO:
	 Connecting ICA_AROMA_FSLEPIreg...
250623-16:00:06,992 nipype.workflow INFO:
	 Connecting erode_mask_T1w...
250623-16:00:06,993 nipype.workflow INFO:
	 Connecting erode_mask_CSF...
250623-16:00:06,994 nipype.workflow INFO:
	 Connecting erode_mask_GM...
250623-16:00:06,995 nipype.workflow INFO:
	 Connecting erode_mask_WM...
250623-16:00:06,997 nipype.workflow INFO:
	 Connecting erode_mask_bold...
250623-16:00:06,998 nipype.workflow INFO:
	 Connecting erode_mask_boldCSF...
250623-16:00:06,999 nipype.workflow INFO:
	 Connecting erode_mask_boldGM...
250623-16:00:07,0 nipype.workflow INFO:
	 Connecting erode_mask_boldWM...
250623-16:00:07,1 nipype.workflow INFO:
	 Connecting nuisance_regressors_generation_T1w...
250623-16:00:07,2 nipype.workflow INFO:
	 Connecting ingress_regressors...
250623-16:00:07,4 nipype.workflow INFO:
	 Connecting transform_bold_mask_to_T1template...
250623-16:00:07,5 nipype.workflow INFO:
	 Connecting transform_deriv_mask_to_T1template...
250623-16:00:07,6 nipype.workflow INFO:
	 Connecting func_despike_template...
250623-16:00:07,7 nipype.workflow INFO:
	 Connecting transform_bold_mask_to_EPItemplate...
250623-16:00:07,8 nipype.workflow INFO:
	 Connecting transform_deriv_mask_to_EPItemplate...
250623-16:00:07,10 nipype.workflow INFO:
	 Connecting bold_mask_anatomical_resampled...
250623-16:00:07,11 nipype.workflow INFO:
	 Connecting template_space_bold_masking...
250623-16:00:07,12 nipype.workflow INFO:
	 Connecting surface_postproc...
250623-16:00:07,13 nipype.workflow INFO:
	 Connecting surface_falff...
250623-16:00:07,14 nipype.workflow INFO:
	 Connecting surface_alff...
250623-16:00:07,15 nipype.workflow INFO:
	 Connecting surface_reho...
250623-16:00:07,16 nipype.workflow INFO:
	 Connecting surface_connectivity_matrix...
250623-16:00:07,18 nipype.workflow INFO:
	 Connecting timeseries_extraction_AVG...
250623-16:00:07,19 nipype.workflow INFO:
	 Connecting spatial_regression...
250623-16:00:07,20 nipype.workflow INFO:
	 Connecting smooth_func_vmhc...
250623-16:00:07,21 nipype.workflow INFO:
	 Connecting transform_timeseries_to_sym_template...
250623-16:00:07,22 nipype.workflow INFO:
	 Connecting vmhc...
250623-16:00:07,296 nipype.workflow INFO:
	 Workflow cpac_pipeline_pipeline1_sub-NDARINV003RTV85_ses-baselineYear1Arm1 settings: ['check', 'execution', 'logging', 'monitoring']
250623-16:00:07,652 nipype.workflow INFO:
	 Running in parallel.
250623-16:00:07,662 nipype.workflow INFO:
	 [MultiProc] Running 0 tasks, and 20 jobs ready. Free memory (GB): 13.77/14.00, Free processors: 2/2.
250623-16:00:07,903 nipype.workflow INFO:
	 [Job 0] Cached (cpac_pipeline_pipeline1_sub-NDARINV003RTV85_ses-baselineYear1Arm1.resampled_T1w-template).
250623-16:00:07,925 nipype.workflow INFO:
	 [Job 1] Cached (cpac_pipeline_pipeline1_sub-NDARINV003RTV85_ses-baselineYear1Arm1.resampled_T1w-brain-template-mask).
250623-16:00:07,947 nipype.workflow INFO:
	 [Node] Outdated cache found for "cpac_pipeline_pipeline1_sub-NDARINV003RTV85_ses-baselineYear1Arm1.id_string_desc-preproc_T1w_47".
250623-16:00:07,969 nipype.workflow INFO:
	 [Node] Outdated cache found for "cpac_pipeline_pipeline1_sub-NDARINV003RTV85_ses-baselineYear1Arm1.id_string_desc-head_T1w_49".
250623-16:00:07,976 nipype.workflow INFO:
	 [Node] Outdated cache found for "cpac_pipeline_pipeline1_sub-NDARINV003RTV85_ses-baselineYear1Arm1.id_string_desc-restore_T1w_55".
250623-16:00:07,981 nipype.workflow INFO:
	 [Node] Outdated cache found for "cpac_pipeline_pipeline1_sub-NDARINV003RTV85_ses-baselineYear1Arm1.id_string_desc-restore-brain_T1w_56".
250623-16:00:08,0 nipype.workflow INFO:
	 [Node] Setting-up "cpac_pipeline_pipeline1_sub-NDARINV003RTV85_ses-baselineYear1Arm1.id_string_desc-head_T1w_49" in "/ocean/projects/med250004p/bshresth/projects/surface_pipelines/outputs/working/pipeline_pipeline1/cpac_pipeline_pipeline1_sub-NDARINV003RTV85_ses-baselineYear1Arm1/id_string_desc-head_T1w_49".
250623-16:00:08,2 nipype.workflow INFO:
	 [Node] Outdated cache found for "cpac_pipeline_pipeline1_sub-NDARINV003RTV85_ses-baselineYear1Arm1.id_string_desc-head_T1w_49".
250623-16:00:08,3 nipype.workflow INFO:
	 [Node] Setting-up "cpac_pipeline_pipeline1_sub-NDARINV003RTV85_ses-baselineYear1Arm1.id_string_desc-preproc_T1w_47" in "/ocean/projects/med250004p/bshresth/projects/surface_pipelines/outputs/working/pipeline_pipeline1/cpac_pipeline_pipeline1_sub-NDARINV003RTV85_ses-baselineYear1Arm1/id_string_desc-preproc_T1w_47".
250623-16:00:08,6 nipype.workflow INFO:
	 [Node] Outdated cache found for "cpac_pipeline_pipeline1_sub-NDARINV003RTV85_ses-baselineYear1Arm1.id_string_desc-preproc_T1w_47".
250623-16:00:08,5 nipype.workflow INFO:
	 [Job 7] Cached (cpac_pipeline_pipeline1_sub-NDARINV003RTV85_ses-baselineYear1Arm1.gather_surface-parcellation-atlas.check_for_s3).
250623-16:00:08,36 nipype.workflow INFO:
	 [Node] Executing "id_string_desc-preproc_T1w_47" <CPAC.utils.interfaces.function.function.Function>
250623-16:00:08,39 nipype.workflow INFO:
	 [Node] Executing "id_string_desc-head_T1w_49" <CPAC.utils.interfaces.function.function.Function>
250623-16:00:08,55 nipype.workflow INFO:
	 [Job 8] Cached (cpac_pipeline_pipeline1_sub-NDARINV003RTV85_ses-baselineYear1Arm1.anat_T1w_gather_sub-NDARINV003RTV85_ses-baselineYear1Arm1.check_for_s3).
250623-16:00:08,78 nipype.workflow INFO:
	 [Job 9] Cached (cpac_pipeline_pipeline1_sub-NDARINV003RTV85_ses-baselineYear1Arm1.gather_template-ref-mask-res-2.check_for_s3).
250623-16:00:08,93 nipype.workflow INFO:
	 [Job 10] Cached (cpac_pipeline_pipeline1_sub-NDARINV003RTV85_ses-baselineYear1Arm1.gather_T1w-template-res-2.check_for_s3).
250623-16:00:08,112 nipype.workflow INFO:
	 [Job 11] Cached (cpac_pipeline_pipeline1_sub-NDARINV003RTV85_ses-baselineYear1Arm1.func_ingress_sub-NDARINV003RTV85_ses-baselineYear1Arm1.check_func_scan).
250623-16:00:08,135 nipype.workflow INFO:
	 [Job 12] Cached (cpac_pipeline_pipeline1_sub-NDARINV003RTV85_ses-baselineYear1Arm1.func_ingress_sub-NDARINV003RTV85_ses-baselineYear1Arm1.select_scan_params).
250623-16:00:08,155 nipype.workflow INFO:
	 [Job 13] Cached (cpac_pipeline_pipeline1_sub-NDARINV003RTV85_ses-baselineYear1Arm1.func_ingress_sub-NDARINV003RTV85_ses-baselineYear1Arm1.selectrest).
250623-16:00:08,160 nipype.workflow INFO:
	 [Job 14] Cached (cpac_pipeline_pipeline1_sub-NDARINV003RTV85_ses-baselineYear1Arm1.func_ingress_sub-NDARINV003RTV85_ses-baselineYear1Arm1.check_func_scan).
250623-16:00:08,178 nipype.workflow INFO:
	 [Job 15] Cached (cpac_pipeline_pipeline1_sub-NDARINV003RTV85_ses-baselineYear1Arm1.func_ingress_sub-NDARINV003RTV85_ses-baselineYear1Arm1.select_scan_params).
250623-16:00:08,190 nipype.workflow INFO:
	 [Job 16] Cached (cpac_pipeline_pipeline1_sub-NDARINV003RTV85_ses-baselineYear1Arm1.func_ingress_sub-NDARINV003RTV85_ses-baselineYear1Arm1.selectrest).
250623-16:00:08,204 nipype.workflow INFO:
	 [Job 17] Cached (cpac_pipeline_pipeline1_sub-NDARINV003RTV85_ses-baselineYear1Arm1.func_ingress_sub-NDARINV003RTV85_ses-baselineYear1Arm1.check_func_scan).
250623-16:00:08,224 nipype.workflow INFO:
	 [Job 18] Cached (cpac_pipeline_pipeline1_sub-NDARINV003RTV85_ses-baselineYear1Arm1.func_ingress_sub-NDARINV003RTV85_ses-baselineYear1Arm1.select_scan_params).
250623-16:00:08,271 nipype.workflow INFO:
	 [Job 19] Cached (cpac_pipeline_pipeline1_sub-NDARINV003RTV85_ses-baselineYear1Arm1.func_ingress_sub-NDARINV003RTV85_ses-baselineYear1Arm1.selectrest).
250623-16:00:08,349 nipype.workflow INFO:
	 [Node] Finished "id_string_desc-head_T1w_49", elapsed time 0.001917s.
250623-16:00:08,351 nipype.workflow INFO:
	 [Node] Finished "id_string_desc-preproc_T1w_47", elapsed time 0.002204s.
250623-16:00:08,392 nipype.workflow INFO:
	 [Node] Setting-up "cpac_pipeline_pipeline1_sub-NDARINV003RTV85_ses-baselineYear1Arm1.id_string_desc-restore_T1w_55" in "/ocean/projects/med250004p/bshresth/projects/surface_pipelines/outputs/working/pipeline_pipeline1/cpac_pipeline_pipeline1_sub-NDARINV003RTV85_ses-baselineYear1Arm1/id_string_desc-restore_T1w_55".
250623-16:00:08,394 nipype.workflow INFO:
	 [Node] Outdated cache found for "cpac_pipeline_pipeline1_sub-NDARINV003RTV85_ses-baselineYear1Arm1.id_string_desc-restore_T1w_55".
250623-16:00:08,436 nipype.workflow INFO:
	 [Node] Executing "id_string_desc-restore_T1w_55" <CPAC.utils.interfaces.function.function.Function>
250623-16:00:08,448 nipype.workflow INFO:
	 [Node] Setting-up "cpac_pipeline_pipeline1_sub-NDARINV003RTV85_ses-baselineYear1Arm1.id_string_desc-restore-brain_T1w_56" in "/ocean/projects/med250004p/bshresth/projects/surface_pipelines/outputs/working/pipeline_pipeline1/cpac_pipeline_pipeline1_sub-NDARINV003RTV85_ses-baselineYear1Arm1/id_string_desc-restore-brain_T1w_56".
250623-16:00:08,450 nipype.workflow INFO:
	 [Node] Outdated cache found for "cpac_pipeline_pipeline1_sub-NDARINV003RTV85_ses-baselineYear1Arm1.id_string_desc-restore-brain_T1w_56".
250623-16:00:08,519 nipype.workflow INFO:
	 [Node] Executing "id_string_desc-restore-brain_T1w_56" <CPAC.utils.interfaces.function.function.Function>
250623-16:00:08,742 nipype.workflow INFO:
	 [Node] Finished "id_string_desc-restore_T1w_55", elapsed time 0.001257s.
250623-16:00:08,781 nipype.workflow INFO:
	 [Node] Setting-up "cpac_pipeline_pipeline1_sub-NDARINV003RTV85_ses-baselineYear1Arm1.id_string_desc-ABCDpreproc_T1w_58" in "/ocean/projects/med250004p/bshresth/projects/surface_pipelines/outputs/working/pipeline_pipeline1/cpac_pipeline_pipeline1_sub-NDARINV003RTV85_ses-baselineYear1Arm1/id_string_desc-ABCDpreproc_T1w_58".
250623-16:00:08,798 nipype.workflow INFO:
	 [Node] Executing "id_string_desc-ABCDpreproc_T1w_58" <CPAC.utils.interfaces.function.function.Function>
250623-16:00:08,829 nipype.workflow INFO:
	 [Node] Finished "id_string_desc-restore-brain_T1w_56", elapsed time 0.001455s.
250623-16:00:09,88 nipype.workflow INFO:
	 [Node] Finished "id_string_desc-ABCDpreproc_T1w_58", elapsed time 0.001546s.
250623-16:00:09,662 nipype.workflow INFO:
	 [Job 2] Completed (cpac_pipeline_pipeline1_sub-NDARINV003RTV85_ses-baselineYear1Arm1.id_string_desc-preproc_T1w_47).
250623-16:00:09,668 nipype.workflow INFO:
	 [Job 3] Completed (cpac_pipeline_pipeline1_sub-NDARINV003RTV85_ses-baselineYear1Arm1.id_string_desc-head_T1w_49).
250623-16:00:09,672 nipype.workflow INFO:
	 [Job 4] Completed (cpac_pipeline_pipeline1_sub-NDARINV003RTV85_ses-baselineYear1Arm1.id_string_desc-restore_T1w_55).
250623-16:00:09,676 nipype.workflow INFO:
	 [Job 5] Completed (cpac_pipeline_pipeline1_sub-NDARINV003RTV85_ses-baselineYear1Arm1.id_string_desc-restore-brain_T1w_56).
250623-16:00:09,680 nipype.workflow INFO:
	 [Job 6] Completed (cpac_pipeline_pipeline1_sub-NDARINV003RTV85_ses-baselineYear1Arm1.id_string_desc-ABCDpreproc_T1w_58).
250623-16:00:09,685 nipype.workflow INFO:
	 [MultiProc] Running 0 tasks, and 13 jobs ready. Free memory (GB): 13.77/14.00, Free processors: 2/2.
250623-16:00:09,923 nipype.workflow INFO:
	 [Node] Outdated cache found for "cpac_pipeline_pipeline1_sub-NDARINV003RTV85_ses-baselineYear1Arm1.json_desc-preproc_T1w_47".
250623-16:00:09,937 nipype.workflow INFO:
	 [Node] Outdated cache found for "cpac_pipeline_pipeline1_sub-NDARINV003RTV85_ses-baselineYear1Arm1.json_desc-head_T1w_49".
250623-16:00:09,942 nipype.workflow INFO:
	 [Node] Setting-up "cpac_pipeline_pipeline1_sub-NDARINV003RTV85_ses-baselineYear1Arm1.json_desc-preproc_T1w_47" in "/ocean/projects/med250004p/bshresth/projects/surface_pipelines/outputs/working/pipeline_pipeline1/cpac_pipeline_pipeline1_sub-NDARINV003RTV85_ses-baselineYear1Arm1/json_desc-preproc_T1w_47".
250623-16:00:09,956 nipype.workflow INFO:
	 [Node] Outdated cache found for "cpac_pipeline_pipeline1_sub-NDARINV003RTV85_ses-baselineYear1Arm1.json_desc-preproc_T1w_47".
250623-16:00:10,0 nipype.workflow INFO:
	 [Node] Executing "json_desc-preproc_T1w_47" <CPAC.utils.interfaces.function.function.Function>
250623-16:00:09,950 nipype.workflow INFO:
	 [Node] Outdated cache found for "cpac_pipeline_pipeline1_sub-NDARINV003RTV85_ses-baselineYear1Arm1.json_desc-restore_T1w_55".
250623-16:00:10,19 nipype.workflow INFO:
	 [Node] Outdated cache found for "cpac_pipeline_pipeline1_sub-NDARINV003RTV85_ses-baselineYear1Arm1.json_desc-restore-brain_T1w_56".
250623-16:00:10,30 nipype.workflow INFO:
	 [Job 25] Cached (cpac_pipeline_pipeline1_sub-NDARINV003RTV85_ses-baselineYear1Arm1.reorient_surface-parcellation-atlas).
250623-16:00:10,46 nipype.workflow INFO:
	 [Job 26] Cached (cpac_pipeline_pipeline1_sub-NDARINV003RTV85_ses-baselineYear1Arm1.anat_deoblique_refit_0).
250623-16:00:10,51 nipype.workflow INFO:
	 [Job 27] Cached (cpac_pipeline_pipeline1_sub-NDARINV003RTV85_ses-baselineYear1Arm1.func_ingress_sub-NDARINV003RTV85_ses-baselineYear1Arm1.s3_scan_params).
250623-16:00:09,955 nipype.workflow INFO:
	 [Node] Setting-up "cpac_pipeline_pipeline1_sub-NDARINV003RTV85_ses-baselineYear1Arm1.json_desc-head_T1w_49" in "/ocean/projects/med250004p/bshresth/projects/surface_pipelines/outputs/working/pipeline_pipeline1/cpac_pipeline_pipeline1_sub-NDARINV003RTV85_ses-baselineYear1Arm1/json_desc-head_T1w_49".
250623-16:00:10,58 nipype.workflow INFO:
	 [Node] Outdated cache found for "cpac_pipeline_pipeline1_sub-NDARINV003RTV85_ses-baselineYear1Arm1.json_desc-head_T1w_49".
250623-16:00:10,75 nipype.workflow INFO:
	 [Job 28] Cached (cpac_pipeline_pipeline1_sub-NDARINV003RTV85_ses-baselineYear1Arm1.func_ingress_sub-NDARINV003RTV85_ses-baselineYear1Arm1.check_for_s3).
250623-16:00:10,94 nipype.workflow INFO:
	 [Job 29] Cached (cpac_pipeline_pipeline1_sub-NDARINV003RTV85_ses-baselineYear1Arm1.func_ingress_sub-NDARINV003RTV85_ses-baselineYear1Arm1.s3_scan_params).
250623-16:00:10,111 nipype.workflow INFO:
	 [Node] Executing "json_desc-head_T1w_49" <CPAC.utils.interfaces.function.function.Function>
250623-16:00:10,115 nipype.workflow INFO:
	 [Job 30] Cached (cpac_pipeline_pipeline1_sub-NDARINV003RTV85_ses-baselineYear1Arm1.func_ingress_sub-NDARINV003RTV85_ses-baselineYear1Arm1.check_for_s3).
250623-16:00:10,132 nipype.workflow INFO:
	 [Job 31] Cached (cpac_pipeline_pipeline1_sub-NDARINV003RTV85_ses-baselineYear1Arm1.func_ingress_sub-NDARINV003RTV85_ses-baselineYear1Arm1.s3_scan_params).
250623-16:00:10,158 nipype.workflow INFO:
	 [Job 32] Cached (cpac_pipeline_pipeline1_sub-NDARINV003RTV85_ses-baselineYear1Arm1.func_ingress_sub-NDARINV003RTV85_ses-baselineYear1Arm1.check_for_s3).
250623-16:00:10,309 nipype.workflow INFO:
	 [Node] Finished "json_desc-preproc_T1w_47", elapsed time 0.004868s.
250623-16:00:10,332 nipype.workflow INFO:
	 [Node] Setting-up "cpac_pipeline_pipeline1_sub-NDARINV003RTV85_ses-baselineYear1Arm1.json_desc-restore_T1w_55" in "/ocean/projects/med250004p/bshresth/projects/surface_pipelines/outputs/working/pipeline_pipeline1/cpac_pipeline_pipeline1_sub-NDARINV003RTV85_ses-baselineYear1Arm1/json_desc-restore_T1w_55".
250623-16:00:10,334 nipype.workflow INFO:
	 [Node] Outdated cache found for "cpac_pipeline_pipeline1_sub-NDARINV003RTV85_ses-baselineYear1Arm1.json_desc-restore_T1w_55".
250623-16:00:10,359 nipype.workflow INFO:
	 [Node] Executing "json_desc-restore_T1w_55" <CPAC.utils.interfaces.function.function.Function>
250623-16:00:10,413 nipype.workflow INFO:
	 [Node] Finished "json_desc-head_T1w_49", elapsed time 0.0196s.
250623-16:00:10,436 nipype.workflow INFO:
	 [Node] Setting-up "cpac_pipeline_pipeline1_sub-NDARINV003RTV85_ses-baselineYear1Arm1.json_desc-restore-brain_T1w_56" in "/ocean/projects/med250004p/bshresth/projects/surface_pipelines/outputs/working/pipeline_pipeline1/cpac_pipeline_pipeline1_sub-NDARINV003RTV85_ses-baselineYear1Arm1/json_desc-restore-brain_T1w_56".
250623-16:00:10,437 nipype.workflow INFO:
	 [Node] Outdated cache found for "cpac_pipeline_pipeline1_sub-NDARINV003RTV85_ses-baselineYear1Arm1.json_desc-restore-brain_T1w_56".
250623-16:00:10,470 nipype.workflow INFO:
	 [Node] Executing "json_desc-restore-brain_T1w_56" <CPAC.utils.interfaces.function.function.Function>
250623-16:00:10,636 nipype.workflow INFO:
	 [Node] Finished "json_desc-restore_T1w_55", elapsed time 0.008361s.
250623-16:00:10,658 nipype.workflow INFO:
	 [Node] Setting-up "cpac_pipeline_pipeline1_sub-NDARINV003RTV85_ses-baselineYear1Arm1.json_desc-ABCDpreproc_T1w_58" in "/ocean/projects/med250004p/bshresth/projects/surface_pipelines/outputs/working/pipeline_pipeline1/cpac_pipeline_pipeline1_sub-NDARINV003RTV85_ses-baselineYear1Arm1/json_desc-ABCDpreproc_T1w_58".
250623-16:00:10,704 nipype.workflow INFO:
	 [Node] Executing "json_desc-ABCDpreproc_T1w_58" <CPAC.utils.interfaces.function.function.Function>
250623-16:00:10,757 nipype.workflow INFO:
	 [Node] Finished "json_desc-restore-brain_T1w_56", elapsed time 0.012665s.
250623-16:00:11,2 nipype.workflow INFO:
	 [Node] Finished "json_desc-ABCDpreproc_T1w_58", elapsed time 0.004044s.
250623-16:00:11,664 nipype.workflow INFO:
	 [Job 20] Completed (cpac_pipeline_pipeline1_sub-NDARINV003RTV85_ses-baselineYear1Arm1.json_desc-preproc_T1w_47).
250623-16:00:11,673 nipype.workflow INFO:
	 [Job 21] Completed (cpac_pipeline_pipeline1_sub-NDARINV003RTV85_ses-baselineYear1Arm1.json_desc-head_T1w_49).
250623-16:00:11,680 nipype.workflow INFO:
	 [Job 22] Completed (cpac_pipeline_pipeline1_sub-NDARINV003RTV85_ses-baselineYear1Arm1.json_desc-restore_T1w_55).
250623-16:00:11,688 nipype.workflow INFO:
	 [Job 23] Completed (cpac_pipeline_pipeline1_sub-NDARINV003RTV85_ses-baselineYear1Arm1.json_desc-restore-brain_T1w_56).
250623-16:00:11,696 nipype.workflow INFO:
	 [Job 24] Completed (cpac_pipeline_pipeline1_sub-NDARINV003RTV85_ses-baselineYear1Arm1.json_desc-ABCDpreproc_T1w_58).
250623-16:00:11,704 nipype.workflow INFO:
	 [MultiProc] Running 0 tasks, and 4 jobs ready. Free memory (GB): 13.77/14.00, Free processors: 2/2.
250623-16:00:11,852 nipype.workflow INFO:
	 [Job 33] Cached (cpac_pipeline_pipeline1_sub-NDARINV003RTV85_ses-baselineYear1Arm1.anat_reorient_0).
250623-16:00:11,865 nipype.workflow INFO:
	 [Job 34] Cached (cpac_pipeline_pipeline1_sub-NDARINV003RTV85_ses-baselineYear1Arm1.bold_scan_params_sub-NDARINV003RTV85_ses-baselineYear1Arm1).
250623-16:00:11,896 nipype.workflow INFO:
	 [Job 35] Cached (cpac_pipeline_pipeline1_sub-NDARINV003RTV85_ses-baselineYear1Arm1.bold_scan_params_sub-NDARINV003RTV85_ses-baselineYear1Arm1).
250623-16:00:11,902 nipype.workflow INFO:
	 [Job 36] Cached (cpac_pipeline_pipeline1_sub-NDARINV003RTV85_ses-baselineYear1Arm1.bold_scan_params_sub-NDARINV003RTV85_ses-baselineYear1Arm1).
250623-16:00:13,907 nipype.workflow INFO:
	 [Job 37] Cached (cpac_pipeline_pipeline1_sub-NDARINV003RTV85_ses-baselineYear1Arm1.resample_anat_head_1mm_50).
250623-16:00:13,931 nipype.workflow INFO:
	 [Job 38] Cached (cpac_pipeline_pipeline1_sub-NDARINV003RTV85_ses-baselineYear1Arm1.nii_desc-preproc_T1w_47).
250623-16:00:13,953 nipype.workflow INFO:
	 [Job 39] Cached (cpac_pipeline_pipeline1_sub-NDARINV003RTV85_ses-baselineYear1Arm1.nii_desc-head_T1w_49).
250623-16:00:13,959 nipype.workflow INFO:
	 [Job 40] Cached (cpac_pipeline_pipeline1_sub-NDARINV003RTV85_ses-baselineYear1Arm1.fnirt_based_brain_extraction_50.linear_reg).
250623-16:00:15,668 nipype.workflow INFO:
	 [MultiProc] Running 0 tasks, and 4 jobs ready. Free memory (GB): 13.77/14.00, Free processors: 2/2.
250623-16:00:15,909 nipype.workflow INFO:
	 [Job 41] Cached (cpac_pipeline_pipeline1_sub-NDARINV003RTV85_ses-baselineYear1Arm1.applywarp_head_to_head_1mm_50).
250623-16:00:15,933 nipype.workflow INFO:
	 [Node] Outdated cache found for "cpac_pipeline_pipeline1_sub-NDARINV003RTV85_ses-baselineYear1Arm1.sinker_desc-preproc_T1w_47".
250623-16:00:15,937 nipype.workflow INFO:
	 [Node] Setting-up "cpac_pipeline_pipeline1_sub-NDARINV003RTV85_ses-baselineYear1Arm1.sinker_desc-preproc_T1w_47" in "/ocean/projects/med250004p/bshresth/projects/surface_pipelines/outputs/working/pipeline_pipeline1/cpac_pipeline_pipeline1_sub-NDARINV003RTV85_ses-baselineYear1Arm1/sinker_desc-preproc_T1w_47".
250623-16:00:15,938 nipype.workflow INFO:
	 [Node] Outdated cache found for "cpac_pipeline_pipeline1_sub-NDARINV003RTV85_ses-baselineYear1Arm1.sinker_desc-preproc_T1w_47".
250623-16:00:15,942 nipype.workflow INFO:
	 [Node] Outdated cache found for "cpac_pipeline_pipeline1_sub-NDARINV003RTV85_ses-baselineYear1Arm1.sinker_desc-head_T1w_49".
250623-16:00:15,945 nipype.workflow INFO:
	 [Node] Setting-up "cpac_pipeline_pipeline1_sub-NDARINV003RTV85_ses-baselineYear1Arm1.sinker_desc-head_T1w_49" in "/ocean/projects/med250004p/bshresth/projects/surface_pipelines/outputs/working/pipeline_pipeline1/cpac_pipeline_pipeline1_sub-NDARINV003RTV85_ses-baselineYear1Arm1/sinker_desc-head_T1w_49".
250623-16:00:15,947 nipype.workflow INFO:
	 [Node] Outdated cache found for "cpac_pipeline_pipeline1_sub-NDARINV003RTV85_ses-baselineYear1Arm1.sinker_desc-head_T1w_49".
250623-16:00:15,954 nipype.workflow INFO:
	 [Job 44] Cached (cpac_pipeline_pipeline1_sub-NDARINV003RTV85_ses-baselineYear1Arm1.fnirt_based_brain_extraction_50.non_linear_reg).
250623-16:00:15,968 nipype.workflow INFO:
	 [Node] Executing "sinker_desc-preproc_T1w_47" <CPAC.utils.interfaces.datasink.DataSink>
250623-16:00:15,969 nipype.workflow INFO:
	 [Node] Executing "sinker_desc-head_T1w_49" <CPAC.utils.interfaces.datasink.DataSink>
250623-16:00:16,256 nipype.workflow INFO:
	 [Node] Finished "sinker_desc-preproc_T1w_47", elapsed time 0.004824s.
250623-16:00:16,266 nipype.workflow INFO:
	 [Node] Finished "sinker_desc-head_T1w_49", elapsed time 0.005297s.
250623-16:00:17,669 nipype.workflow INFO:
	 [Job 42] Completed (cpac_pipeline_pipeline1_sub-NDARINV003RTV85_ses-baselineYear1Arm1.sinker_desc-preproc_T1w_47).
250623-16:00:17,674 nipype.workflow INFO:
	 [Job 43] Completed (cpac_pipeline_pipeline1_sub-NDARINV003RTV85_ses-baselineYear1Arm1.sinker_desc-head_T1w_49).
250623-16:00:17,678 nipype.workflow INFO:
	 [MultiProc] Running 0 tasks, and 2 jobs ready. Free memory (GB): 13.77/14.00, Free processors: 2/2.
250623-16:00:17,901 nipype.workflow INFO:
	 [Job 45] Cached (cpac_pipeline_pipeline1_sub-NDARINV003RTV85_ses-baselineYear1Arm1.fnirt_based_brain_extraction_50.apply_warp).
250623-16:00:17,918 nipype.workflow INFO:
	 [Job 46] Cached (cpac_pipeline_pipeline1_sub-NDARINV003RTV85_ses-baselineYear1Arm1.fnirt_based_brain_extraction_50.inverse_warp).
250623-16:00:19,671 nipype.workflow INFO:
	 [MultiProc] Running 0 tasks, and 1 jobs ready. Free memory (GB): 13.77/14.00, Free processors: 2/2.
250623-16:00:19,909 nipype.workflow INFO:
	 [Job 47] Cached (cpac_pipeline_pipeline1_sub-NDARINV003RTV85_ses-baselineYear1Arm1.fnirt_based_brain_extraction_50.apply_inv_warp).
250623-16:00:21,673 nipype.workflow INFO:
	 [MultiProc] Running 0 tasks, and 2 jobs ready. Free memory (GB): 13.77/14.00, Free processors: 2/2.
250623-16:00:21,934 nipype.workflow INFO:
	 [Job 48] Cached (cpac_pipeline_pipeline1_sub-NDARINV003RTV85_ses-baselineYear1Arm1.fnirt_based_brain_extraction_50.apply_mask).
250623-16:00:21,964 nipype.workflow INFO:
	 [Job 49] Cached (cpac_pipeline_pipeline1_sub-NDARINV003RTV85_ses-baselineYear1Arm1.fast_bias_field_correction_50.inverse_brain_mask).
250623-16:00:23,939 nipype.workflow INFO:
	 [Job 50] Cached (cpac_pipeline_pipeline1_sub-NDARINV003RTV85_ses-baselineYear1Arm1.fast_bias_field_correction_50.fast_bias_field_correction).
250623-16:00:23,966 nipype.workflow INFO:
	 [Job 51] Cached (cpac_pipeline_pipeline1_sub-NDARINV003RTV85_ses-baselineYear1Arm1.fast_bias_field_correction_50.apply_mask).
250623-16:00:25,678 nipype.workflow INFO:
	 [MultiProc] Running 0 tasks, and 4 jobs ready. Free memory (GB): 13.77/14.00, Free processors: 2/2.
250623-16:00:25,966 nipype.workflow INFO:
	 [Job 52] Cached (cpac_pipeline_pipeline1_sub-NDARINV003RTV85_ses-baselineYear1Arm1.applywarp_brain_to_head_1mm_50).
250623-16:00:26,17 nipype.workflow INFO:
	 [Job 53] Cached (cpac_pipeline_pipeline1_sub-NDARINV003RTV85_ses-baselineYear1Arm1.average_brain_50).
250623-16:00:26,30 nipype.workflow INFO:
	 [Job 54] Cached (cpac_pipeline_pipeline1_sub-NDARINV003RTV85_ses-baselineYear1Arm1.nii_desc-restore-brain_T1w_56).
250623-16:00:26,58 nipype.workflow INFO:
	 [Job 55] Cached (cpac_pipeline_pipeline1_sub-NDARINV003RTV85_ses-baselineYear1Arm1.fast_bias_field_correction_50.get_anat_restore).
250623-16:00:27,679 nipype.workflow INFO:
	 [MultiProc] Running 0 tasks, and 3 jobs ready. Free memory (GB): 13.77/14.00, Free processors: 2/2.
250623-16:00:27,931 nipype.workflow INFO:
	 [Node] Outdated cache found for "cpac_pipeline_pipeline1_sub-NDARINV003RTV85_ses-baselineYear1Arm1.normalize_head_50".
250623-16:00:27,936 nipype.workflow INFO:
	 [Node] Outdated cache found for "cpac_pipeline_pipeline1_sub-NDARINV003RTV85_ses-baselineYear1Arm1.sinker_desc-restore-brain_T1w_56".
250623-16:00:27,939 nipype.workflow INFO:
	 [Node] Setting-up "cpac_pipeline_pipeline1_sub-NDARINV003RTV85_ses-baselineYear1Arm1.sinker_desc-restore-brain_T1w_56" in "/ocean/projects/med250004p/bshresth/projects/surface_pipelines/outputs/working/pipeline_pipeline1/cpac_pipeline_pipeline1_sub-NDARINV003RTV85_ses-baselineYear1Arm1/sinker_desc-restore-brain_T1w_56".
250623-16:00:27,941 nipype.workflow INFO:
	 [Node] Outdated cache found for "cpac_pipeline_pipeline1_sub-NDARINV003RTV85_ses-baselineYear1Arm1.sinker_desc-restore-brain_T1w_56".
250623-16:00:27,943 nipype.workflow INFO:
	 [Job 58] Cached (cpac_pipeline_pipeline1_sub-NDARINV003RTV85_ses-baselineYear1Arm1.nii_desc-restore_T1w_55).
250623-16:00:27,946 nipype.workflow INFO:
	 [Node] Setting-up "cpac_pipeline_pipeline1_sub-NDARINV003RTV85_ses-baselineYear1Arm1.normalize_head_50" in "/ocean/projects/med250004p/bshresth/projects/surface_pipelines/outputs/working/pipeline_pipeline1/cpac_pipeline_pipeline1_sub-NDARINV003RTV85_ses-baselineYear1Arm1/normalize_head_50".
250623-16:00:27,947 nipype.workflow INFO:
	 [Node] Outdated cache found for "cpac_pipeline_pipeline1_sub-NDARINV003RTV85_ses-baselineYear1Arm1.normalize_head_50".
250623-16:00:27,955 nipype.workflow INFO:
	 [Node] Executing "sinker_desc-restore-brain_T1w_56" <CPAC.utils.interfaces.datasink.DataSink>
250623-16:00:27,960 nipype.workflow INFO:
	 [Node] Executing "normalize_head_50" <CPAC.utils.interfaces.function.function.Function>
250623-16:00:28,253 nipype.workflow INFO:
	 [Node] Finished "sinker_desc-restore-brain_T1w_56", elapsed time 0.003001s.
250623-16:00:29,680 nipype.workflow INFO:
	 [Job 57] Completed (cpac_pipeline_pipeline1_sub-NDARINV003RTV85_ses-baselineYear1Arm1.sinker_desc-restore-brain_T1w_56).
250623-16:00:29,685 nipype.workflow INFO:
	 [MultiProc] Running 1 tasks, and 1 jobs ready. Free memory (GB): 11.77/14.00, Free processors: 1/2.
                     Currently running:
                       * cpac_pipeline_pipeline1_sub-NDARINV003RTV85_ses-baselineYear1Arm1.normalize_head_50
250623-16:00:29,951 nipype.workflow INFO:
	 [Node] Outdated cache found for "cpac_pipeline_pipeline1_sub-NDARINV003RTV85_ses-baselineYear1Arm1.sinker_desc-restore_T1w_55".
250623-16:00:29,954 nipype.workflow INFO:
	 [Node] Setting-up "cpac_pipeline_pipeline1_sub-NDARINV003RTV85_ses-baselineYear1Arm1.sinker_desc-restore_T1w_55" in "/ocean/projects/med250004p/bshresth/projects/surface_pipelines/outputs/working/pipeline_pipeline1/cpac_pipeline_pipeline1_sub-NDARINV003RTV85_ses-baselineYear1Arm1/sinker_desc-restore_T1w_55".
250623-16:00:29,955 nipype.workflow INFO:
	 [Node] Outdated cache found for "cpac_pipeline_pipeline1_sub-NDARINV003RTV85_ses-baselineYear1Arm1.sinker_desc-restore_T1w_55".
250623-16:00:29,968 nipype.workflow INFO:
	 [Node] Executing "sinker_desc-restore_T1w_55" <CPAC.utils.interfaces.datasink.DataSink>
250623-16:00:30,264 nipype.workflow INFO:
	 [Node] Finished "sinker_desc-restore_T1w_55", elapsed time 0.003066s.
250623-16:00:31,683 nipype.workflow INFO:
	 [Job 60] Completed (cpac_pipeline_pipeline1_sub-NDARINV003RTV85_ses-baselineYear1Arm1.sinker_desc-restore_T1w_55).
250623-16:00:31,688 nipype.workflow INFO:
	 [MultiProc] Running 1 tasks, and 0 jobs ready. Free memory (GB): 11.77/14.00, Free processors: 1/2.
                     Currently running:
                       * cpac_pipeline_pipeline1_sub-NDARINV003RTV85_ses-baselineYear1Arm1.normalize_head_50
250623-16:00:36,499 nipype.workflow INFO:
	 [Node] Finished "normalize_head_50", elapsed time 8.267902s.
250623-16:00:37,688 nipype.workflow INFO:
	 [Job 56] Completed (cpac_pipeline_pipeline1_sub-NDARINV003RTV85_ses-baselineYear1Arm1.normalize_head_50).
250623-16:00:37,693 nipype.workflow INFO:
	 [MultiProc] Running 0 tasks, and 1 jobs ready. Free memory (GB): 13.77/14.00, Free processors: 2/2.
250623-16:00:37,932 nipype.workflow INFO:
	 [Node] Setting-up "cpac_pipeline_pipeline1_sub-NDARINV003RTV85_ses-baselineYear1Arm1.nii_desc-ABCDpreproc_T1w_58" in "/ocean/projects/med250004p/bshresth/projects/surface_pipelines/outputs/working/pipeline_pipeline1/cpac_pipeline_pipeline1_sub-NDARINV003RTV85_ses-baselineYear1Arm1/nii_desc-ABCDpreproc_T1w_58".
250623-16:00:37,959 nipype.workflow INFO:
	 [Node] Executing "nii_desc-ABCDpreproc_T1w_58" <nipype.interfaces.utility.base.Rename>
250623-16:00:38,244 nipype.workflow INFO:
	 [Node] Finished "nii_desc-ABCDpreproc_T1w_58", elapsed time 0.001431s.
250623-16:00:39,690 nipype.workflow INFO:
	 [Job 59] Completed (cpac_pipeline_pipeline1_sub-NDARINV003RTV85_ses-baselineYear1Arm1.nii_desc-ABCDpreproc_T1w_58).
250623-16:00:39,695 nipype.workflow INFO:
	 [MultiProc] Running 0 tasks, and 1 jobs ready. Free memory (GB): 13.77/14.00, Free processors: 2/2.
250623-16:00:39,937 nipype.workflow INFO:
	 [Node] Setting-up "cpac_pipeline_pipeline1_sub-NDARINV003RTV85_ses-baselineYear1Arm1.sinker_desc-ABCDpreproc_T1w_58" in "/ocean/projects/med250004p/bshresth/projects/surface_pipelines/outputs/working/pipeline_pipeline1/cpac_pipeline_pipeline1_sub-NDARINV003RTV85_ses-baselineYear1Arm1/sinker_desc-ABCDpreproc_T1w_58".
250623-16:00:39,961 nipype.workflow INFO:
	 [Node] Executing "sinker_desc-ABCDpreproc_T1w_58" <CPAC.utils.interfaces.datasink.DataSink>
250623-16:00:40,254 nipype.workflow INFO:
	 [Node] Finished "sinker_desc-ABCDpreproc_T1w_58", elapsed time 0.00375s.
250623-16:00:41,692 nipype.workflow INFO:
	 [Job 61] Completed (cpac_pipeline_pipeline1_sub-NDARINV003RTV85_ses-baselineYear1Arm1.sinker_desc-ABCDpreproc_T1w_58).
250623-16:00:41,697 nipype.workflow INFO:
	 [MultiProc] Running 0 tasks, and 0 jobs ready. Free memory (GB): 13.77/14.00, Free processors: 2/2.
