250624-15:13:04,138 nipype.workflow INFO:
	 Skipping BIDS validator...
250624-15:13:04,373 nipype.workflow INFO:
	 #### Running C-PAC for sub-NDARINV003RTV85
250624-15:13:04,373 nipype.workflow INFO:
	 Number of participants to run in parallel: 1
250624-15:13:04,373 nipype.workflow INFO:
	 Input directory: /ocean/projects/med250004p/bshresth/projects/data
250624-15:13:04,373 nipype.workflow INFO:
	 Output directory: /ocean/projects/med250004p/bshresth/projects/surface_pipelines/outputs/output
Working directory: /ocean/projects/med250004p/bshresth/projects/surface_pipelines/outputs/working
Log directory: /ocean/projects/med250004p/bshresth/projects/surface_pipelines/outputs/log
Remove working directory: True
Available memory: 34.0 (GB)
Available threads: 1
Number of threads for ANTs: 1
250624-15:13:04,373 nipype.utils INFO:
	 Parsing /ocean/projects/med250004p/bshresth/projects/data..
250624-15:13:10,82 nipype.workflow INFO:
	 Starting participant level processing
250624-15:13:10,82 nipype.workflow INFO:
	 Run called with config file /ocean/projects/med250004p/bshresth/projects/surface_pipelines/outputs/log/pipeline_pipeline5/sub-NDARINV003RTV85_ses-baselineYear1Arm1/cpac_pipeline_config_67deb741_2025-06-24T15-13-04Z.yml
/code/CPAC/pipeline/cpac_runner.py:384: UserWarning: We recommend that the working directory full path should have less then 70 characters. Long paths might not work in your operating system.
  warnings.warn(
/code/CPAC/pipeline/cpac_runner.py:389: UserWarning: Current working directory: /ocean/projects/med250004p/bshresth/projects/surface_pipelines/outputs/working
  warnings.warn(
250624-15:13:10,400 nipype.workflow INFO:
	 
    Environment
    ===========
    AFNI: 23.3.09:linux_universal
    bids-validator: 1.14.6
    ldd: (Ubuntu GLIBC 2.35-0ubuntu3.1) 2.35
    Python: 3.10.6 | packaged by conda-forge | (main, Aug 22 2022, 20:36:39) [GCC 10.4.0]
      Python packages
      ---------------
      acres: 0.5.0
      anyio: 3.7.1
      argon2-cffi: 21.3.0
      argon2-cffi-bindings: 21.2.0
      astor: 0.8.1
      asttokens: 2.2.1
      async-lru: 2.0.3
      attrs: 23.1.0
      awscli: 1.29.4
      Babel: 2.12.1
      backcall: 0.2.0
      backports.functools-lru-cache: 1.6.5
      backports.tarfile: 1.2.0
      beautifulsoup4: 4.12.2
      bids-validator: 1.14.7.post0
      bidsschematools: 1.0.10
      bleach: 6.0.0
      boto3: 1.28.4
      botocore: 1.31.4
      Brotli: 1.0.9
      brotlipy: 0.7.0
      cached-property: 1.5.2
      certifi: 2025.6.15
      cffi: 1.15.1
      charset-normalizer: 3.1.0
      ci-info: 0.3.0
      ciftify: 3.0.0+fcpindi
      click: 8.1.5
      click-aliases: 1.0.1
      colorama: 0.4.4
      comm: 0.1.3
      conda: 23.1.0
      conda-package-handling: 2.0.2
      conda_package_streaming: 0.8.0
      configparser: 5.3.0
      contourpy: 1.1.0
      CPAC: 1.8.8.dev1
      cryptography: 44.0.1
      cycler: 0.11.0
      Cython: 3.1.2
      debugpy: 1.6.7
      decorator: 5.1.1
      defusedxml: 0.7.1
      dill: 0.3.6
      docopt: 0.6.2
      docutils: 0.15.2
      entrypoints: 0.4
      etelemetry: 0.3.1
      exceptiongroup: 1.1.2
      executing: 1.2.0
      fastjsonschema: 2.17.1
      file-tree: 1.2.1
      file-tree-fsl: 0.2.1
      filelock: 3.18.0
      flit_core: 3.9.0
      flowdump: 0.1.2
      fonttools: 4.41.0
      formulaic: 0.5.2
      fsl-base: 2302.0
      fsl-get-standard: 0.1.0
      fsl-sub: 2.7.5
      fsl-sub-plugin-sge: 1.5.2
      fsl-sub-plugin-slurm: 1.4.4
      fsleyes: 1.6.1
      fsleyes-props: 1.10.0
      fsleyes-widgets: 0.14.3
      fslinstaller: 3.4.1
      fslpy: 3.11.3
      future: 0.18.3
      ghalton: 0.6.1
      h5py: 3.8.0
      hlsvdpropy: 2.0.1
      idna: 3.4
      imageio: 2.37.0
      importlib-metadata: 6.8.0
      importlib-resources: 6.0.0
      indexed-gzip: 1.7.1
      INDI-Tools: 0.0.7
      interface-meta: 1.3.0
      ipykernel: 6.24.0
      ipython: 8.14.0
      isodate: 0.7.2
      jedi: 0.18.2
      Jinja2: 3.1.2
      jmespath: 1.0.1
      joblib: 1.2.0
      json5: 0.9.14
      jsonschema: 4.18.4
      jsonschema-specifications: 2023.7.1
      jupyter-events: 0.6.3
      jupyter-lsp: 2.2.0
      jupyter_client: 8.3.0
      jupyter_core: 5.3.1
      jupyter_server: 2.7.0
      jupyter_server_terminals: 0.4.4
      jupyterlab: 4.0.3
      jupyterlab-pygments: 0.2.2
      jupyterlab_server: 2.23.0
      kiwisolver: 1.4.4
      lazy_loader: 0.4
      libmambapy: 1.4.2
      lockfile: 0.12.2
      looseversion: 1.3.0
      lxml: 4.9.2
      mamba: 1.4.2
      markdown-it-py: 3.0.0
      MarkupSafe: 2.1.3
      matplotlib: 3.7.1
      matplotlib-inline: 0.1.6
      mdurl: 0.1.0
      mistune: 3.0.0
      munkres: 1.1.4
      nbclient: 0.8.0
      nbconvert: 7.7.2
      nbformat: 5.9.1
      nest-asyncio: 1.5.6
      networkx: 3.1
      nibabel: 5.1.0
      nilearn: 0.10.0
      nipype: 1.8.6
      nitransforms: 24.0.2
      niworkflows: 1.13.4
      nose: 1.3.7
      notebook: 7.0.0
      notebook_shim: 0.2.3
      num2words: 0.5.14
      numpy: 1.25.1
      overrides: 7.3.1
      packaging: 23.1
      pandas: 2.0.3
      pandocfilters: 1.5.0
      parse: 1.19.1
      parso: 0.8.3
      pathlib2: 2.3.7.post1
      pathvalidate: 2.5.2
      patsy: 0.5.3
      pexpect: 4.8.0
      pickleshare: 0.7.5
      Pillow: 9.2.0
      pip: 23.3
      pkgutil_resolve_name: 1.3.10
      platformdirs: 3.9.1
      pluggy: 1.2.0
      pooch: 1.7.0
      progressbar2: 4.2.0
      prometheus-client: 0.17.1
      prompt-toolkit: 3.0.39
      prov: 2.0.0
      psutil: 5.9.5
      ptyprocess: 0.7.0
      pure-eval: 0.2.2
      pyasn1: 0.4.8
      PyBASC: 0.6.1
      pybids: 0.15.6
      pycosat: 0.6.4
      pycparser: 2.21
      pydicom: 2.4.1
      pydot: 4.0.0
      Pygments: 2.15.1
      pygraphviz: 1.14
      PyOpenGL: 3.1.6
      pyOpenSSL: 23.2.0
      pyparsing: 3.2.3
      PyPEER: 1.1
      PySocks: 1.7.1
      python-dateutil: 2.8.2
      python-json-logger: 2.0.7
      python-utils: 3.7.0
      pytz: 2023.3
      PyYAML: 6.0
      pyzmq: 25.1.0
      rdflib: 7.1.4
      referencing: 0.30.0
      requests: 2.32.3
      rfc3339-validator: 0.1.4
      rfc3986-validator: 0.1.1
      rich: 13.4.2
      rpds-py: 0.9.2
      rsa: 4.7.2
      Rtree: 1.0.1
      ruamel.yaml: 0.17.32
      ruamel.yaml.clib: 0.2.7
      s3transfer: 0.6.1
      scikit-image: 0.24.0
      scikit-learn: 1.5.0
      scipy: 1.11.1
      sdcflows: 2.4.0
      seaborn: 0.13.2
      semver: 3.0.1
      Send2Trash: 1.8.2
      setuptools: 78.1.1
      simplejson: 3.20.1
      six: 1.16.0
      sniffio: 1.3.0
      soupsieve: 2.3.2.post1
      SQLAlchemy: 1.3.24
      stack-data: 0.6.2
      svgutils: 0.3.4
      templateflow: 24.2.2
      terminado: 0.17.1
      threadpoolctl: 3.6.0
      tifffile: 2025.5.10
      tinycss2: 1.2.1
      tomli: 2.0.1
      toolz: 0.12.0
      tornado: 6.3.2
      tqdm: 4.65.0
      traitlets: 5.9.0
      traits: 6.3.2
      transforms3d: 0.4.2
      trimesh: 3.22.5
      typing-utils: 0.1.0
      typing_extensions: 4.7.1
      tzdata: 2023.3
      unicodedata2: 15.0.0
      urllib3: 1.26.19
      voluptuous: 0.13.1
      wcwidth: 0.2.6
      webencodings: 0.5.1
      websocket-client: 1.6.1
      wheel: 0.40.0
      wire: 1.0.0
      wrapt: 1.17.2
      wxnatpy: 0.4.0
      wxPython: 4.1.1
      xarray: 2023.7.0
      xnat: 0.5.1
      xvfbwrapper: 0.2.13
      zipp: 3.19.1
      zstandard: 0.23.0

    Run command: run /ocean/projects/med250004p/bshresth/projects/data /ocean/projects/med250004p/bshresth/projects/surface_pipelines/outputs participant --num_ants_threads 1 --skip_bids_validator --n_cpus 1 --mem_gb 34 --pipeline_file /ocean/projects/med250004p/bshresth/projects/surface_pipelines/pipelines/pipeline5.yml --participant_label sub-NDARINV003RTV85

    C-PAC version: 1.8.8.dev1

    Copyright (C) 2022-2024 C-PAC Developers.
    
    This program comes with ABSOLUTELY NO WARRANTY. This is free software,
    and you are welcome to redistribute it under certain conditions. For
    details, see https://fcp-indi.github.io/docs/nightly/license or the COPYING and
    COPYING.LESSER files included in the source code.

    Setting maximum number of cores per participant to 1
    Setting number of participants at once to 1
    Setting OMP_NUM_THREADS to 1
    Setting MKL_NUM_THREADS to 1
    Setting ANTS/ITK thread usage to 1
    Maximum potential number of cores that might be used during this run: 1
    Random seed: 1

250624-15:13:12,226 nipype.workflow INFO:
	 Connecting pipeline blocks:
	 - anatomical_init
	 - non_local_means
	   - T1w
	     - desc-preproc_T1w
	       - desc-reorient_T1w
	       - T1w
	 - n4_bias_correction
	 - acpc_align_head
	 - freesurfer_abcd_preproc
	 - brain_mask_afni
	   - brain_mask_fsl
	   - brain_mask_niworkflows_ants
	   - brain_mask_unet
	   - brain_mask_freesurfer_abcd
	   - brain_mask_freesurfer
	   - brain_mask_freesurfer_fsl_tight
	   - brain_mask_freesurfer_fsl_loose
	 - brain_extraction
	 - brain_mask_T2
	 - brain_extraction_T2
	 - register_ANTs_anat_to_template
	   - register_FSL_anat_to_template
	 - overwrite_transform_anat_to_template
	 - warp_wholeheadT1_to_template
	 - warp_T1mask_to_template
	 - correct_restore_brain_intensity_abcd
	 - tissue_seg_fsl_fast
	   - tissue_seg_ants_prior
	   - tissue_seg_freesurfer
	 - tissue_seg_T1_template_based
	 - coregistration_prep_vol
	 - coregistration_prep_mean
	 - register_ANTs_EPI_to_template
	   - register_FSL_EPI_to_template
	 - ICA_AROMA_ANTsreg
	 - ICA_AROMA_FSLreg
	 - ICA_AROMA_ANTsEPIreg
	 - ICA_AROMA_FSLEPIreg
	 - erode_mask_T1w
	 - erode_mask_CSF
	 - erode_mask_GM
	 - erode_mask_WM
	 - erode_mask_bold
	 - erode_mask_boldCSF
	 - erode_mask_boldGM
	 - erode_mask_boldWM
	 - nuisance_regressors_generation_T1w
	   - desc-preproc_bold
	     - desc-reorient_bold
	 - ingress_regressors
	 - warp_bold_mask_to_T1template
	 - warp_deriv_mask_to_T1template
	 - func_despike_template
	 - warp_bold_mask_to_EPItemplate
	 - warp_deriv_mask_to_EPItemplate
	 - surface_postproc
	 - surface_falff
	 - surface_alff
	 - surface_reho
	 - surface_connectivity_matrix
	 - timeseries_extraction_AVG
	 - spatial_regression
	 - alff_falff
	 - reho
	 - smooth_func_vmhc
	 - warp_timeseries_to_sym_template
	 - vmhc
	 - qc_xcp
	 
250624-15:13:12,227 nipype.workflow INFO:
	 Connecting anatomical_init...
250624-15:13:12,230 nipype.workflow INFO:
	 Connecting nlm_filtering...
250624-15:13:12,231 nipype.workflow INFO:
	 Connecting n4_bias_correction...
250624-15:13:12,232 nipype.workflow INFO:
	 Connecting acpc_alignment_head...
250624-15:13:12,233 nipype.workflow INFO:
	 Connecting freesurfer_abcd_preproc...
250624-15:13:12,234 nipype.workflow INFO:
	 Connecting brain_mask_afni...
250624-15:13:12,235 nipype.workflow INFO:
	 Connecting brain_mask_fsl...
250624-15:13:12,236 nipype.workflow INFO:
	 Connecting brain_mask_niworkflows_ants...
250624-15:13:12,236 nipype.workflow INFO:
	 Connecting brain_mask_unet...
250624-15:13:12,237 nipype.workflow INFO:
	 Connecting brain_mask_freesurfer_abcd...
250624-15:13:12,238 nipype.workflow INFO:
	 Connecting brain_mask_freesurfer...
250624-15:13:12,239 nipype.workflow INFO:
	 Connecting brain_mask_freesurfer_fsl_tight...
250624-15:13:12,239 nipype.workflow INFO:
	 Connecting brain_mask_freesurfer_fsl_loose...
250624-15:13:12,259 nipype.workflow INFO:
	 Connecting brain_extraction...
250624-15:13:12,283 nipype.workflow INFO:
	 Connecting brain_mask_T2...
250624-15:13:12,284 nipype.workflow INFO:
	 Connecting brain_extraction_T2...
250624-15:13:12,285 nipype.workflow INFO:
	 Connecting register_ANTs_anat_to_template...
250624-15:13:12,286 nipype.workflow INFO:
	 Connecting register_FSL_anat_to_template...
250624-15:13:12,287 nipype.workflow INFO:
	 Connecting overwrite_transform_anat_to_template...
250624-15:13:12,288 nipype.workflow INFO:
	 Connecting transform_whole_head_T1w_to_T1template...
250624-15:13:12,289 nipype.workflow INFO:
	 Connecting transform_T1mask_to_T1template...
250624-15:13:12,290 nipype.workflow INFO:
	 Connecting correct_restore_brain_intensity_abcd...
250624-15:13:12,291 nipype.workflow INFO:
	 Connecting tissue_seg_fsl_fast...
250624-15:13:12,292 nipype.workflow INFO:
	 Connecting tissue_seg_ants_prior...
250624-15:13:12,292 nipype.workflow INFO:
	 Connecting tissue_seg_freesurfer...
250624-15:13:12,293 nipype.workflow INFO:
	 Connecting tissue_seg_T1_template_based...
250624-15:13:12,294 nipype.workflow INFO:
	 Connecting coregistration_prep_vol...
250624-15:13:12,295 nipype.workflow INFO:
	 Connecting coregistration_prep_mean...
250624-15:13:12,296 nipype.workflow INFO:
	 Connecting register_ANTs_EPI_to_template...
250624-15:13:12,297 nipype.workflow INFO:
	 Connecting register_FSL_EPI_to_template...
250624-15:13:12,298 nipype.workflow INFO:
	 Connecting ICA_AROMA_ANTsreg...
250624-15:13:12,299 nipype.workflow INFO:
	 Connecting ICA_AROMA_FSLreg...
250624-15:13:12,300 nipype.workflow INFO:
	 Connecting ICA_AROMA_ANTsEPIreg...
250624-15:13:12,301 nipype.workflow INFO:
	 Connecting ICA_AROMA_FSLEPIreg...
250624-15:13:12,302 nipype.workflow INFO:
	 Connecting erode_mask_T1w...
250624-15:13:12,303 nipype.workflow INFO:
	 Connecting erode_mask_CSF...
250624-15:13:12,304 nipype.workflow INFO:
	 Connecting erode_mask_GM...
250624-15:13:12,305 nipype.workflow INFO:
	 Connecting erode_mask_WM...
250624-15:13:12,306 nipype.workflow INFO:
	 Connecting erode_mask_bold...
250624-15:13:12,307 nipype.workflow INFO:
	 Connecting erode_mask_boldCSF...
250624-15:13:12,308 nipype.workflow INFO:
	 Connecting erode_mask_boldGM...
250624-15:13:12,309 nipype.workflow INFO:
	 Connecting erode_mask_boldWM...
250624-15:13:12,310 nipype.workflow INFO:
	 Connecting nuisance_regressors_generation_T1w...
250624-15:13:12,311 nipype.workflow INFO:
	 Connecting ingress_regressors...
250624-15:13:12,312 nipype.workflow INFO:
	 Connecting transform_bold_mask_to_T1template...
250624-15:13:12,313 nipype.workflow INFO:
	 Connecting transform_deriv_mask_to_T1template...
250624-15:13:12,314 nipype.workflow INFO:
	 Connecting func_despike_template...
250624-15:13:12,315 nipype.workflow INFO:
	 Connecting transform_bold_mask_to_EPItemplate...
250624-15:13:12,316 nipype.workflow INFO:
	 Connecting transform_deriv_mask_to_EPItemplate...
250624-15:13:12,317 nipype.workflow INFO:
	 Connecting surface_postproc...
250624-15:13:12,318 nipype.workflow INFO:
	 Connecting surface_falff...
250624-15:13:12,319 nipype.workflow INFO:
	 Connecting surface_alff...
250624-15:13:12,320 nipype.workflow INFO:
	 Connecting surface_reho...
250624-15:13:12,320 nipype.workflow INFO:
	 Connecting surface_connectivity_matrix...
250624-15:13:12,322 nipype.workflow INFO:
	 Connecting timeseries_extraction_AVG...
250624-15:13:12,322 nipype.workflow INFO:
	 Connecting spatial_regression...
250624-15:13:12,323 nipype.workflow INFO:
	 Connecting alff_falff...
250624-15:13:12,324 nipype.workflow INFO:
	 Connecting ReHo...
250624-15:13:12,325 nipype.workflow INFO:
	 Connecting smooth_func_vmhc...
250624-15:13:12,326 nipype.workflow INFO:
	 Connecting transform_timeseries_to_sym_template...
250624-15:13:12,327 nipype.workflow INFO:
	 Connecting vmhc...
250624-15:13:12,328 nipype.workflow INFO:
	 Connecting qc_xcp...
250624-15:13:12,635 nipype.workflow INFO:
	 Workflow cpac_pipeline_pipeline5_sub-NDARINV003RTV85_ses-baselineYear1Arm1 settings: ['check', 'execution', 'logging', 'monitoring']
250624-15:13:13,399 nipype.workflow INFO:
	 Running serially.
250624-15:13:13,409 nipype.workflow INFO:
	 [Node] Setting-up "cpac_pipeline_pipeline5_sub-NDARINV003RTV85_ses-baselineYear1Arm1.id_string_desc-preproc-1_T1w_103" in "/ocean/projects/med250004p/bshresth/projects/surface_pipelines/outputs/working/pipeline_pipeline5/cpac_pipeline_pipeline5_sub-NDARINV003RTV85_ses-baselineYear1Arm1/id_string_desc-preproc-1_T1w_103".
250624-15:13:13,412 nipype.workflow INFO:
	 [Node] Outdated cache found for "cpac_pipeline_pipeline5_sub-NDARINV003RTV85_ses-baselineYear1Arm1.id_string_desc-preproc-1_T1w_103".
250624-15:13:13,444 nipype.workflow INFO:
	 [Node] Executing "id_string_desc-preproc-1_T1w_103" <CPAC.utils.interfaces.function.function.Function>
250624-15:13:13,721 nipype.workflow INFO:
	 [Node] Finished "id_string_desc-preproc-1_T1w_103", elapsed time 0.001516s.
250624-15:13:14,34 nipype.workflow INFO:
	 [Node] Setting-up "cpac_pipeline_pipeline5_sub-NDARINV003RTV85_ses-baselineYear1Arm1.id_string_desc-preproc-2_T1w_106" in "/ocean/projects/med250004p/bshresth/projects/surface_pipelines/outputs/working/pipeline_pipeline5/cpac_pipeline_pipeline5_sub-NDARINV003RTV85_ses-baselineYear1Arm1/id_string_desc-preproc-2_T1w_106".
250624-15:13:14,64 nipype.workflow INFO:
	 [Node] Outdated cache found for "cpac_pipeline_pipeline5_sub-NDARINV003RTV85_ses-baselineYear1Arm1.id_string_desc-preproc-2_T1w_106".
250624-15:13:14,87 nipype.workflow INFO:
	 [Node] Executing "id_string_desc-preproc-2_T1w_106" <CPAC.utils.interfaces.function.function.Function>
250624-15:13:14,372 nipype.workflow INFO:
	 [Node] Finished "id_string_desc-preproc-2_T1w_106", elapsed time 0.001286s.
250624-15:13:14,390 nipype.workflow INFO:
	 [Node] Setting-up "cpac_pipeline_pipeline5_sub-NDARINV003RTV85_ses-baselineYear1Arm1.id_string_desc-head-1_T1w_105" in "/ocean/projects/med250004p/bshresth/projects/surface_pipelines/outputs/working/pipeline_pipeline5/cpac_pipeline_pipeline5_sub-NDARINV003RTV85_ses-baselineYear1Arm1/id_string_desc-head-1_T1w_105".
250624-15:13:14,409 nipype.workflow INFO:
	 [Node] Outdated cache found for "cpac_pipeline_pipeline5_sub-NDARINV003RTV85_ses-baselineYear1Arm1.id_string_desc-head-1_T1w_105".
250624-15:13:14,452 nipype.workflow INFO:
	 [Node] Executing "id_string_desc-head-1_T1w_105" <CPAC.utils.interfaces.function.function.Function>
250624-15:13:14,717 nipype.workflow INFO:
	 [Node] Finished "id_string_desc-head-1_T1w_105", elapsed time 0.00097s.
250624-15:13:14,735 nipype.workflow INFO:
	 [Node] Setting-up "cpac_pipeline_pipeline5_sub-NDARINV003RTV85_ses-baselineYear1Arm1.id_string_desc-head-2_T1w_108" in "/ocean/projects/med250004p/bshresth/projects/surface_pipelines/outputs/working/pipeline_pipeline5/cpac_pipeline_pipeline5_sub-NDARINV003RTV85_ses-baselineYear1Arm1/id_string_desc-head-2_T1w_108".
250624-15:13:14,737 nipype.workflow INFO:
	 [Node] Outdated cache found for "cpac_pipeline_pipeline5_sub-NDARINV003RTV85_ses-baselineYear1Arm1.id_string_desc-head-2_T1w_108".
250624-15:13:14,766 nipype.workflow INFO:
	 [Node] Executing "id_string_desc-head-2_T1w_108" <CPAC.utils.interfaces.function.function.Function>
250624-15:13:15,42 nipype.workflow INFO:
	 [Node] Finished "id_string_desc-head-2_T1w_108", elapsed time 0.000958s.
250624-15:13:15,61 nipype.workflow INFO:
	 [Node] Setting-up "cpac_pipeline_pipeline5_sub-NDARINV003RTV85_ses-baselineYear1Arm1.id_string_space-T1w_desc-brain-1_mask_78" in "/ocean/projects/med250004p/bshresth/projects/surface_pipelines/outputs/working/pipeline_pipeline5/cpac_pipeline_pipeline5_sub-NDARINV003RTV85_ses-baselineYear1Arm1/id_string_space-T1w_desc-brain-1_mask_78".
250624-15:13:15,71 nipype.workflow INFO:
	 [Node] Outdated cache found for "cpac_pipeline_pipeline5_sub-NDARINV003RTV85_ses-baselineYear1Arm1.id_string_space-T1w_desc-brain-1_mask_78".
250624-15:13:15,107 nipype.workflow INFO:
	 [Node] Executing "id_string_space-T1w_desc-brain-1_mask_78" <CPAC.utils.interfaces.function.function.Function>
250624-15:13:15,388 nipype.workflow INFO:
	 [Node] Finished "id_string_space-T1w_desc-brain-1_mask_78", elapsed time 0.000956s.
250624-15:13:15,406 nipype.workflow INFO:
	 [Node] Setting-up "cpac_pipeline_pipeline5_sub-NDARINV003RTV85_ses-baselineYear1Arm1.id_string_space-T1w_desc-brain-2_mask_82" in "/ocean/projects/med250004p/bshresth/projects/surface_pipelines/outputs/working/pipeline_pipeline5/cpac_pipeline_pipeline5_sub-NDARINV003RTV85_ses-baselineYear1Arm1/id_string_space-T1w_desc-brain-2_mask_82".
250624-15:13:15,422 nipype.workflow INFO:
	 [Node] Outdated cache found for "cpac_pipeline_pipeline5_sub-NDARINV003RTV85_ses-baselineYear1Arm1.id_string_space-T1w_desc-brain-2_mask_82".
250624-15:13:15,447 nipype.workflow INFO:
	 [Node] Executing "id_string_space-T1w_desc-brain-2_mask_82" <CPAC.utils.interfaces.function.function.Function>
250624-15:13:15,713 nipype.workflow INFO:
	 [Node] Finished "id_string_space-T1w_desc-brain-2_mask_82", elapsed time 0.001056s.
250624-15:13:15,750 nipype.workflow INFO:
	 [Node] Setting-up "cpac_pipeline_pipeline5_sub-NDARINV003RTV85_ses-baselineYear1Arm1.gather_fs_pipeline-fs_raw-average_dir.check_for_s3" in "/ocean/projects/med250004p/bshresth/projects/surface_pipelines/outputs/working/pipeline_pipeline5/cpac_pipeline_pipeline5_sub-NDARINV003RTV85_ses-baselineYear1Arm1/gather_fs_pipeline-fs_raw-average_dir/check_for_s3".
250624-15:13:15,791 nipype.workflow INFO:
	 [Node] Cached "cpac_pipeline_pipeline5_sub-NDARINV003RTV85_ses-baselineYear1Arm1.gather_fs_pipeline-fs_raw-average_dir.check_for_s3" - collecting precomputed outputs
250624-15:13:15,791 nipype.workflow INFO:
	 [Node] "cpac_pipeline_pipeline5_sub-NDARINV003RTV85_ses-baselineYear1Arm1.gather_fs_pipeline-fs_raw-average_dir.check_for_s3" found cached.
250624-15:13:15,802 nipype.workflow INFO:
	 [Node] Setting-up "cpac_pipeline_pipeline5_sub-NDARINV003RTV85_ses-baselineYear1Arm1.gather_fs_pipeline-fs_subcortical-seg_dir.check_for_s3" in "/ocean/projects/med250004p/bshresth/projects/surface_pipelines/outputs/working/pipeline_pipeline5/cpac_pipeline_pipeline5_sub-NDARINV003RTV85_ses-baselineYear1Arm1/gather_fs_pipeline-fs_subcortical-seg_dir/check_for_s3".
250624-15:13:15,834 nipype.workflow INFO:
	 [Node] Cached "cpac_pipeline_pipeline5_sub-NDARINV003RTV85_ses-baselineYear1Arm1.gather_fs_pipeline-fs_subcortical-seg_dir.check_for_s3" - collecting precomputed outputs
250624-15:13:15,834 nipype.workflow INFO:
	 [Node] "cpac_pipeline_pipeline5_sub-NDARINV003RTV85_ses-baselineYear1Arm1.gather_fs_pipeline-fs_subcortical-seg_dir.check_for_s3" found cached.
250624-15:13:15,845 nipype.workflow INFO:
	 [Node] Setting-up "cpac_pipeline_pipeline5_sub-NDARINV003RTV85_ses-baselineYear1Arm1.gather_fs_pipeline-fs_brainmask_dir.check_for_s3" in "/ocean/projects/med250004p/bshresth/projects/surface_pipelines/outputs/working/pipeline_pipeline5/cpac_pipeline_pipeline5_sub-NDARINV003RTV85_ses-baselineYear1Arm1/gather_fs_pipeline-fs_brainmask_dir/check_for_s3".
250624-15:13:15,893 nipype.workflow INFO:
	 [Node] Cached "cpac_pipeline_pipeline5_sub-NDARINV003RTV85_ses-baselineYear1Arm1.gather_fs_pipeline-fs_brainmask_dir.check_for_s3" - collecting precomputed outputs
250624-15:13:15,894 nipype.workflow INFO:
	 [Node] "cpac_pipeline_pipeline5_sub-NDARINV003RTV85_ses-baselineYear1Arm1.gather_fs_pipeline-fs_brainmask_dir.check_for_s3" found cached.
250624-15:13:15,904 nipype.workflow INFO:
	 [Node] Setting-up "cpac_pipeline_pipeline5_sub-NDARINV003RTV85_ses-baselineYear1Arm1.gather_fs_pipeline-fs_wmparc_dir.check_for_s3" in "/ocean/projects/med250004p/bshresth/projects/surface_pipelines/outputs/working/pipeline_pipeline5/cpac_pipeline_pipeline5_sub-NDARINV003RTV85_ses-baselineYear1Arm1/gather_fs_pipeline-fs_wmparc_dir/check_for_s3".
250624-15:13:15,934 nipype.workflow INFO:
	 [Node] Cached "cpac_pipeline_pipeline5_sub-NDARINV003RTV85_ses-baselineYear1Arm1.gather_fs_pipeline-fs_wmparc_dir.check_for_s3" - collecting precomputed outputs
250624-15:13:15,935 nipype.workflow INFO:
	 [Node] "cpac_pipeline_pipeline5_sub-NDARINV003RTV85_ses-baselineYear1Arm1.gather_fs_pipeline-fs_wmparc_dir.check_for_s3" found cached.
250624-15:13:15,945 nipype.workflow INFO:
	 [Node] Setting-up "cpac_pipeline_pipeline5_sub-NDARINV003RTV85_ses-baselineYear1Arm1.gather_fs_pipeline-fs_T1_dir.check_for_s3" in "/ocean/projects/med250004p/bshresth/projects/surface_pipelines/outputs/working/pipeline_pipeline5/cpac_pipeline_pipeline5_sub-NDARINV003RTV85_ses-baselineYear1Arm1/gather_fs_pipeline-fs_T1_dir/check_for_s3".
250624-15:13:15,958 nipype.workflow INFO:
	 [Node] Cached "cpac_pipeline_pipeline5_sub-NDARINV003RTV85_ses-baselineYear1Arm1.gather_fs_pipeline-fs_T1_dir.check_for_s3" - collecting precomputed outputs
250624-15:13:15,958 nipype.workflow INFO:
	 [Node] "cpac_pipeline_pipeline5_sub-NDARINV003RTV85_ses-baselineYear1Arm1.gather_fs_pipeline-fs_T1_dir.check_for_s3" found cached.
250624-15:13:15,969 nipype.workflow INFO:
	 [Node] Setting-up "cpac_pipeline_pipeline5_sub-NDARINV003RTV85_ses-baselineYear1Arm1.gather_surface-parcellation-atlas.check_for_s3" in "/ocean/projects/med250004p/bshresth/projects/surface_pipelines/outputs/working/pipeline_pipeline5/cpac_pipeline_pipeline5_sub-NDARINV003RTV85_ses-baselineYear1Arm1/gather_surface-parcellation-atlas/check_for_s3".
250624-15:13:16,22 nipype.workflow INFO:
	 [Node] Cached "cpac_pipeline_pipeline5_sub-NDARINV003RTV85_ses-baselineYear1Arm1.gather_surface-parcellation-atlas.check_for_s3" - collecting precomputed outputs
250624-15:13:16,22 nipype.workflow INFO:
	 [Node] "cpac_pipeline_pipeline5_sub-NDARINV003RTV85_ses-baselineYear1Arm1.gather_surface-parcellation-atlas.check_for_s3" found cached.
250624-15:13:16,33 nipype.workflow INFO:
	 [Node] Setting-up "cpac_pipeline_pipeline5_sub-NDARINV003RTV85_ses-baselineYear1Arm1.anat_T1w_gather_sub-NDARINV003RTV85_ses-baselineYear1Arm1.check_for_s3" in "/ocean/projects/med250004p/bshresth/projects/surface_pipelines/outputs/working/pipeline_pipeline5/cpac_pipeline_pipeline5_sub-NDARINV003RTV85_ses-baselineYear1Arm1/anat_T1w_gather_sub-NDARINV003RTV85_ses-baselineYear1Arm1/check_for_s3".
250624-15:13:16,61 nipype.workflow INFO:
	 [Node] Cached "cpac_pipeline_pipeline5_sub-NDARINV003RTV85_ses-baselineYear1Arm1.anat_T1w_gather_sub-NDARINV003RTV85_ses-baselineYear1Arm1.check_for_s3" - collecting precomputed outputs
250624-15:13:16,61 nipype.workflow INFO:
	 [Node] "cpac_pipeline_pipeline5_sub-NDARINV003RTV85_ses-baselineYear1Arm1.anat_T1w_gather_sub-NDARINV003RTV85_ses-baselineYear1Arm1.check_for_s3" found cached.
250624-15:13:16,72 nipype.workflow INFO:
	 [Node] Setting-up "cpac_pipeline_pipeline5_sub-NDARINV003RTV85_ses-baselineYear1Arm1.gather_fs_pipeline-fs_xfm_dir.check_for_s3" in "/ocean/projects/med250004p/bshresth/projects/surface_pipelines/outputs/working/pipeline_pipeline5/cpac_pipeline_pipeline5_sub-NDARINV003RTV85_ses-baselineYear1Arm1/gather_fs_pipeline-fs_xfm_dir/check_for_s3".
250624-15:13:16,110 nipype.workflow INFO:
	 [Node] Cached "cpac_pipeline_pipeline5_sub-NDARINV003RTV85_ses-baselineYear1Arm1.gather_fs_pipeline-fs_xfm_dir.check_for_s3" - collecting precomputed outputs
250624-15:13:16,110 nipype.workflow INFO:
	 [Node] "cpac_pipeline_pipeline5_sub-NDARINV003RTV85_ses-baselineYear1Arm1.gather_fs_pipeline-fs_xfm_dir.check_for_s3" found cached.
250624-15:13:16,121 nipype.workflow INFO:
	 [Node] Setting-up "cpac_pipeline_pipeline5_sub-NDARINV003RTV85_ses-baselineYear1Arm1.gather_freesurfer_dir.check_for_s3" in "/ocean/projects/med250004p/bshresth/projects/surface_pipelines/outputs/working/pipeline_pipeline5/cpac_pipeline_pipeline5_sub-NDARINV003RTV85_ses-baselineYear1Arm1/gather_freesurfer_dir/check_for_s3".
250624-15:13:16,147 nipype.workflow INFO:
	 [Node] Cached "cpac_pipeline_pipeline5_sub-NDARINV003RTV85_ses-baselineYear1Arm1.gather_freesurfer_dir.check_for_s3" - collecting precomputed outputs
250624-15:13:16,147 nipype.workflow INFO:
	 [Node] "cpac_pipeline_pipeline5_sub-NDARINV003RTV85_ses-baselineYear1Arm1.gather_freesurfer_dir.check_for_s3" found cached.
250624-15:13:16,158 nipype.workflow INFO:
	 [Node] Setting-up "cpac_pipeline_pipeline5_sub-NDARINV003RTV85_ses-baselineYear1Arm1.gather_T1w-ACPC-template.check_for_s3" in "/ocean/projects/med250004p/bshresth/projects/surface_pipelines/outputs/working/pipeline_pipeline5/cpac_pipeline_pipeline5_sub-NDARINV003RTV85_ses-baselineYear1Arm1/gather_T1w-ACPC-template/check_for_s3".
250624-15:13:16,201 nipype.workflow INFO:
	 [Node] Cached "cpac_pipeline_pipeline5_sub-NDARINV003RTV85_ses-baselineYear1Arm1.gather_T1w-ACPC-template.check_for_s3" - collecting precomputed outputs
250624-15:13:16,202 nipype.workflow INFO:
	 [Node] "cpac_pipeline_pipeline5_sub-NDARINV003RTV85_ses-baselineYear1Arm1.gather_T1w-ACPC-template.check_for_s3" found cached.
250624-15:13:16,212 nipype.workflow INFO:
	 [Node] Setting-up "cpac_pipeline_pipeline5_sub-NDARINV003RTV85_ses-baselineYear1Arm1.gather_T1w-brain-template-mask-ccs.check_for_s3" in "/ocean/projects/med250004p/bshresth/projects/surface_pipelines/outputs/working/pipeline_pipeline5/cpac_pipeline_pipeline5_sub-NDARINV003RTV85_ses-baselineYear1Arm1/gather_T1w-brain-template-mask-ccs/check_for_s3".
250624-15:13:16,241 nipype.workflow INFO:
	 [Node] Executing "check_for_s3" <CPAC.utils.interfaces.function.function.Function>
250624-15:13:16,525 nipype.workflow INFO:
	 [Node] Finished "check_for_s3", elapsed time 0.00408s.
250624-15:13:16,526 nipype.workflow WARNING:
	 Storing result file without outputs
250624-15:13:16,528 nipype.workflow WARNING:
	 [Node] Error on "cpac_pipeline_pipeline5_sub-NDARINV003RTV85_ses-baselineYear1Arm1.gather_T1w-brain-template-mask-ccs.check_for_s3" (/ocean/projects/med250004p/bshresth/projects/surface_pipelines/outputs/working/pipeline_pipeline5/cpac_pipeline_pipeline5_sub-NDARINV003RTV85_ses-baselineYear1Arm1/gather_T1w-brain-template-mask-ccs/check_for_s3)
250624-15:13:16,531 nipype.workflow ERROR:
	 Node check_for_s3 failed to run on host r245.ib.bridges2.psc.edu.
250624-15:13:16,532 nipype.workflow ERROR:
	 Saving crash info to /ocean/projects/med250004p/bshresth/projects/surface_pipelines/outputs/log/crash-20250624-151316-bshresth-check_for_s3-c0cf4c17-53ee-4cff-b1d2-5f24a10e4764.txt
Traceback (most recent call last):
  File "/usr/share/fsl/6.0/lib/python3.10/site-packages/nipype/pipeline/plugins/linear.py", line 47, in run
    node.run(updatehash=updatehash)
  File "/code/CPAC/pipeline/nipype_pipeline_engine/engine.py", line 474, in run
    return super().run(updatehash)
  File "/usr/share/fsl/6.0/lib/python3.10/site-packages/nipype/pipeline/engine/nodes.py", line 527, in run
    result = self._run_interface(execute=True)
  File "/usr/share/fsl/6.0/lib/python3.10/site-packages/nipype/pipeline/engine/nodes.py", line 645, in _run_interface
    return self._run_command(execute)
  File "/usr/share/fsl/6.0/lib/python3.10/site-packages/nipype/pipeline/engine/nodes.py", line 771, in _run_command
    raise NodeExecutionError(msg)
nipype.pipeline.engine.nodes.NodeExecutionError: Exception raised while executing Node check_for_s3.

Traceback:
	Traceback (most recent call last):
	  File "/code/CPAC/pipeline/nipype_pipeline_engine/monkeypatch.py", line 40, in run
	    runtime = self._run_interface(runtime)
	  File "/code/CPAC/utils/interfaces/function/function.py", line 331, in _run_interface
	    out = function_handle(**args)
	  File "<string>", line 97, in check_for_s3
	NameError: name '__file__' is not defined


250624-15:13:16,543 nipype.workflow INFO:
	 [Node] Setting-up "cpac_pipeline_pipeline5_sub-NDARINV003RTV85_ses-baselineYear1Arm1.func_ingress_sub-NDARINV003RTV85_ses-baselineYear1Arm1.select_scan_params" in "/ocean/projects/med250004p/bshresth/projects/surface_pipelines/outputs/working/pipeline_pipeline5/cpac_pipeline_pipeline5_sub-NDARINV003RTV85_ses-baselineYear1Arm1/func_ingress_sub-NDARINV003RTV85_ses-baselineYear1Arm1/_scan_rest_run-01/select_scan_params".
250624-15:13:16,568 nipype.workflow INFO:
	 [Node] Cached "cpac_pipeline_pipeline5_sub-NDARINV003RTV85_ses-baselineYear1Arm1.func_ingress_sub-NDARINV003RTV85_ses-baselineYear1Arm1.select_scan_params" - collecting precomputed outputs
250624-15:13:16,569 nipype.workflow INFO:
	 [Node] "cpac_pipeline_pipeline5_sub-NDARINV003RTV85_ses-baselineYear1Arm1.func_ingress_sub-NDARINV003RTV85_ses-baselineYear1Arm1.select_scan_params" found cached.
250624-15:13:16,580 nipype.workflow INFO:
	 [Node] Setting-up "cpac_pipeline_pipeline5_sub-NDARINV003RTV85_ses-baselineYear1Arm1.func_ingress_sub-NDARINV003RTV85_ses-baselineYear1Arm1.selectrest" in "/ocean/projects/med250004p/bshresth/projects/surface_pipelines/outputs/working/pipeline_pipeline5/cpac_pipeline_pipeline5_sub-NDARINV003RTV85_ses-baselineYear1Arm1/func_ingress_sub-NDARINV003RTV85_ses-baselineYear1Arm1/_scan_rest_run-01/selectrest".
250624-15:13:16,594 nipype.workflow INFO:
	 [Node] Cached "cpac_pipeline_pipeline5_sub-NDARINV003RTV85_ses-baselineYear1Arm1.func_ingress_sub-NDARINV003RTV85_ses-baselineYear1Arm1.selectrest" - collecting precomputed outputs
250624-15:13:16,594 nipype.workflow INFO:
	 [Node] "cpac_pipeline_pipeline5_sub-NDARINV003RTV85_ses-baselineYear1Arm1.func_ingress_sub-NDARINV003RTV85_ses-baselineYear1Arm1.selectrest" found cached.
250624-15:13:16,605 nipype.workflow INFO:
	 [Node] Setting-up "cpac_pipeline_pipeline5_sub-NDARINV003RTV85_ses-baselineYear1Arm1.func_ingress_sub-NDARINV003RTV85_ses-baselineYear1Arm1.check_func_scan" in "/ocean/projects/med250004p/bshresth/projects/surface_pipelines/outputs/working/pipeline_pipeline5/cpac_pipeline_pipeline5_sub-NDARINV003RTV85_ses-baselineYear1Arm1/func_ingress_sub-NDARINV003RTV85_ses-baselineYear1Arm1/_scan_rest_run-01/check_func_scan".
250624-15:13:16,621 nipype.workflow INFO:
	 [Node] Cached "cpac_pipeline_pipeline5_sub-NDARINV003RTV85_ses-baselineYear1Arm1.func_ingress_sub-NDARINV003RTV85_ses-baselineYear1Arm1.check_func_scan" - collecting precomputed outputs
250624-15:13:16,622 nipype.workflow INFO:
	 [Node] "cpac_pipeline_pipeline5_sub-NDARINV003RTV85_ses-baselineYear1Arm1.func_ingress_sub-NDARINV003RTV85_ses-baselineYear1Arm1.check_func_scan" found cached.
250624-15:13:16,632 nipype.workflow INFO:
	 [Node] Setting-up "cpac_pipeline_pipeline5_sub-NDARINV003RTV85_ses-baselineYear1Arm1.func_ingress_sub-NDARINV003RTV85_ses-baselineYear1Arm1.select_scan_params" in "/ocean/projects/med250004p/bshresth/projects/surface_pipelines/outputs/working/pipeline_pipeline5/cpac_pipeline_pipeline5_sub-NDARINV003RTV85_ses-baselineYear1Arm1/func_ingress_sub-NDARINV003RTV85_ses-baselineYear1Arm1/_scan_rest_run-02/select_scan_params".
250624-15:13:16,655 nipype.workflow INFO:
	 [Node] Cached "cpac_pipeline_pipeline5_sub-NDARINV003RTV85_ses-baselineYear1Arm1.func_ingress_sub-NDARINV003RTV85_ses-baselineYear1Arm1.select_scan_params" - collecting precomputed outputs
250624-15:13:16,656 nipype.workflow INFO:
	 [Node] "cpac_pipeline_pipeline5_sub-NDARINV003RTV85_ses-baselineYear1Arm1.func_ingress_sub-NDARINV003RTV85_ses-baselineYear1Arm1.select_scan_params" found cached.
250624-15:13:16,666 nipype.workflow INFO:
	 [Node] Setting-up "cpac_pipeline_pipeline5_sub-NDARINV003RTV85_ses-baselineYear1Arm1.func_ingress_sub-NDARINV003RTV85_ses-baselineYear1Arm1.selectrest" in "/ocean/projects/med250004p/bshresth/projects/surface_pipelines/outputs/working/pipeline_pipeline5/cpac_pipeline_pipeline5_sub-NDARINV003RTV85_ses-baselineYear1Arm1/func_ingress_sub-NDARINV003RTV85_ses-baselineYear1Arm1/_scan_rest_run-02/selectrest".
250624-15:13:16,670 nipype.workflow INFO:
	 [Node] Cached "cpac_pipeline_pipeline5_sub-NDARINV003RTV85_ses-baselineYear1Arm1.func_ingress_sub-NDARINV003RTV85_ses-baselineYear1Arm1.selectrest" - collecting precomputed outputs
250624-15:13:16,670 nipype.workflow INFO:
	 [Node] "cpac_pipeline_pipeline5_sub-NDARINV003RTV85_ses-baselineYear1Arm1.func_ingress_sub-NDARINV003RTV85_ses-baselineYear1Arm1.selectrest" found cached.
250624-15:13:16,681 nipype.workflow INFO:
	 [Node] Setting-up "cpac_pipeline_pipeline5_sub-NDARINV003RTV85_ses-baselineYear1Arm1.func_ingress_sub-NDARINV003RTV85_ses-baselineYear1Arm1.check_func_scan" in "/ocean/projects/med250004p/bshresth/projects/surface_pipelines/outputs/working/pipeline_pipeline5/cpac_pipeline_pipeline5_sub-NDARINV003RTV85_ses-baselineYear1Arm1/func_ingress_sub-NDARINV003RTV85_ses-baselineYear1Arm1/_scan_rest_run-02/check_func_scan".
250624-15:13:16,724 nipype.workflow INFO:
	 [Node] Cached "cpac_pipeline_pipeline5_sub-NDARINV003RTV85_ses-baselineYear1Arm1.func_ingress_sub-NDARINV003RTV85_ses-baselineYear1Arm1.check_func_scan" - collecting precomputed outputs
250624-15:13:16,724 nipype.workflow INFO:
	 [Node] "cpac_pipeline_pipeline5_sub-NDARINV003RTV85_ses-baselineYear1Arm1.func_ingress_sub-NDARINV003RTV85_ses-baselineYear1Arm1.check_func_scan" found cached.
250624-15:13:16,735 nipype.workflow INFO:
	 [Node] Setting-up "cpac_pipeline_pipeline5_sub-NDARINV003RTV85_ses-baselineYear1Arm1.func_ingress_sub-NDARINV003RTV85_ses-baselineYear1Arm1.select_scan_params" in "/ocean/projects/med250004p/bshresth/projects/surface_pipelines/outputs/working/pipeline_pipeline5/cpac_pipeline_pipeline5_sub-NDARINV003RTV85_ses-baselineYear1Arm1/func_ingress_sub-NDARINV003RTV85_ses-baselineYear1Arm1/_scan_rest_run-03/select_scan_params".
250624-15:13:16,752 nipype.workflow INFO:
	 [Node] Cached "cpac_pipeline_pipeline5_sub-NDARINV003RTV85_ses-baselineYear1Arm1.func_ingress_sub-NDARINV003RTV85_ses-baselineYear1Arm1.select_scan_params" - collecting precomputed outputs
250624-15:13:16,752 nipype.workflow INFO:
	 [Node] "cpac_pipeline_pipeline5_sub-NDARINV003RTV85_ses-baselineYear1Arm1.func_ingress_sub-NDARINV003RTV85_ses-baselineYear1Arm1.select_scan_params" found cached.
250624-15:13:16,763 nipype.workflow INFO:
	 [Node] Setting-up "cpac_pipeline_pipeline5_sub-NDARINV003RTV85_ses-baselineYear1Arm1.func_ingress_sub-NDARINV003RTV85_ses-baselineYear1Arm1.selectrest" in "/ocean/projects/med250004p/bshresth/projects/surface_pipelines/outputs/working/pipeline_pipeline5/cpac_pipeline_pipeline5_sub-NDARINV003RTV85_ses-baselineYear1Arm1/func_ingress_sub-NDARINV003RTV85_ses-baselineYear1Arm1/_scan_rest_run-03/selectrest".
250624-15:13:16,784 nipype.workflow INFO:
	 [Node] Cached "cpac_pipeline_pipeline5_sub-NDARINV003RTV85_ses-baselineYear1Arm1.func_ingress_sub-NDARINV003RTV85_ses-baselineYear1Arm1.selectrest" - collecting precomputed outputs
250624-15:13:16,785 nipype.workflow INFO:
	 [Node] "cpac_pipeline_pipeline5_sub-NDARINV003RTV85_ses-baselineYear1Arm1.func_ingress_sub-NDARINV003RTV85_ses-baselineYear1Arm1.selectrest" found cached.
250624-15:13:16,796 nipype.workflow INFO:
	 [Node] Setting-up "cpac_pipeline_pipeline5_sub-NDARINV003RTV85_ses-baselineYear1Arm1.func_ingress_sub-NDARINV003RTV85_ses-baselineYear1Arm1.check_func_scan" in "/ocean/projects/med250004p/bshresth/projects/surface_pipelines/outputs/working/pipeline_pipeline5/cpac_pipeline_pipeline5_sub-NDARINV003RTV85_ses-baselineYear1Arm1/func_ingress_sub-NDARINV003RTV85_ses-baselineYear1Arm1/_scan_rest_run-03/check_func_scan".
250624-15:13:16,812 nipype.workflow INFO:
	 [Node] Cached "cpac_pipeline_pipeline5_sub-NDARINV003RTV85_ses-baselineYear1Arm1.func_ingress_sub-NDARINV003RTV85_ses-baselineYear1Arm1.check_func_scan" - collecting precomputed outputs
250624-15:13:16,812 nipype.workflow INFO:
	 [Node] "cpac_pipeline_pipeline5_sub-NDARINV003RTV85_ses-baselineYear1Arm1.func_ingress_sub-NDARINV003RTV85_ses-baselineYear1Arm1.check_func_scan" found cached.
250624-15:13:16,823 nipype.workflow INFO:
	 [Node] Setting-up "cpac_pipeline_pipeline5_sub-NDARINV003RTV85_ses-baselineYear1Arm1.json_desc-preproc-1_T1w_103" in "/ocean/projects/med250004p/bshresth/projects/surface_pipelines/outputs/working/pipeline_pipeline5/cpac_pipeline_pipeline5_sub-NDARINV003RTV85_ses-baselineYear1Arm1/json_desc-preproc-1_T1w_103".
250624-15:13:16,836 nipype.workflow INFO:
	 [Node] Outdated cache found for "cpac_pipeline_pipeline5_sub-NDARINV003RTV85_ses-baselineYear1Arm1.json_desc-preproc-1_T1w_103".
250624-15:13:16,886 nipype.workflow INFO:
	 [Node] Executing "json_desc-preproc-1_T1w_103" <CPAC.utils.interfaces.function.function.Function>
250624-15:13:17,157 nipype.workflow INFO:
	 [Node] Finished "json_desc-preproc-1_T1w_103", elapsed time 0.00957s.
250624-15:13:17,180 nipype.workflow INFO:
	 [Node] Setting-up "cpac_pipeline_pipeline5_sub-NDARINV003RTV85_ses-baselineYear1Arm1.json_desc-preproc-2_T1w_106" in "/ocean/projects/med250004p/bshresth/projects/surface_pipelines/outputs/working/pipeline_pipeline5/cpac_pipeline_pipeline5_sub-NDARINV003RTV85_ses-baselineYear1Arm1/json_desc-preproc-2_T1w_106".
250624-15:13:17,187 nipype.workflow INFO:
	 [Node] Outdated cache found for "cpac_pipeline_pipeline5_sub-NDARINV003RTV85_ses-baselineYear1Arm1.json_desc-preproc-2_T1w_106".
250624-15:13:17,238 nipype.workflow INFO:
	 [Node] Executing "json_desc-preproc-2_T1w_106" <CPAC.utils.interfaces.function.function.Function>
250624-15:13:17,506 nipype.workflow INFO:
	 [Node] Finished "json_desc-preproc-2_T1w_106", elapsed time 0.019598s.
250624-15:13:17,532 nipype.workflow INFO:
	 [Node] Setting-up "cpac_pipeline_pipeline5_sub-NDARINV003RTV85_ses-baselineYear1Arm1.json_desc-head-1_T1w_105" in "/ocean/projects/med250004p/bshresth/projects/surface_pipelines/outputs/working/pipeline_pipeline5/cpac_pipeline_pipeline5_sub-NDARINV003RTV85_ses-baselineYear1Arm1/json_desc-head-1_T1w_105".
250624-15:13:17,539 nipype.workflow INFO:
	 [Node] Outdated cache found for "cpac_pipeline_pipeline5_sub-NDARINV003RTV85_ses-baselineYear1Arm1.json_desc-head-1_T1w_105".
250624-15:13:17,558 nipype.workflow INFO:
	 [Node] Executing "json_desc-head-1_T1w_105" <CPAC.utils.interfaces.function.function.Function>
250624-15:13:17,826 nipype.workflow INFO:
	 [Node] Finished "json_desc-head-1_T1w_105", elapsed time 0.003688s.
250624-15:13:17,854 nipype.workflow INFO:
	 [Node] Setting-up "cpac_pipeline_pipeline5_sub-NDARINV003RTV85_ses-baselineYear1Arm1.json_desc-head-2_T1w_108" in "/ocean/projects/med250004p/bshresth/projects/surface_pipelines/outputs/working/pipeline_pipeline5/cpac_pipeline_pipeline5_sub-NDARINV003RTV85_ses-baselineYear1Arm1/json_desc-head-2_T1w_108".
250624-15:13:17,878 nipype.workflow INFO:
	 [Node] Outdated cache found for "cpac_pipeline_pipeline5_sub-NDARINV003RTV85_ses-baselineYear1Arm1.json_desc-head-2_T1w_108".
250624-15:13:17,928 nipype.workflow INFO:
	 [Node] Executing "json_desc-head-2_T1w_108" <CPAC.utils.interfaces.function.function.Function>
250624-15:13:18,197 nipype.workflow INFO:
	 [Node] Finished "json_desc-head-2_T1w_108", elapsed time 0.00391s.
250624-15:13:18,255 nipype.workflow INFO:
	 [Node] Setting-up "cpac_pipeline_pipeline5_sub-NDARINV003RTV85_ses-baselineYear1Arm1.json_space-T1w_desc-brain-1_mask_78" in "/ocean/projects/med250004p/bshresth/projects/surface_pipelines/outputs/working/pipeline_pipeline5/cpac_pipeline_pipeline5_sub-NDARINV003RTV85_ses-baselineYear1Arm1/json_space-T1w_desc-brain-1_mask_78".
250624-15:13:18,262 nipype.workflow INFO:
	 [Node] Outdated cache found for "cpac_pipeline_pipeline5_sub-NDARINV003RTV85_ses-baselineYear1Arm1.json_space-T1w_desc-brain-1_mask_78".
250624-15:13:18,315 nipype.workflow INFO:
	 [Node] Executing "json_space-T1w_desc-brain-1_mask_78" <CPAC.utils.interfaces.function.function.Function>
250624-15:13:18,583 nipype.workflow INFO:
	 [Node] Finished "json_space-T1w_desc-brain-1_mask_78", elapsed time 0.0035s.
250624-15:13:18,616 nipype.workflow INFO:
	 [Node] Setting-up "cpac_pipeline_pipeline5_sub-NDARINV003RTV85_ses-baselineYear1Arm1.json_space-T1w_desc-brain-2_mask_82" in "/ocean/projects/med250004p/bshresth/projects/surface_pipelines/outputs/working/pipeline_pipeline5/cpac_pipeline_pipeline5_sub-NDARINV003RTV85_ses-baselineYear1Arm1/json_space-T1w_desc-brain-2_mask_82".
250624-15:13:18,636 nipype.workflow INFO:
	 [Node] Outdated cache found for "cpac_pipeline_pipeline5_sub-NDARINV003RTV85_ses-baselineYear1Arm1.json_space-T1w_desc-brain-2_mask_82".
250624-15:13:18,682 nipype.workflow INFO:
	 [Node] Executing "json_space-T1w_desc-brain-2_mask_82" <CPAC.utils.interfaces.function.function.Function>
250624-15:13:18,950 nipype.workflow INFO:
	 [Node] Finished "json_space-T1w_desc-brain-2_mask_82", elapsed time 0.003569s.
250624-15:13:18,973 nipype.workflow INFO:
	 [Node] Setting-up "cpac_pipeline_pipeline5_sub-NDARINV003RTV85_ses-baselineYear1Arm1.reorient_mgz_pipeline-fs_raw-average" in "/ocean/projects/med250004p/bshresth/projects/surface_pipelines/outputs/working/pipeline_pipeline5/cpac_pipeline_pipeline5_sub-NDARINV003RTV85_ses-baselineYear1Arm1/reorient_mgz_pipeline-fs_raw-average".
250624-15:13:19,22 nipype.workflow INFO:
	 [Node] Cached "cpac_pipeline_pipeline5_sub-NDARINV003RTV85_ses-baselineYear1Arm1.reorient_mgz_pipeline-fs_raw-average" - collecting precomputed outputs
250624-15:13:19,23 nipype.workflow INFO:
	 [Node] "cpac_pipeline_pipeline5_sub-NDARINV003RTV85_ses-baselineYear1Arm1.reorient_mgz_pipeline-fs_raw-average" found cached.
250624-15:13:19,33 nipype.workflow INFO:
	 [Node] Setting-up "cpac_pipeline_pipeline5_sub-NDARINV003RTV85_ses-baselineYear1Arm1.reorient_mgz_pipeline-fs_subcortical-seg" in "/ocean/projects/med250004p/bshresth/projects/surface_pipelines/outputs/working/pipeline_pipeline5/cpac_pipeline_pipeline5_sub-NDARINV003RTV85_ses-baselineYear1Arm1/reorient_mgz_pipeline-fs_subcortical-seg".
250624-15:13:19,57 nipype.workflow INFO:
	 [Node] Cached "cpac_pipeline_pipeline5_sub-NDARINV003RTV85_ses-baselineYear1Arm1.reorient_mgz_pipeline-fs_subcortical-seg" - collecting precomputed outputs
250624-15:13:19,58 nipype.workflow INFO:
	 [Node] "cpac_pipeline_pipeline5_sub-NDARINV003RTV85_ses-baselineYear1Arm1.reorient_mgz_pipeline-fs_subcortical-seg" found cached.
250624-15:13:19,68 nipype.workflow INFO:
	 [Node] Setting-up "cpac_pipeline_pipeline5_sub-NDARINV003RTV85_ses-baselineYear1Arm1.reorient_mgz_pipeline-fs_brainmask" in "/ocean/projects/med250004p/bshresth/projects/surface_pipelines/outputs/working/pipeline_pipeline5/cpac_pipeline_pipeline5_sub-NDARINV003RTV85_ses-baselineYear1Arm1/reorient_mgz_pipeline-fs_brainmask".
250624-15:13:19,117 nipype.workflow INFO:
	 [Node] Cached "cpac_pipeline_pipeline5_sub-NDARINV003RTV85_ses-baselineYear1Arm1.reorient_mgz_pipeline-fs_brainmask" - collecting precomputed outputs
250624-15:13:19,118 nipype.workflow INFO:
	 [Node] "cpac_pipeline_pipeline5_sub-NDARINV003RTV85_ses-baselineYear1Arm1.reorient_mgz_pipeline-fs_brainmask" found cached.
250624-15:13:19,128 nipype.workflow INFO:
	 [Node] Setting-up "cpac_pipeline_pipeline5_sub-NDARINV003RTV85_ses-baselineYear1Arm1.reorient_mgz_pipeline-fs_wmparc" in "/ocean/projects/med250004p/bshresth/projects/surface_pipelines/outputs/working/pipeline_pipeline5/cpac_pipeline_pipeline5_sub-NDARINV003RTV85_ses-baselineYear1Arm1/reorient_mgz_pipeline-fs_wmparc".
250624-15:13:19,159 nipype.workflow INFO:
	 [Node] Cached "cpac_pipeline_pipeline5_sub-NDARINV003RTV85_ses-baselineYear1Arm1.reorient_mgz_pipeline-fs_wmparc" - collecting precomputed outputs
250624-15:13:19,159 nipype.workflow INFO:
	 [Node] "cpac_pipeline_pipeline5_sub-NDARINV003RTV85_ses-baselineYear1Arm1.reorient_mgz_pipeline-fs_wmparc" found cached.
250624-15:13:19,170 nipype.workflow INFO:
	 [Node] Setting-up "cpac_pipeline_pipeline5_sub-NDARINV003RTV85_ses-baselineYear1Arm1.reorient_mgz_pipeline-fs_T1" in "/ocean/projects/med250004p/bshresth/projects/surface_pipelines/outputs/working/pipeline_pipeline5/cpac_pipeline_pipeline5_sub-NDARINV003RTV85_ses-baselineYear1Arm1/reorient_mgz_pipeline-fs_T1".
250624-15:13:19,183 nipype.workflow INFO:
	 [Node] Cached "cpac_pipeline_pipeline5_sub-NDARINV003RTV85_ses-baselineYear1Arm1.reorient_mgz_pipeline-fs_T1" - collecting precomputed outputs
250624-15:13:19,183 nipype.workflow INFO:
	 [Node] "cpac_pipeline_pipeline5_sub-NDARINV003RTV85_ses-baselineYear1Arm1.reorient_mgz_pipeline-fs_T1" found cached.
250624-15:13:19,185 nipype.workflow INFO:
	 [Node] Setting-up "cpac_pipeline_pipeline5_sub-NDARINV003RTV85_ses-baselineYear1Arm1.reorient_surface-parcellation-atlas" in "/ocean/projects/med250004p/bshresth/projects/surface_pipelines/outputs/working/pipeline_pipeline5/cpac_pipeline_pipeline5_sub-NDARINV003RTV85_ses-baselineYear1Arm1/reorient_surface-parcellation-atlas".
250624-15:13:19,232 nipype.workflow INFO:
	 [Node] Cached "cpac_pipeline_pipeline5_sub-NDARINV003RTV85_ses-baselineYear1Arm1.reorient_surface-parcellation-atlas" - collecting precomputed outputs
250624-15:13:19,233 nipype.workflow INFO:
	 [Node] "cpac_pipeline_pipeline5_sub-NDARINV003RTV85_ses-baselineYear1Arm1.reorient_surface-parcellation-atlas" found cached.
250624-15:13:19,235 nipype.workflow INFO:
	 [Node] Setting-up "cpac_pipeline_pipeline5_sub-NDARINV003RTV85_ses-baselineYear1Arm1.anat_deoblique_refit_0" in "/ocean/projects/med250004p/bshresth/projects/surface_pipelines/outputs/working/pipeline_pipeline5/cpac_pipeline_pipeline5_sub-NDARINV003RTV85_ses-baselineYear1Arm1/anat_deoblique_refit_0".
250624-15:13:19,259 nipype.workflow INFO:
	 [Node] Cached "cpac_pipeline_pipeline5_sub-NDARINV003RTV85_ses-baselineYear1Arm1.anat_deoblique_refit_0" - collecting precomputed outputs
250624-15:13:19,260 nipype.workflow INFO:
	 [Node] "cpac_pipeline_pipeline5_sub-NDARINV003RTV85_ses-baselineYear1Arm1.anat_deoblique_refit_0" found cached.
250624-15:13:19,270 nipype.workflow INFO:
	 [Node] Setting-up "cpac_pipeline_pipeline5_sub-NDARINV003RTV85_ses-baselineYear1Arm1.func_ingress_sub-NDARINV003RTV85_ses-baselineYear1Arm1.s3_scan_params" in "/ocean/projects/med250004p/bshresth/projects/surface_pipelines/outputs/working/pipeline_pipeline5/cpac_pipeline_pipeline5_sub-NDARINV003RTV85_ses-baselineYear1Arm1/func_ingress_sub-NDARINV003RTV85_ses-baselineYear1Arm1/_scan_rest_run-01/s3_scan_params".
250624-15:13:19,296 nipype.workflow INFO:
	 [Node] Cached "cpac_pipeline_pipeline5_sub-NDARINV003RTV85_ses-baselineYear1Arm1.func_ingress_sub-NDARINV003RTV85_ses-baselineYear1Arm1.s3_scan_params" - collecting precomputed outputs
250624-15:13:19,297 nipype.workflow INFO:
	 [Node] "cpac_pipeline_pipeline5_sub-NDARINV003RTV85_ses-baselineYear1Arm1.func_ingress_sub-NDARINV003RTV85_ses-baselineYear1Arm1.s3_scan_params" found cached.
250624-15:13:19,307 nipype.workflow INFO:
	 [Node] Setting-up "cpac_pipeline_pipeline5_sub-NDARINV003RTV85_ses-baselineYear1Arm1.func_ingress_sub-NDARINV003RTV85_ses-baselineYear1Arm1.check_for_s3" in "/ocean/projects/med250004p/bshresth/projects/surface_pipelines/outputs/working/pipeline_pipeline5/cpac_pipeline_pipeline5_sub-NDARINV003RTV85_ses-baselineYear1Arm1/func_ingress_sub-NDARINV003RTV85_ses-baselineYear1Arm1/_scan_rest_run-01/check_for_s3".
250624-15:13:19,347 nipype.workflow INFO:
	 [Node] Cached "cpac_pipeline_pipeline5_sub-NDARINV003RTV85_ses-baselineYear1Arm1.func_ingress_sub-NDARINV003RTV85_ses-baselineYear1Arm1.check_for_s3" - collecting precomputed outputs
250624-15:13:19,348 nipype.workflow INFO:
	 [Node] "cpac_pipeline_pipeline5_sub-NDARINV003RTV85_ses-baselineYear1Arm1.func_ingress_sub-NDARINV003RTV85_ses-baselineYear1Arm1.check_for_s3" found cached.
250624-15:13:19,358 nipype.workflow INFO:
	 [Node] Setting-up "cpac_pipeline_pipeline5_sub-NDARINV003RTV85_ses-baselineYear1Arm1.func_ingress_sub-NDARINV003RTV85_ses-baselineYear1Arm1.s3_scan_params" in "/ocean/projects/med250004p/bshresth/projects/surface_pipelines/outputs/working/pipeline_pipeline5/cpac_pipeline_pipeline5_sub-NDARINV003RTV85_ses-baselineYear1Arm1/func_ingress_sub-NDARINV003RTV85_ses-baselineYear1Arm1/_scan_rest_run-02/s3_scan_params".
250624-15:13:19,400 nipype.workflow INFO:
	 [Node] Cached "cpac_pipeline_pipeline5_sub-NDARINV003RTV85_ses-baselineYear1Arm1.func_ingress_sub-NDARINV003RTV85_ses-baselineYear1Arm1.s3_scan_params" - collecting precomputed outputs
250624-15:13:19,401 nipype.workflow INFO:
	 [Node] "cpac_pipeline_pipeline5_sub-NDARINV003RTV85_ses-baselineYear1Arm1.func_ingress_sub-NDARINV003RTV85_ses-baselineYear1Arm1.s3_scan_params" found cached.
250624-15:13:19,411 nipype.workflow INFO:
	 [Node] Setting-up "cpac_pipeline_pipeline5_sub-NDARINV003RTV85_ses-baselineYear1Arm1.func_ingress_sub-NDARINV003RTV85_ses-baselineYear1Arm1.check_for_s3" in "/ocean/projects/med250004p/bshresth/projects/surface_pipelines/outputs/working/pipeline_pipeline5/cpac_pipeline_pipeline5_sub-NDARINV003RTV85_ses-baselineYear1Arm1/func_ingress_sub-NDARINV003RTV85_ses-baselineYear1Arm1/_scan_rest_run-02/check_for_s3".
250624-15:13:19,445 nipype.workflow INFO:
	 [Node] Cached "cpac_pipeline_pipeline5_sub-NDARINV003RTV85_ses-baselineYear1Arm1.func_ingress_sub-NDARINV003RTV85_ses-baselineYear1Arm1.check_for_s3" - collecting precomputed outputs
250624-15:13:19,446 nipype.workflow INFO:
	 [Node] "cpac_pipeline_pipeline5_sub-NDARINV003RTV85_ses-baselineYear1Arm1.func_ingress_sub-NDARINV003RTV85_ses-baselineYear1Arm1.check_for_s3" found cached.
250624-15:13:19,456 nipype.workflow INFO:
	 [Node] Setting-up "cpac_pipeline_pipeline5_sub-NDARINV003RTV85_ses-baselineYear1Arm1.func_ingress_sub-NDARINV003RTV85_ses-baselineYear1Arm1.s3_scan_params" in "/ocean/projects/med250004p/bshresth/projects/surface_pipelines/outputs/working/pipeline_pipeline5/cpac_pipeline_pipeline5_sub-NDARINV003RTV85_ses-baselineYear1Arm1/func_ingress_sub-NDARINV003RTV85_ses-baselineYear1Arm1/_scan_rest_run-03/s3_scan_params".
250624-15:13:19,479 nipype.workflow INFO:
	 [Node] Cached "cpac_pipeline_pipeline5_sub-NDARINV003RTV85_ses-baselineYear1Arm1.func_ingress_sub-NDARINV003RTV85_ses-baselineYear1Arm1.s3_scan_params" - collecting precomputed outputs
250624-15:13:19,480 nipype.workflow INFO:
	 [Node] "cpac_pipeline_pipeline5_sub-NDARINV003RTV85_ses-baselineYear1Arm1.func_ingress_sub-NDARINV003RTV85_ses-baselineYear1Arm1.s3_scan_params" found cached.
250624-15:13:19,490 nipype.workflow INFO:
	 [Node] Setting-up "cpac_pipeline_pipeline5_sub-NDARINV003RTV85_ses-baselineYear1Arm1.func_ingress_sub-NDARINV003RTV85_ses-baselineYear1Arm1.check_for_s3" in "/ocean/projects/med250004p/bshresth/projects/surface_pipelines/outputs/working/pipeline_pipeline5/cpac_pipeline_pipeline5_sub-NDARINV003RTV85_ses-baselineYear1Arm1/func_ingress_sub-NDARINV003RTV85_ses-baselineYear1Arm1/_scan_rest_run-03/check_for_s3".
250624-15:13:19,523 nipype.workflow INFO:
	 [Node] Cached "cpac_pipeline_pipeline5_sub-NDARINV003RTV85_ses-baselineYear1Arm1.func_ingress_sub-NDARINV003RTV85_ses-baselineYear1Arm1.check_for_s3" - collecting precomputed outputs
250624-15:13:19,524 nipype.workflow INFO:
	 [Node] "cpac_pipeline_pipeline5_sub-NDARINV003RTV85_ses-baselineYear1Arm1.func_ingress_sub-NDARINV003RTV85_ses-baselineYear1Arm1.check_for_s3" found cached.
250624-15:13:19,526 nipype.workflow INFO:
	 [Node] Setting-up "cpac_pipeline_pipeline5_sub-NDARINV003RTV85_ses-baselineYear1Arm1.fs_brain_mask_to_native" in "/ocean/projects/med250004p/bshresth/projects/surface_pipelines/outputs/working/pipeline_pipeline5/cpac_pipeline_pipeline5_sub-NDARINV003RTV85_ses-baselineYear1Arm1/fs_brain_mask_to_native".
250624-15:13:19,553 nipype.workflow INFO:
	 [Node] Cached "cpac_pipeline_pipeline5_sub-NDARINV003RTV85_ses-baselineYear1Arm1.fs_brain_mask_to_native" - collecting precomputed outputs
250624-15:13:19,554 nipype.workflow INFO:
	 [Node] "cpac_pipeline_pipeline5_sub-NDARINV003RTV85_ses-baselineYear1Arm1.fs_brain_mask_to_native" found cached.
250624-15:13:19,565 nipype.workflow INFO:
	 [Node] Setting-up "cpac_pipeline_pipeline5_sub-NDARINV003RTV85_ses-baselineYear1Arm1.convert_fs_brainmask_to_nifti_freesurfer-bet-tight_83" in "/ocean/projects/med250004p/bshresth/projects/surface_pipelines/outputs/working/pipeline_pipeline5/cpac_pipeline_pipeline5_sub-NDARINV003RTV85_ses-baselineYear1Arm1/convert_fs_brainmask_to_nifti_freesurfer-bet-tight_83".
250624-15:13:19,567 nipype.workflow INFO:
	 [Node] Cached "cpac_pipeline_pipeline5_sub-NDARINV003RTV85_ses-baselineYear1Arm1.convert_fs_brainmask_to_nifti_freesurfer-bet-tight_83" - collecting precomputed outputs
250624-15:13:19,568 nipype.workflow INFO:
	 [Node] "cpac_pipeline_pipeline5_sub-NDARINV003RTV85_ses-baselineYear1Arm1.convert_fs_brainmask_to_nifti_freesurfer-bet-tight_83" found cached.
250624-15:13:19,578 nipype.workflow INFO:
	 [Node] Setting-up "cpac_pipeline_pipeline5_sub-NDARINV003RTV85_ses-baselineYear1Arm1.convert_fs_brainmask_to_nifti_freesurfer-bet-loose_83" in "/ocean/projects/med250004p/bshresth/projects/surface_pipelines/outputs/working/pipeline_pipeline5/cpac_pipeline_pipeline5_sub-NDARINV003RTV85_ses-baselineYear1Arm1/convert_fs_brainmask_to_nifti_freesurfer-bet-loose_83".
250624-15:13:19,597 nipype.workflow INFO:
	 [Node] Cached "cpac_pipeline_pipeline5_sub-NDARINV003RTV85_ses-baselineYear1Arm1.convert_fs_brainmask_to_nifti_freesurfer-bet-loose_83" - collecting precomputed outputs
250624-15:13:19,597 nipype.workflow INFO:
	 [Node] "cpac_pipeline_pipeline5_sub-NDARINV003RTV85_ses-baselineYear1Arm1.convert_fs_brainmask_to_nifti_freesurfer-bet-loose_83" found cached.
250624-15:13:19,608 nipype.workflow INFO:
	 [Node] Setting-up "cpac_pipeline_pipeline5_sub-NDARINV003RTV85_ses-baselineYear1Arm1.wmparc_to_native_73" in "/ocean/projects/med250004p/bshresth/projects/surface_pipelines/outputs/working/pipeline_pipeline5/cpac_pipeline_pipeline5_sub-NDARINV003RTV85_ses-baselineYear1Arm1/wmparc_to_native_73".
250624-15:13:19,631 nipype.workflow INFO:
	 [Node] Cached "cpac_pipeline_pipeline5_sub-NDARINV003RTV85_ses-baselineYear1Arm1.wmparc_to_native_73" - collecting precomputed outputs
250624-15:13:19,632 nipype.workflow INFO:
	 [Node] "cpac_pipeline_pipeline5_sub-NDARINV003RTV85_ses-baselineYear1Arm1.wmparc_to_native_73" found cached.
250624-15:13:19,642 nipype.workflow INFO:
	 [Node] Setting-up "cpac_pipeline_pipeline5_sub-NDARINV003RTV85_ses-baselineYear1Arm1.convert_fs_T1_to_nifti_freesurfer-bet-tight_83" in "/ocean/projects/med250004p/bshresth/projects/surface_pipelines/outputs/working/pipeline_pipeline5/cpac_pipeline_pipeline5_sub-NDARINV003RTV85_ses-baselineYear1Arm1/convert_fs_T1_to_nifti_freesurfer-bet-tight_83".
250624-15:13:19,656 nipype.workflow INFO:
	 [Node] Cached "cpac_pipeline_pipeline5_sub-NDARINV003RTV85_ses-baselineYear1Arm1.convert_fs_T1_to_nifti_freesurfer-bet-tight_83" - collecting precomputed outputs
250624-15:13:19,657 nipype.workflow INFO:
	 [Node] "cpac_pipeline_pipeline5_sub-NDARINV003RTV85_ses-baselineYear1Arm1.convert_fs_T1_to_nifti_freesurfer-bet-tight_83" found cached.
250624-15:13:19,667 nipype.workflow INFO:
	 [Node] Setting-up "cpac_pipeline_pipeline5_sub-NDARINV003RTV85_ses-baselineYear1Arm1.convert_fs_T1_to_nifti_freesurfer-bet-loose_83" in "/ocean/projects/med250004p/bshresth/projects/surface_pipelines/outputs/working/pipeline_pipeline5/cpac_pipeline_pipeline5_sub-NDARINV003RTV85_ses-baselineYear1Arm1/convert_fs_T1_to_nifti_freesurfer-bet-loose_83".
250624-15:13:19,670 nipype.workflow INFO:
	 [Node] Cached "cpac_pipeline_pipeline5_sub-NDARINV003RTV85_ses-baselineYear1Arm1.convert_fs_T1_to_nifti_freesurfer-bet-loose_83" - collecting precomputed outputs
250624-15:13:19,671 nipype.workflow INFO:
	 [Node] "cpac_pipeline_pipeline5_sub-NDARINV003RTV85_ses-baselineYear1Arm1.convert_fs_T1_to_nifti_freesurfer-bet-loose_83" found cached.
250624-15:13:19,672 nipype.workflow INFO:
	 [Node] Setting-up "cpac_pipeline_pipeline5_sub-NDARINV003RTV85_ses-baselineYear1Arm1.anat_reorient_0" in "/ocean/projects/med250004p/bshresth/projects/surface_pipelines/outputs/working/pipeline_pipeline5/cpac_pipeline_pipeline5_sub-NDARINV003RTV85_ses-baselineYear1Arm1/anat_reorient_0".
250624-15:13:19,680 nipype.workflow INFO:
	 [Node] Cached "cpac_pipeline_pipeline5_sub-NDARINV003RTV85_ses-baselineYear1Arm1.anat_reorient_0" - collecting precomputed outputs
250624-15:13:19,681 nipype.workflow INFO:
	 [Node] "cpac_pipeline_pipeline5_sub-NDARINV003RTV85_ses-baselineYear1Arm1.anat_reorient_0" found cached.
250624-15:13:19,691 nipype.workflow INFO:
	 [Node] Setting-up "cpac_pipeline_pipeline5_sub-NDARINV003RTV85_ses-baselineYear1Arm1.bold_scan_params_sub-NDARINV003RTV85_ses-baselineYear1Arm1" in "/ocean/projects/med250004p/bshresth/projects/surface_pipelines/outputs/working/pipeline_pipeline5/cpac_pipeline_pipeline5_sub-NDARINV003RTV85_ses-baselineYear1Arm1/_scan_rest_run-01/bold_scan_params_sub-NDARINV003RTV85_ses-baselineYear1Arm1".
250624-15:13:19,730 nipype.workflow INFO:
	 [Node] Cached "cpac_pipeline_pipeline5_sub-NDARINV003RTV85_ses-baselineYear1Arm1.bold_scan_params_sub-NDARINV003RTV85_ses-baselineYear1Arm1" - collecting precomputed outputs
250624-15:13:19,731 nipype.workflow INFO:
	 [Node] "cpac_pipeline_pipeline5_sub-NDARINV003RTV85_ses-baselineYear1Arm1.bold_scan_params_sub-NDARINV003RTV85_ses-baselineYear1Arm1" found cached.
250624-15:13:19,741 nipype.workflow INFO:
	 [Node] Setting-up "cpac_pipeline_pipeline5_sub-NDARINV003RTV85_ses-baselineYear1Arm1.bold_scan_params_sub-NDARINV003RTV85_ses-baselineYear1Arm1" in "/ocean/projects/med250004p/bshresth/projects/surface_pipelines/outputs/working/pipeline_pipeline5/cpac_pipeline_pipeline5_sub-NDARINV003RTV85_ses-baselineYear1Arm1/_scan_rest_run-02/bold_scan_params_sub-NDARINV003RTV85_ses-baselineYear1Arm1".
250624-15:13:19,793 nipype.workflow INFO:
	 [Node] Cached "cpac_pipeline_pipeline5_sub-NDARINV003RTV85_ses-baselineYear1Arm1.bold_scan_params_sub-NDARINV003RTV85_ses-baselineYear1Arm1" - collecting precomputed outputs
250624-15:13:19,794 nipype.workflow INFO:
	 [Node] "cpac_pipeline_pipeline5_sub-NDARINV003RTV85_ses-baselineYear1Arm1.bold_scan_params_sub-NDARINV003RTV85_ses-baselineYear1Arm1" found cached.
250624-15:13:19,805 nipype.workflow INFO:
	 [Node] Setting-up "cpac_pipeline_pipeline5_sub-NDARINV003RTV85_ses-baselineYear1Arm1.bold_scan_params_sub-NDARINV003RTV85_ses-baselineYear1Arm1" in "/ocean/projects/med250004p/bshresth/projects/surface_pipelines/outputs/working/pipeline_pipeline5/cpac_pipeline_pipeline5_sub-NDARINV003RTV85_ses-baselineYear1Arm1/_scan_rest_run-03/bold_scan_params_sub-NDARINV003RTV85_ses-baselineYear1Arm1".
250624-15:13:19,824 nipype.workflow INFO:
	 [Node] Cached "cpac_pipeline_pipeline5_sub-NDARINV003RTV85_ses-baselineYear1Arm1.bold_scan_params_sub-NDARINV003RTV85_ses-baselineYear1Arm1" - collecting precomputed outputs
250624-15:13:19,825 nipype.workflow INFO:
	 [Node] "cpac_pipeline_pipeline5_sub-NDARINV003RTV85_ses-baselineYear1Arm1.bold_scan_params_sub-NDARINV003RTV85_ses-baselineYear1Arm1" found cached.
250624-15:13:19,835 nipype.workflow INFO:
	 [Node] Setting-up "cpac_pipeline_pipeline5_sub-NDARINV003RTV85_ses-baselineYear1Arm1.fs_brainmask_to_nifti_79" in "/ocean/projects/med250004p/bshresth/projects/surface_pipelines/outputs/working/pipeline_pipeline5/cpac_pipeline_pipeline5_sub-NDARINV003RTV85_ses-baselineYear1Arm1/fs_brainmask_to_nifti_79".
250624-15:13:19,886 nipype.workflow INFO:
	 [Node] Cached "cpac_pipeline_pipeline5_sub-NDARINV003RTV85_ses-baselineYear1Arm1.fs_brainmask_to_nifti_79" - collecting precomputed outputs
250624-15:13:19,886 nipype.workflow INFO:
	 [Node] "cpac_pipeline_pipeline5_sub-NDARINV003RTV85_ses-baselineYear1Arm1.fs_brainmask_to_nifti_79" found cached.
250624-15:13:19,888 nipype.workflow INFO:
	 [Node] Setting-up "cpac_pipeline_pipeline5_sub-NDARINV003RTV85_ses-baselineYear1Arm1.reorient_fs_brainmask_freesurfer-bet-tight_83" in "/ocean/projects/med250004p/bshresth/projects/surface_pipelines/outputs/working/pipeline_pipeline5/cpac_pipeline_pipeline5_sub-NDARINV003RTV85_ses-baselineYear1Arm1/reorient_fs_brainmask_freesurfer-bet-tight_83".
250624-15:13:19,916 nipype.workflow INFO:
	 [Node] Cached "cpac_pipeline_pipeline5_sub-NDARINV003RTV85_ses-baselineYear1Arm1.reorient_fs_brainmask_freesurfer-bet-tight_83" - collecting precomputed outputs
250624-15:13:19,916 nipype.workflow INFO:
	 [Node] "cpac_pipeline_pipeline5_sub-NDARINV003RTV85_ses-baselineYear1Arm1.reorient_fs_brainmask_freesurfer-bet-tight_83" found cached.
250624-15:13:19,918 nipype.workflow INFO:
	 [Node] Setting-up "cpac_pipeline_pipeline5_sub-NDARINV003RTV85_ses-baselineYear1Arm1.reorient_fs_brainmask_freesurfer-bet-loose_83" in "/ocean/projects/med250004p/bshresth/projects/surface_pipelines/outputs/working/pipeline_pipeline5/cpac_pipeline_pipeline5_sub-NDARINV003RTV85_ses-baselineYear1Arm1/reorient_fs_brainmask_freesurfer-bet-loose_83".
250624-15:13:19,922 nipype.workflow INFO:
	 [Node] Cached "cpac_pipeline_pipeline5_sub-NDARINV003RTV85_ses-baselineYear1Arm1.reorient_fs_brainmask_freesurfer-bet-loose_83" - collecting precomputed outputs
250624-15:13:19,923 nipype.workflow INFO:
	 [Node] "cpac_pipeline_pipeline5_sub-NDARINV003RTV85_ses-baselineYear1Arm1.reorient_fs_brainmask_freesurfer-bet-loose_83" found cached.
250624-15:13:19,925 nipype.workflow INFO:
	 [Node] Setting-up "cpac_pipeline_pipeline5_sub-NDARINV003RTV85_ses-baselineYear1Arm1.reorient_fs_T1_freesurfer-bet-tight_83" in "/ocean/projects/med250004p/bshresth/projects/surface_pipelines/outputs/working/pipeline_pipeline5/cpac_pipeline_pipeline5_sub-NDARINV003RTV85_ses-baselineYear1Arm1/reorient_fs_T1_freesurfer-bet-tight_83".
250624-15:13:19,940 nipype.workflow INFO:
	 [Node] Cached "cpac_pipeline_pipeline5_sub-NDARINV003RTV85_ses-baselineYear1Arm1.reorient_fs_T1_freesurfer-bet-tight_83" - collecting precomputed outputs
250624-15:13:19,940 nipype.workflow INFO:
	 [Node] "cpac_pipeline_pipeline5_sub-NDARINV003RTV85_ses-baselineYear1Arm1.reorient_fs_T1_freesurfer-bet-tight_83" found cached.
250624-15:13:19,942 nipype.workflow INFO:
	 [Node] Setting-up "cpac_pipeline_pipeline5_sub-NDARINV003RTV85_ses-baselineYear1Arm1.reorient_fs_T1_freesurfer-bet-loose_83" in "/ocean/projects/med250004p/bshresth/projects/surface_pipelines/outputs/working/pipeline_pipeline5/cpac_pipeline_pipeline5_sub-NDARINV003RTV85_ses-baselineYear1Arm1/reorient_fs_T1_freesurfer-bet-loose_83".
250624-15:13:19,952 nipype.workflow INFO:
	 [Node] Cached "cpac_pipeline_pipeline5_sub-NDARINV003RTV85_ses-baselineYear1Arm1.reorient_fs_T1_freesurfer-bet-loose_83" - collecting precomputed outputs
250624-15:13:19,953 nipype.workflow INFO:
	 [Node] "cpac_pipeline_pipeline5_sub-NDARINV003RTV85_ses-baselineYear1Arm1.reorient_fs_T1_freesurfer-bet-loose_83" found cached.
250624-15:13:19,963 nipype.workflow INFO:
	 [Node] Setting-up "cpac_pipeline_pipeline5_sub-NDARINV003RTV85_ses-baselineYear1Arm1.wmparc_to_nifti_73" in "/ocean/projects/med250004p/bshresth/projects/surface_pipelines/outputs/working/pipeline_pipeline5/cpac_pipeline_pipeline5_sub-NDARINV003RTV85_ses-baselineYear1Arm1/wmparc_to_nifti_73".
250624-15:13:19,977 nipype.workflow INFO:
	 [Node] Cached "cpac_pipeline_pipeline5_sub-NDARINV003RTV85_ses-baselineYear1Arm1.wmparc_to_nifti_73" - collecting precomputed outputs
250624-15:13:19,978 nipype.workflow INFO:
	 [Node] "cpac_pipeline_pipeline5_sub-NDARINV003RTV85_ses-baselineYear1Arm1.wmparc_to_nifti_73" found cached.
250624-15:13:19,980 nipype.workflow INFO:
	 [Node] Setting-up "cpac_pipeline_pipeline5_sub-NDARINV003RTV85_ses-baselineYear1Arm1.nii_desc-head-1_T1w_105" in "/ocean/projects/med250004p/bshresth/projects/surface_pipelines/outputs/working/pipeline_pipeline5/cpac_pipeline_pipeline5_sub-NDARINV003RTV85_ses-baselineYear1Arm1/nii_desc-head-1_T1w_105".
250624-15:13:20,68 nipype.workflow INFO:
	 [Node] Cached "cpac_pipeline_pipeline5_sub-NDARINV003RTV85_ses-baselineYear1Arm1.nii_desc-head-1_T1w_105" - collecting precomputed outputs
250624-15:13:20,68 nipype.workflow INFO:
	 [Node] "cpac_pipeline_pipeline5_sub-NDARINV003RTV85_ses-baselineYear1Arm1.nii_desc-head-1_T1w_105" found cached.
250624-15:13:20,70 nipype.workflow INFO:
	 [Node] Setting-up "cpac_pipeline_pipeline5_sub-NDARINV003RTV85_ses-baselineYear1Arm1.nii_desc-head-2_T1w_108" in "/ocean/projects/med250004p/bshresth/projects/surface_pipelines/outputs/working/pipeline_pipeline5/cpac_pipeline_pipeline5_sub-NDARINV003RTV85_ses-baselineYear1Arm1/nii_desc-head-2_T1w_108".
250624-15:13:20,127 nipype.workflow INFO:
	 [Node] Cached "cpac_pipeline_pipeline5_sub-NDARINV003RTV85_ses-baselineYear1Arm1.nii_desc-head-2_T1w_108" - collecting precomputed outputs
250624-15:13:20,128 nipype.workflow INFO:
	 [Node] "cpac_pipeline_pipeline5_sub-NDARINV003RTV85_ses-baselineYear1Arm1.nii_desc-head-2_T1w_108" found cached.
250624-15:13:20,130 nipype.workflow INFO:
	 [Node] Setting-up "cpac_pipeline_pipeline5_sub-NDARINV003RTV85_ses-baselineYear1Arm1.binarize_fs_brainmask_79" in "/ocean/projects/med250004p/bshresth/projects/surface_pipelines/outputs/working/pipeline_pipeline5/cpac_pipeline_pipeline5_sub-NDARINV003RTV85_ses-baselineYear1Arm1/binarize_fs_brainmask_79".
250624-15:13:20,170 nipype.workflow INFO:
	 [Node] Cached "cpac_pipeline_pipeline5_sub-NDARINV003RTV85_ses-baselineYear1Arm1.binarize_fs_brainmask_79" - collecting precomputed outputs
250624-15:13:20,170 nipype.workflow INFO:
	 [Node] "cpac_pipeline_pipeline5_sub-NDARINV003RTV85_ses-baselineYear1Arm1.binarize_fs_brainmask_79" found cached.
250624-15:13:20,173 nipype.workflow INFO:
	 [Node] Setting-up "cpac_pipeline_pipeline5_sub-NDARINV003RTV85_ses-baselineYear1Arm1.binarize_fs_brain_freesurfer-bet-tight_83" in "/ocean/projects/med250004p/bshresth/projects/surface_pipelines/outputs/working/pipeline_pipeline5/cpac_pipeline_pipeline5_sub-NDARINV003RTV85_ses-baselineYear1Arm1/binarize_fs_brain_freesurfer-bet-tight_83".
250624-15:13:20,193 nipype.workflow INFO:
	 [Node] Cached "cpac_pipeline_pipeline5_sub-NDARINV003RTV85_ses-baselineYear1Arm1.binarize_fs_brain_freesurfer-bet-tight_83" - collecting precomputed outputs
250624-15:13:20,194 nipype.workflow INFO:
	 [Node] "cpac_pipeline_pipeline5_sub-NDARINV003RTV85_ses-baselineYear1Arm1.binarize_fs_brain_freesurfer-bet-tight_83" found cached.
250624-15:13:20,196 nipype.workflow INFO:
	 [Node] Setting-up "cpac_pipeline_pipeline5_sub-NDARINV003RTV85_ses-baselineYear1Arm1.binarize_fs_brain_freesurfer-bet-loose_83" in "/ocean/projects/med250004p/bshresth/projects/surface_pipelines/outputs/working/pipeline_pipeline5/cpac_pipeline_pipeline5_sub-NDARINV003RTV85_ses-baselineYear1Arm1/binarize_fs_brain_freesurfer-bet-loose_83".
250624-15:13:20,277 nipype.workflow INFO:
	 [Node] Cached "cpac_pipeline_pipeline5_sub-NDARINV003RTV85_ses-baselineYear1Arm1.binarize_fs_brain_freesurfer-bet-loose_83" - collecting precomputed outputs
250624-15:13:20,278 nipype.workflow INFO:
	 [Node] "cpac_pipeline_pipeline5_sub-NDARINV003RTV85_ses-baselineYear1Arm1.binarize_fs_brain_freesurfer-bet-loose_83" found cached.
250624-15:13:20,280 nipype.workflow INFO:
	 [Node] Setting-up "cpac_pipeline_pipeline5_sub-NDARINV003RTV85_ses-baselineYear1Arm1.convert_head_to_template_freesurfer-bet-tight_83" in "/ocean/projects/med250004p/bshresth/projects/surface_pipelines/outputs/working/pipeline_pipeline5/cpac_pipeline_pipeline5_sub-NDARINV003RTV85_ses-baselineYear1Arm1/convert_head_to_template_freesurfer-bet-tight_83".
250624-15:13:20,304 nipype.workflow INFO:
	 [Node] Cached "cpac_pipeline_pipeline5_sub-NDARINV003RTV85_ses-baselineYear1Arm1.convert_head_to_template_freesurfer-bet-tight_83" - collecting precomputed outputs
250624-15:13:20,305 nipype.workflow INFO:
	 [Node] "cpac_pipeline_pipeline5_sub-NDARINV003RTV85_ses-baselineYear1Arm1.convert_head_to_template_freesurfer-bet-tight_83" found cached.
250624-15:13:20,307 nipype.workflow INFO:
	 [Node] Setting-up "cpac_pipeline_pipeline5_sub-NDARINV003RTV85_ses-baselineYear1Arm1.convert_head_to_template_freesurfer-bet-loose_83" in "/ocean/projects/med250004p/bshresth/projects/surface_pipelines/outputs/working/pipeline_pipeline5/cpac_pipeline_pipeline5_sub-NDARINV003RTV85_ses-baselineYear1Arm1/convert_head_to_template_freesurfer-bet-loose_83".
250624-15:13:20,367 nipype.workflow INFO:
	 [Node] Cached "cpac_pipeline_pipeline5_sub-NDARINV003RTV85_ses-baselineYear1Arm1.convert_head_to_template_freesurfer-bet-loose_83" - collecting precomputed outputs
250624-15:13:20,368 nipype.workflow INFO:
	 [Node] "cpac_pipeline_pipeline5_sub-NDARINV003RTV85_ses-baselineYear1Arm1.convert_head_to_template_freesurfer-bet-loose_83" found cached.
250624-15:13:20,371 nipype.workflow INFO:
	 [Node] Setting-up "cpac_pipeline_pipeline5_sub-NDARINV003RTV85_ses-baselineYear1Arm1.binarize_wmparc_73" in "/ocean/projects/med250004p/bshresth/projects/surface_pipelines/outputs/working/pipeline_pipeline5/cpac_pipeline_pipeline5_sub-NDARINV003RTV85_ses-baselineYear1Arm1/binarize_wmparc_73".
250624-15:13:20,418 nipype.workflow INFO:
	 [Node] Cached "cpac_pipeline_pipeline5_sub-NDARINV003RTV85_ses-baselineYear1Arm1.binarize_wmparc_73" - collecting precomputed outputs
250624-15:13:20,419 nipype.workflow INFO:
	 [Node] "cpac_pipeline_pipeline5_sub-NDARINV003RTV85_ses-baselineYear1Arm1.binarize_wmparc_73" found cached.
250624-15:13:20,421 nipype.workflow INFO:
	 [Node] Setting-up "cpac_pipeline_pipeline5_sub-NDARINV003RTV85_ses-baselineYear1Arm1.sinker_desc-head-1_T1w_105" in "/ocean/projects/med250004p/bshresth/projects/surface_pipelines/outputs/working/pipeline_pipeline5/cpac_pipeline_pipeline5_sub-NDARINV003RTV85_ses-baselineYear1Arm1/sinker_desc-head-1_T1w_105".
250624-15:13:20,424 nipype.workflow INFO:
	 [Node] Outdated cache found for "cpac_pipeline_pipeline5_sub-NDARINV003RTV85_ses-baselineYear1Arm1.sinker_desc-head-1_T1w_105".
250624-15:13:20,438 nipype.workflow INFO:
	 [Node] Executing "sinker_desc-head-1_T1w_105" <CPAC.utils.interfaces.datasink.DataSink>
250624-15:13:20,718 nipype.workflow INFO:
	 [Node] Finished "sinker_desc-head-1_T1w_105", elapsed time 0.013213s.
250624-15:13:20,797 nipype.workflow INFO:
	 [Node] Setting-up "cpac_pipeline_pipeline5_sub-NDARINV003RTV85_ses-baselineYear1Arm1.sinker_desc-head-2_T1w_108" in "/ocean/projects/med250004p/bshresth/projects/surface_pipelines/outputs/working/pipeline_pipeline5/cpac_pipeline_pipeline5_sub-NDARINV003RTV85_ses-baselineYear1Arm1/sinker_desc-head-2_T1w_108".
250624-15:13:20,800 nipype.workflow INFO:
	 [Node] Outdated cache found for "cpac_pipeline_pipeline5_sub-NDARINV003RTV85_ses-baselineYear1Arm1.sinker_desc-head-2_T1w_108".
250624-15:13:20,814 nipype.workflow INFO:
	 [Node] Executing "sinker_desc-head-2_T1w_108" <CPAC.utils.interfaces.datasink.DataSink>
250624-15:13:21,79 nipype.workflow INFO:
	 [Node] Finished "sinker_desc-head-2_T1w_108", elapsed time 0.017131s.
250624-15:13:21,87 nipype.workflow INFO:
	 [Node] Setting-up "cpac_pipeline_pipeline5_sub-NDARINV003RTV85_ses-baselineYear1Arm1.fill_fs_brainmask_79" in "/ocean/projects/med250004p/bshresth/projects/surface_pipelines/outputs/working/pipeline_pipeline5/cpac_pipeline_pipeline5_sub-NDARINV003RTV85_ses-baselineYear1Arm1/fill_fs_brainmask_79".
250624-15:13:21,148 nipype.workflow INFO:
	 [Node] Cached "cpac_pipeline_pipeline5_sub-NDARINV003RTV85_ses-baselineYear1Arm1.fill_fs_brainmask_79" - collecting precomputed outputs
250624-15:13:21,149 nipype.workflow INFO:
	 [Node] "cpac_pipeline_pipeline5_sub-NDARINV003RTV85_ses-baselineYear1Arm1.fill_fs_brainmask_79" found cached.
250624-15:13:21,151 nipype.workflow INFO:
	 [Node] Setting-up "cpac_pipeline_pipeline5_sub-NDARINV003RTV85_ses-baselineYear1Arm1.convert_xfm_freesurfer-bet-tight_83" in "/ocean/projects/med250004p/bshresth/projects/surface_pipelines/outputs/working/pipeline_pipeline5/cpac_pipeline_pipeline5_sub-NDARINV003RTV85_ses-baselineYear1Arm1/convert_xfm_freesurfer-bet-tight_83".
250624-15:13:21,198 nipype.workflow INFO:
	 [Node] Cached "cpac_pipeline_pipeline5_sub-NDARINV003RTV85_ses-baselineYear1Arm1.convert_xfm_freesurfer-bet-tight_83" - collecting precomputed outputs
250624-15:13:21,199 nipype.workflow INFO:
	 [Node] "cpac_pipeline_pipeline5_sub-NDARINV003RTV85_ses-baselineYear1Arm1.convert_xfm_freesurfer-bet-tight_83" found cached.
250624-15:13:21,201 nipype.workflow INFO:
	 [Node] Setting-up "cpac_pipeline_pipeline5_sub-NDARINV003RTV85_ses-baselineYear1Arm1.anat_BET_skullstrip_freesurfer-bet-tight_83" in "/ocean/projects/med250004p/bshresth/projects/surface_pipelines/outputs/working/pipeline_pipeline5/cpac_pipeline_pipeline5_sub-NDARINV003RTV85_ses-baselineYear1Arm1/anat_BET_skullstrip_freesurfer-bet-tight_83".
250624-15:13:21,230 nipype.workflow INFO:
	 [Node] Cached "cpac_pipeline_pipeline5_sub-NDARINV003RTV85_ses-baselineYear1Arm1.anat_BET_skullstrip_freesurfer-bet-tight_83" - collecting precomputed outputs
250624-15:13:21,231 nipype.workflow INFO:
	 [Node] "cpac_pipeline_pipeline5_sub-NDARINV003RTV85_ses-baselineYear1Arm1.anat_BET_skullstrip_freesurfer-bet-tight_83" found cached.
250624-15:13:21,233 nipype.workflow INFO:
	 [Node] Setting-up "cpac_pipeline_pipeline5_sub-NDARINV003RTV85_ses-baselineYear1Arm1.convert_xfm_freesurfer-bet-loose_83" in "/ocean/projects/med250004p/bshresth/projects/surface_pipelines/outputs/working/pipeline_pipeline5/cpac_pipeline_pipeline5_sub-NDARINV003RTV85_ses-baselineYear1Arm1/convert_xfm_freesurfer-bet-loose_83".
250624-15:13:21,290 nipype.workflow INFO:
	 [Node] Cached "cpac_pipeline_pipeline5_sub-NDARINV003RTV85_ses-baselineYear1Arm1.convert_xfm_freesurfer-bet-loose_83" - collecting precomputed outputs
250624-15:13:21,290 nipype.workflow INFO:
	 [Node] "cpac_pipeline_pipeline5_sub-NDARINV003RTV85_ses-baselineYear1Arm1.convert_xfm_freesurfer-bet-loose_83" found cached.
250624-15:13:21,292 nipype.workflow INFO:
	 [Node] Setting-up "cpac_pipeline_pipeline5_sub-NDARINV003RTV85_ses-baselineYear1Arm1.anat_BET_skullstrip_freesurfer-bet-loose_83" in "/ocean/projects/med250004p/bshresth/projects/surface_pipelines/outputs/working/pipeline_pipeline5/cpac_pipeline_pipeline5_sub-NDARINV003RTV85_ses-baselineYear1Arm1/anat_BET_skullstrip_freesurfer-bet-loose_83".
250624-15:13:21,313 nipype.workflow INFO:
	 [Node] Cached "cpac_pipeline_pipeline5_sub-NDARINV003RTV85_ses-baselineYear1Arm1.anat_BET_skullstrip_freesurfer-bet-loose_83" - collecting precomputed outputs
250624-15:13:21,313 nipype.workflow INFO:
	 [Node] "cpac_pipeline_pipeline5_sub-NDARINV003RTV85_ses-baselineYear1Arm1.anat_BET_skullstrip_freesurfer-bet-loose_83" found cached.
250624-15:13:21,324 nipype.workflow INFO:
	 [Node] Setting-up "cpac_pipeline_pipeline5_sub-NDARINV003RTV85_ses-baselineYear1Arm1.wb_command_fill_holes_73" in "/ocean/projects/med250004p/bshresth/projects/surface_pipelines/outputs/working/pipeline_pipeline5/cpac_pipeline_pipeline5_sub-NDARINV003RTV85_ses-baselineYear1Arm1/wb_command_fill_holes_73".
250624-15:13:21,344 nipype.workflow INFO:
	 [Node] Cached "cpac_pipeline_pipeline5_sub-NDARINV003RTV85_ses-baselineYear1Arm1.wb_command_fill_holes_73" - collecting precomputed outputs
250624-15:13:21,345 nipype.workflow INFO:
	 [Node] "cpac_pipeline_pipeline5_sub-NDARINV003RTV85_ses-baselineYear1Arm1.wb_command_fill_holes_73" found cached.
250624-15:13:21,351 nipype.workflow INFO:
	 [Node] Setting-up "cpac_pipeline_pipeline5_sub-NDARINV003RTV85_ses-baselineYear1Arm1.brain_extraction_100" in "/ocean/projects/med250004p/bshresth/projects/surface_pipelines/outputs/working/pipeline_pipeline5/cpac_pipeline_pipeline5_sub-NDARINV003RTV85_ses-baselineYear1Arm1/brain_extraction_100".
250624-15:13:21,414 nipype.workflow INFO:
	 [Node] Cached "cpac_pipeline_pipeline5_sub-NDARINV003RTV85_ses-baselineYear1Arm1.brain_extraction_100" - collecting precomputed outputs
250624-15:13:21,415 nipype.workflow INFO:
	 [Node] "cpac_pipeline_pipeline5_sub-NDARINV003RTV85_ses-baselineYear1Arm1.brain_extraction_100" found cached.
250624-15:13:21,417 nipype.workflow INFO:
	 [Node] Setting-up "cpac_pipeline_pipeline5_sub-NDARINV003RTV85_ses-baselineYear1Arm1.nii_space-T1w_desc-brain-2_mask_82" in "/ocean/projects/med250004p/bshresth/projects/surface_pipelines/outputs/working/pipeline_pipeline5/cpac_pipeline_pipeline5_sub-NDARINV003RTV85_ses-baselineYear1Arm1/nii_space-T1w_desc-brain-2_mask_82".
250624-15:13:21,454 nipype.workflow INFO:
	 [Node] Cached "cpac_pipeline_pipeline5_sub-NDARINV003RTV85_ses-baselineYear1Arm1.nii_space-T1w_desc-brain-2_mask_82" - collecting precomputed outputs
250624-15:13:21,455 nipype.workflow INFO:
	 [Node] "cpac_pipeline_pipeline5_sub-NDARINV003RTV85_ses-baselineYear1Arm1.nii_space-T1w_desc-brain-2_mask_82" found cached.
250624-15:13:21,459 nipype.workflow INFO:
	 [Node] Setting-up "cpac_pipeline_pipeline5_sub-NDARINV003RTV85_ses-baselineYear1Arm1.binarize_filled_wmparc_73" in "/ocean/projects/med250004p/bshresth/projects/surface_pipelines/outputs/working/pipeline_pipeline5/cpac_pipeline_pipeline5_sub-NDARINV003RTV85_ses-baselineYear1Arm1/binarize_filled_wmparc_73".
250624-15:13:21,486 nipype.workflow INFO:
	 [Node] Cached "cpac_pipeline_pipeline5_sub-NDARINV003RTV85_ses-baselineYear1Arm1.binarize_filled_wmparc_73" - collecting precomputed outputs
250624-15:13:21,487 nipype.workflow INFO:
	 [Node] "cpac_pipeline_pipeline5_sub-NDARINV003RTV85_ses-baselineYear1Arm1.binarize_filled_wmparc_73" found cached.
250624-15:13:21,489 nipype.workflow INFO:
	 [Node] Setting-up "cpac_pipeline_pipeline5_sub-NDARINV003RTV85_ses-baselineYear1Arm1.nii_desc-preproc-2_T1w_106" in "/ocean/projects/med250004p/bshresth/projects/surface_pipelines/outputs/working/pipeline_pipeline5/cpac_pipeline_pipeline5_sub-NDARINV003RTV85_ses-baselineYear1Arm1/nii_desc-preproc-2_T1w_106".
250624-15:13:21,504 nipype.workflow INFO:
	 [Node] Cached "cpac_pipeline_pipeline5_sub-NDARINV003RTV85_ses-baselineYear1Arm1.nii_desc-preproc-2_T1w_106" - collecting precomputed outputs
250624-15:13:21,505 nipype.workflow INFO:
	 [Node] "cpac_pipeline_pipeline5_sub-NDARINV003RTV85_ses-baselineYear1Arm1.nii_desc-preproc-2_T1w_106" found cached.
250624-15:13:21,507 nipype.workflow INFO:
	 [Node] Setting-up "cpac_pipeline_pipeline5_sub-NDARINV003RTV85_ses-baselineYear1Arm1.sinker_space-T1w_desc-brain-2_mask_82" in "/ocean/projects/med250004p/bshresth/projects/surface_pipelines/outputs/working/pipeline_pipeline5/cpac_pipeline_pipeline5_sub-NDARINV003RTV85_ses-baselineYear1Arm1/sinker_space-T1w_desc-brain-2_mask_82".
250624-15:13:21,510 nipype.workflow INFO:
	 [Node] Outdated cache found for "cpac_pipeline_pipeline5_sub-NDARINV003RTV85_ses-baselineYear1Arm1.sinker_space-T1w_desc-brain-2_mask_82".
250624-15:13:21,552 nipype.workflow INFO:
	 [Node] Executing "sinker_space-T1w_desc-brain-2_mask_82" <CPAC.utils.interfaces.datasink.DataSink>
250624-15:13:21,833 nipype.workflow INFO:
	 [Node] Finished "sinker_space-T1w_desc-brain-2_mask_82", elapsed time 0.015629s.
250624-15:13:21,842 nipype.workflow INFO:
	 [Node] Setting-up "cpac_pipeline_pipeline5_sub-NDARINV003RTV85_ses-baselineYear1Arm1.brain_mask_to_t1_restore_73" in "/ocean/projects/med250004p/bshresth/projects/surface_pipelines/outputs/working/pipeline_pipeline5/cpac_pipeline_pipeline5_sub-NDARINV003RTV85_ses-baselineYear1Arm1/brain_mask_to_t1_restore_73".
250624-15:13:21,878 nipype.workflow INFO:
	 [Node] Cached "cpac_pipeline_pipeline5_sub-NDARINV003RTV85_ses-baselineYear1Arm1.brain_mask_to_t1_restore_73" - collecting precomputed outputs
250624-15:13:21,879 nipype.workflow INFO:
	 [Node] "cpac_pipeline_pipeline5_sub-NDARINV003RTV85_ses-baselineYear1Arm1.brain_mask_to_t1_restore_73" found cached.
250624-15:13:21,881 nipype.workflow INFO:
	 [Node] Setting-up "cpac_pipeline_pipeline5_sub-NDARINV003RTV85_ses-baselineYear1Arm1.sinker_desc-preproc-2_T1w_106" in "/ocean/projects/med250004p/bshresth/projects/surface_pipelines/outputs/working/pipeline_pipeline5/cpac_pipeline_pipeline5_sub-NDARINV003RTV85_ses-baselineYear1Arm1/sinker_desc-preproc-2_T1w_106".
250624-15:13:21,884 nipype.workflow INFO:
	 [Node] Outdated cache found for "cpac_pipeline_pipeline5_sub-NDARINV003RTV85_ses-baselineYear1Arm1.sinker_desc-preproc-2_T1w_106".
250624-15:13:21,899 nipype.workflow INFO:
	 [Node] Executing "sinker_desc-preproc-2_T1w_106" <CPAC.utils.interfaces.datasink.DataSink>
250624-15:13:22,165 nipype.workflow INFO:
	 [Node] Finished "sinker_desc-preproc-2_T1w_106", elapsed time 0.019469s.
250624-15:13:22,185 nipype.workflow INFO:
	 [Node] Setting-up "cpac_pipeline_pipeline5_sub-NDARINV003RTV85_ses-baselineYear1Arm1.brain_extraction_97" in "/ocean/projects/med250004p/bshresth/projects/surface_pipelines/outputs/working/pipeline_pipeline5/cpac_pipeline_pipeline5_sub-NDARINV003RTV85_ses-baselineYear1Arm1/brain_extraction_97".
250624-15:13:22,231 nipype.workflow INFO:
	 [Node] Cached "cpac_pipeline_pipeline5_sub-NDARINV003RTV85_ses-baselineYear1Arm1.brain_extraction_97" - collecting precomputed outputs
250624-15:13:22,231 nipype.workflow INFO:
	 [Node] "cpac_pipeline_pipeline5_sub-NDARINV003RTV85_ses-baselineYear1Arm1.brain_extraction_97" found cached.
250624-15:13:22,234 nipype.workflow INFO:
	 [Node] Setting-up "cpac_pipeline_pipeline5_sub-NDARINV003RTV85_ses-baselineYear1Arm1.nii_space-T1w_desc-brain-1_mask_78" in "/ocean/projects/med250004p/bshresth/projects/surface_pipelines/outputs/working/pipeline_pipeline5/cpac_pipeline_pipeline5_sub-NDARINV003RTV85_ses-baselineYear1Arm1/nii_space-T1w_desc-brain-1_mask_78".
250624-15:13:22,255 nipype.workflow INFO:
	 [Node] Cached "cpac_pipeline_pipeline5_sub-NDARINV003RTV85_ses-baselineYear1Arm1.nii_space-T1w_desc-brain-1_mask_78" - collecting precomputed outputs
250624-15:13:22,256 nipype.workflow INFO:
	 [Node] "cpac_pipeline_pipeline5_sub-NDARINV003RTV85_ses-baselineYear1Arm1.nii_space-T1w_desc-brain-1_mask_78" found cached.
250624-15:13:22,259 nipype.workflow INFO:
	 [Node] Setting-up "cpac_pipeline_pipeline5_sub-NDARINV003RTV85_ses-baselineYear1Arm1.nii_desc-preproc-1_T1w_103" in "/ocean/projects/med250004p/bshresth/projects/surface_pipelines/outputs/working/pipeline_pipeline5/cpac_pipeline_pipeline5_sub-NDARINV003RTV85_ses-baselineYear1Arm1/nii_desc-preproc-1_T1w_103".
250624-15:13:22,279 nipype.workflow INFO:
	 [Node] Cached "cpac_pipeline_pipeline5_sub-NDARINV003RTV85_ses-baselineYear1Arm1.nii_desc-preproc-1_T1w_103" - collecting precomputed outputs
250624-15:13:22,280 nipype.workflow INFO:
	 [Node] "cpac_pipeline_pipeline5_sub-NDARINV003RTV85_ses-baselineYear1Arm1.nii_desc-preproc-1_T1w_103" found cached.
250624-15:13:22,282 nipype.workflow INFO:
	 [Node] Setting-up "cpac_pipeline_pipeline5_sub-NDARINV003RTV85_ses-baselineYear1Arm1.sinker_space-T1w_desc-brain-1_mask_78" in "/ocean/projects/med250004p/bshresth/projects/surface_pipelines/outputs/working/pipeline_pipeline5/cpac_pipeline_pipeline5_sub-NDARINV003RTV85_ses-baselineYear1Arm1/sinker_space-T1w_desc-brain-1_mask_78".
250624-15:13:22,285 nipype.workflow INFO:
	 [Node] Outdated cache found for "cpac_pipeline_pipeline5_sub-NDARINV003RTV85_ses-baselineYear1Arm1.sinker_space-T1w_desc-brain-1_mask_78".
250624-15:13:22,294 nipype.workflow INFO:
	 [Node] Executing "sinker_space-T1w_desc-brain-1_mask_78" <CPAC.utils.interfaces.datasink.DataSink>
250624-15:13:22,561 nipype.workflow INFO:
	 [Node] Finished "sinker_space-T1w_desc-brain-1_mask_78", elapsed time 0.016448s.
250624-15:13:22,579 nipype.workflow INFO:
	 [Node] Setting-up "cpac_pipeline_pipeline5_sub-NDARINV003RTV85_ses-baselineYear1Arm1.sinker_desc-preproc-1_T1w_103" in "/ocean/projects/med250004p/bshresth/projects/surface_pipelines/outputs/working/pipeline_pipeline5/cpac_pipeline_pipeline5_sub-NDARINV003RTV85_ses-baselineYear1Arm1/sinker_desc-preproc-1_T1w_103".
250624-15:13:22,582 nipype.workflow INFO:
	 [Node] Outdated cache found for "cpac_pipeline_pipeline5_sub-NDARINV003RTV85_ses-baselineYear1Arm1.sinker_desc-preproc-1_T1w_103".
250624-15:13:22,601 nipype.workflow INFO:
	 [Node] Executing "sinker_desc-preproc-1_T1w_103" <CPAC.utils.interfaces.datasink.DataSink>
250624-15:13:22,868 nipype.workflow INFO:
	 [Node] Finished "sinker_desc-preproc-1_T1w_103", elapsed time 0.020159s.
250624-15:13:22,876 nipype.workflow INFO:
	 ***********************************
250624-15:13:22,876 nipype.workflow ERROR:
	 could not run node: cpac_pipeline_pipeline5_sub-NDARINV003RTV85_ses-baselineYear1Arm1.gather_T1w-brain-template-mask-ccs.check_for_s3
250624-15:13:22,877 nipype.workflow INFO:
	 crashfile: /ocean/projects/med250004p/bshresth/projects/surface_pipelines/outputs/log/crash-20250624-151316-bshresth-check_for_s3-c0cf4c17-53ee-4cff-b1d2-5f24a10e4764.txt
250624-15:13:22,878 nipype.workflow INFO:
	 ***********************************
Traceback (most recent call last):
  File "/code/CPAC/pipeline/cpac_pipeline.py", line 604, in run_workflow
    workflow_result = workflow.run(plugin=plugin, plugin_args=plugin_args)
  File "/usr/share/fsl/6.0/lib/python3.10/site-packages/nipype/pipeline/engine/workflows.py", line 638, in run
    runner.run(execgraph, updatehash=updatehash, config=self.config)
  File "/usr/share/fsl/6.0/lib/python3.10/site-packages/nipype/pipeline/plugins/linear.py", line 82, in run
    raise error from cause
  File "/usr/share/fsl/6.0/lib/python3.10/site-packages/nipype/pipeline/plugins/linear.py", line 47, in run
    node.run(updatehash=updatehash)
  File "/code/CPAC/pipeline/nipype_pipeline_engine/engine.py", line 474, in run
    return super().run(updatehash)
  File "/usr/share/fsl/6.0/lib/python3.10/site-packages/nipype/pipeline/engine/nodes.py", line 527, in run
    result = self._run_interface(execute=True)
  File "/usr/share/fsl/6.0/lib/python3.10/site-packages/nipype/pipeline/engine/nodes.py", line 645, in _run_interface
    return self._run_command(execute)
  File "/usr/share/fsl/6.0/lib/python3.10/site-packages/nipype/pipeline/engine/nodes.py", line 771, in _run_command
    raise NodeExecutionError(msg)
nipype.pipeline.engine.nodes.NodeExecutionError: Exception raised while executing Node check_for_s3.

Traceback:
	Traceback (most recent call last):
	  File "/code/CPAC/pipeline/nipype_pipeline_engine/monkeypatch.py", line 40, in run
	    runtime = self._run_interface(runtime)
	  File "/code/CPAC/utils/interfaces/function/function.py", line 331, in _run_interface
	    out = function_handle(**args)
	  File "<string>", line 97, in check_for_s3
	NameError: name '__file__' is not defined

